spk_ver/v00/v0000	SES146	0.83417	15.215	14.3808
spk_ver/v00/v0001	SES002	-7.03794	6.96867	14.0066
spk_ver/v00/v0002	SES002	-3.95548	10.0754	14.0309
spk_ver/v00/v0003	SES002	-8.60302	5.32155	13.9246
spk_ver/v00/v0004	SES002	-3.35524	10.6542	14.0094
spk_ver/v00/v0005	SES002	-3.68733	9.45386	13.1412
spk_ver/v00/v0006	SES002	-5.62609	10.2605	15.8866
spk_ver/v00/v0007	SES002	-4.02594	8.74259	12.7685
spk_ver/v00/v0008	SES146	0.424001	13.9575	13.5335
spk_ver/v00/v0009	SES002	-2.06624	13.9924	16.0586
spk_ver/v00/v0010	SES002	-5.73453	7.0508	12.7853
spk_ver/v00/v0011	SES002	-2.38893	10.0874	12.4763
spk_ver/v00/v0012	SES002	-4.35663	12.3915	16.7482
spk_ver/v00/v0013	SES002	-4.13595	11.854	15.99
spk_ver/v00/v0014	SES002	-1.50498	13.6316	15.1366
spk_ver/v00/v0015	SES002	-3.15367	12.0464	15.2
spk_ver/v00/v0016	SES275	0.770503	14.3364	13.5659
spk_ver/v00/v0017	SES002	-2.21778	13.1458	15.3636
spk_ver/v00/v0018	SES002	-7.15407	6.6234	13.7775
spk_ver/v00/v0019	SES002	-2.63832	11.8984	14.5368
spk_ver/v00/v0020	SES002	-7.03194	6.66606	13.698
spk_ver/v00/v0021	SES002	-4.93599	9.03133	13.9673
spk_ver/v00/v0022	SES002	-3.0886	11.9093	14.9979
spk_ver/v00/v0023	SES002	-6.34693	10.4158	16.7627
spk_ver/v00/v0024	SES002	-7.30974	6.64199	13.9517
spk_ver/v00/v0025	SES002	-4.58534	10.0962	14.6815
spk_ver/v00/v0026	SES002	-5.38514	9.69217	15.0773
spk_ver/v00/v0027	SES129	1.76051	16.0331	14.2726
spk_ver/v00/v0028	SES007	-2.49615	12.794	15.2902
spk_ver/v00/v0029	SES083	0.124533	16.3518	16.2272
spk_ver/v00/v0030	SES019	2.55584	16.5328	13.9769
spk_ver/v00/v0031	SES007	-1.77228	12.7165	14.4888
spk_ver/v00/v0032	SES270	1.19842	15.4316	14.2332
spk_ver/v00/v0033	SES007	-2.92391	11.5687	14.4926
spk_ver/v00/v0034	SES007	-2.35811	11.4561	13.8142
spk_ver/v00/v0035	SES007	-1.41386	14.4123	15.8261
spk_ver/v00/v0036	SES007	-2.47709	9.77779	12.2549
spk_ver/v00/v0037	SES007	-3.60513	11.6975	15.3026
spk_ver/v00/v0038	SES259	3.15722	18.6404	15.4832
spk_ver/v00/v0039	SES007	-3.3733	8.6448	12.0181
spk_ver/v00/v0040	SES007	-4.42823	12.4808	16.909
spk_ver/v00/v0041	SES007	-2.04878	12.3323	14.3811
spk_ver/v00/v0042	SES007	-1.5816	10.1448	11.7264
spk_ver/v00/v0043	SES007	-1.84718	12.4053	14.2525
spk_ver/v00/v0044	SES007	-3.17452	14.1132	17.2877
spk_ver/v00/v0045	SES007	-2.01693	14.0024	16.0194
spk_ver/v00/v0046	SES007	-1.91663	13.1	15.0167
spk_ver/v00/v0047	SES172	0.266998	15.5106	15.2436
spk_ver/v00/v0048	SES105	1.34971	15.3076	13.9579
spk_ver/v00/v0049	SES007	-1.62586	14.6068	16.2327
spk_ver/v00/v0050	SES292	-0.459149	14.7874	15.2466
spk_ver/v00/v0051	SES007	-1.86065	12.9471	14.8078
spk_ver/v00/v0052	SES068	0.760115	17.0142	16.2541
spk_ver/v00/v0053	SES008	-1.77455	14.6415	16.416
spk_ver/v00/v0054	SES008	-2.47621	11.4748	13.951
spk_ver/v00/v0055	SES008	-2.20023	12.9804	15.1806
spk_ver/v00/v0056	SES008	-5.67237	8.84724	14.5196
spk_ver/v00/v0057	SES008	-4.25898	10.9773	15.2363
spk_ver/v00/v0058	SES083	0.551699	16.1193	15.5676
spk_ver/v00/v0059	SES158	1.91295	16.261	14.348
spk_ver/v00/v0060	SES008	-2.98015	11.3626	14.3427
spk_ver/v00/v0061	SES101	0.208249	15.7527	15.5444
spk_ver/v00/v0062	SES008	-3.19956	11.2342	14.4338
spk_ver/v00/v0063	SES008	-2.75738	12.3111	15.0685
spk_ver/v00/v0064	SES117	1.33751	15.287	13.9495
spk_ver/v00/v0065	SES149	1.56332	17.7878	16.2244
spk_ver/v00/v0066	SES008	0.174556	15.5917	15.4171
spk_ver/v00/v0067	SES008	-2.35161	11.0595	13.4111
spk_ver/v00/v0068	SES162	1.82976	15.3212	13.4915
spk_ver/v00/v0069	SES008	-6.91119	8.03029	14.9415
spk_ver/v00/v0070	SES008	-0.687604	14.8627	15.5503
spk_ver/v00/v0071	SES008	-3.32638	12.3191	15.6454
spk_ver/v00/v0072	SES008	-1.58546	15.5405	17.1259
spk_ver/v00/v0073	SES008	-2.80392	13.2035	16.0074
spk_ver/v00/v0074	SES008	-3.92827	10.1375	14.0657
spk_ver/v00/v0075	SES008	-6.97863	6.58115	13.5598
spk_ver/v00/v0076	SES167	1.59835	16.7061	15.1077
spk_ver/v00/v0077	SES008	-2.38195	13.8333	16.2153
spk_ver/v00/v0078	SES177	1.06464	16.694	15.6294
spk_ver/v00/v0079	SES008	-1.64851	12.766	14.4145
spk_ver/v00/v0080	SES008	-3.13612	11.5557	14.6918
spk_ver/v00/v0081	SES008	-5.65442	7.17014	12.8246
spk_ver/v00/v0082	SES008	-3.22503	12.0492	15.2742
spk_ver/v00/v0083	SES008	-6.03592	6.63667	12.6726
spk_ver/v00/v0084	SES144	1.43247	16.6585	15.226
spk_ver/v00/v0085	SES008	-2.54618	12.4409	14.9871
spk_ver/v00/v0086	SES008	-2.7077	14.1633	16.871
spk_ver/v00/v0087	SES008	-5.24036	9.41786	14.6582
spk_ver/v00/v0088	SES008	-1.64508	15.2268	16.8719
spk_ver/v00/v0089	SES008	-2.21167	11.1263	13.3379
spk_ver/v00/v0090	SES142	2.67906	15.5955	12.9165
spk_ver/v00/v0091	SES008	-4.64282	10.5574	15.2002
spk_ver/v00/v0092	SES158	0.86458	14.506	13.6414
spk_ver/v00/v0093	SES014	-2.59801	13.5122	16.1102
spk_ver/v00/v0094	SES014	-4.69068	7.62698	12.3177
spk_ver/v00/v0095	SES014	-1.0114	15.6045	16.6159
spk_ver/v00/v0096	SES014	-8.82284	4.76308	13.5859
spk_ver/v00/v0097	SES014	-1.56906	11.7437	13.3127
spk_ver/v00/v0098	SES014	-2.21151	13.9113	16.1228
spk_ver/v00/v0099	SES014	-3.28191	10.4483	13.7302
spk_ver/v01/v0100	SES127	0.317302	15.7923	15.475
spk_ver/v01/v0101	SES014	-6.11106	7.12096	13.232
spk_ver/v01/v0102	SES014	-5.48092	8.34084	13.8218
spk_ver/v01/v0103	SES014	-5.80412	7.85955	13.6637
spk_ver/v01/v0104	SES014	-6.69144	7.76894	14.4604
spk_ver/v01/v0105	SES014	-4.2974	8.05518	12.3526
spk_ver/v01/v0106	SES014	-3.5556	10.373	13.9286
spk_ver/v01/v0107	SES014	-6.24461	9.94179	16.1864
spk_ver/v01/v0108	SES014	-7.45424	6.49607	13.9503
spk_ver/v01/v0109	SES014	-3.47814	9.40624	12.8844
spk_ver/v01/v0110	SES014	-4.06804	9.22802	13.2961
spk_ver/v01/v0111	SES014	-1.94404	14.2699	16.2139
spk_ver/v01/v0112	SES014	-4.42418	11.2493	15.6735
spk_ver/v01/v0113	SES104	-0.208107	14.989	15.1971
spk_ver/v01/v0114	SES082	0.892002	16.9444	16.0524
spk_ver/v01/v0115	SES087	1.36427	15.9685	14.6042
spk_ver/v01/v0116	SES014	-2.17697	12.2767	14.4537
spk_ver/v01/v0117	SES177	0.389175	15.2948	14.9057
spk_ver/v01/v0118	SES014	-3.68412	9.22973	12.9139
spk_ver/v01/v0119	SES014	-1.43959	13.8194	15.2589
spk_ver/v01/v0120	SES014	-6.62499	7.94575	14.5707
spk_ver/v01/v0121	SES146	0.149804	15.0849	14.9351
spk_ver/v01/v0122	SES014	2.36474	19.0525	16.6878
spk_ver/v01/v0123	SES014	-2.99988	12.6859	15.6858
spk_ver/v01/v0124	SES014	-9.72156	5.07874	14.8003
spk_ver/v01/v0125	SES014	-5.09595	9.4851	14.581
spk_ver/v01/v0126	SES016	-2.76087	11.9314	14.6923
spk_ver/v01/v0127	SES016	-2.80974	10.1491	12.9588
spk_ver/v01/v0128	SES106	2.45377	16.9209	14.4671
spk_ver/v01/v0129	SES016	-3.43651	12.0925	15.529
spk_ver/v01/v0130	SES016	-2.96504	11.7746	14.7397
spk_ver/v01/v0131	SES016	-4.40328	9.62277	14.026
spk_ver/v01/v0132	SES016	-3.03366	12.0738	15.1075
spk_ver/v01/v0133	SES016	-2.71377	13.1464	15.8602
spk_ver/v01/v0134	SES016	-2.18331	13.4093	15.5926
spk_ver/v01/v0135	SES016	-4.79594	10.2426	15.0385
spk_ver/v01/v0136	SES016	-4.57214	9.88099	14.4531
spk_ver/v01/v0137	SES007	0.971099	14.6681	13.697
spk_ver/v01/v0138	SES016	-0.911747	14.483	15.3948
spk_ver/v01/v0139	SES016	-1.92974	13.655	15.5847
spk_ver/v01/v0140	SES016	1.87195	17.385	15.513
spk_ver/v01/v0141	SES016	-8.06639	3.43249	11.4989
spk_ver/v01/v0142	SES016	-5.85767	9.16449	15.0222
spk_ver/v01/v0143	SES016	-4.9594	7.72721	12.6866
spk_ver/v01/v0144	SES016	-5.11907	10.7879	15.9069
spk_ver/v01/v0145	SES016	-7.6005	5.34877	12.9493
spk_ver/v01/v0146	SES016	-1.62674	13.8799	15.5066
spk_ver/v01/v0147	SES016	-1.35981	14.0439	15.4037
spk_ver/v01/v0148	SES127	0.675884	15.4145	14.7387
spk_ver/v01/v0149	SES016	-3.47479	10.994	14.4688
spk_ver/v01/v0150	SES016	-2.37385	12.8689	15.2428
spk_ver/v01/v0151	SES147	0.889024	14.2584	13.3693
spk_ver/v01/v0152	SES016	-1.83269	12.6862	14.5189
spk_ver/v01/v0153	SES104	1.8251	18.3407	16.5156
spk_ver/v01/v0154	SES016	-4.61975	9.39367	14.0134
spk_ver/v01/v0155	SES016	-2.68155	10.8765	13.5581
spk_ver/v01/v0156	SES019	-0.741447	12.3922	13.1337
spk_ver/v01/v0157	SES019	-3.50297	13.2091	16.7121
spk_ver/v01/v0158	SES019	-0.743468	13.9712	14.7146
spk_ver/v01/v0159	SES007	0.389735	15.0232	14.6335
spk_ver/v01/v0160	SES019	-2.6486	13.1418	15.7904
spk_ver/v01/v0161	SES019	-3.98148	9.51216	13.4936
spk_ver/v01/v0162	SES019	-4.20411	12.3817	16.5858
spk_ver/v01/v0163	SES189	1.1814	15.5379	14.3565
spk_ver/v01/v0164	SES019	-2.80079	12.5804	15.3812
spk_ver/v01/v0165	SES019	-0.750692	11.6253	12.376
spk_ver/v01/v0166	SES019	-5.1925	11.0812	16.2737
spk_ver/v01/v0167	SES019	-5.0008	9.09027	14.0911
spk_ver/v01/v0168	SES019	-2.33015	8.54463	10.8748
spk_ver/v01/v0169	SES019	-4.89902	8.89266	13.7917
spk_ver/v01/v0170	SES270	1.10077	15.5032	14.4025
spk_ver/v01/v0171	SES019	-2.492	12.0441	14.5361
spk_ver/v01/v0172	SES019	-5.45865	8.71644	14.1751
spk_ver/v01/v0173	SES206	1.28861	16.3227	15.0341
spk_ver/v01/v0174	SES019	-2.32497	11.0235	13.3485
spk_ver/v01/v0175	SES014	2.47626	18.922	16.4457
spk_ver/v01/v0176	SES019	-5.0259	10.6542	15.6801
spk_ver/v01/v0177	SES120	1.21976	15.0875	13.8678
spk_ver/v01/v0178	SES019	-2.22085	10.745	12.9658
spk_ver/v01/v0179	SES019	-6.08964	11.1693	17.2589
spk_ver/v01/v0180	SES175	0.873662	15.2838	14.4102
spk_ver/v01/v0181	SES019	-4.67073	9.12043	13.7912
spk_ver/v01/v0182	SES019	-4.64578	11.5642	16.21
spk_ver/v01/v0183	SES029	-2.82333	12.2591	15.0824
spk_ver/v01/v0184	SES029	-8.24126	6.79234	15.0336
spk_ver/v01/v0185	SES029	-2.56921	13.3098	15.879
spk_ver/v01/v0186	SES068	1.12544	17.3063	16.1808
spk_ver/v01/v0187	SES029	-4.31506	10.5167	14.8317
spk_ver/v01/v0188	SES029	-3.12197	12.9853	16.1073
spk_ver/v01/v0189	SES149	2.62236	18.5919	15.9695
spk_ver/v01/v0190	SES029	-3.95519	12.2105	16.1657
spk_ver/v01/v0191	SES029	-3.81436	10.594	14.4084
spk_ver/v01/v0192	SES183	1.26943	16.7886	15.5192
spk_ver/v01/v0193	SES029	-2.69098	12.1237	14.8147
spk_ver/v01/v0194	SES016	2.32308	17.5919	15.2688
spk_ver/v01/v0195	SES029	-3.54154	11.6948	15.2364
spk_ver/v01/v0196	SES029	-1.74995	12.5564	14.3064
spk_ver/v01/v0197	SES029	-4.67351	11.4407	16.1142
spk_ver/v01/v0198	SES146	0.949492	14.7341	13.7846
spk_ver/v01/v0199	SES029	-4.88266	8.41238	13.295
spk_ver/v02/v0200	SES029	-2.62085	12.3706	14.9914
spk_ver/v02/v0201	SES068	0.787109	17.1995	16.4124
spk_ver/v02/v0202	SES148	2.38022	16.0438	13.6636
spk_ver/v02/v0203	SES029	-3.36705	11.4291	14.7961
spk_ver/v02/v0204	SES029	-1.47852	13.3144	14.7929
spk_ver/v02/v0205	SES060	1.01992	17.922	16.9021
spk_ver/v02/v0206	SES127	2.62801	18.8457	16.2177
spk_ver/v02/v0207	SES029	-3.81879	10.8049	14.6237
spk_ver/v02/v0208	SES048	2.12117	15.5797	13.4585
spk_ver/v02/v0209	SES029	-1.90248	13.2653	15.1677
spk_ver/v02/v0210	SES029	-3.27975	11.1016	14.3814
spk_ver/v02/v0211	SES029	-3.61882	11.9863	15.6051
spk_ver/v02/v0212	SES042	-6.71288	6.72418	13.4371
spk_ver/v02/v0213	SES085	1.73263	16.2043	14.4716
spk_ver/v02/v0214	SES206	1.9452	17.6567	15.7115
spk_ver/v02/v0215	SES144	0.476416	15.0599	14.5835
spk_ver/v02/v0216	SES042	-3.34146	11.6501	14.9916
spk_ver/v02/v0217	SES042	-2.63918	6.90063	9.5398
spk_ver/v02/v0218	SES042	-2.96862	12.9012	15.8698
spk_ver/v02/v0219	SES206	1.25639	18.027	16.7706
spk_ver/v02/v0220	SES019	4.17135	17.8807	13.7093
spk_ver/v02/v0221	SES007	0.505661	15.4807	14.9751
spk_ver/v02/v0222	SES042	-7.69175	6.31255	14.0043
spk_ver/v02/v0223	SES147	1.26351	14.2934	13.0299
spk_ver/v02/v0224	SES105	1.49208	15.2843	13.7922
spk_ver/v02/v0225	SES042	-2.42344	12.4341	14.8575
spk_ver/v02/v0226	SES275	1.4655	15.5958	14.1303
spk_ver/v02/v0227	SES042	-4.94244	8.89482	13.8373
spk_ver/v02/v0228	SES042	-5.85281	9.81901	15.6718
spk_ver/v02/v0229	SES042	-4.66879	11.3856	16.0544
spk_ver/v02/v0230	SES085	0.675007	17.887	17.212
spk_ver/v02/v0231	SES014	2.56698	19.5939	17.0269
spk_ver/v02/v0232	SES042	-1.86235	13.8863	15.7487
spk_ver/v02/v0233	SES048	-4.62858	10.8408	15.4694
spk_ver/v02/v0234	SES048	-4.06113	11.0625	15.1237
spk_ver/v02/v0235	SES029	0.592876	16.4466	15.8537
spk_ver/v02/v0236	SES048	-2.69903	13.4089	16.108
spk_ver/v02/v0237	SES048	-5.06743	9.32082	14.3882
spk_ver/v02/v0238	SES048	-2.64074	12.7371	15.3779
spk_ver/v02/v0239	SES060	1.78743	17.6601	15.8726
spk_ver/v02/v0240	SES048	-4.44317	9.7035	14.1467
spk_ver/v02/v0241	SES048	-3.32722	12.2616	15.5888
spk_ver/v02/v0242	SES189	2.20064	15.7476	13.5469
spk_ver/v02/v0243	SES162	1.08984	15.3647	14.2748
spk_ver/v02/v0244	SES048	-5.99213	10.225	16.2171
spk_ver/v02/v0245	SES048	-4.56866	9.85691	14.4256
spk_ver/v02/v0246	SES048	-4.19011	11.1822	15.3724
spk_ver/v02/v0247	SES048	-5.46982	7.30063	12.7704
spk_ver/v02/v0248	SES226	2.62635	17.3659	14.7396
spk_ver/v02/v0249	SES048	-2.05776	12.123	14.1807
spk_ver/v02/v0250	SES048	-3.12858	11.0819	14.2105
spk_ver/v02/v0251	SES048	-5.62714	7.76774	13.3949
spk_ver/v02/v0252	SES060	-4.24801	9.11977	13.3678
spk_ver/v02/v0253	SES060	-6.11108	8.423	14.5341
spk_ver/v02/v0254	SES259	2.88855	18.4111	15.5226
spk_ver/v02/v0255	SES060	-5.35372	8.30342	13.6571
spk_ver/v02/v0256	SES202	1.1297	15.0322	13.9025
spk_ver/v02/v0257	SES148	1.05863	16.2515	15.1929
spk_ver/v02/v0258	SES060	-5.37338	6.07139	11.4448
spk_ver/v02/v0259	SES060	-2.35026	13.5872	15.9375
spk_ver/v02/v0260	SES060	-3.51618	12.0303	15.5465
spk_ver/v02/v0261	SES099	2.3598	17.1337	14.7739
spk_ver/v02/v0262	SES060	-3.33139	11.7079	15.0393
spk_ver/v02/v0263	SES060	-3.10684	13.5772	16.684
spk_ver/v02/v0264	SES292	0.493775	15.4789	14.9851
spk_ver/v02/v0265	SES060	-1.65592	13.0205	14.6764
spk_ver/v02/v0266	SES060	-6.35513	7.03536	13.3905
spk_ver/v02/v0267	SES060	-6.12128	7.29021	13.4115
spk_ver/v02/v0268	SES060	-6.56759	5.04724	11.6148
spk_ver/v02/v0269	SES127	1.70834	17.2325	15.5242
spk_ver/v02/v0270	SES060	-4.23496	10.3552	14.5901
spk_ver/v02/v0271	SES060	-1.47803	14.7609	16.2389
spk_ver/v02/v0272	SES060	-4.96689	7.63873	12.6056
spk_ver/v02/v0273	SES087	1.64626	16.6322	14.9859
spk_ver/v02/v0274	SES146	0.726802	14.3567	13.6299
spk_ver/v02/v0275	SES060	-4.52695	9.31267	13.8396
spk_ver/v02/v0276	SES002	1.89079	16.857	14.9663
spk_ver/v02/v0277	SES060	-2.00611	13.8992	15.9054
spk_ver/v02/v0278	SES060	-4.90258	8.89402	13.7966
spk_ver/v02/v0279	SES060	-5.76706	9.63335	15.4004
spk_ver/v02/v0280	SES129	2.61081	17.073	14.4622
spk_ver/v02/v0281	SES162	1.47708	15.8233	14.3462
spk_ver/v02/v0282	SES060	-3.82722	10.8644	14.6916
spk_ver/v02/v0283	SES060	-3.87017	12.3066	16.1767
spk_ver/v02/v0284	SES062	-4.21896	8.19177	12.4107
spk_ver/v02/v0285	SES062	-6.12131	8.42935	14.5507
spk_ver/v02/v0286	SES120	0.102031	13.4764	13.3743
spk_ver/v02/v0287	SES062	-4.36044	10.0501	14.4106
spk_ver/v02/v0288	SES062	-4.71939	9.66096	14.3803
spk_ver/v02/v0289	SES062	-3.50401	12.4342	15.9382
spk_ver/v02/v0290	SES062	-2.56962	12.9597	15.5293
spk_ver/v02/v0291	SES275	0.558057	14.9014	14.3433
spk_ver/v02/v0292	SES062	-2.61424	12.1352	14.7494
spk_ver/v02/v0293	SES062	-3.75029	11.3266	15.0769
spk_ver/v02/v0294	SES062	-4.7455	10.4111	15.1566
spk_ver/v02/v0295	SES062	-2.6871	11.6119	14.299
spk_ver/v02/v0296	SES062	-3.43328	11.4107	14.844
spk_ver/v02/v0297	SES062	-5.05006	9.42606	14.4761
spk_ver/v02/v0298	SES062	-3.33051	10.5201	13.8506
spk_ver/v02/v0299	SES062	-2.48473	12.7311	15.2159
spk_ver/v03/v0300	SES062	-3.16854	11.476	14.6445
spk_ver/v03/v0301	SES062	-1.89821	13.6478	15.546
spk_ver/v03/v0302	SES172	0.632753	17.1533	16.5206
spk_ver/v03/v0303	SES062	-2.56004	12.5958	15.1558
spk_ver/v03/v0304	SES062	-3.87929	10.0453	13.9246
spk_ver/v03/v0305	SES062	-3.15205	11.6453	14.7974
spk_ver/v03/v0306	SES062	-4.21156	8.83778	13.0493
spk_ver/v03/v0307	SES062	-3.84071	11.7216	15.5623
spk_ver/v03/v0308	SES062	-2.83537	11.3656	14.2009
spk_ver/v03/v0309	SES062	-3.40977	8.42592	11.8357
spk_ver/v03/v0310	SES125	1.52347	18.087	16.5635
spk_ver/v03/v0311	SES062	-2.19265	13.0879	15.2806
spk_ver/v03/v0312	SES062	-5.57525	8.1741	13.7493
spk_ver/v03/v0313	SES062	-2.9838	11.462	14.4458
spk_ver/v03/v0314	SES068	-3.70805	11.2472	14.9553
spk_ver/v03/v0315	SES068	-2.98338	12.4666	15.45
spk_ver/v03/v0316	SES068	-2.34197	11.6491	13.9911
spk_ver/v03/v0317	SES068	-1.64491	11.9983	13.6432
spk_ver/v03/v0318	SES068	-3.13496	13.2875	16.4225
spk_ver/v03/v0319	SES068	-7.17572	5.98405	13.1598
spk_ver/v03/v0320	SES068	-1.34332	13.7939	15.1373
spk_ver/v03/v0321	SES068	-1.76162	12.6318	14.3934
spk_ver/v03/v0322	SES068	-1.67597	12.278	13.954
spk_ver/v03/v0323	SES068	-1.63694	13.9183	15.5553
spk_ver/v03/v0324	SES144	0.64551	13.7593	13.1138
spk_ver/v03/v0325	SES068	-2.61809	13.33	15.9481
spk_ver/v03/v0326	SES068	-0.632952	15.2547	15.8877
spk_ver/v03/v0327	SES068	-2.18948	13.2716	15.4611
spk_ver/v03/v0328	SES068	-5.66427	8.1584	13.8227
spk_ver/v03/v0329	SES068	-2.83991	12.5071	15.347
spk_ver/v03/v0330	SES180	0.165348	14.9528	14.7875
spk_ver/v03/v0331	SES068	-0.71558	14.319	15.0346
spk_ver/v03/v0332	SES275	1.63777	16.1731	14.5354
spk_ver/v03/v0333	SES062	1.64924	18.979	17.3297
spk_ver/v03/v0334	SES270	1.11626	14.7748	13.6585
spk_ver/v03/v0335	SES068	-7.39623	5.3015	12.6977
spk_ver/v03/v0336	SES068	-1.16055	15.8933	17.0538
spk_ver/v03/v0337	SES068	-2.18199	11.9743	14.1563
spk_ver/v03/v0338	SES068	-2.84808	10.7917	13.6397
spk_ver/v03/v0339	SES068	-1.69733	13.1254	14.8227
spk_ver/v03/v0340	SES068	-2.13265	11.6518	13.7845
spk_ver/v03/v0341	SES016	1.33456	18.1335	16.799
spk_ver/v03/v0342	SES068	-2.88303	11.1191	14.0021
spk_ver/v03/v0343	SES068	-2.53172	11.536	14.0677
spk_ver/v03/v0344	SES125	1.32914	16.6241	15.2949
spk_ver/v03/v0345	SES187	0.616963	16.0856	15.4687
spk_ver/v03/v0346	SES068	-3.52469	11.9022	15.4269
spk_ver/v03/v0347	SES143	1.03156	14.9982	13.9666
spk_ver/v03/v0348	SES292	1.02601	15.9847	14.9587
spk_ver/v03/v0349	SES082	-5.12369	10.452	15.5757
spk_ver/v03/v0350	SES101	0.43101	16.3457	15.9147
spk_ver/v03/v0351	SES082	-0.63568	13.4092	14.0449
spk_ver/v03/v0352	SES082	-2.00305	10.9907	12.9938
spk_ver/v03/v0353	SES082	-3.49636	11.366	14.8623
spk_ver/v03/v0354	SES082	-7.46298	5.83562	13.2986
spk_ver/v03/v0355	SES083	0.81435	17.2156	16.4013
spk_ver/v03/v0356	SES082	-3.11619	10.6453	13.7615
spk_ver/v03/v0357	SES082	-5.03162	9.21765	14.2493
spk_ver/v03/v0358	SES082	-1.84839	12.661	14.5094
spk_ver/v03/v0359	SES117	0.807515	13.5588	12.7513
spk_ver/v03/v0360	SES082	-5.83161	10.1708	16.0024
spk_ver/v03/v0361	SES082	-1.86993	12.2074	14.0773
spk_ver/v03/v0362	SES007	0.929776	15.3472	14.4175
spk_ver/v03/v0363	SES082	-2.83693	12.0879	14.9248
spk_ver/v03/v0364	SES019	2.66838	16.9921	14.3237
spk_ver/v03/v0365	SES082	-1.35746	12.7799	14.1374
spk_ver/v03/v0366	SES226	2.15738	17.0377	14.8804
spk_ver/v03/v0367	SES167	1.73819	17.6319	15.8937
spk_ver/v03/v0368	SES082	-3.68566	12.5898	16.2754
spk_ver/v03/v0369	SES042	3.38572	19.9344	16.5487
spk_ver/v03/v0370	SES042	2.52719	18.6826	16.1554
spk_ver/v03/v0371	SES082	-5.71478	9.23928	14.9541
spk_ver/v03/v0372	SES082	-1.23608	14.5191	15.7552
spk_ver/v03/v0373	SES082	-5.21529	10.2021	15.4174
spk_ver/v03/v0374	SES083	-1.77682	15.1514	16.9282
spk_ver/v03/v0375	SES292	0.197875	15.6136	15.4157
spk_ver/v03/v0376	SES083	-3.62137	11.9359	15.5573
spk_ver/v03/v0377	SES083	-4.54099	9.51918	14.0602
spk_ver/v03/v0378	SES083	-0.875694	13.2355	14.1112
spk_ver/v03/v0379	SES083	-1.56668	12.9965	14.5632
spk_ver/v03/v0380	SES083	-2.74338	11.9915	14.7348
spk_ver/v03/v0381	SES083	-3.43284	11.2973	14.7302
spk_ver/v03/v0382	SES148	0.0353489	15.921	15.8856
spk_ver/v03/v0383	SES083	-1.63826	14.2076	15.8459
spk_ver/v03/v0384	SES226	1.95657	16.8852	14.9287
spk_ver/v03/v0385	SES226	2.27936	17.7453	15.466
spk_ver/v03/v0386	SES087	1.84491	16.6756	14.8307
spk_ver/v03/v0387	SES029	1.47779	16.6714	15.1936
spk_ver/v03/v0388	SES147	1.46034	15.5866	14.1262
spk_ver/v03/v0389	SES083	-3.96727	9.33158	13.2989
spk_ver/v03/v0390	SES189	1.56148	15.9065	14.345
spk_ver/v03/v0391	SES083	-1.52178	13.892	15.4138
spk_ver/v03/v0392	SES083	-0.856243	15.3171	16.1734
spk_ver/v03/v0393	SES083	-3.44931	11.4665	14.9158
spk_ver/v03/v0394	SES083	-3.3329	10.5763	13.9092
spk_ver/v03/v0395	SES083	-1.75763	14.2418	15.9994
spk_ver/v03/v0396	SES014	3.38414	20.694	17.3098
spk_ver/v03/v0397	SES085	-0.533274	17.0114	17.5447
spk_ver/v03/v0398	SES085	-2.03259	14.4119	16.4445
spk_ver/v03/v0399	SES085	-2.6495	12.4171	15.0666
spk_ver/v04/v0400	SES106	1.81338	17.2594	15.446
spk_ver/v04/v0401	SES085	-4.29083	10.5447	14.8355
spk_ver/v04/v0402	SES085	-7.77141	4.23827	12.0097
spk_ver/v04/v0403	SES085	-0.245154	15.4622	15.7074
spk_ver/v04/v0404	SES180	1.18006	16.2985	15.1184
spk_ver/v04/v0405	SES129	1.83373	17.2811	15.4474
spk_ver/v04/v0406	SES085	-5.07379	9.85782	14.9316
spk_ver/v04/v0407	SES146	-0.0744085	13.4612	13.5356
spk_ver/v04/v0408	SES085	-1.21594	14.721	15.937
spk_ver/v04/v0409	SES085	-3.44716	10.8104	14.2575
spk_ver/v04/v0410	SES085	-3.30844	12.8439	16.1523
spk_ver/v04/v0411	SES292	0.759021	15.3683	14.6093
spk_ver/v04/v0412	SES085	-1.29439	15.1256	16.42
spk_ver/v04/v0413	SES125	1.88298	17.83	15.947
spk_ver/v04/v0414	SES085	-2.33152	11.6744	14.0059
spk_ver/v04/v0415	SES085	-2.40589	13.6574	16.0633
spk_ver/v04/v0416	SES085	-0.925729	14.2757	15.2014
spk_ver/v04/v0417	SES062	1.45447	18.697	17.2425
spk_ver/v04/v0418	SES060	1.74637	17.1025	15.3562
spk_ver/v04/v0419	SES085	-1.11986	14.3065	15.4263
spk_ver/v04/v0420	SES085	-5.48791	9.63189	15.1198
spk_ver/v04/v0421	SES085	-5.45991	7.29135	12.7513
spk_ver/v04/v0422	SES085	-1.53289	12.0182	13.5511
spk_ver/v04/v0423	SES085	-4.79863	9.50837	14.307
spk_ver/v04/v0424	SES085	-4.30382	8.14643	12.4502
spk_ver/v04/v0425	SES183	0.311967	14.6314	14.3194
spk_ver/v04/v0426	SES085	-4.21224	10.0069	14.2191
spk_ver/v04/v0427	SES087	-2.83244	10.8832	13.7156
spk_ver/v04/v0428	SES162	0.912248	15.9032	14.9909
spk_ver/v04/v0429	SES087	-1.76311	13.5675	15.3306
spk_ver/v04/v0430	SES087	-4.68424	10.882	15.5662
spk_ver/v04/v0431	SES087	-4.0966	9.80278	13.8994
spk_ver/v04/v0432	SES087	-4.08439	9.81528	13.8997
spk_ver/v04/v0433	SES087	-3.88947	12.3473	16.2368
spk_ver/v04/v0434	SES142	2.69893	16.6845	13.9855
spk_ver/v04/v0435	SES087	-4.34718	9.6391	13.9863
spk_ver/v04/v0436	SES099	1.75774	17.3566	15.5989
spk_ver/v04/v0437	SES087	-1.23444	14.768	16.0025
spk_ver/v04/v0438	SES087	-4.68903	10.3921	15.0811
spk_ver/v04/v0439	SES087	-2.00329	14.009	16.0123
spk_ver/v04/v0440	SES087	-3.16108	12.7616	15.9227
spk_ver/v04/v0441	SES087	-5.39656	9.28662	14.6832
spk_ver/v04/v0442	SES187	1.75105	16.2154	14.4643
spk_ver/v04/v0443	SES172	1.33471	17.0422	15.7075
spk_ver/v04/v0444	SES087	-2.43784	11.7801	14.218
spk_ver/v04/v0445	SES087	-2.63224	12.5771	15.2094
spk_ver/v04/v0446	SES087	-0.644144	14.7542	15.3984
spk_ver/v04/v0447	SES087	-1.9917	13.8756	15.8673
spk_ver/v04/v0448	SES106	2.40719	15.4808	13.0736
spk_ver/v04/v0449	SES146	0.852846	14.8545	14.0016
spk_ver/v04/v0450	SES087	-4.93439	9.48471	14.4191
spk_ver/v04/v0451	SES087	-2.27684	12.737	15.0138
spk_ver/v04/v0452	SES007	1.31762	15.3948	14.0772
spk_ver/v04/v0453	SES087	-2.87963	11.0808	13.9605
spk_ver/v04/v0454	SES087	-5.69934	8.98828	14.6876
spk_ver/v04/v0455	SES180	0.769644	15.449	14.6793
spk_ver/v04/v0456	SES099	-4.82232	9.92874	14.7511
spk_ver/v04/v0457	SES042	1.72257	17.5964	15.8738
spk_ver/v04/v0458	SES099	-1.20802	13.3489	14.5569
spk_ver/v04/v0459	SES099	-5.14314	10.1813	15.3244
spk_ver/v04/v0460	SES099	-4.76261	8.91354	13.6761
spk_ver/v04/v0461	SES099	-2.95767	13.1319	16.0896
spk_ver/v04/v0462	SES082	2.5876	18.2018	15.6142
spk_ver/v04/v0463	SES099	-0.808353	14.3673	15.1757
spk_ver/v04/v0464	SES099	0.151798	15.4852	15.3334
spk_ver/v04/v0465	SES099	-5.7735	9.25714	15.0306
spk_ver/v04/v0466	SES099	-1.39775	13.76	15.1578
spk_ver/v04/v0467	SES099	-0.512616	13.8307	14.3433
spk_ver/v04/v0468	SES129	2.23899	17.5592	15.3202
spk_ver/v04/v0469	SES101	0.662956	15.4152	14.7522
spk_ver/v04/v0470	SES099	-4.72816	9.35776	14.0859
spk_ver/v04/v0471	SES172	1.49392	16.5644	15.0705
spk_ver/v04/v0472	SES099	-0.500652	13.557	14.0576
spk_ver/v04/v0473	SES270	3.61624	17.538	13.9218
spk_ver/v04/v0474	SES099	-4.40001	11.3163	15.7163
spk_ver/v04/v0475	SES099	-2.80435	13.2302	16.0346
spk_ver/v04/v0476	SES099	-3.72005	8.87666	12.5967
spk_ver/v04/v0477	SES002	1.90839	17.6668	15.7585
spk_ver/v04/v0478	SES099	-0.632371	14.2659	14.8983
spk_ver/v04/v0479	SES007	-0.285986	14.1589	14.4449
spk_ver/v04/v0480	SES101	-5.19306	10.5912	15.7843
spk_ver/v04/v0481	SES101	-3.07886	10.6798	13.7587
spk_ver/v04/v0482	SES175	0.34434	14.8645	14.5202
spk_ver/v04/v0483	SES101	-3.30861	11.3999	14.7085
spk_ver/v04/v0484	SES101	-5.41449	12.3565	17.7709
spk_ver/v04/v0485	SES101	-1.58407	12.7189	14.303
spk_ver/v04/v0486	SES101	-1.73218	11.5937	13.3258
spk_ver/v04/v0487	SES101	-1.11112	14.5122	15.6234
spk_ver/v04/v0488	SES101	-5.83761	7.88802	13.7256
spk_ver/v04/v0489	SES147	1.34683	13.4419	12.0951
spk_ver/v04/v0490	SES085	-0.891988	13.6389	14.5308
spk_ver/v04/v0491	SES101	-2.31166	11.4934	13.805
spk_ver/v04/v0492	SES101	-5.0768	7.5611	12.6379
spk_ver/v04/v0493	SES101	-3.39028	12.8735	16.2638
spk_ver/v04/v0494	SES101	-2.51118	12.2232	14.7343
spk_ver/v04/v0495	SES101	-1.73955	15.0416	16.7811
spk_ver/v04/v0496	SES101	-2.55679	13.1894	15.7462
spk_ver/v04/v0497	SES014	2.87484	20.3266	17.4518
spk_ver/v04/v0498	SES101	-3.79293	10.9441	14.737
spk_ver/v04/v0499	SES101	-2.71642	13.0463	15.7627
spk_ver/v05/v0500	SES085	0.866346	17.7127	16.8463
spk_ver/v05/v0501	SES101	-5.52922	9.93269	15.4619
spk_ver/v05/v0502	SES275	0.932504	15.0215	14.0889
spk_ver/v05/v0503	SES117	1.16993	15.1683	13.9984
spk_ver/v05/v0504	SES101	-4.91224	9.89253	14.8048
spk_ver/v05/v0505	SES101	-2.70219	12.1353	14.8375
spk_ver/v05/v0506	SES101	-2.30603	12.2519	14.5579
spk_ver/v05/v0507	SES048	1.47446	17.7781	16.3037
spk_ver/v05/v0508	SES117	0.73893	14.1003	13.3614
spk_ver/v05/v0509	SES202	2.40219	16.1485	13.7463
spk_ver/v05/v0510	SES104	-3.03814	9.78428	12.8224
spk_ver/v05/v0511	SES008	1.31709	15.2278	13.9107
spk_ver/v05/v0512	SES104	-1.59263	11.6551	13.2477
spk_ver/v05/v0513	SES104	-2.85227	12.7095	15.5618
spk_ver/v05/v0514	SES104	-4.84882	11.019	15.8679
spk_ver/v05/v0515	SES104	-6.7023	9.26296	15.9653
spk_ver/v05/v0516	SES104	-3.46755	8.4548	11.9224
spk_ver/v05/v0517	SES060	1.07872	18.5069	17.4282
spk_ver/v05/v0518	SES104	-5.51821	8.6417	14.1599
spk_ver/v05/v0519	SES104	-6.34554	7.17714	13.5227
spk_ver/v05/v0520	SES104	-1.0642	15.596	16.6602
spk_ver/v05/v0521	SES008	1.22789	17.6871	16.4592
spk_ver/v05/v0522	SES068	1.14825	16.7222	15.574
spk_ver/v05/v0523	SES087	1.88379	17.7185	15.8347
spk_ver/v05/v0524	SES104	-1.3826	12.9961	14.3787
spk_ver/v05/v0525	SES104	-0.666012	14.0268	14.6928
spk_ver/v05/v0526	SES104	-1.92078	13.4937	15.4145
spk_ver/v05/v0527	SES083	0.908358	16.3429	15.4345
spk_ver/v05/v0528	SES148	1.52275	15.4623	13.9396
spk_ver/v05/v0529	SES104	-3.29354	10.8371	14.1306
spk_ver/v05/v0530	SES104	-5.7555	9.1782	14.9337
spk_ver/v05/v0531	SES125	1.70817	16.8785	15.1703
spk_ver/v05/v0532	SES104	-7.26737	7.21664	14.484
spk_ver/v05/v0533	SES149	2.66076	19.6222	16.9614
spk_ver/v05/v0534	SES104	-4.58193	10.7928	15.3747
spk_ver/v05/v0535	SES187	0.723879	14.8127	14.0888
spk_ver/v05/v0536	SES104	-2.40559	12.8119	15.2175
spk_ver/v05/v0537	SES104	-2.3553	11.6547	14.01
spk_ver/v05/v0538	SES167	1.58034	16.9242	15.3439
spk_ver/v05/v0539	SES104	-1.89551	10.2684	12.1639
spk_ver/v05/v0540	SES104	-6.98551	10.5201	17.5056
spk_ver/v05/v0541	SES183	1.5175	14.6026	13.0851
spk_ver/v05/v0542	SES104	-1.84598	12.394	14.24
spk_ver/v05/v0543	SES104	-6.4336	9.33025	15.7638
spk_ver/v05/v0544	SES105	-4.46675	11.2319	15.6987
spk_ver/v05/v0545	SES105	-2.89266	11.6998	14.5924
spk_ver/v05/v0546	SES105	-3.76674	10.8661	14.6329
spk_ver/v05/v0547	SES105	-3.69827	10.2214	13.9197
spk_ver/v05/v0548	SES019	3.41877	17.1259	13.7071
spk_ver/v05/v0549	SES105	-2.40789	12.5508	14.9587
spk_ver/v05/v0550	SES105	-3.14754	10.5168	13.6643
spk_ver/v05/v0551	SES202	2.11538	14.4522	12.3368
spk_ver/v05/v0552	SES105	-4.5554	10.5113	15.0667
spk_ver/v05/v0553	SES105	-1.77981	13.711	15.4908
spk_ver/v05/v0554	SES105	-2.17711	13.6768	15.8539
spk_ver/v05/v0555	SES105	-3.44773	10.3166	13.7643
spk_ver/v05/v0556	SES082	0.82034	16.3923	15.572
spk_ver/v05/v0557	SES105	-4.45044	11.2684	15.7189
spk_ver/v05/v0558	SES014	1.44074	17.5769	16.1361
spk_ver/v05/v0559	SES105	-2.67374	12.9084	15.5821
spk_ver/v05/v0560	SES177	0.195468	15.6674	15.4719
spk_ver/v05/v0561	SES189	3.45974	11.959	8.49922
spk_ver/v05/v0562	SES105	-3.47212	9.93184	13.404
spk_ver/v05/v0563	SES099	1.95919	15.3063	13.3471
spk_ver/v05/v0564	SES105	-2.41597	13.4418	15.8578
spk_ver/v05/v0565	SES105	-3.57976	10.7551	14.3349
spk_ver/v05/v0566	SES105	-4.23618	9.98262	14.2188
spk_ver/v05/v0567	SES142	2.12396	15.6666	13.5426
spk_ver/v05/v0568	SES048	0.560395	14.9455	14.3851
spk_ver/v05/v0569	SES105	-4.24223	11.7558	15.998
spk_ver/v05/v0570	SES105	-1.87065	13.3111	15.1817
spk_ver/v05/v0571	SES105	-3.20276	11.2272	14.43
spk_ver/v05/v0572	SES105	-4.96782	8.03858	13.0064
spk_ver/v05/v0573	SES105	-5.12338	8.66528	13.7887
spk_ver/v05/v0574	SES105	-1.00533	14.0729	15.0782
spk_ver/v05/v0575	SES105	-1.10925	13.5553	14.6646
spk_ver/v05/v0576	SES106	-4.19146	9.83238	14.0238
spk_ver/v05/v0577	SES106	-5.25081	9.10121	14.352
spk_ver/v05/v0578	SES106	-4.11249	11.4518	15.5643
spk_ver/v05/v0579	SES106	-4.89089	10.0322	14.9231
spk_ver/v05/v0580	SES106	-2.21995	14.1679	16.3878
spk_ver/v05/v0581	SES106	-7.11556	7.81382	14.9294
spk_ver/v05/v0582	SES106	-1.82774	11.5051	13.3329
spk_ver/v05/v0583	SES106	-1.5687	14.3333	15.902
spk_ver/v05/v0584	SES106	-4.33998	9.13101	13.471
spk_ver/v05/v0585	SES106	0.111575	11.9216	11.81
spk_ver/v05/v0586	SES106	-3.98963	10.3197	14.3093
spk_ver/v05/v0587	SES106	-2.75815	10.1794	12.9375
spk_ver/v05/v0588	SES106	-5.07728	10.6946	15.7719
spk_ver/v05/v0589	SES106	-5.55837	10.5264	16.0848
spk_ver/v05/v0590	SES082	0.878032	15.305	14.427
spk_ver/v05/v0591	SES180	0.990391	16.0381	15.0477
spk_ver/v05/v0592	SES106	-2.19178	12.0621	14.2538
spk_ver/v05/v0593	SES106	-5.90038	8.13043	14.0308
spk_ver/v05/v0594	SES292	0.760454	16.2549	15.4945
spk_ver/v05/v0595	SES106	-1.68682	13.0977	14.7845
spk_ver/v05/v0596	SES106	-5.44307	9.72111	15.1642
spk_ver/v05/v0597	SES106	-6.08687	8.5997	14.6866
spk_ver/v05/v0598	SES042	1.91617	17.6438	15.7276
spk_ver/v05/v0599	SES106	-5.15609	8.48197	13.6381
spk_ver/v06/v0600	SES106	-0.428851	11.9678	12.3967
spk_ver/v06/v0601	SES106	-1.95307	11.7557	13.7088
spk_ver/v06/v0602	SES106	-3.40481	11.3349	14.7397
spk_ver/v06/v0603	SES106	-4.53572	9.80933	14.345
spk_ver/v06/v0604	SES106	-4.33629	10.233	14.5693
spk_ver/v06/v0605	SES106	-5.71058	8.2162	13.9268
spk_ver/v06/v0606	SES048	2.16705	17.8629	15.6959
spk_ver/v06/v0607	SES167	2.64598	18.6997	16.0537
spk_ver/v06/v0608	SES106	-4.42783	10.0618	14.4896
spk_ver/v06/v0609	SES143	1.47655	15.8979	14.4213
spk_ver/v06/v0610	SES106	-8.58502	4.92031	13.5053
spk_ver/v06/v0611	SES106	-3.45066	11.159	14.6097
spk_ver/v06/v0612	SES106	-5.75637	8.26608	14.0225
spk_ver/v06/v0613	SES117	-1.53666	14.4299	15.9666
spk_ver/v06/v0614	SES117	-3.77102	11.3397	15.1108
spk_ver/v06/v0615	SES117	-2.17271	12.3484	14.5211
spk_ver/v06/v0616	SES106	2.40516	18.838	16.4328
spk_ver/v06/v0617	SES142	2.49801	14.6967	12.1987
spk_ver/v06/v0618	SES048	2.07505	17.8255	15.7505
spk_ver/v06/v0619	SES175	0.720158	14.9508	14.2307
spk_ver/v06/v0620	SES180	0.700755	16.6624	15.9616
spk_ver/v06/v0621	SES117	-1.01628	11.8346	12.8509
spk_ver/v06/v0622	SES029	1.02295	16.0804	15.0575
spk_ver/v06/v0623	SES117	-1.90775	13.3646	15.2723
spk_ver/v06/v0624	SES117	-3.9293	10.2796	14.2089
spk_ver/v06/v0625	SES117	-1.35192	11.9506	13.3026
spk_ver/v06/v0626	SES106	1.81048	16.7736	14.9631
spk_ver/v06/v0627	SES226	2.54691	18.0696	15.5227
spk_ver/v06/v0628	SES117	-0.762959	14.4932	15.2562
spk_ver/v06/v0629	SES117	-2.75983	13.706	16.4658
spk_ver/v06/v0630	SES117	-3.7395	10.9311	14.6706
spk_ver/v06/v0631	SES117	-4.1273	8.24834	12.3756
spk_ver/v06/v0632	SES117	-1.73523	14.224	15.9593
spk_ver/v06/v0633	SES099	2.60484	17.0252	14.4204
spk_ver/v06/v0634	SES105	2.0112	16.0569	14.0457
spk_ver/v06/v0635	SES167	0.498115	16.1069	15.6088
spk_ver/v06/v0636	SES117	-0.720983	14.1414	14.8624
spk_ver/v06/v0637	SES202	1.85155	15.4703	13.6188
spk_ver/v06/v0638	SES117	-2.6501	12.4656	15.1157
spk_ver/v06/v0639	SES167	1.34538	15.1132	13.7678
spk_ver/v06/v0640	SES117	-1.46888	13.4468	14.9156
spk_ver/v06/v0641	SES117	-3.49979	11.4788	14.9786
spk_ver/v06/v0642	SES101	1.01455	16.7397	15.7252
spk_ver/v06/v0643	SES068	1.18727	17.0635	15.8763
spk_ver/v06/v0644	SES120	-3.06237	10.2166	13.279
spk_ver/v06/v0645	SES120	-1.31725	12.6896	14.0069
spk_ver/v06/v0646	SES172	0.561778	15.2777	14.716
spk_ver/v06/v0647	SES120	-3.42522	12.6313	16.0566
spk_ver/v06/v0648	SES120	-0.763706	15.0827	15.8465
spk_ver/v06/v0649	SES120	-2.65164	9.62477	12.2764
spk_ver/v06/v0650	SES087	2.07372	17.0082	14.9345
spk_ver/v06/v0651	SES120	-1.9507	12.3644	14.3151
spk_ver/v06/v0652	SES104	0.546115	13.9691	13.423
spk_ver/v06/v0653	SES129	1.84642	17.6618	15.8153
spk_ver/v06/v0654	SES120	-3.75376	10.5121	14.2658
spk_ver/v06/v0655	SES120	-1.30347	11.5748	12.8783
spk_ver/v06/v0656	SES120	-2.00653	13.39	15.3966
spk_ver/v06/v0657	SES147	0.419641	13.6975	13.2779
spk_ver/v06/v0658	SES120	-2.47813	11.8066	14.2847
spk_ver/v06/v0659	SES120	-2.35345	13.1362	15.4897
spk_ver/v06/v0660	SES120	-1.16327	13.9743	15.1376
spk_ver/v06/v0661	SES120	-1.93783	11.0742	13.0121
spk_ver/v06/v0662	SES120	-1.64206	14.5047	16.1467
spk_ver/v06/v0663	SES120	-2.22287	10.9329	13.1557
spk_ver/v06/v0664	SES147	1.19897	15.7257	14.5268
spk_ver/v06/v0665	SES162	1.52044	15.9021	14.3817
spk_ver/v06/v0666	SES120	-1.91656	13.6479	15.5645
spk_ver/v06/v0667	SES120	-1.41976	14.3217	15.7414
spk_ver/v06/v0668	SES120	0.952272	16.0466	15.0944
spk_ver/v06/v0669	SES142	2.00228	16.066	14.0637
spk_ver/v06/v0670	SES106	2.69048	18.0027	15.3122
spk_ver/v06/v0671	SES183	1.89013	15.0405	13.1504
spk_ver/v06/v0672	SES120	-1.34221	12.1371	13.4793
spk_ver/v06/v0673	SES029	0.056798	15.2347	15.1779
spk_ver/v06/v0674	SES120	-1.66951	12.6971	14.3666
spk_ver/v06/v0675	SES008	2.11529	17.783	15.6677
spk_ver/v06/v0676	SES125	-4.25877	8.33413	12.5929
spk_ver/v06/v0677	SES143	1.27568	14.8215	13.5458
spk_ver/v06/v0678	SES125	-5.375	8.12379	13.4988
spk_ver/v06/v0679	SES162	1.16521	15.3224	14.1572
spk_ver/v06/v0680	SES125	-3.084	11.8203	14.9043
spk_ver/v06/v0681	SES125	-2.34446	12.0923	14.4368
spk_ver/v06/v0682	SES125	-5.4749	11.137	16.6119
spk_ver/v06/v0683	SES226	1.5808	16.787	15.2062
spk_ver/v06/v0684	SES125	-3.61463	10.1764	13.7911
spk_ver/v06/v0685	SES125	-5.75642	8.10478	13.8612
spk_ver/v06/v0686	SES120	1.14756	16.6822	15.5346
spk_ver/v06/v0687	SES125	-4.48664	8.3801	12.8667
spk_ver/v06/v0688	SES158	2.2242	15.9936	13.7694
spk_ver/v06/v0689	SES125	-6.67641	8.24897	14.9254
spk_ver/v06/v0690	SES105	1.81509	15.9534	14.1383
spk_ver/v06/v0691	SES125	-1.38271	12.8438	14.2265
spk_ver/v06/v0692	SES125	-2.85331	12.3979	15.2512
spk_ver/v06/v0693	SES180	1.78617	16.7634	14.9772
spk_ver/v06/v0694	SES125	-6.68127	8.40214	15.0834
spk_ver/v06/v0695	SES125	-3.48869	12.1413	15.63
spk_ver/v06/v0696	SES125	-6.83695	9.85467	16.6916
spk_ver/v06/v0697	SES125	-6.14458	7.68622	13.8308
spk_ver/v06/v0698	SES083	0.676311	17.2591	16.5828
spk_ver/v06/v0699	SES125	-4.42075	10.6955	15.1162
spk_ver/v07/v0700	SES014	2.11904	19.019	16.8999
spk_ver/v07/v0701	SES125	-5.1135	11.7871	16.9006
spk_ver/v07/v0702	SES127	-1.84231	13.9144	15.7567
spk_ver/v07/v0703	SES127	-0.926702	12.2368	13.1635
spk_ver/v07/v0704	SES206	1.94107	17.9684	16.0273
spk_ver/v07/v0705	SES127	-2.7373	12.0667	14.804
spk_ver/v07/v0706	SES127	-2.21927	14.3617	16.5809
spk_ver/v07/v0707	SES127	-4.1744	11.0979	15.2723
spk_ver/v07/v0708	SES275	0.893633	16.1053	15.2117
spk_ver/v07/v0709	SES127	-2.55817	12.6082	15.1664
spk_ver/v07/v0710	SES105	1.13066	14.9679	13.8372
spk_ver/v07/v0711	SES127	-2.48368	11.009	13.4927
spk_ver/v07/v0712	SES127	-2.84677	11.722	14.5688
spk_ver/v07/v0713	SES127	-2.65861	10.6274	13.286
spk_ver/v07/v0714	SES019	4.63904	17.4904	12.8514
spk_ver/v07/v0715	SES127	-4.27496	8.53265	12.8076
spk_ver/v07/v0716	SES148	1.0906	15.0923	14.0017
spk_ver/v07/v0717	SES162	1.27643	16.6626	15.3862
spk_ver/v07/v0718	SES189	0.719284	14.5527	13.8334
spk_ver/v07/v0719	SES149	0.807512	17.3692	16.5616
spk_ver/v07/v0720	SES175	1.41994	16.4293	15.0093
spk_ver/v07/v0721	SES127	-3.57393	11.407	14.9809
spk_ver/v07/v0722	SES127	-0.995784	13.7489	14.7447
spk_ver/v07/v0723	SES127	-2.97176	12.3045	15.2762
spk_ver/v07/v0724	SES127	-2.31224	13.7479	16.0602
spk_ver/v07/v0725	SES127	-2.44805	11.8668	14.3148
spk_ver/v07/v0726	SES259	2.77609	18.3104	15.5343
spk_ver/v07/v0727	SES127	-2.04698	12.8294	14.8764
spk_ver/v07/v0728	SES127	-0.891664	15.7006	16.5922
spk_ver/v07/v0729	SES127	-4.34375	9.31835	13.6621
spk_ver/v07/v0730	SES127	-2.19568	11.2033	13.3989
spk_ver/v07/v0731	SES129	-2.29884	14.2145	16.5134
spk_ver/v07/v0732	SES129	-2.31447	12.3201	14.6346
spk_ver/v07/v0733	SES129	-4.53648	8.62809	13.1646
spk_ver/v07/v0734	SES129	-7.09635	6.57059	13.6669
spk_ver/v07/v0735	SES183	0.841593	15.2455	14.4039
spk_ver/v07/v0736	SES129	-3.28864	10.9436	14.2322
spk_ver/v07/v0737	SES129	-2.83164	11.7206	14.5522
spk_ver/v07/v0738	SES129	-5.46711	8.63634	14.1035
spk_ver/v07/v0739	SES129	-3.59352	10.5488	14.1423
spk_ver/v07/v0740	SES167	-0.318563	15.6186	15.9371
spk_ver/v07/v0741	SES129	-2.72444	11.107	13.8314
spk_ver/v07/v0742	SES129	-3.86725	13.6549	17.5222
spk_ver/v07/v0743	SES129	-2.68199	12.7216	15.4036
spk_ver/v07/v0744	SES129	-4.542	8.54989	13.0919
spk_ver/v07/v0745	SES180	1.88191	16.8657	14.9838
spk_ver/v07/v0746	SES129	-2.41553	13.8964	16.3119
spk_ver/v07/v0747	SES292	0.189563	15.9761	15.7865
spk_ver/v07/v0748	SES202	1.56369	14.5661	13.0024
spk_ver/v07/v0749	SES270	0.907755	15.724	14.8163
spk_ver/v07/v0750	SES129	-4.30846	13.0896	17.3981
spk_ver/v07/v0751	SES129	-5.05389	11.2354	16.2893
spk_ver/v07/v0752	SES060	0.482924	15.5753	15.0924
spk_ver/v07/v0753	SES129	-3.33174	11.2852	14.617
spk_ver/v07/v0754	SES129	-5.74659	6.45573	12.2023
spk_ver/v07/v0755	SES129	-4.59036	10.2476	14.8379
spk_ver/v07/v0756	SES175	1.00322	14.9564	13.9532
spk_ver/v07/v0757	SES129	-3.781	9.12181	12.9028
spk_ver/v07/v0758	SES129	-4.68423	8.02264	12.7069
spk_ver/v07/v0759	SES129	-4.55926	11.2866	15.8459
spk_ver/v07/v0760	SES129	-3.60974	12.333	15.9427
spk_ver/v07/v0761	SES129	-3.80578	12.8454	16.6512
spk_ver/v07/v0762	SES172	0.937246	16.1207	15.1835
spk_ver/v07/v0763	SES129	-4.2726	8.52161	12.7942
spk_ver/v07/v0764	SES129	-3.63471	12.3139	15.9486
spk_ver/v07/v0765	SES175	1.07618	15.9613	14.8851
spk_ver/v07/v0766	SES129	-3.73891	12.7532	16.4921
spk_ver/v07/v0767	SES129	-2.91796	11.0761	13.994
spk_ver/v07/v0768	SES042	2.53617	18.5732	16.037
spk_ver/v07/v0769	SES099	1.76833	15.8137	14.0454
spk_ver/v07/v0770	SES142	-3.51211	10.498	14.0101
spk_ver/v07/v0771	SES142	-2.10033	13.7509	15.8512
spk_ver/v07/v0772	SES101	1.07291	17.4447	16.3718
spk_ver/v07/v0773	SES142	-7.40006	5.68926	13.0893
spk_ver/v07/v0774	SES142	-5.18966	7.87601	13.0657
spk_ver/v07/v0775	SES142	-1.96158	12.968	14.9296
spk_ver/v07/v0776	SES142	-3.28044	13.248	16.5284
spk_ver/v07/v0777	SES142	-4.60375	9.56818	14.1719
spk_ver/v07/v0778	SES142	-1.7209	11.5028	13.2237
spk_ver/v07/v0779	SES142	-9.61592	5.14946	14.7654
spk_ver/v07/v0780	SES142	-4.54211	6.77774	11.3198
spk_ver/v07/v0781	SES142	-8.83443	5.78321	14.6176
spk_ver/v07/v0782	SES101	0.790172	15.4023	14.6122
spk_ver/v07/v0783	SES142	-4.67288	9.27538	13.9483
spk_ver/v07/v0784	SES187	1.77482	16.2634	14.4886
spk_ver/v07/v0785	SES143	1.0454	13.0705	12.0251
spk_ver/v07/v0786	SES142	-4.65525	11.4792	16.1345
spk_ver/v07/v0787	SES144	0.775955	15.6564	14.8804
spk_ver/v07/v0788	SES275	0.890238	15.1052	14.2149
spk_ver/v07/v0789	SES142	-3.38921	11.5946	14.9838
spk_ver/v07/v0790	SES099	2.24137	17.9403	15.6989
spk_ver/v07/v0791	SES142	-6.44844	7.36367	13.8121
spk_ver/v07/v0792	SES142	-4.78127	12.9752	17.7565
spk_ver/v07/v0793	SES142	-6.0139	8.2544	14.2683
spk_ver/v07/v0794	SES014	1.93593	18.3843	16.4484
spk_ver/v07/v0795	SES142	-7.10814	8.23909	15.3472
spk_ver/v07/v0796	SES142	-3.34478	12.3101	15.6549
spk_ver/v07/v0797	SES143	-1.06578	14.2833	15.349
spk_ver/v07/v0798	SES206	1.54467	17.9709	16.4262
spk_ver/v07/v0799	SES143	-3.22522	8.77417	11.9994
spk_ver/v08/v0800	SES143	-1.26715	12.6723	13.9395
spk_ver/v08/v0801	SES143	-1.60435	14.8075	16.4119
spk_ver/v08/v0802	SES143	-2.28733	10.5974	12.8848
spk_ver/v08/v0803	SES143	-2.01381	11.8851	13.899
spk_ver/v08/v0804	SES143	-2.28071	10.1176	12.3983
spk_ver/v08/v0805	SES143	-2.36657	11.3308	13.6974
spk_ver/v08/v0806	SES143	-2.95022	10.3589	13.3091
spk_ver/v08/v0807	SES177	0.0395956	14.3606	14.321
spk_ver/v08/v0808	SES149	1.15787	17.4377	16.2799
spk_ver/v08/v0809	SES143	-4.19835	11.3272	15.5256
spk_ver/v08/v0810	SES158	1.83594	15.5625	13.7265
spk_ver/v08/v0811	SES143	-2.54267	10.4644	13.007
spk_ver/v08/v0812	SES062	1.84183	19.3656	17.5238
spk_ver/v08/v0813	SES259	2.46002	18.2466	15.7866
spk_ver/v08/v0814	SES143	-4.80138	11.6	16.4014
spk_ver/v08/v0815	SES143	-2.73582	11.6924	14.4282
spk_ver/v08/v0816	SES143	-1.40666	13.8673	15.274
spk_ver/v08/v0817	SES144	0.497552	15.831	15.3335
spk_ver/v08/v0818	SES143	-2.01702	12.7651	14.7821
spk_ver/v08/v0819	SES143	-2.70132	12.5557	15.257
spk_ver/v08/v0820	SES143	-1.75711	14.1591	15.9162
spk_ver/v08/v0821	SES143	-1.96247	12.9468	14.9092
spk_ver/v08/v0822	SES143	-3.46513	11.2959	14.761
spk_ver/v08/v0823	SES104	2.15835	17.9044	15.7461
spk_ver/v08/v0824	SES143	-3.79408	11.4079	15.202
spk_ver/v08/v0825	SES143	-2.5026	11.8799	14.3825
spk_ver/v08/v0826	SES144	-4.16958	10.6636	14.8332
spk_ver/v08/v0827	SES144	-2.00699	13.3337	15.3407
spk_ver/v08/v0828	SES144	-0.833104	15.1727	16.0058
spk_ver/v08/v0829	SES172	0.893689	15.5422	14.6485
spk_ver/v08/v0830	SES144	-0.472228	13.9321	14.4043
spk_ver/v08/v0831	SES183	1.40799	15.8836	14.4756
spk_ver/v08/v0832	SES144	-5.14536	8.71563	13.861
spk_ver/v08/v0833	SES144	-4.48156	10.9044	15.3859
spk_ver/v08/v0834	SES144	-1.37827	13.0544	14.4326
spk_ver/v08/v0835	SES144	-3.00304	11.273	14.2761
spk_ver/v08/v0836	SES144	-2.04599	12.7669	14.8129
spk_ver/v08/v0837	SES144	-2.38538	14.2194	16.6048
spk_ver/v08/v0838	SES144	-3.65155	10.6434	14.2949
spk_ver/v08/v0839	SES085	0.593351	16.4797	15.8863
spk_ver/v08/v0840	SES144	-0.648285	14.2188	14.8671
spk_ver/v08/v0841	SES144	-4.54203	7.51875	12.0608
spk_ver/v08/v0842	SES144	-3.81851	11.4763	15.2948
spk_ver/v08/v0843	SES144	-1.01552	14.4007	15.4162
spk_ver/v08/v0844	SES144	-2.88096	12.3415	15.2225
spk_ver/v08/v0845	SES144	-4.03299	13.2813	17.3142
spk_ver/v08/v0846	SES104	1.23988	16.3832	15.1433
spk_ver/v08/v0847	SES144	-4.17302	10.5131	14.6861
spk_ver/v08/v0848	SES144	-2.70805	11.0483	13.7564
spk_ver/v08/v0849	SES144	-5.72062	9.29416	15.0148
spk_ver/v08/v0850	SES144	-3.18635	12.1799	15.3662
spk_ver/v08/v0851	SES144	-2.21514	12.754	14.9692
spk_ver/v08/v0852	SES144	-1.11382	15.0268	16.1406
spk_ver/v08/v0853	SES144	-5.22176	9.24221	14.464
spk_ver/v08/v0854	SES144	-2.05273	13.4028	15.4556
spk_ver/v08/v0855	SES144	-0.18663	16.2556	16.4422
spk_ver/v08/v0856	SES082	0.0440388	12.7088	12.6648
spk_ver/v08/v0857	SES142	2.54245	16.8985	14.356
spk_ver/v08/v0858	SES144	-0.864039	12.66	13.5241
spk_ver/v08/v0859	SES144	-1.4703	13.0685	14.5388
spk_ver/v08/v0860	SES146	-4.32162	9.83341	14.155
spk_ver/v08/v0861	SES146	-3.91428	10.0955	14.0097
spk_ver/v08/v0862	SES146	-4.29452	9.5099	13.8044
spk_ver/v08/v0863	SES146	-2.24144	11.2428	13.4842
spk_ver/v08/v0864	SES146	-3.46922	12.4458	15.915
spk_ver/v08/v0865	SES008	2.19954	16.6928	14.4932
spk_ver/v08/v0866	SES142	1.37989	15.9455	14.5656
spk_ver/v08/v0867	SES146	-3.43431	11.7739	15.2082
spk_ver/v08/v0868	SES082	2.37314	18.7127	16.3395
spk_ver/v08/v0869	SES146	-1.77023	13.3463	15.1166
spk_ver/v08/v0870	SES146	-4.04135	8.18499	12.2263
spk_ver/v08/v0871	SES146	-4.83817	9.47847	14.3166
spk_ver/v08/v0872	SES146	-4.30457	8.06192	12.3665
spk_ver/v08/v0873	SES082	1.65413	18.4103	16.7561
spk_ver/v08/v0874	SES146	-3.7388	11.2712	15.01
spk_ver/v08/v0875	SES144	0.55569	14.8075	14.2518
spk_ver/v08/v0876	SES146	-2.7117	14.6092	17.3209
spk_ver/v08/v0877	SES146	-3.57044	10.6033	14.1737
spk_ver/v08/v0878	SES146	-2.8131	12.0983	14.9114
spk_ver/v08/v0879	SES146	-2.44187	12.4285	14.8704
spk_ver/v08/v0880	SES146	-3.12941	10.7262	13.8557
spk_ver/v08/v0881	SES143	1.10575	14.5319	13.4262
spk_ver/v08/v0882	SES146	-1.14839	14.9155	16.0639
spk_ver/v08/v0883	SES147	-1.63593	14.1008	15.7367
spk_ver/v08/v0884	SES147	-0.900366	14.1263	15.0266
spk_ver/v08/v0885	SES016	1.64844	17.5254	15.877
spk_ver/v08/v0886	SES147	-1.39623	13.045	14.4412
spk_ver/v08/v0887	SES147	-2.48627	12.2462	14.7325
spk_ver/v08/v0888	SES147	-2.8444	10.5498	13.3942
spk_ver/v08/v0889	SES019	1.79294	15.8103	14.0173
spk_ver/v08/v0890	SES147	-2.17432	11.6849	13.8592
spk_ver/v08/v0891	SES147	-2.29299	13.0956	15.3886
spk_ver/v08/v0892	SES147	-1.81467	11.815	13.6297
spk_ver/v08/v0893	SES270	2.38607	14.7637	12.3776
spk_ver/v08/v0894	SES029	0.784912	15.6809	14.896
spk_ver/v08/v0895	SES147	-2.75368	10.9031	13.6568
spk_ver/v08/v0896	SES117	0.997938	14.3325	13.3345
spk_ver/v08/v0897	SES183	2.07324	13.5471	11.4739
spk_ver/v08/v0898	SES147	-4.96501	10.8645	15.8295
spk_ver/v08/v0899	SES147	-2.97472	9.71344	12.6882
spk_ver/v09/v0900	SES087	1.19798	16.3598	15.1618
spk_ver/v09/v0901	SES147	-5.76193	8.25878	14.0207
spk_ver/v09/v0902	SES147	-3.4904	10.4021	13.8925
spk_ver/v09/v0903	SES147	-1.51894	12.9287	14.4476
spk_ver/v09/v0904	SES147	-2.60778	12.879	15.4868
spk_ver/v09/v0905	SES143	0.983441	14.8384	13.855
spk_ver/v09/v0906	SES149	0.549147	17.1001	16.551
spk_ver/v09/v0907	SES148	-1.90099	13.2103	15.1113
spk_ver/v09/v0908	SES148	-1.2395	14.329	15.5685
spk_ver/v09/v0909	SES106	3.23353	16.0511	12.8176
spk_ver/v09/v0910	SES148	-0.862109	12.215	13.0771
spk_ver/v09/v0911	SES148	-3.37653	11.5774	14.9539
spk_ver/v09/v0912	SES142	0.55757	15.673	15.1154
spk_ver/v09/v0913	SES148	-2.9954	10.4107	13.4061
spk_ver/v09/v0914	SES148	-3.76243	11.2934	15.0558
spk_ver/v09/v0915	SES148	-3.16036	9.96037	13.1207
spk_ver/v09/v0916	SES148	-2.38514	10.8648	13.2499
spk_ver/v09/v0917	SES148	1.15439	15.7383	14.5839
spk_ver/v09/v0918	SES148	-1.3465	13.5954	14.9419
spk_ver/v09/v0919	SES270	1.83509	15.5689	13.7338
spk_ver/v09/v0920	SES148	-2.25766	13.1055	15.3632
spk_ver/v09/v0921	SES148	-3.60258	11.5374	15.14
spk_ver/v09/v0922	SES129	1.33134	17.5544	16.2231
spk_ver/v09/v0923	SES117	1.27895	16.412	15.1331
spk_ver/v09/v0924	SES042	3.20343	19.0106	15.8072
spk_ver/v09/v0925	SES148	-4.84712	8.78163	13.6288
spk_ver/v09/v0926	SES148	-5.7422	6.97469	12.7169
spk_ver/v09/v0927	SES144	0.745521	15.9535	15.208
spk_ver/v09/v0928	SES007	1.96316	16.4426	14.4794
spk_ver/v09/v0929	SES148	-2.33637	14.7358	17.0721
spk_ver/v09/v0930	SES148	-1.50152	14.4896	15.9911
spk_ver/v09/v0931	SES148	-2.53144	11.2685	13.7999
spk_ver/v09/v0932	SES202	1.53479	16.7535	15.2187
spk_ver/v09/v0933	SES148	-0.53928	15.6211	16.1604
spk_ver/v09/v0934	SES148	-3.54088	11.5049	15.0458
spk_ver/v09/v0935	SES060	1.3476	17.5919	16.2443
spk_ver/v09/v0936	SES060	1.56997	16.8255	15.2555
spk_ver/v09/v0937	SES148	-1.99084	13.8458	15.8367
spk_ver/v09/v0938	SES148	-1.42709	14.4628	15.8899
spk_ver/v09/v0939	SES148	-3.40488	12.2779	15.6828
spk_ver/v09/v0940	SES148	-2.84342	12.8521	15.6955
spk_ver/v09/v0941	SES149	-3.27913	10.2595	13.5387
spk_ver/v09/v0942	SES149	-3.25035	13.1021	16.3524
spk_ver/v09/v0943	SES149	-1.58375	13.3192	14.903
spk_ver/v09/v0944	SES149	-2.33276	11.4707	13.8035
spk_ver/v09/v0945	SES105	1.13662	15.9236	14.7869
spk_ver/v09/v0946	SES149	-3.48711	12.5254	16.0125
spk_ver/v09/v0947	SES149	-2.5687	11.2644	13.8331
spk_ver/v09/v0948	SES149	-4.20412	11.5627	15.7668
spk_ver/v09/v0949	SES149	-1.84601	15.0305	16.8765
spk_ver/v09/v0950	SES226	1.21815	17.4592	16.2411
spk_ver/v09/v0951	SES149	-2.34285	11.4188	13.7616
spk_ver/v09/v0952	SES149	-3.89362	9.2538	13.1474
spk_ver/v09/v0953	SES062	1.86217	17.8774	16.0152
spk_ver/v09/v0954	SES149	-3.02829	11.6346	14.6629
spk_ver/v09/v0955	SES048	0.275663	16.4057	16.13
spk_ver/v09/v0956	SES158	-1.89302	13.4896	15.3826
spk_ver/v09/v0957	SES158	-5.5675	8.57536	14.1429
spk_ver/v09/v0958	SES158	-1.42488	14.9232	16.3481
spk_ver/v09/v0959	SES158	-3.28066	11.417	14.6976
spk_ver/v09/v0960	SES158	-4.46535	9.42164	13.887
spk_ver/v09/v0961	SES147	1.37906	15.2008	13.8217
spk_ver/v09/v0962	SES158	-7.03645	7.35799	14.3944
spk_ver/v09/v0963	SES292	0.599732	16.2821	15.6824
spk_ver/v09/v0964	SES060	1.91631	18.4195	16.5032
spk_ver/v09/v0965	SES002	1.42895	16.4513	15.0223
spk_ver/v09/v0966	SES149	1.6057	18.5374	16.9317
spk_ver/v09/v0967	SES158	-6.24507	8.63881	14.8839
spk_ver/v09/v0968	SES158	-4.30641	9.32243	13.6288
spk_ver/v09/v0969	SES275	0.17372	13.7642	13.5904
spk_ver/v09/v0970	SES158	-5.2469	10.6992	15.9461
spk_ver/v09/v0971	SES158	-3.90075	10.8957	14.7964
spk_ver/v09/v0972	SES002	1.74119	17.3812	15.64
spk_ver/v09/v0973	SES158	-4.7061	10.1915	14.8976
spk_ver/v09/v0974	SES202	1.23884	15.6227	14.3839
spk_ver/v09/v0975	SES158	-6.20282	7.20313	13.4059
spk_ver/v09/v0976	SES158	-0.634403	15.2714	15.9058
spk_ver/v09/v0977	SES162	-1.99043	13.7379	15.7284
spk_ver/v09/v0978	SES162	-5.58902	7.44922	13.0382
spk_ver/v09/v0979	SES162	-6.19443	8.44796	14.6424
spk_ver/v09/v0980	SES162	-1.74444	12.0822	13.8266
spk_ver/v09/v0981	SES162	-2.88892	9.73218	12.6211
spk_ver/v09/v0982	SES259	2.9237	18.3138	15.3901
spk_ver/v09/v0983	SES162	-4.49306	6.20986	10.7029
spk_ver/v09/v0984	SES162	-1.66151	14.5805	16.242
spk_ver/v09/v0985	SES162	-1.31138	13.7304	15.0418
spk_ver/v09/v0986	SES062	1.49772	18.3049	16.8072
spk_ver/v09/v0987	SES162	-1.56012	13.2694	14.8295
spk_ver/v09/v0988	SES162	-4.35517	10.7071	15.0623
spk_ver/v09/v0989	SES162	-5.34413	7.05468	12.3988
spk_ver/v09/v0990	SES162	-4.22051	11.8136	16.0341
spk_ver/v09/v0991	SES087	1.44672	16.7168	15.2701
spk_ver/v09/v0992	SES120	0.226637	14.1019	13.8753
spk_ver/v09/v0993	SES162	-4.41321	11.3518	15.765
spk_ver/v09/v0994	SES162	-2.0606	13.5327	15.5933
spk_ver/v09/v0995	SES162	-5.1334	11.7074	16.8408
spk_ver/v09/v0996	SES162	-3.06932	14.5208	17.5901
spk_ver/v09/v0997	SES162	-4.99073	9.84342	14.8342
spk_ver/v09/v0998	SES162	-3.04029	9.95961	12.9999
spk_ver/v09/v0999	SES162	-2.38304	15.6698	18.0529
spk_ver/v10/v1000	SES162	-5.4882	9.47008	14.9583
spk_ver/v10/v1001	SES148	1.60452	14.9344	13.3299
spk_ver/v10/v1002	SES162	-1.63276	12.1437	13.7765
spk_ver/v10/v1003	SES162	-2.16707	14.1115	16.2785
spk_ver/v10/v1004	SES162	-2.32255	11.4736	13.7961
spk_ver/v10/v1005	SES162	-5.24619	8.83562	14.0818
spk_ver/v10/v1006	SES162	-4.5138	10.5815	15.0953
spk_ver/v10/v1007	SES162	-2.05348	11.911	13.9644
spk_ver/v10/v1008	SES162	-5.82915	6.585	12.4142
spk_ver/v10/v1009	SES162	-6.09476	8.96179	15.0566
spk_ver/v10/v1010	SES167	-2.57461	10.3585	12.9331
spk_ver/v10/v1011	SES167	-0.885345	13.4084	14.2937
spk_ver/v10/v1012	SES167	-2.3487	10.729	13.0777
spk_ver/v10/v1013	SES167	-5.41508	9.1762	14.5913
spk_ver/v10/v1014	SES167	-1.0734	15.1094	16.1828
spk_ver/v10/v1015	SES167	-2.05884	13.1393	15.1981
spk_ver/v10/v1016	SES167	-2.43174	13.7244	16.1561
spk_ver/v10/v1017	SES167	-2.18455	12.6574	14.842
spk_ver/v10/v1018	SES167	-3.04338	12.3054	15.3488
spk_ver/v10/v1019	SES167	-2.92375	11.6386	14.5623
spk_ver/v10/v1020	SES167	-7.38553	6.04057	13.4261
spk_ver/v10/v1021	SES167	-2.20454	10.5311	12.7356
spk_ver/v10/v1022	SES167	-5.19935	9.20711	14.4065
spk_ver/v10/v1023	SES167	-3.49084	10.6076	14.0984
spk_ver/v10/v1024	SES167	-5.28694	7.93309	13.22
spk_ver/v10/v1025	SES167	-1.83969	14.1483	15.988
spk_ver/v10/v1026	SES167	-3.74619	11.3281	15.0743
spk_ver/v10/v1027	SES167	-2.08138	14.2894	16.3708
spk_ver/v10/v1028	SES167	-5.6287	8.3839	14.0126
spk_ver/v10/v1029	SES167	-4.8187	9.79915	14.6178
spk_ver/v10/v1030	SES167	-3.00641	12.3686	15.375
spk_ver/v10/v1031	SES167	-5.05589	8.88411	13.94
spk_ver/v10/v1032	SES167	-4.2758	12.385	16.6608
spk_ver/v10/v1033	SES167	-6.05308	10.3395	16.3926
spk_ver/v10/v1034	SES002	1.33992	17.6916	16.3517
spk_ver/v10/v1035	SES167	-1.16448	14.8953	16.0598
spk_ver/v10/v1036	SES083	0.978691	17.2736	16.2949
spk_ver/v10/v1037	SES167	-3.33909	10.8219	14.161
spk_ver/v10/v1038	SES167	-2.6177	11.0989	13.7166
spk_ver/v10/v1039	SES167	-3.04735	11.7688	14.8162
spk_ver/v10/v1040	SES167	-6.21221	6.77688	12.9891
spk_ver/v10/v1041	SES167	-1.08953	13.1344	14.224
spk_ver/v10/v1042	SES087	1.39941	16.0593	14.6599
spk_ver/v10/v1043	SES029	1.78333	17.1135	15.3302
spk_ver/v10/v1044	SES206	1.08867	17.3222	16.2335
spk_ver/v10/v1045	SES172	-2.12877	11.8826	14.0113
spk_ver/v10/v1046	SES172	1.40852	16.9567	15.5482
spk_ver/v10/v1047	SES172	-0.900058	14.2642	15.1643
spk_ver/v10/v1048	SES259	3.54988	19.1288	15.5789
spk_ver/v10/v1049	SES172	-4.43628	11.4377	15.874
spk_ver/v10/v1050	SES120	1.14554	15.1702	14.0246
spk_ver/v10/v1051	SES172	-2.6445	13.0581	15.7026
spk_ver/v10/v1052	SES172	-1.85817	13.0365	14.8946
spk_ver/v10/v1053	SES172	-3.26901	12.0534	15.3224
spk_ver/v10/v1054	SES172	-2.66252	12.0662	14.7287
spk_ver/v10/v1055	SES189	1.86335	14.123	12.2597
spk_ver/v10/v1056	SES172	-3.16054	11.4081	14.5686
spk_ver/v10/v1057	SES172	-2.10995	12.4707	14.5807
spk_ver/v10/v1058	SES172	-1.01953	14.3821	15.4016
spk_ver/v10/v1059	SES172	-2.90283	12.4747	15.3775
spk_ver/v10/v1060	SES029	0.865664	17.3082	16.4425
spk_ver/v10/v1061	SES175	-5.76944	8.61521	14.3847
spk_ver/v10/v1062	SES187	0.510971	17.0941	16.5831
spk_ver/v10/v1063	SES019	3.42125	16.4532	13.0319
spk_ver/v10/v1064	SES175	-3.54821	11.0331	14.5813
spk_ver/v10/v1065	SES175	-4.46587	10.2823	14.7481
spk_ver/v10/v1066	SES175	-6.25661	6.02361	12.2802
spk_ver/v10/v1067	SES175	-2.26427	11.8624	14.1267
spk_ver/v10/v1068	SES175	-3.19363	10.026	13.2196
spk_ver/v10/v1069	SES016	2.80196	18.4947	15.6927
spk_ver/v10/v1070	SES175	-2.81744	12.3907	15.2081
spk_ver/v10/v1071	SES175	-1.74336	14.6689	16.4123
spk_ver/v10/v1072	SES175	-4.68457	9.98836	14.6729
spk_ver/v10/v1073	SES029	0.514071	16.1856	15.6715
spk_ver/v10/v1074	SES175	-2.58331	12.4525	15.0358
spk_ver/v10/v1075	SES175	-0.933788	15.3655	16.2993
spk_ver/v10/v1076	SES175	-0.583696	16.3936	16.9773
spk_ver/v10/v1077	SES175	-2.64597	13.7546	16.4005
spk_ver/v10/v1078	SES127	1.3109	18.1631	16.8522
spk_ver/v10/v1079	SES175	-3.59228	13.2636	16.8559
spk_ver/v10/v1080	SES175	-3.07342	10.3805	13.4539
spk_ver/v10/v1081	SES175	-4.05813	10.1274	14.1855
spk_ver/v10/v1082	SES175	-3.05839	13.3031	16.3615
spk_ver/v10/v1083	SES007	1.49137	15.0638	13.5724
spk_ver/v10/v1084	SES068	0.945135	17.8072	16.8621
spk_ver/v10/v1085	SES008	0.957987	17.7194	16.7614
spk_ver/v10/v1086	SES175	-1.31146	14.6886	16
spk_ver/v10/v1087	SES175	-2.81802	12.6268	15.4448
spk_ver/v10/v1088	SES008	1.8988	17.6826	15.7838
spk_ver/v10/v1089	SES177	-2.41307	14.1014	16.5145
spk_ver/v10/v1090	SES177	-4.18667	10.5681	14.7548
spk_ver/v10/v1091	SES177	-3.97946	9.77077	13.7502
spk_ver/v10/v1092	SES177	-0.784417	13.4895	14.2739
spk_ver/v10/v1093	SES177	-4.29138	10.826	15.1174
spk_ver/v10/v1094	SES002	1.3709	17.5367	16.1658
spk_ver/v10/v1095	SES104	1.81066	17.6608	15.8501
spk_ver/v10/v1096	SES177	-1.18406	13.758	14.9421
spk_ver/v10/v1097	SES177	-2.3491	9.94741	12.2965
spk_ver/v10/v1098	SES177	-2.62921	13.7944	16.4236
spk_ver/v10/v1099	SES177	-0.902574	14.0414	14.944
spk_ver/v11/v1100	SES177	-3.66529	10.4838	14.1491
spk_ver/v11/v1101	SES085	0.863359	16.9263	16.0629
spk_ver/v11/v1102	SES187	1.43539	16.891	15.4557
spk_ver/v11/v1103	SES177	-1.04526	13.4009	14.4461
spk_ver/v11/v1104	SES177	0.650216	16.6388	15.9886
spk_ver/v11/v1105	SES177	-1.04552	14.0398	15.0854
spk_ver/v11/v1106	SES177	-2.85772	12.2618	15.1195
spk_ver/v11/v1107	SES177	-1.11105	14.4865	15.5975
spk_ver/v11/v1108	SES177	-0.871266	15.5478	16.4191
spk_ver/v11/v1109	SES125	1.47225	16.3511	14.8789
spk_ver/v11/v1110	SES177	-2.93933	12.1745	15.1138
spk_ver/v11/v1111	SES177	-1.75278	14.4073	16.1601
spk_ver/v11/v1112	SES177	-3.52531	11.5888	15.1142
spk_ver/v11/v1113	SES177	-4.86891	10.7762	15.6451
spk_ver/v11/v1114	SES177	-1.30583	12.9373	14.2432
spk_ver/v11/v1115	SES177	-1.77849	11.0845	12.863
spk_ver/v11/v1116	SES085	1.12906	18.328	17.199
spk_ver/v11/v1117	SES147	1.12168	15.3398	14.2181
spk_ver/v11/v1118	SES177	-1.34623	12.6912	14.0374
spk_ver/v11/v1119	SES177	-3.06659	10.7962	13.8628
spk_ver/v11/v1120	SES180	-6.50514	8.31833	14.8235
spk_ver/v11/v1121	SES189	0.553155	14.1205	13.5673
spk_ver/v11/v1122	SES117	1.37885	13.4338	12.0549
spk_ver/v11/v1123	SES129	2.21927	17.8451	15.6258
spk_ver/v11/v1124	SES180	-1.62601	13.6638	15.2898
spk_ver/v11/v1125	SES180	-0.882159	15.2142	16.0964
spk_ver/v11/v1126	SES180	-1.59876	14.603	16.2017
spk_ver/v11/v1127	SES180	-3.26287	11.7318	14.9947
spk_ver/v11/v1128	SES016	1.06971	15.6527	14.583
spk_ver/v11/v1129	SES158	0.896392	15.4527	14.5563
spk_ver/v11/v1130	SES180	-2.98063	12.076	15.0566
spk_ver/v11/v1131	SES180	-3.76608	14.0552	17.8213
spk_ver/v11/v1132	SES180	-1.93021	12.7064	14.6366
spk_ver/v11/v1133	SES180	-4.33369	12.0133	16.347
spk_ver/v11/v1134	SES180	-2.3989	11.236	13.6349
spk_ver/v11/v1135	SES180	-2.49966	13.4351	15.9348
spk_ver/v11/v1136	SES180	-6.0411	5.42457	11.4657
spk_ver/v11/v1137	SES148	0.141755	15.3964	15.2547
spk_ver/v11/v1138	SES104	1.84487	19.9824	18.1376
spk_ver/v11/v1139	SES180	-4.65192	7.99244	12.6444
spk_ver/v11/v1140	SES083	0.985501	16.1187	15.1332
spk_ver/v11/v1141	SES180	-4.72684	10.1599	14.8868
spk_ver/v11/v1142	SES180	-3.19988	10.9098	14.1097
spk_ver/v11/v1143	SES180	-2.8457	11.1588	14.0045
spk_ver/v11/v1144	SES099	1.95552	16.0957	14.1402
spk_ver/v11/v1145	SES180	-2.21021	13.1303	15.3405
spk_ver/v11/v1146	SES183	-3.44384	12.0599	15.5037
spk_ver/v11/v1147	SES183	-1.65548	14.3972	16.0526
spk_ver/v11/v1148	SES183	-4.91759	8.32489	13.2425
spk_ver/v11/v1149	SES183	-6.68916	9.67463	16.3638
spk_ver/v11/v1150	SES183	-5.79628	8.80635	14.6026
spk_ver/v11/v1151	SES082	1.30881	16.0817	14.7729
spk_ver/v11/v1152	SES183	-2.72846	10.2454	12.9738
spk_ver/v11/v1153	SES183	-1.71168	12.8309	14.5426
spk_ver/v11/v1154	SES002	1.79948	18.3636	16.5641
spk_ver/v11/v1155	SES183	-2.27851	12.1597	14.4382
spk_ver/v11/v1156	SES183	-4.13383	8.87458	13.0084
spk_ver/v11/v1157	SES183	-3.0965	13.0388	16.1353
spk_ver/v11/v1158	SES183	-1.24145	14.2276	15.4691
spk_ver/v11/v1159	SES183	-1.71389	13.3471	15.061
spk_ver/v11/v1160	SES183	-5.73538	8.13293	13.8683
spk_ver/v11/v1161	SES183	-3.35313	8.16445	11.5176
spk_ver/v11/v1162	SES105	1.64064	16.165	14.5243
spk_ver/v11/v1163	SES183	-4.64378	10.8253	15.4691
spk_ver/v11/v1164	SES259	3.29185	17.8948	14.6029
spk_ver/v11/v1165	SES183	-2.04954	12.9141	14.9637
spk_ver/v11/v1166	SES183	-5.68325	9.49643	15.1797
spk_ver/v11/v1167	SES183	-1.8541	11.7721	13.6262
spk_ver/v11/v1168	SES183	-2.32984	14.0882	16.4181
spk_ver/v11/v1169	SES183	-5.6783	9.91455	15.5928
spk_ver/v11/v1170	SES183	-3.3531	12.7791	16.1322
spk_ver/v11/v1171	SES183	-7.81136	5.74931	13.5607
spk_ver/v11/v1172	SES187	-3.09764	11.4702	14.5678
spk_ver/v11/v1173	SES019	3.99038	16.1568	12.1664
spk_ver/v11/v1174	SES187	-3.61087	8.80565	12.4165
spk_ver/v11/v1175	SES187	-2.84369	10.6102	13.4539
spk_ver/v11/v1176	SES083	0.725056	17.4711	16.7461
spk_ver/v11/v1177	SES187	-5.50686	7.99244	13.4993
spk_ver/v11/v1178	SES187	-4.61083	9.59071	14.2015
spk_ver/v11/v1179	SES187	-2.19555	12.3305	14.526
spk_ver/v11/v1180	SES187	-1.22965	12.7756	14.0052
spk_ver/v11/v1181	SES187	-5.37099	11.2724	16.6434
spk_ver/v11/v1182	SES187	-1.48908	14.9593	16.4484
spk_ver/v11/v1183	SES187	-2.83998	10.2812	13.1212
spk_ver/v11/v1184	SES187	-0.124113	14.5511	14.6752
spk_ver/v11/v1185	SES127	1.67796	17.4471	15.7691
spk_ver/v11/v1186	SES187	-1.48711	13.4576	14.9448
spk_ver/v11/v1187	SES187	-1.92916	14.4473	16.3765
spk_ver/v11/v1188	SES187	-2.08129	11.8961	13.9774
spk_ver/v11/v1189	SES042	1.93785	18.3161	16.3782
spk_ver/v11/v1190	SES187	-1.62244	12.9997	14.6222
spk_ver/v11/v1191	SES187	-4.34836	8.70929	13.0577
spk_ver/v11/v1192	SES187	-3.8882	9.23503	13.1232
spk_ver/v11/v1193	SES183	1.10298	15.3113	14.2083
spk_ver/v11/v1194	SES187	-2.96453	11.0378	14.0024
spk_ver/v11/v1195	SES187	-3.23758	10.8452	14.0828
spk_ver/v11/v1196	SES146	1.57245	14.7215	13.1491
spk_ver/v11/v1197	SES189	-5.07975	11.1698	16.2495
spk_ver/v11/v1198	SES175	1.94561	16.5559	14.6103
spk_ver/v11/v1199	SES189	-4.37001	8.70989	13.0799
spk_ver/v12/v1200	SES189	-2.32993	15.1352	17.4651
spk_ver/v12/v1201	SES177	1.33657	17.1366	15.8
spk_ver/v12/v1202	SES189	-2.42304	11.5502	13.9732
spk_ver/v12/v1203	SES143	0.712276	15.1086	14.3963
spk_ver/v12/v1204	SES189	-2.66167	12.5192	15.1808
spk_ver/v12/v1205	SES189	-2.15793	14.5427	16.7006
spk_ver/v12/v1206	SES189	-4.2168	8.16138	12.3782
spk_ver/v12/v1207	SES189	-3.75558	10.9693	14.7249
spk_ver/v12/v1208	SES189	-4.03612	13.9246	17.9607
spk_ver/v12/v1209	SES189	-5.45533	7.74379	13.1991
spk_ver/v12/v1210	SES189	-0.834226	13.5603	14.3945
spk_ver/v12/v1211	SES062	1.97757	18.3387	16.3611
spk_ver/v12/v1212	SES189	-3.05094	12.3214	15.3724
spk_ver/v12/v1213	SES048	1.7836	17.6161	15.8325
spk_ver/v12/v1214	SES042	3.83056	20.0076	16.1771
spk_ver/v12/v1215	SES008	2.09428	17.8111	15.7169
spk_ver/v12/v1216	SES202	-4.78422	12.0304	16.8146
spk_ver/v12/v1217	SES202	-3.19544	10.6489	13.8444
spk_ver/v12/v1218	SES085	1.07092	18.6197	17.5488
spk_ver/v12/v1219	SES202	-2.40657	13.514	15.9205
spk_ver/v12/v1220	SES202	-1.7094	14.3328	16.0422
spk_ver/v12/v1221	SES202	-1.99942	12.6171	14.6165
spk_ver/v12/v1222	SES202	-5.92082	7.99331	13.9141
spk_ver/v12/v1223	SES158	0.928261	15.7881	14.8599
spk_ver/v12/v1224	SES202	-2.26563	11.5659	13.8315
spk_ver/v12/v1225	SES202	-3.49469	11.3414	14.8361
spk_ver/v12/v1226	SES202	-3.53496	12.4564	15.9914
spk_ver/v12/v1227	SES202	-2.94659	12.1032	15.0498
spk_ver/v12/v1228	SES177	0.817203	16.0439	15.2267
spk_ver/v12/v1229	SES202	-3.55149	12.203	15.7545
spk_ver/v12/v1230	SES202	-2.71263	12.3022	15.0148
spk_ver/v12/v1231	SES202	-3.77984	11.5956	15.3755
spk_ver/v12/v1232	SES202	-2.97536	10.2238	13.1992
spk_ver/v12/v1233	SES206	1.48488	18.012	16.5271
spk_ver/v12/v1234	SES202	-5.33425	7.87857	13.2128
spk_ver/v12/v1235	SES202	-2.68443	13.2386	15.923
spk_ver/v12/v1236	SES125	2.14134	16.5977	14.4563
spk_ver/v12/v1237	SES127	1.17892	16.5776	15.3987
spk_ver/v12/v1238	SES202	2.71125	16.8398	14.1286
spk_ver/v12/v1239	SES167	1.8447	17.7891	15.9444
spk_ver/v12/v1240	SES206	-4.31032	10.0402	14.3505
spk_ver/v12/v1241	SES206	-5.44967	9.19249	14.6422
spk_ver/v12/v1242	SES206	-1.12861	15.2342	16.3628
spk_ver/v12/v1243	SES206	-2.9429	11.4028	14.3457
spk_ver/v12/v1244	SES259	2.76353	17.1099	14.3464
spk_ver/v12/v1245	SES206	-3.31765	12.5138	15.8315
spk_ver/v12/v1246	SES206	-3.16755	12.9591	16.1266
spk_ver/v12/v1247	SES206	-1.3457	13.8152	15.1609
spk_ver/v12/v1248	SES206	-5.82845	7.59871	13.4272
spk_ver/v12/v1249	SES270	2.66099	15.5694	12.9084
spk_ver/v12/v1250	SES206	-3.78154	10.3094	14.0909
spk_ver/v12/v1251	SES206	-3.07327	13.2373	16.3106
spk_ver/v12/v1252	SES206	-2.43598	12.6416	15.0776
spk_ver/v12/v1253	SES206	-1.65183	13.6716	15.3235
spk_ver/v12/v1254	SES206	-1.92506	11.4671	13.3922
spk_ver/v12/v1255	SES125	1.8734	17.129	15.2556
spk_ver/v12/v1256	SES206	-5.89577	9.95916	15.8549
spk_ver/v12/v1257	SES206	-4.81889	10.8926	15.7115
spk_ver/v12/v1258	SES206	-2.06484	12.6617	14.7266
spk_ver/v12/v1259	SES206	-5.33691	9.66168	14.9986
spk_ver/v12/v1260	SES206	-5.6213	8.58095	14.2023
spk_ver/v12/v1261	SES206	-5.90793	10.0647	15.9726
spk_ver/v12/v1262	SES206	-6.03192	8.99726	15.0292
spk_ver/v12/v1263	SES206	-3.67081	11.9889	15.6597
spk_ver/v12/v1264	SES149	1.15343	17.4343	16.2808
spk_ver/v12/v1265	SES206	-1.24487	11.3933	12.6381
spk_ver/v12/v1266	SES206	-4.70066	10.084	14.7847
spk_ver/v12/v1267	SES206	-1.69132	9.94624	11.6376
spk_ver/v12/v1268	SES206	-3.07399	10.5348	13.6088
spk_ver/v12/v1269	SES206	-6.09534	7.45081	13.5461
spk_ver/v12/v1270	SES206	-7.67799	4.12738	11.8054
spk_ver/v12/v1271	SES226	-4.66534	8.67259	13.3379
spk_ver/v12/v1272	SES226	-0.821899	16.2182	17.0401
spk_ver/v12/v1273	SES226	-4.68666	11.6722	16.3589
spk_ver/v12/v1274	SES226	-4.63896	9.6641	14.3031
spk_ver/v12/v1275	SES226	-0.822599	12.1326	12.9552
spk_ver/v12/v1276	SES226	-5.18163	9.33444	14.5161
spk_ver/v12/v1277	SES226	-1.06176	14.8341	15.8959
spk_ver/v12/v1278	SES226	-0.805429	13.4996	14.3051
spk_ver/v12/v1279	SES226	-4.95928	11.4878	16.4471
spk_ver/v12/v1280	SES226	-3.41372	12.1718	15.5855
spk_ver/v12/v1281	SES226	-1.54384	13.1056	14.6495
spk_ver/v12/v1282	SES226	-2.43892	11.8678	14.3067
spk_ver/v12/v1283	SES143	1.96434	16.1587	14.1944
spk_ver/v12/v1284	SES226	-4.59487	12.2261	16.821
spk_ver/v12/v1285	SES226	-2.7211	12.8447	15.5658
spk_ver/v12/v1286	SES226	-2.38064	11.098	13.4786
spk_ver/v12/v1287	SES226	-2.60762	12.5151	15.1227
spk_ver/v12/v1288	SES226	-5.26	10.0884	15.3484
spk_ver/v12/v1289	SES104	1.92366	17.0482	15.1246
spk_ver/v12/v1290	SES008	3.22778	17.1539	13.9261
spk_ver/v12/v1291	SES226	-1.37744	13.4435	14.8209
spk_ver/v12/v1292	SES259	-4.75677	9.49082	14.2476
spk_ver/v12/v1293	SES062	1.29571	17.6476	16.3518
spk_ver/v12/v1294	SES099	1.65133	15.051	13.3997
spk_ver/v12/v1295	SES158	0.993814	14.1844	13.1905
spk_ver/v12/v1296	SES259	-4.31231	12.2597	16.572
spk_ver/v12/v1297	SES259	-6.24059	8.81988	15.0605
spk_ver/v12/v1298	SES259	-4.41424	11.4933	15.9076
spk_ver/v12/v1299	SES259	-4.49721	10.0095	14.5067
spk_ver/v13/v1300	SES120	1.40758	14.9316	13.5241
spk_ver/v13/v1301	SES259	-6.65316	8.20114	14.8543
spk_ver/v13/v1302	SES259	-5.50707	8.49459	14.0017
spk_ver/v13/v1303	SES129	1.76286	16.9656	15.2027
spk_ver/v13/v1304	SES259	-3.28338	10.6481	13.9315
spk_ver/v13/v1305	SES259	-6.33655	7.69641	14.033
spk_ver/v13/v1306	SES106	1.27604	16.0666	14.7906
spk_ver/v13/v1307	SES259	-4.35759	10.2654	14.623
spk_ver/v13/v1308	SES259	-1.81735	12.4695	14.2869
spk_ver/v13/v1309	SES259	-5.49596	10.4574	15.9533
spk_ver/v13/v1310	SES259	-4.99101	11.4536	16.4446
spk_ver/v13/v1311	SES259	-3.5706	11.769	15.3396
spk_ver/v13/v1312	SES259	-4.54206	11.4113	15.9533
spk_ver/v13/v1313	SES144	0.957046	16.3279	15.3709
spk_ver/v13/v1314	SES259	-5.63748	9.2575	14.895
spk_ver/v13/v1315	SES162	1.78452	16.6496	14.865
spk_ver/v13/v1316	SES206	0.991858	16.9862	15.9944
spk_ver/v13/v1317	SES175	1.17006	15.3798	14.2097
spk_ver/v13/v1318	SES259	-5.61513	8.54901	14.1641
spk_ver/v13/v1319	SES259	-5.0389	9.85348	14.8924
spk_ver/v13/v1320	SES270	-0.155395	14.7351	14.8905
spk_ver/v13/v1321	SES101	0.587328	16.2511	15.6638
spk_ver/v13/v1322	SES177	0.870689	17.5185	16.6478
spk_ver/v13/v1323	SES127	1.0377	17.7314	16.6937
spk_ver/v13/v1324	SES270	-4.79783	9.49623	14.2941
spk_ver/v13/v1325	SES062	1.21172	17.5105	16.2988
spk_ver/v13/v1326	SES270	0.38639	14.1675	13.7811
spk_ver/v13/v1327	SES120	0.286794	13.053	12.7663
spk_ver/v13/v1328	SES270	-4.46028	9.32449	13.7848
spk_ver/v13/v1329	SES270	-4.90302	12.0794	16.9824
spk_ver/v13/v1330	SES270	-0.0658216	13.7722	13.838
spk_ver/v13/v1331	SES270	-4.53109	12.6193	17.1504
spk_ver/v13/v1332	SES270	-1.27647	15.1821	16.4586
spk_ver/v13/v1333	SES270	-3.34203	11.2725	14.6145
spk_ver/v13/v1334	SES270	-3.63029	12.0239	15.6542
spk_ver/v13/v1335	SES270	-0.315771	15.0294	15.3451
spk_ver/v13/v1336	SES270	-1.68825	12.6811	14.3693
spk_ver/v13/v1337	SES016	2.27816	17.7088	15.4306
spk_ver/v13/v1338	SES270	-5.38791	11.2888	16.6768
spk_ver/v13/v1339	SES002	1.2798	17.2525	15.9727
spk_ver/v13/v1340	SES105	2.46083	16.1176	13.6567
spk_ver/v13/v1341	SES275	-2.9889	11.7385	14.7274
spk_ver/v13/v1342	SES187	0.812218	15.82	15.0078
spk_ver/v13/v1343	SES275	-2.61546	11.8952	14.5107
spk_ver/v13/v1344	SES275	-3.80656	9.96967	13.7762
spk_ver/v13/v1345	SES275	-2.67947	11.5297	14.2092
spk_ver/v13/v1346	SES275	-5.54124	9.37454	14.9158
spk_ver/v13/v1347	SES275	-2.99508	11.1218	14.1169
spk_ver/v13/v1348	SES180	0.798651	16.4798	15.6811
spk_ver/v13/v1349	SES275	-2.34476	10.7169	13.0617
spk_ver/v13/v1350	SES275	-1.62333	14.4714	16.0948
spk_ver/v13/v1351	SES275	-3.77166	7.16473	10.9364
spk_ver/v13/v1352	SES275	-2.24551	13.5199	15.7655
spk_ver/v13/v1353	SES275	-2.04519	9.56731	11.6125
spk_ver/v13/v1354	SES189	1.14718	13.4603	12.3131
spk_ver/v13/v1355	SES068	1.44669	18.0094	16.5627
spk_ver/v13/v1356	SES275	-3.11116	9.45366	12.5648
spk_ver/v13/v1357	SES048	0.24614	15.8298	15.5837
spk_ver/v13/v1358	SES226	2.48484	19.2956	16.8108
spk_ver/v13/v1359	SES016	1.65909	17.9471	16.288
spk_ver/v13/v1360	SES275	-2.66049	11.6286	14.2891
spk_ver/v13/v1361	SES068	1.0773	17.7181	16.6408
spk_ver/v13/v1362	SES275	-3.31978	10.8557	14.1755
spk_ver/v13/v1363	SES275	-3.1936	11.2966	14.4902
spk_ver/v13/v1364	SES275	-3.39001	10.5567	13.9467
spk_ver/v13/v1365	SES275	-1.36694	14.6019	15.9689
spk_ver/v13/v1366	SES187	0.851109	16.6405	15.7894
spk_ver/v13/v1367	SES275	-3.87027	9.3546	13.2249
spk_ver/v13/v1368	SES125	1.56597	16.459	14.893
spk_ver/v13/v1369	SES275	-2.32247	9.35244	11.6749
spk_ver/v13/v1370	SES292	-2.37129	12.3936	14.7649
spk_ver/v13/v1371	SES292	-1.53699	13.682	15.219
spk_ver/v13/v1372	SES292	-1.95993	11.0627	13.0227
spk_ver/v13/v1373	SES292	-2.12584	12.4929	14.6188
spk_ver/v13/v1374	SES101	1.33109	15.8269	14.4958
spk_ver/v13/v1375	SES292	-2.34861	12.9587	15.3073
spk_ver/v13/v1376	SES292	-1.7871	13.5988	15.3859
spk_ver/v13/v1377	SES292	-4.08809	8.83651	12.9246
spk_ver/v13/v1378	SES292	-1.30971	14.0047	15.3144
spk_ver/v13/v1379	SES292	-1.69689	12.4385	14.1354
spk_ver/v13/v1380	SES292	-2.22567	13.4301	15.6558
spk_ver/v13/v1381	SES292	-1.38881	16.6933	18.0821
spk_ver/v13/v1382	SES292	-2.02961	11.9978	14.0274
spk_ver/v13/v1383	SES292	-1.33766	12.57	13.9076
spk_ver/v13/v1384	SES292	-1.60752	13.3639	14.9714
spk_ver/v13/v1385	SES292	-1.36051	13.875	15.2355
spk_ver/v13/v1386	SES292	-1.58147	12.8035	14.3849
spk_ver/v13/v1387	SES158	1.90837	13.5962	11.6878
spk_ver/v13/v1388	SES292	-1.11129	15.9265	17.0377
spk_ver/v13/v1389	SES292	-1.43044	17.0605	18.491
spk_ver/v13/v1390	SES292	-1.85885	14.6293	16.4881
spk_ver/v13/v1391	SES292	-2.1332	13.2977	15.4309
spk_ver/v13/v1392	SES292	-2.72751	11.9877	14.7152
spk_ver/v13/v1393	SES292	-1.81126	13.4877	15.299
spk_ver/v13/v1394	SES292	-1.71561	13.8765	15.5921
spk_ver/v13/v1395	SES292	-1.68687	13.327	15.0139
spk_ver/v13/v1396	SES117	1.33281	14.2582	12.9254
spk_ver/v13/v1397	SES292	-2.68043	12.8676	15.548
spk_ver/v13/v1398	SES292	-2.72242	10.8945	13.6169
spk_ver/v13/v1399	SES292	-0.542863	14.8746	15.4175
