BLOCK00/SES002/SA002S12	SES002	0.512107	-3.49187	-4.00398
BLOCK00/SES002/SA002S13	SES002	1.90307	-3.05054	-4.9536
BLOCK00/SES002/SA002S23	SES002	0.108193	-5.10772	-5.21592
BLOCK00/SES002/SA002S26	SES002	0.834342	-7.81122	-8.64557
BLOCK00/SES002/SA002S28	SES002	-0.249321	-6.90766	-6.65834
BLOCK00/SES007/SA007S14	SES007	0.536872	-3.40593	-3.94281
BLOCK00/SES007/SA007S15	SES007	0.392562	-4.16913	-4.56169
BLOCK00/SES007/SA007S24	SES007	0.834676	-3.05996	-3.89464
BLOCK00/SES007/SA007S27	SES007	-0.133619	-6.05548	-5.92187
BLOCK00/SES007/SA007S29	SES007	0.155233	-2.05269	-2.20793
BLOCK00/SES008/SA008S11	SES008	0.950864	0.0649525	-0.885912
BLOCK00/SES008/SA008S12	SES008	0.355812	-0.944556	-1.30037
BLOCK00/SES008/SA008S19	SES008	1.60394	-0.527792	-2.13173
BLOCK00/SES008/SA008S22	SES008	0.611112	-2.64703	-3.25814
BLOCK00/SES008/SA008S29	SES008	0.987507	0.192864	-0.794643
BLOCK01/SES014/SA014S10	SES014	0.0769773	-3.22229	-3.29926
BLOCK01/SES014/SA014S12	SES014	1.96693	-1.21517	-3.1821
BLOCK01/SES014/SA014S24	SES014	1.7371	-1.97646	-3.71356
BLOCK01/SES014/SA014S26	SES014	1.5339	-3.14631	-4.68021
BLOCK01/SES014/SA014S28	SES014	2.96874	1.90601	-1.06273
BLOCK01/SES016/SA016S12	SES016	0.196633	-5.98161	-6.17824
BLOCK01/SES016/SA016S13	SES016	0.972483	-4.93788	-5.91036
BLOCK01/SES016/SA016S22	SES016	0.483848	-4.81006	-5.2939
BLOCK01/SES016/SA016S25	SES016	1.2407	-3.78981	-5.03052
BLOCK01/SES016/SA016S27	SES016	1.32038	-7.98058	-9.30095
BLOCK01/SES019/SA019S13	SES019	2.05698	-4.56349	-6.62047
BLOCK01/SES019/SA019S14	SES019	1.56039	-3.40788	-4.96826
BLOCK01/SES019/SA019S22	SES019	2.31646	-2.58425	-4.90072
BLOCK01/SES019/SA019S25	SES019	1.45823	-5.17149	-6.62972
BLOCK01/SES019/SA019S29	SES019	2.21399	-5.46819	-7.68218
BLOCK02/SES029/SA029S11	SES029	0.977058	-2.4916	-3.46866
BLOCK02/SES029/SA029S12	SES029	-0.228445	-4.63348	-4.40503
BLOCK02/SES029/SA029S20	SES029	0.755419	-1.41334	-2.16876
BLOCK02/SES029/SA029S25	SES029	-0.141137	-4.2762	-4.13507
BLOCK02/SES029/SA029S28	SES029	-0.123593	-4.23357	-4.10997
BLOCK04/SES042/SA042S12	SES042	1.63861	-4.37902	-6.01762
BLOCK04/SES042/SA042S15	SES042	1.55634	-5.50485	-7.06119
BLOCK04/SES042/SA042S22	SES042	4.09679	-10.7031	-14.7999
BLOCK04/SES042/SA042S25	SES042	1.88487	-7.14559	-9.03047
BLOCK04/SES042/SA042S27	SES042	2.03558	-9.54762	-11.5832
BLOCK04/SES048/SA048S11	SES048	0.762289	-1.87825	-2.64054
BLOCK04/SES048/SA048S12	SES048	0.251795	-5.06539	-5.31718
BLOCK04/SES048/SA048S20	SES048	0.889803	-3.53242	-4.42222
BLOCK04/SES048/SA048S23	SES048	0.963116	-1.0014	-1.96452
BLOCK04/SES048/SA048S27	SES048	-0.309628	-4.80286	-4.49323
BLOCK06/SES060/SA060S11	SES060	0.937437	-5.98426	-6.9217
BLOCK06/SES060/SA060S12	SES060	0.95599	-8.10794	-9.06393
BLOCK06/SES060/SA060S22	SES060	-0.631631	-6.50605	-5.87442
BLOCK06/SES060/SA060S24	SES060	0.640925	-1.61157	-2.25249
BLOCK06/SES060/SA060S28	SES060	1.05542	-1.22015	-2.27557
BLOCK06/SES062/SA062S10	SES062	-0.561604	-4.7822	-4.2206
BLOCK06/SES062/SA062S11	SES062	0.690815	-5.90731	-6.59813
BLOCK06/SES062/SA062S21	SES062	0.424836	0.0360808	-0.388756
BLOCK06/SES062/SA062S26	SES062	0.398959	-3.26089	-3.65985
BLOCK06/SES062/SA062S29	SES062	1.12705	-0.776341	-1.90339
BLOCK06/SES068/SA068S14	SES068	-0.162313	-3.4587	-3.29639
BLOCK06/SES068/SA068S15	SES068	0.929263	-3.26137	-4.19064
BLOCK06/SES068/SA068S23	SES068	-0.245931	-5.19511	-4.94918
BLOCK06/SES068/SA068S27	SES068	1.38093	-3.70979	-5.09072
BLOCK06/SES068/SA068S29	SES068	0.496504	-4.63635	-5.13286
BLOCK08/SES082/SA082S12	SES082	-0.748316	-3.5726	-2.82428
BLOCK08/SES082/SA082S14	SES082	0.315453	-2.07441	-2.38986
BLOCK08/SES082/SA082S21	SES082	0.169813	-1.26689	-1.4367
BLOCK08/SES082/SA082S24	SES082	-0.162536	-4.55386	-4.39132
BLOCK08/SES082/SA082S28	SES082	0.268177	-5.18975	-5.45793
BLOCK08/SES083/SA083S14	SES083	-0.200835	-2.12527	-1.92444
BLOCK08/SES083/SA083S15	SES083	0.351812	-4.8747	-5.22651
BLOCK08/SES083/SA083S24	SES083	-0.153999	-3.75519	-3.60119
BLOCK08/SES083/SA083S26	SES083	-0.0885272	-6.02898	-5.94045
BLOCK08/SES083/SA083S29	SES083	-0.146679	-5.33152	-5.18484
BLOCK08/SES085/SA085S10	SES085	0.754357	-1.31021	-2.06457
BLOCK08/SES085/SA085S13	SES085	-0.129463	-6.2639	-6.13444
BLOCK08/SES085/SA085S22	SES085	0.979525	-2.51292	-3.49244
BLOCK08/SES085/SA085S26	SES085	1.18332	-7.06929	-8.25261
BLOCK08/SES085/SA085S28	SES085	0.397403	-2.53667	-2.93407
BLOCK08/SES087/SA087S15	SES087	1.08317	-3.09839	-4.18156
BLOCK08/SES087/SA087S16	SES087	2.19208	-1.39496	-3.58704
BLOCK08/SES087/SA087S24	SES087	0.433306	-8.65075	-9.08406
BLOCK08/SES087/SA087S26	SES087	0.855543	-3.61675	-4.47229
BLOCK08/SES087/SA087S29	SES087	1.08884	-0.330217	-1.41905
BLOCK09/SES099/SA099S15	SES099	1.91295	-3.84381	-5.75677
BLOCK09/SES099/SA099S16	SES099	1.24868	0.37211	-0.876571
BLOCK09/SES099/SA099S24	SES099	1.37794	-1.91066	-3.2886
BLOCK09/SES099/SA099S26	SES099	1.27412	-3.33539	-4.60951
BLOCK09/SES099/SA099S29	SES099	1.53273	-4.18793	-5.72066
BLOCK10/SES101/SA101S11	SES101	0.0342555	-3.67467	-3.70892
BLOCK10/SES101/SA101S13	SES101	0.709847	0.708522	-0.00132566
BLOCK10/SES101/SA101S22	SES101	0.7549	-3.38311	-4.13801
BLOCK10/SES101/SA101S24	SES101	0.288039	-3.41724	-3.70528
BLOCK10/SES101/SA101S28	SES101	0.656967	-3.14185	-3.79882
BLOCK10/SES104/SA104S11	SES104	1.27562	-1.34349	-2.61912
BLOCK10/SES104/SA104S12	SES104	0.984603	-2.63154	-3.61614
BLOCK10/SES104/SA104S21	SES104	1.04656	-2.87772	-3.92427
BLOCK10/SES104/SA104S24	SES104	-0.237082	-7.32451	-7.08743
BLOCK10/SES104/SA104S28	SES104	0.0847721	-6.15873	-6.24351
BLOCK10/SES105/SA105S12	SES105	0.890044	-4.60615	-5.4962
BLOCK10/SES105/SA105S13	SES105	-0.460248	-6.05884	-5.59859
BLOCK10/SES105/SA105S22	SES105	0.45176	-5.15771	-5.60947
BLOCK10/SES105/SA105S26	SES105	0.506403	-5.21537	-5.72177
BLOCK10/SES105/SA105S29	SES105	1.13781	-1.8797	-3.01751
BLOCK10/SES106/SA106S09	SES106	-0.00268316	-7.86022	-7.85754
BLOCK10/SES106/SA106S11	SES106	1.24564	-3.57875	-4.82439
BLOCK10/SES106/SA106S22	SES106	2.05749	-7.07916	-9.13664
BLOCK10/SES106/SA106S27	SES106	1.22656	-2.98031	-4.20687
BLOCK10/SES106/SA106S29	SES106	0.680926	-3.84664	-4.52757
BLOCK11/SES117/SA117S12	SES117	-0.797908	-5.54237	-4.74446
BLOCK11/SES117/SA117S13	SES117	-0.154113	-2.82194	-2.66783
BLOCK11/SES117/SA117S23	SES117	0.983322	-7.01941	-8.00273
BLOCK11/SES117/SA117S25	SES117	1.08352	-3.5401	-4.62363
BLOCK11/SES117/SA117S28	SES117	1.26559	-6.77524	-8.04084
BLOCK12/SES120/SA120S08	SES120	0.324482	-7.60782	-7.9323
BLOCK12/SES120/SA120S11	SES120	-0.0775728	-13.0773	-12.9997
BLOCK12/SES120/SA120S22	SES120	0.533602	-4.20597	-4.73957
BLOCK12/SES120/SA120S24	SES120	-0.316844	-10.714	-10.3971
BLOCK12/SES120/SA120S28	SES120	-0.289637	-7.30633	-7.0167
BLOCK12/SES125/SA125S13	SES125	0.829392	-7.5814	-8.41079
BLOCK12/SES125/SA125S14	SES125	0.803003	-8.0742	-8.8772
BLOCK12/SES125/SA125S25	SES125	1.7365	-4.26691	-6.00341
BLOCK12/SES125/SA125S27	SES125	0.925686	-5.52797	-6.45365
BLOCK12/SES125/SA125S29	SES125	0.641491	-3.37759	-4.01908
BLOCK12/SES127/SA127S11	SES127	0.385057	-2.57387	-2.95893
BLOCK12/SES127/SA127S12	SES127	0.784499	1.11684	0.332343
BLOCK12/SES127/SA127S23	SES127	0.501859	-1.00988	-1.51173
BLOCK12/SES127/SA127S25	SES127	-0.0210163	-0.80339	-0.782374
BLOCK12/SES127/SA127S27	SES127	0.782301	-1.47301	-2.25531
BLOCK12/SES129/SA129S11	SES129	0.644115	0.0326423	-0.611473
BLOCK12/SES129/SA129S12	SES129	0.994738	-0.993691	-1.98843
BLOCK12/SES129/SA129S22	SES129	0.665645	-0.394775	-1.06042
BLOCK12/SES129/SA129S27	SES129	1.03402	-0.652845	-1.68686
BLOCK12/SES129/SA129S29	SES129	0.314756	-7.56862	-7.88337
BLOCK14/SES142/SA142S11	SES142	1.61632	-1.84789	-3.46421
BLOCK14/SES142/SA142S12	SES142	0.973208	-7.31565	-8.28886
BLOCK14/SES142/SA142S24	SES142	1.23813	-6.0491	-7.28723
BLOCK14/SES142/SA142S27	SES142	0.823545	-5.23555	-6.05909
BLOCK14/SES142/SA142S29	SES142	0.230889	-6.5329	-6.76379
BLOCK14/SES143/SA143S12	SES143	0.773613	-3.3511	-4.12471
BLOCK14/SES143/SA143S13	SES143	1.01188	-2.5239	-3.53578
BLOCK14/SES143/SA143S23	SES143	0.522913	-3.34473	-3.86765
BLOCK14/SES143/SA143S25	SES143	0.241911	-7.59017	-7.83208
BLOCK14/SES143/SA143S28	SES143	0.332628	-6.00289	-6.33551
BLOCK14/SES144/SA144S09	SES144	0.602123	-2.56564	-3.16776
BLOCK14/SES144/SA144S11	SES144	0.528365	-2.24133	-2.7697
BLOCK14/SES144/SA144S21	SES144	0.0141554	-2.26825	-2.28241
BLOCK14/SES144/SA144S25	SES144	0.524217	-2.86081	-3.38503
BLOCK14/SES144/SA144S29	SES144	-0.872757	-5.73088	-4.85812
BLOCK14/SES146/SA146S14	SES146	0.532992	-3.52306	-4.05605
BLOCK14/SES146/SA146S15	SES146	-0.0131731	-4.9967	-4.98352
BLOCK14/SES146/SA146S24	SES146	0.596778	-5.51849	-6.11526
BLOCK14/SES146/SA146S26	SES146	0.406716	-5.07714	-5.48385
BLOCK14/SES146/SA146S29	SES146	-0.0558949	-5.8104	-5.7545
BLOCK14/SES147/SA147S11	SES147	0.885083	-4.85993	-5.74501
BLOCK14/SES147/SA147S13	SES147	1.30416	-1.26853	-2.57269
BLOCK14/SES147/SA147S23	SES147	0.816926	-1.30184	-2.11876
BLOCK14/SES147/SA147S26	SES147	1.04773	-1.98045	-3.02818
BLOCK14/SES147/SA147S28	SES147	1.62299	0.957212	-0.665776
BLOCK14/SES148/SA148S10	SES148	0.459452	-1.19974	-1.65919
BLOCK14/SES148/SA148S12	SES148	0.441265	-3.62388	-4.06514
BLOCK14/SES148/SA148S22	SES148	0.429236	-0.544153	-0.973389
BLOCK14/SES148/SA148S26	SES148	-0.0755735	-0.344776	-0.269203
BLOCK14/SES148/SA148S29	SES148	-0.389261	-4.07884	-3.68957
BLOCK14/SES149/SA149S13	SES149	-0.420606	-3.89598	-3.47537
BLOCK14/SES149/SA149S14	SES149	-0.0319073	-1.62283	-1.59093
BLOCK14/SES149/SA149S24	SES149	0.609648	-2.4562	-3.06585
BLOCK14/SES149/SA149S26	SES149	1.0203	-3.61736	-4.63767
BLOCK14/SES149/SA149S28	SES149	1.72562	2.75535	1.02972
BLOCK15/SES158/SA158S13	SES158	1.77666	-8.03331	-9.80996
BLOCK15/SES158/SA158S14	SES158	1.89848	-8.03041	-9.92889
BLOCK15/SES158/SA158S23	SES158	1.52314	-5.49431	-7.01745
BLOCK15/SES158/SA158S26	SES158	1.65921	-8.38397	-10.0432
BLOCK15/SES158/SA158S28	SES158	0.551042	-6.59649	-7.14753
BLOCK16/SES162/SA162S10	SES162	0.119732	-6.1205	-6.24023
BLOCK16/SES162/SA162S11	SES162	0.44229	-1.8022	-2.24449
BLOCK16/SES162/SA162S21	SES162	0.665323	-1.95402	-2.61934
BLOCK16/SES162/SA162S24	SES162	1.09168	-1.47754	-2.56922
BLOCK16/SES162/SA162S27	SES162	0.783276	-6.52001	-7.30329
BLOCK16/SES167/SA167S14	SES167	1.48482	0.33303	-1.15178
BLOCK16/SES167/SA167S15	SES167	1.7664	1.79914	0.0327377
BLOCK16/SES167/SA167S21	SES167	2.24008	2.13735	-0.102723
BLOCK16/SES167/SA167S25	SES167	2.28265	-0.260339	-2.54299
BLOCK16/SES167/SA167S29	SES167	3.23854	2.96159	-0.276944
BLOCK17/SES172/SA172S12	SES172	-0.0749698	-4.83615	-4.76118
BLOCK17/SES172/SA172S13	SES172	0.740684	-4.50919	-5.24988
BLOCK17/SES172/SA172S23	SES172	0.835751	-1.33219	-2.16794
BLOCK17/SES172/SA172S27	SES172	-0.54706	-6.34587	-5.79881
BLOCK17/SES172/SA172S29	SES172	1.48419	-1.46359	-2.94778
BLOCK17/SES175/SA175S11	SES175	0.0609565	-6.73734	-6.7983
BLOCK17/SES175/SA175S13	SES175	1.19986	0.82447	-0.375386
BLOCK17/SES175/SA175S23	SES175	0.737336	-1.54559	-2.28293
BLOCK17/SES175/SA175S25	SES175	0.372449	-4.19571	-4.56816
BLOCK17/SES175/SA175S28	SES175	1.09019	-3.0654	-4.15559
BLOCK17/SES177/SA177S15	SES177	-0.0236292	-4.73469	-4.71106
BLOCK17/SES177/SA177S17	SES177	-0.232272	-4.51568	-4.2834
BLOCK17/SES177/SA177S23	SES177	-0.207268	-3.88768	-3.68041
BLOCK17/SES177/SA177S26	SES177	0.422741	0.041331	-0.38141
BLOCK17/SES177/SA177S28	SES177	-0.125642	-7.3475	-7.22186
BLOCK18/SES180/SA180S13	SES180	-0.216506	-8.30166	-8.08515
BLOCK18/SES180/SA180S15	SES180	0.612174	-1.79822	-2.41039
BLOCK18/SES180/SA180S24	SES180	0.483742	-2.08615	-2.56989
BLOCK18/SES180/SA180S26	SES180	-0.00921798	-3.63155	-3.62234
BLOCK18/SES180/SA180S29	SES180	-0.223056	-7.33644	-7.11338
BLOCK18/SES183/SA183S13	SES183	0.696178	-3.77922	-4.4754
BLOCK18/SES183/SA183S14	SES183	-0.147964	-4.43516	-4.28719
BLOCK18/SES183/SA183S24	SES183	0.703539	-5.92553	-6.62907
BLOCK18/SES183/SA183S27	SES183	0.741507	-3.49516	-4.23667
BLOCK18/SES183/SA183S29	SES183	0.962667	-1.75683	-2.7195
BLOCK18/SES187/SA187S13	SES187	0.490467	-5.15436	-5.64483
BLOCK18/SES187/SA187S14	SES187	-0.0411167	-5.91185	-5.87074
BLOCK18/SES187/SA187S24	SES187	1.23458	-3.83345	-5.06803
BLOCK18/SES187/SA187S27	SES187	0.405106	-2.63987	-3.04498
BLOCK18/SES187/SA187S29	SES187	0.891683	-8.23903	-9.13072
BLOCK18/SES189/SA189S10	SES189	1.72668	-5.19898	-6.92566
BLOCK18/SES189/SA189S13	SES189	2.05569	-10.583	-12.6387
BLOCK18/SES189/SA189S24	SES189	1.56406	-5.09575	-6.65981
BLOCK18/SES189/SA189S26	SES189	1.18268	-5.3141	-6.49678
BLOCK18/SES189/SA189S29	SES189	1.9084	-4.54907	-6.45747
BLOCK20/SES202/SA202S12	SES202	1.412	-8.14555	-9.55755
BLOCK20/SES202/SA202S14	SES202	1.44524	-6.23445	-7.67969
BLOCK20/SES202/SA202S24	SES202	1.14022	-6.46704	-7.60725
BLOCK20/SES202/SA202S27	SES202	0.918438	-3.0732	-3.99164
BLOCK20/SES202/SA202S29	SES202	1.22094	-4.95938	-6.18032
BLOCK20/SES206/SA206S15	SES206	-0.620378	-1.63412	-1.01374
BLOCK20/SES206/SA206S17	SES206	1.57989	-4.54081	-6.1207
BLOCK20/SES206/SA206S24	SES206	1.34931	-1.69473	-3.04404
BLOCK20/SES206/SA206S27	SES206	1.60378	-5.59388	-7.19767
BLOCK20/SES206/SA206S29	SES206	0.894388	-6.25934	-7.15372
BLOCK22/SES226/SA226S12	SES226	0.809554	-3.5015	-4.31105
BLOCK22/SES226/SA226S13	SES226	-0.937523	-3.7474	-2.80988
BLOCK22/SES226/SA226S20	SES226	0.666116	-2.98222	-3.64834
BLOCK22/SES226/SA226S23	SES226	0.479832	-1.42717	-1.907
BLOCK22/SES226/SA226S28	SES226	1.47531	-0.730227	-2.20554
BLOCK25/SES259/SA259S13	SES259	2.39222	-3.45781	-5.85002
BLOCK25/SES259/SA259S14	SES259	1.78154	-3.34598	-5.12752
BLOCK25/SES259/SA259S22	SES259	1.09794	-3.18701	-4.28495
BLOCK25/SES259/SA259S24	SES259	1.21869	-4.45153	-5.67022
BLOCK25/SES259/SA259S28	SES259	0.892307	-3.62679	-4.51909
BLOCK27/SES270/SA270S14	SES270	1.59846	-1.9095	-3.50796
BLOCK27/SES270/SA270S16	SES270	0.22099	-2.2626	-2.48359
BLOCK27/SES270/SA270S22	SES270	1.75921	-1.15706	-2.91626
BLOCK27/SES270/SA270S26	SES270	2.37717	-2.68299	-5.06016
BLOCK27/SES270/SA270S28	SES270	1.73662	0.418799	-1.31782
BLOCK27/SES275/SA275S17	SES275	0.607963	-3.04652	-3.65448
BLOCK27/SES275/SA275S18	SES275	-0.17104	-4.32759	-4.15655
BLOCK27/SES275/SA275S24	SES275	0.738998	-3.72829	-4.46728
BLOCK27/SES275/SA275S26	SES275	0.586363	-3.24093	-3.82729
BLOCK27/SES275/SA275S28	SES275	0.0112405	-3.63882	-3.65006
BLOCK29/SES292/SA292S10	SES292	-0.183375	-3.21869	-3.03532
BLOCK29/SES292/SA292S12	SES292	0.2694	-4.56274	-4.83214
BLOCK29/SES292/SA292S22	SES292	-0.186494	-3.96865	-3.78215
BLOCK29/SES292/SA292S24	SES292	0.599441	-0.594575	-1.19402
BLOCK29/SES292/SA292S27	SES292	-0.364942	-2.49148	-2.12653
BLOCK00/SES001/SA001S14	SES062	-1.91475	-9.15526	-7.24051
BLOCK00/SES001/SA001S14	SES082	-0.846726	-8.08724	-7.24051
BLOCK00/SES001/SA001S14	SES106	-1.19005	-8.43056	-7.24051
BLOCK00/SES001/SA001S14	SES206	-1.54639	-8.7869	-7.24051
BLOCK00/SES001/SA001S15	SES062	-2.08143	-7.17063	-5.0892
BLOCK00/SES001/SA001S15	SES104	-0.648356	-5.73756	-5.0892
BLOCK00/SES001/SA001S15	SES106	-0.851209	-5.94041	-5.0892
BLOCK00/SES001/SA001S15	SES206	-1.7988	-6.888	-5.0892
BLOCK00/SES001/SA001S24	SES062	-3.40148	-11.955	-8.55354
BLOCK00/SES001/SA001S24	SES082	-1.6711	-10.2246	-8.55354
BLOCK00/SES001/SA001S24	SES087	-3.87186	-12.4254	-8.55354
BLOCK00/SES001/SA001S24	SES206	-1.62135	-10.1749	-8.55354
BLOCK00/SES001/SA001S27	SES062	-1.24649	-2.58504	-1.33855
BLOCK00/SES001/SA001S27	SES082	-0.586236	-1.92479	-1.33855
BLOCK00/SES001/SA001S27	SES087	-1.75501	-3.09356	-1.33855
BLOCK00/SES001/SA001S27	SES206	-1.67208	-3.01063	-1.33855
BLOCK00/SES001/SA001S29	SES062	-2.18568	-7.89163	-5.70595
BLOCK00/SES001/SA001S29	SES082	-0.788977	-6.49493	-5.70595
BLOCK00/SES001/SA001S29	SES158	-1.21584	-6.92179	-5.70595
BLOCK00/SES001/SA001S29	SES206	-2.40168	-8.10763	-5.70595
BLOCK00/SES003/SA003S11	SES002	0.0107462	-1.457	-1.46775
BLOCK00/SES003/SA003S11	SES019	-0.9034	-2.37115	-1.46775
BLOCK00/SES003/SA003S11	SES082	-0.678657	-2.14641	-1.46775
BLOCK00/SES003/SA003S11	SES125	-1.13493	-2.60268	-1.46775
BLOCK00/SES003/SA003S15	SES016	-1.57224	-5.94109	-4.36885
BLOCK00/SES003/SA003S15	SES019	-1.53657	-5.90542	-4.36885
BLOCK00/SES003/SA003S15	SES062	0.115922	-4.25293	-4.36885
BLOCK00/SES003/SA003S15	SES206	-0.730959	-5.09981	-4.36885
BLOCK00/SES003/SA003S22	SES002	-0.687578	-3.49047	-2.80289
BLOCK00/SES003/SA003S22	SES062	-0.808561	-3.61145	-2.80289
BLOCK00/SES003/SA003S22	SES082	-1.07654	-3.87942	-2.80289
BLOCK00/SES003/SA003S22	SES087	-1.59181	-4.3947	-2.80289
BLOCK00/SES003/SA003S25	SES062	-1.13989	-5.72483	-4.58493
BLOCK00/SES003/SA003S25	SES082	-1.66987	-6.2548	-4.58493
BLOCK00/SES003/SA003S25	SES087	-0.120919	-4.70585	-4.58493
BLOCK00/SES003/SA003S25	SES206	-1.53475	-6.11969	-4.58493
BLOCK00/SES003/SA003S29	SES002	-0.800677	-2.86031	-2.05963
BLOCK00/SES003/SA003S29	SES062	-2.17228	-4.23191	-2.05963
BLOCK00/SES003/SA003S29	SES082	-1.32369	-3.38332	-2.05963
BLOCK00/SES003/SA003S29	SES087	-1.21194	-3.27157	-2.05963
BLOCK00/SES004/SA004S12	SES083	-1.17247	-3.32197	-2.14951
BLOCK00/SES004/SA004S12	SES148	-1.42785	-3.57736	-2.14951
BLOCK00/SES004/SA004S12	SES172	0.298509	-1.851	-2.14951
BLOCK00/SES004/SA004S12	SES292	-1.63929	-3.78879	-2.14951
BLOCK00/SES004/SA004S17	SES083	-0.804199	-3.5308	-2.7266
BLOCK00/SES004/SA004S17	SES162	-0.387311	-3.11391	-2.7266
BLOCK00/SES004/SA004S17	SES172	-0.0763185	-2.80292	-2.7266
BLOCK00/SES004/SA004S17	SES292	-1.29868	-4.02528	-2.7266
BLOCK00/SES004/SA004S24	SES083	-0.472841	-4.32912	-3.85628
BLOCK00/SES004/SA004S24	SES148	-2.02195	-5.87823	-3.85628
BLOCK00/SES004/SA004S24	SES172	0.503093	-3.35318	-3.85628
BLOCK00/SES004/SA004S24	SES292	-1.1102	-4.96648	-3.85628
BLOCK00/SES004/SA004S26	SES083	-1.16862	-5.17706	-4.00845
BLOCK00/SES004/SA004S26	SES127	-1.27415	-5.2826	-4.00845
BLOCK00/SES004/SA004S26	SES148	-2.24347	-6.25191	-4.00845
BLOCK00/SES004/SA004S26	SES292	-1.92715	-5.9356	-4.00845
BLOCK00/SES004/SA004S28	SES083	-1.11043	0.303672	1.4141
BLOCK00/SES004/SA004S28	SES127	0.0300685	1.44417	1.4141
BLOCK00/SES004/SA004S28	SES187	0.314535	1.72864	1.4141
BLOCK00/SES004/SA004S28	SES292	-0.375044	1.03906	1.4141
BLOCK00/SES006/SA006S10	SES014	-2.13283	-11.7727	-9.63984
BLOCK00/SES006/SA006S10	SES158	-4.6023	-14.2421	-9.63984
BLOCK00/SES006/SA006S10	SES226	-2.44504	-12.0849	-9.63984
BLOCK00/SES006/SA006S10	SES270	-2.56487	-12.2047	-9.63984
BLOCK00/SES006/SA006S11	SES158	-4.42151	-11.5147	-7.09321
BLOCK00/SES006/SA006S11	SES226	-2.57942	-9.67263	-7.09321
BLOCK00/SES006/SA006S11	SES270	-2.11804	-9.21124	-7.09321
BLOCK00/SES006/SA006S11	SES275	-2.14817	-9.24138	-7.09321
BLOCK00/SES006/SA006S23	SES062	-3.28555	-9.56943	-6.28388
BLOCK00/SES006/SA006S23	SES105	-3.12978	-9.41366	-6.28388
BLOCK00/SES006/SA006S23	SES158	-4.57297	-10.8569	-6.28388
BLOCK00/SES006/SA006S23	SES275	-2.16745	-8.45133	-6.28388
BLOCK00/SES006/SA006S26	SES104	-5.67259	-13.3487	-7.67612
BLOCK00/SES006/SA006S26	SES158	-4.94288	-12.619	-7.67612
BLOCK00/SES006/SA006S26	SES270	-3.55343	-11.2295	-7.67612
BLOCK00/SES006/SA006S26	SES275	-2.5764	-10.2525	-7.67612
BLOCK00/SES006/SA006S28	SES007	-1.32657	-9.03054	-7.70397
BLOCK00/SES006/SA006S28	SES105	-2.17646	-9.88043	-7.70397
BLOCK00/SES006/SA006S28	SES158	-2.64257	-10.3465	-7.70397
BLOCK00/SES006/SA006S28	SES275	-2.21521	-9.91917	-7.70397
BLOCK00/SES009/SA009S12	SES083	-1.83215	-8.70318	-6.87102
BLOCK00/SES009/SA009S12	SES148	-3.91691	-10.7879	-6.87102
BLOCK00/SES009/SA009S12	SES177	-0.606307	-7.47733	-6.87102
BLOCK00/SES009/SA009S12	SES292	-1.38057	-8.2516	-6.87102
BLOCK00/SES009/SA009S15	SES007	-1.19186	-6.8719	-5.68004
BLOCK00/SES009/SA009S15	SES099	-4.22334	-9.90338	-5.68004
BLOCK00/SES009/SA009S15	SES148	-3.81671	-9.49675	-5.68004
BLOCK00/SES009/SA009S15	SES172	-1.03025	-6.71029	-5.68004
BLOCK00/SES009/SA009S24	SES146	-0.721359	-8.25505	-7.5337
BLOCK00/SES009/SA009S24	SES148	-4.45359	-11.9873	-7.5337
BLOCK00/SES009/SA009S24	SES177	-0.431422	-7.96512	-7.5337
BLOCK00/SES009/SA009S24	SES292	-1.57371	-9.1074	-7.5337
BLOCK00/SES009/SA009S26	SES083	-1.93139	-6.46063	-4.52924
BLOCK00/SES009/SA009S26	SES101	-2.90566	-7.4349	-4.52924
BLOCK00/SES009/SA009S26	SES120	-1.29676	-5.826	-4.52924
BLOCK00/SES009/SA009S26	SES177	-1.14556	-5.6748	-4.52924
BLOCK00/SES009/SA009S29	SES083	-1.82906	-6.40445	-4.57539
BLOCK00/SES009/SA009S29	SES101	-2.64362	-7.21901	-4.57539
BLOCK00/SES009/SA009S29	SES177	-0.705832	-5.28123	-4.57539
BLOCK00/SES009/SA009S29	SES292	-1.46503	-6.04042	-4.57539
BLOCK01/SES011/SA011S10	SES019	-2.16106	-12.9328	-10.7717
BLOCK01/SES011/SA011S10	SES042	-0.0038271	-10.7755	-10.7717
BLOCK01/SES011/SA011S10	SES082	-1.12211	-11.8938	-10.7717
BLOCK01/SES011/SA011S10	SES206	-0.625298	-11.397	-10.7717
BLOCK01/SES011/SA011S11	SES019	-1.27397	-9.93256	-8.65859
BLOCK01/SES011/SA011S11	SES042	-1.0332	-9.6918	-8.65859
BLOCK01/SES011/SA011S11	SES082	-0.751703	-9.4103	-8.65859
BLOCK01/SES011/SA011S11	SES206	-2.29322	-10.9518	-8.65859
BLOCK01/SES011/SA011S22	SES019	-0.107977	-10.2052	-10.0973
BLOCK01/SES011/SA011S22	SES042	1.23664	-8.86062	-10.0973
BLOCK01/SES011/SA011S22	SES082	-1.63604	-11.7333	-10.0973
BLOCK01/SES011/SA011S22	SES206	-0.91864	-11.0159	-10.0973
BLOCK01/SES011/SA011S24	SES019	-1.79267	-9.8257	-8.03303
BLOCK01/SES011/SA011S24	SES042	0.346356	-7.68667	-8.03303
BLOCK01/SES011/SA011S24	SES104	-0.876502	-8.90953	-8.03303
BLOCK01/SES011/SA011S24	SES206	-0.504467	-8.5375	-8.03303
BLOCK01/SES011/SA011S27	SES082	-1.61847	-9.24567	-7.6272
BLOCK01/SES011/SA011S27	SES087	-4.14871	-11.7759	-7.6272
BLOCK01/SES011/SA011S27	SES125	-1.98198	-9.60918	-7.6272
BLOCK01/SES011/SA011S27	SES206	-2.04346	-9.67066	-7.6272
BLOCK01/SES012/SA012S11	SES007	-0.571931	-3.77163	-3.1997
BLOCK01/SES012/SA012S11	SES082	-0.206731	-3.40643	-3.1997
BLOCK01/SES012/SA012S11	SES083	-0.918168	-4.11787	-3.1997
BLOCK01/SES012/SA012S11	SES206	-0.229188	-3.42889	-3.1997
BLOCK01/SES012/SA012S14	SES082	-0.333936	-6.43019	-6.09625
BLOCK01/SES012/SA012S14	SES087	-2.96055	-9.05681	-6.09625
BLOCK01/SES012/SA012S14	SES206	-0.375713	-6.47197	-6.09625
BLOCK01/SES012/SA012S14	SES292	-1.70513	-7.80138	-6.09625
BLOCK01/SES012/SA012S24	SES082	-0.721136	-9.21683	-8.4957
BLOCK01/SES012/SA012S24	SES087	-1.88742	-10.3831	-8.4957
BLOCK01/SES012/SA012S24	SES120	-1.42131	-9.91701	-8.4957
BLOCK01/SES012/SA012S24	SES206	-1.28312	-9.77882	-8.4957
BLOCK01/SES012/SA012S26	SES019	-4.72751	-12.7112	-7.98372
BLOCK01/SES012/SA012S26	SES082	-1.70259	-9.68631	-7.98372
BLOCK01/SES012/SA012S26	SES206	-0.018765	-8.00249	-7.98372
BLOCK01/SES012/SA012S26	SES292	-1.0782	-9.06192	-7.98372
BLOCK01/SES012/SA012S29	SES062	-1.00005	-1.76291	-0.762864
BLOCK01/SES012/SA012S29	SES082	-0.906209	-1.66907	-0.762864
BLOCK01/SES012/SA012S29	SES083	-0.694412	-1.45728	-0.762864
BLOCK01/SES012/SA012S29	SES206	0.0196995	-0.743165	-0.762864
BLOCK01/SES013/SA013S16	SES062	-2.73674	-9.34057	-6.60383
BLOCK01/SES013/SA013S16	SES106	-2.35601	-8.95984	-6.60383
BLOCK01/SES013/SA013S16	SES206	-1.67546	-8.27928	-6.60383
BLOCK01/SES013/SA013S16	SES226	-2.31159	-8.91542	-6.60383
BLOCK01/SES013/SA013S17	SES062	-1.46382	-4.70145	-3.23762
BLOCK01/SES013/SA013S17	SES106	-2.06304	-5.30066	-3.23762
BLOCK01/SES013/SA013S17	SES206	0.512073	-2.72555	-3.23762
BLOCK01/SES013/SA013S17	SES226	-0.334015	-3.57164	-3.23762
BLOCK01/SES013/SA013S23	SES104	0.153189	-4.82694	-4.98013
BLOCK01/SES013/SA013S23	SES106	-1.70369	-6.68382	-4.98013
BLOCK01/SES013/SA013S23	SES206	-0.698374	-5.67851	-4.98013
BLOCK01/SES013/SA013S23	SES270	-1.71594	-6.69608	-4.98013
BLOCK01/SES013/SA013S25	SES042	-3.39957	-7.91491	-4.51534
BLOCK01/SES013/SA013S25	SES104	0.169093	-4.34624	-4.51534
BLOCK01/SES013/SA013S25	SES106	-0.377405	-4.89274	-4.51534
BLOCK01/SES013/SA013S25	SES206	-0.555319	-5.07066	-4.51534
BLOCK01/SES013/SA013S29	SES062	-2.82153	-8.02764	-5.20612
BLOCK01/SES013/SA013S29	SES104	-0.605892	-5.81201	-5.20612
BLOCK01/SES013/SA013S29	SES106	-1.26646	-6.47257	-5.20612
BLOCK01/SES013/SA013S29	SES206	-1.03449	-6.24061	-5.20612
BLOCK02/SES021/SA021S13	SES016	-2.31696	-6.36022	-4.04326
BLOCK02/SES021/SA021S13	SES029	-1.98281	-6.02607	-4.04326
BLOCK02/SES021/SA021S13	SES087	-3.49688	-7.54015	-4.04326
BLOCK02/SES021/SA021S13	SES206	-1.60096	-5.64423	-4.04326
BLOCK02/SES021/SA021S15	SES087	-1.37189	-4.49346	-3.12156
BLOCK02/SES021/SA021S15	SES125	-1.0471	-4.16866	-3.12156
BLOCK02/SES021/SA021S15	SES206	-1.40373	-4.52529	-3.12156
BLOCK02/SES021/SA021S15	SES226	-1.08772	-4.20928	-3.12156
BLOCK02/SES021/SA021S23	SES062	-2.81877	-7.01632	-4.19755
BLOCK02/SES021/SA021S23	SES087	-1.14605	-5.3436	-4.19755
BLOCK02/SES021/SA021S23	SES206	-1.6394	-5.83695	-4.19755
BLOCK02/SES021/SA021S23	SES226	0.183238	-4.01431	-4.19755
BLOCK02/SES021/SA021S27	SES002	-1.10482	-2.49855	-1.39373
BLOCK02/SES021/SA021S27	SES016	-3.70786	-5.1016	-1.39373
BLOCK02/SES021/SA021S27	SES019	-1.2182	-2.61193	-1.39373
BLOCK02/SES021/SA021S27	SES062	-1.41808	-2.81181	-1.39373
BLOCK02/SES021/SA021S29	SES087	-1.21163	-5.02126	-3.80964
BLOCK02/SES021/SA021S29	SES125	-0.575236	-4.38487	-3.80964
BLOCK02/SES021/SA021S29	SES206	-0.0761654	-3.8858	-3.80964
BLOCK02/SES021/SA021S29	SES226	-0.761254	-4.57089	-3.80964
BLOCK04/SES043/SA043S09	SES083	-0.566365	-6.79532	-6.22895
BLOCK04/SES043/SA043S09	SES101	-1.11218	-7.34113	-6.22895
BLOCK04/SES043/SA043S09	SES144	-0.348666	-6.57762	-6.22895
BLOCK04/SES043/SA043S09	SES172	-0.794428	-7.02338	-6.22895
BLOCK04/SES043/SA043S11	SES083	-0.505423	-2.26256	-1.75713
BLOCK04/SES043/SA043S11	SES101	-0.976184	-2.73332	-1.75713
BLOCK04/SES043/SA043S11	SES144	-0.197561	-1.9547	-1.75713
BLOCK04/SES043/SA043S11	SES172	-1.19136	-2.9485	-1.75713
BLOCK04/SES043/SA043S23	SES083	-0.532887	-3.74148	-3.20859
BLOCK04/SES043/SA043S23	SES144	0.00963616	-3.19896	-3.20859
BLOCK04/SES043/SA043S23	SES177	-1.20907	-4.41766	-3.20859
BLOCK04/SES043/SA043S23	SES275	-0.96085	-4.16944	-3.20859
BLOCK04/SES043/SA043S26	SES083	-1.19573	-9.6914	-8.49566
BLOCK04/SES043/SA043S26	SES101	-1.18733	-9.68299	-8.49566
BLOCK04/SES043/SA043S26	SES144	-0.324716	-8.82038	-8.49566
BLOCK04/SES043/SA043S26	SES177	-2.10936	-10.605	-8.49566
BLOCK04/SES043/SA043S28	SES016	-2.00497	-6.28115	-4.27618
BLOCK04/SES043/SA043S28	SES083	-0.722469	-4.99865	-4.27618
BLOCK04/SES043/SA043S28	SES101	-1.19626	-5.47244	-4.27618
BLOCK04/SES043/SA043S28	SES144	-1.42496	-5.70114	-4.27618
BLOCK04/SES044/SA044S10	SES127	-4.29769	-12.4014	-8.10371
BLOCK04/SES044/SA044S10	SES144	-0.351821	-8.45553	-8.10371
BLOCK04/SES044/SA044S10	SES147	-2.79836	-10.9021	-8.10371
BLOCK04/SES044/SA044S10	SES148	-2.59204	-10.6958	-8.10371
BLOCK04/SES044/SA044S11	SES101	-1.67843	-7.73904	-6.06061
BLOCK04/SES044/SA044S11	SES144	-0.645343	-6.70596	-6.06061
BLOCK04/SES044/SA044S11	SES147	-1.57191	-7.63252	-6.06061
BLOCK04/SES044/SA044S11	SES177	-1.67333	-7.73394	-6.06061
BLOCK04/SES044/SA044S24	SES007	-1.96942	-7.90821	-5.93879
BLOCK04/SES044/SA044S24	SES101	-1.32203	-7.26082	-5.93879
BLOCK04/SES044/SA044S24	SES147	-2.08599	-8.02478	-5.93879
BLOCK04/SES044/SA044S24	SES177	-1.60338	-7.54218	-5.93879
BLOCK04/SES044/SA044S26	SES007	-1.45062	-3.2943	-1.84367
BLOCK04/SES044/SA044S26	SES016	-0.967001	-2.81068	-1.84367
BLOCK04/SES044/SA044S26	SES101	-2.12309	-3.96677	-1.84367
BLOCK04/SES044/SA044S26	SES147	-0.571703	-2.41538	-1.84367
BLOCK04/SES044/SA044S29	SES007	-1.30346	-6.9361	-5.63264
BLOCK04/SES044/SA044S29	SES101	-1.63195	-7.26459	-5.63264
BLOCK04/SES044/SA044S29	SES147	-0.832855	-6.4655	-5.63264
BLOCK04/SES044/SA044S29	SES177	-1.82629	-7.45894	-5.63264
BLOCK04/SES046/SA046S13	SES101	-0.935437	-7.1878	-6.25237
BLOCK04/SES046/SA046S13	SES144	-0.762459	-7.01483	-6.25237
BLOCK04/SES046/SA046S13	SES147	-1.23482	-7.48719	-6.25237
BLOCK04/SES046/SA046S13	SES177	-1.28227	-7.53464	-6.25237
BLOCK04/SES046/SA046S15	SES048	0.28337	-2.87597	-3.15934
BLOCK04/SES046/SA046S15	SES083	-0.804145	-3.96348	-3.15934
BLOCK04/SES046/SA046S15	SES120	-0.687837	-3.84717	-3.15934
BLOCK04/SES046/SA046S15	SES148	-0.958311	-4.11765	-3.15934
BLOCK04/SES046/SA046S22	SES101	-1.22802	-6.14407	-4.91605
BLOCK04/SES046/SA046S22	SES144	-0.580803	-5.49685	-4.91605
BLOCK04/SES046/SA046S22	SES147	-0.739457	-5.65551	-4.91605
BLOCK04/SES046/SA046S22	SES172	-0.905154	-5.82121	-4.91605
BLOCK04/SES046/SA046S25	SES083	-1.07584	-2.44599	-1.37015
BLOCK04/SES046/SA046S25	SES127	-1.33475	-2.7049	-1.37015
BLOCK04/SES046/SA046S25	SES144	-0.963407	-2.33356	-1.37015
BLOCK04/SES046/SA046S25	SES148	-0.996929	-2.36708	-1.37015
BLOCK04/SES046/SA046S28	SES007	-1.48467	-5.19573	-3.71106
BLOCK04/SES046/SA046S28	SES105	-1.11473	-4.82579	-3.71106
BLOCK04/SES046/SA046S28	SES147	-0.342849	-4.05391	-3.71106
BLOCK04/SES046/SA046S28	SES148	-2.74869	-6.45975	-3.71106
BLOCK04/SES049/SA049S16	SES104	-0.144282	-6.69551	-6.55123
BLOCK04/SES049/SA049S16	SES106	-2.33489	-8.88612	-6.55123
BLOCK04/SES049/SA049S16	SES120	-1.66436	-8.21559	-6.55123
BLOCK04/SES049/SA049S16	SES206	-0.817739	-7.36897	-6.55123
BLOCK04/SES049/SA049S18	SES099	-0.0231323	-5.03029	-5.00716
BLOCK04/SES049/SA049S18	SES104	-0.554597	-5.56176	-5.00716
BLOCK04/SES049/SA049S18	SES125	-1.59186	-6.59902	-5.00716
BLOCK04/SES049/SA049S18	SES206	-1.2479	-6.25506	-5.00716
BLOCK04/SES049/SA049S25	SES087	-1.42174	-6.07489	-4.65315
BLOCK04/SES049/SA049S25	SES104	-0.820758	-5.4739	-4.65315
BLOCK04/SES049/SA049S25	SES125	-0.612934	-5.26608	-4.65315
BLOCK04/SES049/SA049S25	SES206	-0.64002	-5.29317	-4.65315
BLOCK04/SES049/SA049S27	SES099	-1.66033	-0.457145	1.20319
BLOCK04/SES049/SA049S27	SES104	-0.232262	0.970925	1.20319
BLOCK04/SES049/SA049S27	SES125	-1.90954	-0.706351	1.20319
BLOCK04/SES049/SA049S27	SES206	-1.68433	-0.481144	1.20319
BLOCK04/SES049/SA049S29	SES099	0.664917	0.162525	-0.502391
BLOCK04/SES049/SA049S29	SES104	0.377326	-0.125065	-0.502391
BLOCK04/SES049/SA049S29	SES125	0.573982	0.0715907	-0.502391
BLOCK04/SES049/SA049S29	SES206	-0.278538	-0.780929	-0.502391
BLOCK06/SES063/SA063S09	SES068	-1.52861	-8.5822	-7.05359
BLOCK06/SES063/SA063S09	SES083	-0.720092	-7.77368	-7.05359
BLOCK06/SES063/SA063S09	SES177	-0.846426	-7.90002	-7.05359
BLOCK06/SES063/SA063S09	SES187	-1.35956	-8.41315	-7.05359
BLOCK06/SES063/SA063S10	SES068	-2.18342	-7.68543	-5.50201
BLOCK06/SES063/SA063S10	SES083	-1.22117	-6.72318	-5.50201
BLOCK06/SES063/SA063S10	SES172	-1.69654	-7.19855	-5.50201
BLOCK06/SES063/SA063S10	SES187	-1.44057	-6.94258	-5.50201
BLOCK06/SES063/SA063S20	SES068	-2.39863	-9.56079	-7.16216
BLOCK06/SES063/SA063S20	SES083	-1.14049	-8.30265	-7.16216
BLOCK06/SES063/SA063S20	SES172	-1.30579	-8.46795	-7.16216
BLOCK06/SES063/SA063S20	SES187	-1.0364	-8.19856	-7.16216
BLOCK06/SES063/SA063S24	SES029	-1.36857	-8.9569	-7.58833
BLOCK06/SES063/SA063S24	SES083	-0.91025	-8.49858	-7.58833
BLOCK06/SES063/SA063S24	SES177	-1.24904	-8.83737	-7.58833
BLOCK06/SES063/SA063S24	SES189	-1.07359	-8.66192	-7.58833
BLOCK06/SES063/SA063S27	SES083	-0.677197	-7.59836	-6.92116
BLOCK06/SES063/SA063S27	SES172	-1.92538	-8.84654	-6.92116
BLOCK06/SES063/SA063S27	SES187	-2.08879	-9.00995	-6.92116
BLOCK06/SES063/SA063S27	SES292	-1.34067	-8.26183	-6.92116
BLOCK06/SES067/SA067S12	SES083	-0.941309	-4.46939	-3.52808
BLOCK06/SES067/SA067S12	SES172	-1.17413	-4.70221	-3.52808
BLOCK06/SES067/SA067S12	SES202	-0.650949	-4.17903	-3.52808
BLOCK06/SES067/SA067S12	SES292	-1.2458	-4.77388	-3.52808
BLOCK06/SES067/SA067S14	SES085	-0.760949	-1.18656	-0.425608
BLOCK06/SES067/SA067S14	SES177	-1.50392	-1.92952	-0.425608
BLOCK06/SES067/SA067S14	SES183	0.751577	0.325969	-0.425608
BLOCK06/SES067/SA067S14	SES202	-0.800081	-1.22569	-0.425608
BLOCK06/SES067/SA067S21	SES144	-1.15784	-5.82063	-4.66279
BLOCK06/SES067/SA067S21	SES177	-1.28797	-5.95076	-4.66279
BLOCK06/SES067/SA067S21	SES183	-0.0276051	-4.69039	-4.66279
BLOCK06/SES067/SA067S21	SES189	-1.61005	-6.27284	-4.66279
BLOCK06/SES067/SA067S25	SES085	-1.91809	-7.16486	-5.24677
BLOCK06/SES067/SA067S25	SES177	-1.76949	-7.01626	-5.24677
BLOCK06/SES067/SA067S25	SES183	-0.739721	-5.98649	-5.24677
BLOCK06/SES067/SA067S25	SES202	-1.86574	-7.11251	-5.24677
BLOCK06/SES067/SA067S29	SES085	-2.11712	-9.77998	-7.66286
BLOCK06/SES067/SA067S29	SES177	-2.7772	-10.4401	-7.66286
BLOCK06/SES067/SA067S29	SES183	-0.0527086	-7.71557	-7.66286
BLOCK06/SES067/SA067S29	SES202	-1.37735	-9.04021	-7.66286
BLOCK06/SES069/SA069S12	SES029	-1.89867	-3.9775	-2.07883
BLOCK06/SES069/SA069S12	SES082	-0.240996	-2.31982	-2.07883
BLOCK06/SES069/SA069S12	SES087	-1.62809	-3.70692	-2.07883
BLOCK06/SES069/SA069S12	SES206	-0.272521	-2.35135	-2.07883
BLOCK06/SES069/SA069S13	SES029	-1.6099	-2.97314	-1.36324
BLOCK06/SES069/SA069S13	SES087	-0.377341	-1.74058	-1.36324
BLOCK06/SES069/SA069S13	SES206	-0.890043	-2.25328	-1.36324
BLOCK06/SES069/SA069S13	SES226	0.544464	-0.818772	-1.36324
BLOCK06/SES069/SA069S23	SES029	-0.705299	1.53873	2.24402
BLOCK06/SES069/SA069S23	SES087	-0.161812	2.08221	2.24402
BLOCK06/SES069/SA069S23	SES206	-0.500309	1.74372	2.24402
BLOCK06/SES069/SA069S23	SES226	0.476	2.72002	2.24402
BLOCK06/SES069/SA069S25	SES087	-0.611641	-2.28482	-1.67318
BLOCK06/SES069/SA069S25	SES206	-1.9195	-3.59268	-1.67318
BLOCK06/SES069/SA069S25	SES226	-0.779104	-2.45228	-1.67318
BLOCK06/SES069/SA069S25	SES270	-1.83136	-3.50454	-1.67318
BLOCK06/SES069/SA069S27	SES087	-2.08433	-5.58969	-3.50536
BLOCK06/SES069/SA069S27	SES206	-0.941133	-4.4465	-3.50536
BLOCK06/SES069/SA069S27	SES226	-1.04354	-4.5489	-3.50536
BLOCK06/SES069/SA069S27	SES270	-1.7564	-5.26177	-3.50536
BLOCK08/SES081/SA081S11	SES060	-2.00515	-8.85996	-6.85481
BLOCK08/SES081/SA081S11	SES062	-2.41674	-9.27155	-6.85481
BLOCK08/SES081/SA081S11	SES117	-1.73896	-8.59377	-6.85481
BLOCK08/SES081/SA081S11	SES162	-1.79583	-8.65064	-6.85481
BLOCK08/SES081/SA081S13	SES016	-1.63731	-5.6011	-3.96378
BLOCK08/SES081/SA081S13	SES060	-0.49211	-4.45589	-3.96378
BLOCK08/SES081/SA081S13	SES068	-0.725983	-4.68977	-3.96378
BLOCK08/SES081/SA081S13	SES129	-2.40962	-6.3734	-3.96378
BLOCK08/SES081/SA081S24	SES060	-0.291016	-5.40827	-5.11725
BLOCK08/SES081/SA081S24	SES068	-0.812136	-5.92939	-5.11725
BLOCK08/SES081/SA081S24	SES117	-1.22669	-6.34394	-5.11725
BLOCK08/SES081/SA081S24	SES275	-1.55511	-6.67236	-5.11725
BLOCK08/SES081/SA081S27	SES007	-1.49787	-12.1881	-10.6903
BLOCK08/SES081/SA081S27	SES060	-1.62197	-12.3122	-10.6903
BLOCK08/SES081/SA081S27	SES117	-1.35324	-12.0435	-10.6903
BLOCK08/SES081/SA081S27	SES275	-3.67463	-14.3649	-10.6903
BLOCK08/SES081/SA081S29	SES007	-0.577262	-10.3265	-9.74927
BLOCK08/SES081/SA081S29	SES060	-0.502934	-10.2522	-9.74927
BLOCK08/SES081/SA081S29	SES117	-0.859318	-10.6086	-9.74927
BLOCK08/SES081/SA081S29	SES275	-1.97988	-11.7292	-9.74927
BLOCK08/SES086/SA086S11	SES029	-2.77796	-11.2041	-8.42615
BLOCK08/SES086/SA086S11	SES082	-0.635674	-9.06183	-8.42615
BLOCK08/SES086/SA086S11	SES087	0.199357	-8.22679	-8.42615
BLOCK08/SES086/SA086S11	SES206	-0.881375	-9.30753	-8.42615
BLOCK08/SES086/SA086S12	SES029	-1.32215	-7.85146	-6.52931
BLOCK08/SES086/SA086S12	SES082	-1.17106	-7.70037	-6.52931
BLOCK08/SES086/SA086S12	SES087	0.720404	-5.80891	-6.52931
BLOCK08/SES086/SA086S12	SES206	-0.897997	-7.42731	-6.52931
BLOCK08/SES086/SA086S20	SES029	-1.56032	-7.2664	-5.70608
BLOCK08/SES086/SA086S20	SES082	-1.23117	-6.93725	-5.70608
BLOCK08/SES086/SA086S20	SES087	0.369833	-5.33625	-5.70608
BLOCK08/SES086/SA086S20	SES206	-0.118049	-5.82413	-5.70608
BLOCK08/SES086/SA086S24	SES087	0.119624	-6.75181	-6.87143
BLOCK08/SES086/SA086S24	SES104	-0.0587678	-6.9302	-6.87143
BLOCK08/SES086/SA086S24	SES120	-0.113949	-6.98538	-6.87143
BLOCK08/SES086/SA086S24	SES206	0.595646	-6.27578	-6.87143
BLOCK08/SES086/SA086S28	SES029	-2.1061	-5.59998	-3.49388
BLOCK08/SES086/SA086S28	SES082	-0.94051	-4.43439	-3.49388
BLOCK08/SES086/SA086S28	SES087	-0.334311	-3.82819	-3.49388
BLOCK08/SES086/SA086S28	SES206	-0.87282	-4.3667	-3.49388
BLOCK08/SES089/SA089S13	SES087	-1.2587	-7.22843	-5.96973
BLOCK08/SES089/SA089S13	SES206	-1.93228	-7.902	-5.96973
BLOCK08/SES089/SA089S13	SES226	-0.398088	-6.36782	-5.96973
BLOCK08/SES089/SA089S13	SES270	-0.976978	-6.94671	-5.96973
BLOCK08/SES089/SA089S14	SES062	-1.44989	-5.93592	-4.48603
BLOCK08/SES089/SA089S14	SES087	-0.256957	-4.74299	-4.48603
BLOCK08/SES089/SA089S14	SES206	-1.60447	-6.0905	-4.48603
BLOCK08/SES089/SA089S14	SES226	-1.37534	-5.86137	-4.48603
BLOCK08/SES089/SA089S23	SES087	-1.35831	-9.37642	-8.01811
BLOCK08/SES089/SA089S23	SES206	-0.983869	-9.00198	-8.01811
BLOCK08/SES089/SA089S23	SES226	-0.404418	-8.42252	-8.01811
BLOCK08/SES089/SA089S23	SES270	-1.38665	-9.40476	-8.01811
BLOCK08/SES089/SA089S25	SES062	-1.81265	-7.39304	-5.58039
BLOCK08/SES089/SA089S25	SES087	-0.839581	-6.41997	-5.58039
BLOCK08/SES089/SA089S25	SES206	-1.56437	-7.14477	-5.58039
BLOCK08/SES089/SA089S25	SES226	-0.500791	-6.08118	-5.58039
BLOCK08/SES089/SA089S28	SES062	-1.606	-5.57199	-3.96599
BLOCK08/SES089/SA089S28	SES087	-0.0928748	-4.05886	-3.96599
BLOCK08/SES089/SA089S28	SES206	-1.31425	-5.28024	-3.96599
BLOCK08/SES089/SA089S28	SES226	-0.963639	-4.92963	-3.96599
BLOCK09/SES097/SA097S11	SES099	0.0725472	-2.59585	-2.6684
BLOCK09/SES097/SA097S11	SES125	-0.218337	-2.88674	-2.6684
BLOCK09/SES097/SA097S11	SES206	-1.23124	-3.89964	-2.6684
BLOCK09/SES097/SA097S11	SES226	-0.762587	-3.43099	-2.6684
BLOCK09/SES097/SA097S14	SES062	-2.33696	-4.29394	-1.95698
BLOCK09/SES097/SA097S14	SES099	-1.73952	-3.69651	-1.95698
BLOCK09/SES097/SA097S14	SES104	-2.64083	-4.59781	-1.95698
BLOCK09/SES097/SA097S14	SES206	-2.73165	-4.68864	-1.95698
BLOCK09/SES097/SA097S22	SES099	0.492997	-2.62809	-3.12109
BLOCK09/SES097/SA097S22	SES206	-1.5539	-4.67498	-3.12109
BLOCK09/SES097/SA097S22	SES226	-1.67922	-4.8003	-3.12109
BLOCK09/SES097/SA097S22	SES270	-2.05431	-5.1754	-3.12109
BLOCK09/SES097/SA097S26	SES099	0.432389	-5.051	-5.48339
BLOCK09/SES097/SA097S26	SES120	-1.12995	-6.61334	-5.48339
BLOCK09/SES097/SA097S26	SES206	-2.24209	-7.72547	-5.48339
BLOCK09/SES097/SA097S26	SES226	-1.51065	-6.99404	-5.48339
BLOCK09/SES097/SA097S28	SES099	0.864016	-2.24068	-3.1047
BLOCK09/SES097/SA097S28	SES120	-1.05593	-4.16063	-3.1047
BLOCK09/SES097/SA097S28	SES206	-1.58266	-4.68735	-3.1047
BLOCK09/SES097/SA097S28	SES226	-1.56566	-4.67035	-3.1047
BLOCK09/SES098/SA098S11	SES127	-1.81162	-6.51666	-4.70504
BLOCK09/SES098/SA098S11	SES144	-1.49205	-6.1971	-4.70504
BLOCK09/SES098/SA098S11	SES147	-1.15868	-5.86373	-4.70504
BLOCK09/SES098/SA098S11	SES148	-3.13	-7.83504	-4.70504
BLOCK09/SES098/SA098S12	SES127	-2.29008	-10.7253	-8.43525
BLOCK09/SES098/SA098S12	SES144	-1.39903	-9.83427	-8.43525
BLOCK09/SES098/SA098S12	SES147	-1.07	-9.50525	-8.43525
BLOCK09/SES098/SA098S12	SES189	-1.06225	-9.49749	-8.43525
BLOCK09/SES098/SA098S20	SES127	-3.69097	-14.6636	-10.9726
BLOCK09/SES098/SA098S20	SES147	-2.67843	-13.651	-10.9726
BLOCK09/SES098/SA098S20	SES148	-5.86381	-16.8364	-10.9726
BLOCK09/SES098/SA098S20	SES292	-0.808943	-11.7815	-10.9726
BLOCK09/SES098/SA098S23	SES127	-1.24	-7.78099	-6.54099
BLOCK09/SES098/SA098S23	SES147	-1.7725	-8.31349	-6.54099
BLOCK09/SES098/SA098S23	SES187	-0.740066	-7.28106	-6.54099
BLOCK09/SES098/SA098S23	SES292	-1.62423	-8.16522	-6.54099
BLOCK09/SES098/SA098S27	SES127	-2.5141	-9.80253	-7.28843
BLOCK09/SES098/SA098S27	SES147	-1.69765	-8.98608	-7.28843
BLOCK09/SES098/SA098S27	SES148	-2.67966	-9.96809	-7.28843
BLOCK09/SES098/SA098S27	SES292	-1.47809	-8.76652	-7.28843
BLOCK10/SES102/SA102S13	SES101	-0.418015	-7.55198	-7.13396
BLOCK10/SES102/SA102S13	SES105	-1.18189	-8.31586	-7.13396
BLOCK10/SES102/SA102S13	SES120	-1.62874	-8.7627	-7.13396
BLOCK10/SES102/SA102S13	SES158	-1.10996	-8.24393	-7.13396
BLOCK10/SES102/SA102S14	SES007	0.063426	-3.61073	-3.67416
BLOCK10/SES102/SA102S14	SES101	-1.67582	-5.34998	-3.67416
BLOCK10/SES102/SA102S14	SES105	-1.36403	-5.03819	-3.67416
BLOCK10/SES102/SA102S14	SES147	-2.61805	-6.29221	-3.67416
BLOCK10/SES102/SA102S22	SES007	-1.0252	-5.16109	-4.13589
BLOCK10/SES102/SA102S22	SES101	-2.06324	-6.19913	-4.13589
BLOCK10/SES102/SA102S22	SES105	-1.07608	-5.21197	-4.13589
BLOCK10/SES102/SA102S22	SES158	-1.18437	-5.32026	-4.13589
BLOCK10/SES102/SA102S25	SES007	-0.353031	-4.71629	-4.36326
BLOCK10/SES102/SA102S25	SES101	-1.28088	-5.64414	-4.36326
BLOCK10/SES102/SA102S25	SES105	-1.62395	-5.98721	-4.36326
BLOCK10/SES102/SA102S25	SES147	-2.7331	-7.09636	-4.36326
BLOCK10/SES102/SA102S27	SES007	-0.458547	-2.86171	-2.40316
BLOCK10/SES102/SA102S27	SES101	-0.304015	-2.70718	-2.40316
BLOCK10/SES102/SA102S27	SES105	-1.34824	-3.7514	-2.40316
BLOCK10/SES102/SA102S27	SES147	-1.92277	-4.32593	-2.40316
BLOCK10/SES103/SA103S14	SES105	-1.61234	-11.9168	-10.3045
BLOCK10/SES103/SA103S14	SES106	-2.44154	-12.746	-10.3045
BLOCK10/SES103/SA103S14	SES120	-2.381	-12.6855	-10.3045
BLOCK10/SES103/SA103S14	SES206	-1.55249	-11.8569	-10.3045
BLOCK10/SES103/SA103S15	SES099	-1.98714	-11.671	-9.68386
BLOCK10/SES103/SA103S15	SES101	-2.25099	-11.9348	-9.68386
BLOCK10/SES103/SA103S15	SES104	-1.34845	-11.0323	-9.68386
BLOCK10/SES103/SA103S15	SES125	-4.34971	-14.0336	-9.68386
BLOCK10/SES103/SA103S24	SES104	-1.59206	-6.30464	-4.71258
BLOCK10/SES103/SA103S24	SES125	-4.84285	-9.55543	-4.71258
BLOCK10/SES103/SA103S24	SES148	-2.80081	-7.51338	-4.71258
BLOCK10/SES103/SA103S24	SES158	-2.4939	-7.20648	-4.71258
BLOCK10/SES103/SA103S26	SES104	-1.46679	-9.78646	-8.31966
BLOCK10/SES103/SA103S26	SES106	-0.86159	-9.18125	-8.31966
BLOCK10/SES103/SA103S26	SES125	-2.65051	-10.9702	-8.31966
BLOCK10/SES103/SA103S26	SES148	-4.034	-12.3537	-8.31966
BLOCK10/SES103/SA103S28	SES104	-2.6544	-12.5695	-9.9151
BLOCK10/SES103/SA103S28	SES106	-2.53293	-12.448	-9.9151
BLOCK10/SES103/SA103S28	SES125	-4.69987	-14.615	-9.9151
BLOCK10/SES103/SA103S28	SES206	-1.98425	-11.8994	-9.9151
BLOCK12/SES121/SA121S12	SES042	-2.23437	-8.03442	-5.80005
BLOCK12/SES121/SA121S12	SES087	-1.43128	-7.23133	-5.80005
BLOCK12/SES121/SA121S12	SES105	-0.346545	-6.14659	-5.80005
BLOCK12/SES121/SA121S12	SES206	-0.879379	-6.67943	-5.80005
BLOCK12/SES121/SA121S14	SES007	-1.51726	-13.1382	-11.6209
BLOCK12/SES121/SA121S14	SES105	-1.09432	-12.7152	-11.6209
BLOCK12/SES121/SA121S14	SES106	-1.47293	-13.0938	-11.6209
BLOCK12/SES121/SA121S14	SES206	-0.937452	-12.5584	-11.6209
BLOCK12/SES121/SA121S23	SES105	-0.63091	-10.1541	-9.52323
BLOCK12/SES121/SA121S23	SES106	-1.23493	-10.7582	-9.52323
BLOCK12/SES121/SA121S23	SES120	-1.21288	-10.7361	-9.52323
BLOCK12/SES121/SA121S23	SES206	-0.0772696	-9.6005	-9.52323
BLOCK12/SES121/SA121S25	SES007	-0.88433	-13.1047	-12.2204
BLOCK12/SES121/SA121S25	SES105	-1.20449	-13.4248	-12.2204
BLOCK12/SES121/SA121S25	SES106	-1.18259	-13.4029	-12.2204
BLOCK12/SES121/SA121S25	SES206	-0.0901909	-12.3105	-12.2204
BLOCK12/SES121/SA121S27	SES087	-0.157445	-11.5153	-11.3579
BLOCK12/SES121/SA121S27	SES105	-1.73301	-13.0909	-11.3579
BLOCK12/SES121/SA121S27	SES120	-0.230622	-11.5885	-11.3579
BLOCK12/SES121/SA121S27	SES206	-0.428437	-11.7863	-11.3579
BLOCK12/SES124/SA124S16	SES042	-0.404928	-3.91174	-3.50682
BLOCK12/SES124/SA124S16	SES082	-1.51768	-5.02449	-3.50682
BLOCK12/SES124/SA124S16	SES183	-0.584901	-4.09172	-3.50682
BLOCK12/SES124/SA124S16	SES206	-2.18739	-5.69421	-3.50682
BLOCK12/SES124/SA124S17	SES105	-2.38694	-10.7799	-8.39299
BLOCK12/SES124/SA124S17	SES149	-1.51863	-9.91162	-8.39299
BLOCK12/SES124/SA124S17	SES158	-1.78695	-10.1799	-8.39299
BLOCK12/SES124/SA124S17	SES275	-2.62512	-11.0181	-8.39299
BLOCK12/SES124/SA124S23	SES105	-2.51578	-4.64591	-2.13013
BLOCK12/SES124/SA124S23	SES125	1.33534	-0.794789	-2.13013
BLOCK12/SES124/SA124S23	SES129	-1.85152	-3.98164	-2.13013
BLOCK12/SES124/SA124S23	SES158	-0.637135	-2.76726	-2.13013
BLOCK12/SES124/SA124S26	SES105	-2.77883	-8.47254	-5.69371
BLOCK12/SES124/SA124S26	SES125	-0.765611	-6.45932	-5.69371
BLOCK12/SES124/SA124S26	SES129	-2.36979	-8.06349	-5.69371
BLOCK12/SES124/SA124S26	SES158	-1.36092	-7.05463	-5.69371
BLOCK12/SES124/SA124S28	SES104	0.185693	-3.47791	-3.66361
BLOCK12/SES124/SA124S28	SES106	-0.521087	-4.1847	-3.66361
BLOCK12/SES124/SA124S28	SES125	0.668489	-2.99512	-3.66361
BLOCK12/SES124/SA124S28	SES275	-1.61975	-5.28336	-3.66361
BLOCK12/SES126/SA126S13	SES007	-1.25557	-7.83409	-6.57852
BLOCK12/SES126/SA126S13	SES162	-1.15305	-7.73157	-6.57852
BLOCK12/SES126/SA126S13	SES177	-0.831496	-7.41001	-6.57852
BLOCK12/SES126/SA126S13	SES180	-1.54039	-8.1189	-6.57852
BLOCK12/SES126/SA126S14	SES144	-1.3385	-5.29399	-3.95549
BLOCK12/SES126/SA126S14	SES148	-1.53841	-5.4939	-3.95549
BLOCK12/SES126/SA126S14	SES177	-1.15792	-5.11341	-3.95549
BLOCK12/SES126/SA126S14	SES180	-1.82359	-5.77907	-3.95549
BLOCK12/SES126/SA126S20	SES007	-1.2774	-3.24145	-1.96405
BLOCK12/SES126/SA126S20	SES162	-0.942502	-2.90655	-1.96405
BLOCK12/SES126/SA126S20	SES172	-1.40413	-3.36817	-1.96405
BLOCK12/SES126/SA126S20	SES180	-0.48259	-2.44664	-1.96405
BLOCK12/SES126/SA126S24	SES120	-0.00454617	-3.52945	-3.5249
BLOCK12/SES126/SA126S24	SES162	-0.564207	-4.08911	-3.5249
BLOCK12/SES126/SA126S24	SES177	-0.386342	-3.91124	-3.5249
BLOCK12/SES126/SA126S24	SES180	-1.28471	-4.80961	-3.5249
BLOCK12/SES126/SA126S26	SES120	-0.460911	-3.15238	-2.69147
BLOCK12/SES126/SA126S26	SES177	-1.7715	-4.46297	-2.69147
BLOCK12/SES126/SA126S26	SES180	-0.364211	-3.05568	-2.69147
BLOCK12/SES126/SA126S26	SES202	-1.1122	-3.80367	-2.69147
BLOCK12/SES128/SA128S10	SES087	-1.51409	-5.55073	-4.03663
BLOCK12/SES128/SA128S10	SES206	-0.73626	-4.77289	-4.03663
BLOCK12/SES128/SA128S10	SES226	-1.22203	-5.25866	-4.03663
BLOCK12/SES128/SA128S10	SES270	-1.818	-5.85463	-4.03663
BLOCK12/SES128/SA128S12	SES120	-1.15966	-7.56575	-6.40609
BLOCK12/SES128/SA128S12	SES158	-1.70768	-8.11377	-6.40609
BLOCK12/SES128/SA128S12	SES206	-0.580013	-6.98611	-6.40609
BLOCK12/SES128/SA128S12	SES226	-2.21696	-8.62305	-6.40609
BLOCK12/SES128/SA128S21	SES106	-3.64216	-7.90842	-4.26626
BLOCK12/SES128/SA128S21	SES120	-1.35232	-5.61858	-4.26626
BLOCK12/SES128/SA128S21	SES206	-2.04291	-6.30917	-4.26626
BLOCK12/SES128/SA128S21	SES226	-2.09766	-6.36392	-4.26626
BLOCK12/SES128/SA128S24	SES087	-0.445333	-7.28879	-6.84346
BLOCK12/SES128/SA128S24	SES120	-0.325211	-7.16867	-6.84346
BLOCK12/SES128/SA128S24	SES206	-0.578552	-7.42201	-6.84346
BLOCK12/SES128/SA128S24	SES226	-1.52004	-8.36351	-6.84346
BLOCK12/SES128/SA128S27	SES099	-0.972698	-5.80347	-4.83077
BLOCK12/SES128/SA128S27	SES120	-0.855079	-5.68585	-4.83077
BLOCK12/SES128/SA128S27	SES206	-0.94705	-5.77782	-4.83077
BLOCK12/SES128/SA128S27	SES226	-1.63745	-6.46822	-4.83077
BLOCK13/SES130/SA130S13	SES143	-0.759395	-6.30745	-5.54806
BLOCK13/SES130/SA130S13	SES144	-0.0590525	-5.60711	-5.54806
BLOCK13/SES130/SA130S13	SES146	-2.28851	-7.83657	-5.54806
BLOCK13/SES130/SA130S13	SES275	-1.89339	-7.44145	-5.54806
BLOCK13/SES130/SA130S15	SES143	-0.771654	-3.51153	-2.73988
BLOCK13/SES130/SA130S15	SES144	0.20494	-2.53494	-2.73988
BLOCK13/SES130/SA130S15	SES146	-0.665641	-3.40552	-2.73988
BLOCK13/SES130/SA130S15	SES275	-0.839492	-3.57937	-2.73988
BLOCK13/SES130/SA130S23	SES127	0.0904551	-2.26749	-2.35795
BLOCK13/SES130/SA130S23	SES144	0.903993	-1.45395	-2.35795
BLOCK13/SES130/SA130S23	SES146	-0.674293	-3.03224	-2.35795
BLOCK13/SES130/SA130S23	SES162	0.395545	-1.9624	-2.35795
BLOCK13/SES130/SA130S25	SES127	-1.07249	-0.77955	0.292942
BLOCK13/SES130/SA130S25	SES144	-0.483485	-0.190543	0.292942
BLOCK13/SES130/SA130S25	SES146	-0.708841	-0.415899	0.292942
BLOCK13/SES130/SA130S25	SES275	-1.21962	-0.926677	0.292942
BLOCK13/SES130/SA130S28	SES127	-0.872123	-4.1388	-3.26668
BLOCK13/SES130/SA130S28	SES144	-0.915444	-4.18213	-3.26668
BLOCK13/SES130/SA130S28	SES146	-0.769124	-4.03581	-3.26668
BLOCK13/SES130/SA130S28	SES275	-0.527436	-3.79412	-3.26668
BLOCK13/SES131/SA131S13	SES002	-2.6361	-7.45136	-4.81526
BLOCK13/SES131/SA131S13	SES007	-1.20494	-6.02021	-4.81526
BLOCK13/SES131/SA131S13	SES099	-1.08117	-5.89644	-4.81526
BLOCK13/SES131/SA131S13	SES105	-1.04713	-5.8624	-4.81526
BLOCK13/SES131/SA131S14	SES104	-1.14981	-0.579012	0.570795
BLOCK13/SES131/SA131S14	SES106	-1.87461	-1.30382	0.570795
BLOCK13/SES131/SA131S14	SES125	-1.73685	-1.16605	0.570795
BLOCK13/SES131/SA131S14	SES148	-0.0775909	0.493205	0.570795
BLOCK13/SES131/SA131S20	SES104	-2.77083	-9.66895	-6.89811
BLOCK13/SES131/SA131S20	SES106	-2.88724	-9.78535	-6.89811
BLOCK13/SES131/SA131S20	SES125	-2.75903	-9.65714	-6.89811
BLOCK13/SES131/SA131S20	SES148	-2.59657	-9.49469	-6.89811
BLOCK13/SES131/SA131S22	SES099	-2.25783	-6.38538	-4.12754
BLOCK13/SES131/SA131S22	SES104	-0.850959	-4.9785	-4.12754
BLOCK13/SES131/SA131S22	SES125	-0.941281	-5.06883	-4.12754
BLOCK13/SES131/SA131S22	SES206	-1.56503	-5.69257	-4.12754
BLOCK13/SES131/SA131S29	SES087	-1.80012	-8.04754	-6.24742
BLOCK13/SES131/SA131S29	SES104	-4.03072	-10.2781	-6.24742
BLOCK13/SES131/SA131S29	SES125	-4.79852	-11.0459	-6.24742
BLOCK13/SES131/SA131S29	SES206	-2.50541	-8.75284	-6.24742
BLOCK13/SES132/SA132S11	SES083	-1.0806	-9.28717	-8.20658
BLOCK13/SES132/SA132S11	SES120	0.034461	-8.17212	-8.20658
BLOCK13/SES132/SA132S11	SES127	-2.53556	-10.7421	-8.20658
BLOCK13/SES132/SA132S11	SES275	-1.21494	-9.42152	-8.20658
BLOCK13/SES132/SA132S12	SES083	-1.44946	-4.95197	-3.50251
BLOCK13/SES132/SA132S12	SES143	-1.52632	-5.02884	-3.50251
BLOCK13/SES132/SA132S12	SES144	-0.868647	-4.37116	-3.50251
BLOCK13/SES132/SA132S12	SES148	-1.54185	-5.04436	-3.50251
BLOCK13/SES132/SA132S22	SES062	-1.85781	-8.49972	-6.64191
BLOCK13/SES132/SA132S22	SES083	-1.11552	-7.75742	-6.64191
BLOCK13/SES132/SA132S22	SES127	-1.90179	-8.5437	-6.64191
BLOCK13/SES132/SA132S22	SES275	-1.22837	-7.87028	-6.64191
BLOCK13/SES132/SA132S24	SES007	-0.973793	-5.051	-4.0772
BLOCK13/SES132/SA132S24	SES083	-0.808438	-4.88564	-4.0772
BLOCK13/SES132/SA132S24	SES127	-1.95684	-6.03404	-4.0772
BLOCK13/SES132/SA132S24	SES275	-1.1872	-5.2644	-4.0772
BLOCK13/SES132/SA132S27	SES083	-2.09884	-9.56299	-7.46415
BLOCK13/SES132/SA132S27	SES120	0.230715	-7.23343	-7.46415
BLOCK13/SES132/SA132S27	SES127	-4.02046	-11.4846	-7.46415
BLOCK13/SES132/SA132S27	SES275	-2.30806	-9.7722	-7.46415
BLOCK14/SES141/SA141S09	SES143	-1.10269	-4.29711	-3.19441
BLOCK14/SES141/SA141S09	SES144	-0.492827	-3.68724	-3.19441
BLOCK14/SES141/SA141S09	SES162	-0.639772	-3.83419	-3.19441
BLOCK14/SES141/SA141S09	SES180	-1.07622	-4.27064	-3.19441
BLOCK14/SES141/SA141S15	SES127	-0.398826	-5.98843	-5.58961
BLOCK14/SES141/SA141S15	SES144	-0.569777	-6.15938	-5.58961
BLOCK14/SES141/SA141S15	SES162	-1.37931	-6.96892	-5.58961
BLOCK14/SES141/SA141S15	SES180	-0.875465	-6.46507	-5.58961
BLOCK14/SES141/SA141S24	SES127	-1.28842	-6.98931	-5.7009
BLOCK14/SES141/SA141S24	SES144	-1.67755	-7.37844	-5.7009
BLOCK14/SES141/SA141S24	SES162	-0.891154	-6.59205	-5.7009
BLOCK14/SES141/SA141S24	SES183	-2.04136	-7.74225	-5.7009
BLOCK14/SES141/SA141S26	SES142	0.164511	-5.66072	-5.82523
BLOCK14/SES141/SA141S26	SES144	-0.866578	-6.69181	-5.82523
BLOCK14/SES141/SA141S26	SES172	-0.503939	-6.32917	-5.82523
BLOCK14/SES141/SA141S26	SES180	-0.29817	-6.1234	-5.82523
BLOCK14/SES141/SA141S29	SES127	-0.0598712	-3.46015	-3.40028
BLOCK14/SES141/SA141S29	SES142	0.306983	-3.09329	-3.40028
BLOCK14/SES141/SA141S29	SES144	-0.458357	-3.85863	-3.40028
BLOCK14/SES141/SA141S29	SES180	0.020205	-3.38007	-3.40028
BLOCK15/SES157/SA157S08	SES083	-1.25475	-3.15983	-1.90508
BLOCK15/SES157/SA157S08	SES127	-1.48215	-3.38723	-1.90508
BLOCK15/SES157/SA157S08	SES148	-1.21743	-3.1225	-1.90508
BLOCK15/SES157/SA157S08	SES292	-1.86317	-3.76825	-1.90508
BLOCK15/SES157/SA157S11	SES083	-1.63437	-4.38148	-2.74711
BLOCK15/SES157/SA157S11	SES127	-2.0413	-4.78841	-2.74711
BLOCK15/SES157/SA157S11	SES148	-2.47302	-5.22013	-2.74711
BLOCK15/SES157/SA157S11	SES292	-1.7489	-4.49601	-2.74711
BLOCK15/SES157/SA157S21	SES127	-0.0674785	-0.101475	-0.0339961
BLOCK15/SES157/SA157S21	SES148	-0.710112	-0.744108	-0.0339961
BLOCK15/SES157/SA157S21	SES158	-5.06903	-5.10302	-0.0339961
BLOCK15/SES157/SA157S21	SES292	-0.900063	-0.934059	-0.0339961
BLOCK15/SES157/SA157S24	SES127	-1.57407	-5.83561	-4.26155
BLOCK15/SES157/SA157S24	SES148	-1.10566	-5.3672	-4.26155
BLOCK15/SES157/SA157S24	SES183	-1.43368	-5.69523	-4.26155
BLOCK15/SES157/SA157S24	SES292	-1.89193	-6.15348	-4.26155
BLOCK15/SES157/SA157S26	SES007	-1.00187	-3.76576	-2.76389
BLOCK15/SES157/SA157S26	SES127	-0.827746	-3.59164	-2.76389
BLOCK15/SES157/SA157S26	SES147	-1.61564	-4.37953	-2.76389
BLOCK15/SES157/SA157S26	SES148	-1.152	-3.91589	-2.76389
BLOCK16/SES161/SA161S10	SES007	-1.10802	-6.06545	-4.95743
BLOCK16/SES161/SA161S10	SES105	-0.615407	-5.57283	-4.95743
BLOCK16/SES161/SA161S10	SES158	-1.41218	-6.3696	-4.95743
BLOCK16/SES161/SA161S10	SES275	-1.38725	-6.34468	-4.95743
BLOCK16/SES161/SA161S12	SES007	-2.38955	-11.4571	-9.06755
BLOCK16/SES161/SA161S12	SES105	-2.18772	-11.2553	-9.06755
BLOCK16/SES161/SA161S12	SES158	-2.89671	-11.9643	-9.06755
BLOCK16/SES161/SA161S12	SES275	-2.56338	-11.6309	-9.06755
BLOCK16/SES161/SA161S20	SES007	-1.22353	-10.9337	-9.71012
BLOCK16/SES161/SA161S20	SES105	-1.13168	-10.8418	-9.71012
BLOCK16/SES161/SA161S20	SES158	-0.847095	-10.5572	-9.71012
BLOCK16/SES161/SA161S20	SES275	-2.61009	-12.3202	-9.71012
BLOCK16/SES161/SA161S23	SES007	-3.30987	-12.3603	-9.05046
BLOCK16/SES161/SA161S23	SES105	-1.46038	-10.5108	-9.05046
BLOCK16/SES161/SA161S23	SES148	-2.40511	-11.4556	-9.05046
BLOCK16/SES161/SA161S23	SES158	-3.15765	-12.2081	-9.05046
BLOCK16/SES161/SA161S28	SES007	-1.46606	-11.0007	-9.5346
BLOCK16/SES161/SA161S28	SES105	-2.09414	-11.6287	-9.5346
BLOCK16/SES161/SA161S28	SES158	-0.835592	-10.3702	-9.5346
BLOCK16/SES161/SA161S28	SES206	-1.06057	-10.5952	-9.5346
BLOCK16/SES164/SA164S11	SES104	-1.01778	-2.23394	-1.21616
BLOCK16/SES164/SA164S11	SES125	-0.380431	-1.59659	-1.21616
BLOCK16/SES164/SA164S11	SES158	-3.85103	-5.06719	-1.21616
BLOCK16/SES164/SA164S11	SES206	-1.74745	-2.96361	-1.21616
BLOCK16/SES164/SA164S13	SES099	-2.3362	-4.77177	-2.43557
BLOCK16/SES164/SA164S13	SES104	-2.25766	-4.69323	-2.43557
BLOCK16/SES164/SA164S13	SES125	-2.19207	-4.62764	-2.43557
BLOCK16/SES164/SA164S13	SES206	-2.43766	-4.87323	-2.43557
BLOCK16/SES164/SA164S24	SES002	0.317638	-1.66921	-1.98685
BLOCK16/SES164/SA164S24	SES099	-0.84397	-2.83082	-1.98685
BLOCK16/SES164/SA164S24	SES125	-0.739134	-2.72598	-1.98685
BLOCK16/SES164/SA164S24	SES226	0.29813	-1.68872	-1.98685
BLOCK16/SES164/SA164S27	SES087	-1.12098	-3.38082	-2.25984
BLOCK16/SES164/SA164S27	SES125	-1.78178	-4.04161	-2.25984
BLOCK16/SES164/SA164S27	SES206	-2.47068	-4.73052	-2.25984
BLOCK16/SES164/SA164S27	SES226	-1.80305	-4.06288	-2.25984
BLOCK16/SES164/SA164S29	SES002	-1.09059	-2.23774	-1.14715
BLOCK16/SES164/SA164S29	SES019	-1.90654	-3.05369	-1.14715
BLOCK16/SES164/SA164S29	SES125	-1.27866	-2.42581	-1.14715
BLOCK16/SES164/SA164S29	SES226	-1.57113	-2.71828	-1.14715
BLOCK16/SES169/SA169S13	SES117	-1.47843	-6.88657	-5.40814
BLOCK16/SES169/SA169S13	SES144	-1.46856	-6.8767	-5.40814
BLOCK16/SES169/SA169S13	SES146	-0.81226	-6.2204	-5.40814
BLOCK16/SES169/SA169S13	SES162	-1.09685	-6.50499	-5.40814
BLOCK16/SES169/SA169S14	SES144	-1.16459	-2.36542	-1.20083
BLOCK16/SES169/SA169S14	SES148	-0.644428	-1.84526	-1.20083
BLOCK16/SES169/SA169S14	SES177	-0.32453	-1.52536	-1.20083
BLOCK16/SES169/SA169S14	SES180	-0.990756	-2.19158	-1.20083
BLOCK16/SES169/SA169S24	SES117	-0.369994	-4.72036	-4.35036
BLOCK16/SES169/SA169S24	SES144	-0.145881	-4.49624	-4.35036
BLOCK16/SES169/SA169S24	SES146	-0.514816	-4.86518	-4.35036
BLOCK16/SES169/SA169S24	SES162	-0.0641832	-4.41455	-4.35036
BLOCK16/SES169/SA169S27	SES127	-0.786121	-6.0757	-5.28957
BLOCK16/SES169/SA169S27	SES129	-0.562121	-5.8517	-5.28957
BLOCK16/SES169/SA169S27	SES144	-0.784812	-6.07439	-5.28957
BLOCK16/SES169/SA169S27	SES146	-0.461615	-5.75119	-5.28957
BLOCK16/SES169/SA169S29	SES144	-0.498465	-1.84084	-1.34238
BLOCK16/SES169/SA169S29	SES162	-0.905403	-2.24778	-1.34238
BLOCK16/SES169/SA169S29	SES177	-0.776482	-2.11886	-1.34238
BLOCK16/SES169/SA169S29	SES180	-0.527048	-1.86942	-1.34238
BLOCK17/SES171/SA171S12	SES083	-1.84899	-5.96709	-4.1181
BLOCK17/SES171/SA171S12	SES148	-1.62636	-5.74446	-4.1181
BLOCK17/SES171/SA171S12	SES172	-1.53562	-5.65372	-4.1181
BLOCK17/SES171/SA171S12	SES292	-1.8454	-5.9635	-4.1181
BLOCK17/SES171/SA171S15	SES148	-2.00235	-6.93455	-4.9322
BLOCK17/SES171/SA171S15	SES177	-1.63756	-6.56976	-4.9322
BLOCK17/SES171/SA171S15	SES180	-3.04181	-7.97401	-4.9322
BLOCK17/SES171/SA171S15	SES292	-1.98114	-6.91334	-4.9322
BLOCK17/SES171/SA171S22	SES007	-0.607274	-1.13845	-0.531179
BLOCK17/SES171/SA171S22	SES148	-1.51165	-2.04283	-0.531179
BLOCK17/SES171/SA171S22	SES177	-0.589503	-1.12068	-0.531179
BLOCK17/SES171/SA171S22	SES180	-2.50318	-3.03436	-0.531179
BLOCK17/SES171/SA171S25	SES101	-2.34399	-7.03251	-4.68852
BLOCK17/SES171/SA171S25	SES120	-2.75156	-7.44008	-4.68852
BLOCK17/SES171/SA171S25	SES177	-1.25973	-5.94825	-4.68852
BLOCK17/SES171/SA171S25	SES180	-2.1512	-6.83972	-4.68852
BLOCK17/SES171/SA171S27	SES177	-1.43423	-6.50941	-5.07519
BLOCK17/SES171/SA171S27	SES180	-2.56718	-7.64237	-5.07519
BLOCK17/SES171/SA171S27	SES189	-1.39141	-6.4666	-5.07519
BLOCK17/SES171/SA171S27	SES292	-1.82649	-6.90168	-5.07519
BLOCK17/SES173/SA173S13	SES162	-2.68652	-8.21024	-5.52372
BLOCK17/SES173/SA173S13	SES177	-1.06614	-6.58986	-5.52372
BLOCK17/SES173/SA173S13	SES180	-1.7591	-7.28282	-5.52372
BLOCK17/SES173/SA173S13	SES292	-0.276792	-5.80051	-5.52372
BLOCK17/SES173/SA173S14	SES007	-1.98707	-5.56843	-3.58136
BLOCK17/SES173/SA173S14	SES162	-1.81592	-5.39728	-3.58136
BLOCK17/SES173/SA173S14	SES177	-0.932031	-4.51339	-3.58136
BLOCK17/SES173/SA173S14	SES180	-2.01924	-5.6006	-3.58136
BLOCK17/SES173/SA173S24	SES144	-2.06616	-7.49918	-5.43301
BLOCK17/SES173/SA173S24	SES162	-1.57892	-7.01194	-5.43301
BLOCK17/SES173/SA173S24	SES177	-0.402984	-5.836	-5.43301
BLOCK17/SES173/SA173S24	SES180	-2.96283	-8.39585	-5.43301
BLOCK17/SES173/SA173S27	SES162	-2.21604	-9.07176	-6.85572
BLOCK17/SES173/SA173S27	SES177	-1.11315	-7.96887	-6.85572
BLOCK17/SES173/SA173S27	SES180	-1.63273	-8.48845	-6.85572
BLOCK17/SES173/SA173S27	SES292	-0.149226	-7.00495	-6.85572
BLOCK17/SES173/SA173S29	SES162	-1.58962	-3.16812	-1.5785
BLOCK17/SES173/SA173S29	SES175	-0.913515	-2.49202	-1.5785
BLOCK17/SES173/SA173S29	SES177	-0.488451	-2.06695	-1.5785
BLOCK17/SES173/SA173S29	SES292	-0.96934	-2.54784	-1.5785
BLOCK18/SES182/SA182S10	SES144	-2.11004	-6.88429	-4.77426
BLOCK18/SES182/SA182S10	SES177	-1.21161	-5.98587	-4.77426
BLOCK18/SES182/SA182S10	SES180	-2.27251	-7.04677	-4.77426
BLOCK18/SES182/SA182S10	SES275	-1.25716	-6.03142	-4.77426
BLOCK18/SES182/SA182S12	SES144	-1.49103	-5.9632	-4.47217
BLOCK18/SES182/SA182S12	SES177	-1.13586	-5.60803	-4.47217
BLOCK18/SES182/SA182S12	SES180	-2.86133	-7.3335	-4.47217
BLOCK18/SES182/SA182S12	SES275	-1.59768	-6.06985	-4.47217
BLOCK18/SES182/SA182S21	SES117	-1.02547	-9.23261	-8.20714
BLOCK18/SES182/SA182S21	SES144	-1.17213	-9.37928	-8.20714
BLOCK18/SES182/SA182S21	SES162	-0.870502	-9.07764	-8.20714
BLOCK18/SES182/SA182S21	SES180	-2.43631	-10.6434	-8.20714
BLOCK18/SES182/SA182S23	SES117	-1.57209	-11.1806	-9.60854
BLOCK18/SES182/SA182S23	SES144	-2.60004	-12.2086	-9.60854
BLOCK18/SES182/SA182S23	SES180	-5.46887	-15.0774	-9.60854
BLOCK18/SES182/SA182S23	SES275	-2.82171	-12.4302	-9.60854
BLOCK18/SES182/SA182S25	SES007	-0.134163	-5.82039	-5.68623
BLOCK18/SES182/SA182S25	SES162	-0.370137	-6.05636	-5.68623
BLOCK18/SES182/SA182S25	SES177	-0.600307	-6.28653	-5.68623
BLOCK18/SES182/SA182S25	SES180	-2.43067	-8.1169	-5.68623
BLOCK18/SES184/SA184S12	SES177	0.246053	-3.15622	-3.40227
BLOCK18/SES184/SA184S12	SES180	0.0213296	-3.38094	-3.40227
BLOCK18/SES184/SA184S12	SES189	-1.9824	-5.38467	-3.40227
BLOCK18/SES184/SA184S12	SES292	-0.24193	-3.6442	-3.40227
BLOCK18/SES184/SA184S13	SES101	-1.56462	-5.90079	-4.33617
BLOCK18/SES184/SA184S13	SES177	-1.23788	-5.57406	-4.33617
BLOCK18/SES184/SA184S13	SES180	-0.742317	-5.07849	-4.33617
BLOCK18/SES184/SA184S13	SES292	-1.04315	-5.37932	-4.33617
BLOCK18/SES184/SA184S22	SES177	-0.646353	-3.84075	-3.19439
BLOCK18/SES184/SA184S22	SES180	0.0576065	-3.13679	-3.19439
BLOCK18/SES184/SA184S22	SES189	-2.38171	-5.5761	-3.19439
BLOCK18/SES184/SA184S22	SES292	-1.13747	-4.33187	-3.19439
BLOCK18/SES184/SA184S25	SES101	-1.23252	-3.79637	-2.56385
BLOCK18/SES184/SA184S25	SES177	-1.18224	-3.74609	-2.56385
BLOCK18/SES184/SA184S25	SES180	-0.822236	-3.38608	-2.56385
BLOCK18/SES184/SA184S25	SES292	-1.22562	-3.78947	-2.56385
BLOCK18/SES184/SA184S27	SES083	-1.75216	-4.62708	-2.87493
BLOCK18/SES184/SA184S27	SES177	-1.52088	-4.39581	-2.87493
BLOCK18/SES184/SA184S27	SES202	-0.986718	-3.86164	-2.87493
BLOCK18/SES184/SA184S27	SES292	-1.10047	-3.97539	-2.87493
BLOCK20/SES204/SA204S12	SES062	-1.03964	-4.61641	-3.57677
BLOCK20/SES204/SA204S12	SES083	-1.75525	-5.33202	-3.57677
BLOCK20/SES204/SA204S12	SES206	-1.46866	-5.04543	-3.57677
BLOCK20/SES204/SA204S12	SES226	-1.99067	-5.56744	-3.57677
BLOCK20/SES204/SA204S14	SES068	-1.21522	-3.61093	-2.39571
BLOCK20/SES204/SA204S14	SES087	0.0196137	-2.3761	-2.39571
BLOCK20/SES204/SA204S14	SES206	-2.24606	-4.64177	-2.39571
BLOCK20/SES204/SA204S14	SES226	-1.84235	-4.23806	-2.39571
BLOCK20/SES204/SA204S22	SES068	-1.23423	-5.00463	-3.7704
BLOCK20/SES204/SA204S22	SES082	-1.59103	-5.36144	-3.7704
BLOCK20/SES204/SA204S22	SES083	-2.1629	-5.93331	-3.7704
BLOCK20/SES204/SA204S22	SES206	-1.31693	-5.08733	-3.7704
BLOCK20/SES204/SA204S25	SES062	-1.4592	-5.54735	-4.08815
BLOCK20/SES204/SA204S25	SES083	-2.17341	-6.26156	-4.08815
BLOCK20/SES204/SA204S25	SES206	-1.07564	-5.16379	-4.08815
BLOCK20/SES204/SA204S25	SES226	-1.08948	-5.17763	-4.08815
BLOCK20/SES204/SA204S27	SES068	-1.11928	-5.75183	-4.63254
BLOCK20/SES204/SA204S27	SES082	-1.83462	-6.46717	-4.63254
BLOCK20/SES204/SA204S27	SES087	0.461836	-4.17071	-4.63254
BLOCK20/SES204/SA204S27	SES206	-1.76436	-6.3969	-4.63254
BLOCK20/SES207/SA207S10	SES127	-1.80175	-3.63948	-1.83772
BLOCK20/SES207/SA207S10	SES183	-1.85128	-3.68901	-1.83772
BLOCK20/SES207/SA207S10	SES189	-1.55284	-3.39057	-1.83772
BLOCK20/SES207/SA207S10	SES292	-1.72412	-3.56185	-1.83772
BLOCK20/SES207/SA207S11	SES127	-1.2406	-3.81103	-2.57043
BLOCK20/SES207/SA207S11	SES183	-1.18656	-3.75699	-2.57043
BLOCK20/SES207/SA207S11	SES187	-0.732738	-3.30317	-2.57043
BLOCK20/SES207/SA207S11	SES292	-0.813256	-3.38369	-2.57043
BLOCK20/SES207/SA207S25	SES068	-1.29639	-6.26384	-4.96746
BLOCK20/SES207/SA207S25	SES083	-1.49223	-6.45969	-4.96746
BLOCK20/SES207/SA207S25	SES127	0.083787	-4.88367	-4.96746
BLOCK20/SES207/SA207S25	SES187	-1.27059	-6.23805	-4.96746
BLOCK20/SES207/SA207S27	SES127	-2.01554	-8.79581	-6.78027
BLOCK20/SES207/SA207S27	SES183	-1.51393	-8.2942	-6.78027
BLOCK20/SES207/SA207S27	SES187	-1.21607	-7.99634	-6.78027
BLOCK20/SES207/SA207S27	SES292	-2.4603	-9.24057	-6.78027
BLOCK20/SES207/SA207S29	SES083	-2.05649	-4.10858	-2.05209
BLOCK20/SES207/SA207S29	SES085	-1.15927	-3.21136	-2.05209
BLOCK20/SES207/SA207S29	SES172	-0.609623	-2.66171	-2.05209
BLOCK20/SES207/SA207S29	SES189	-3.3495	-5.40159	-2.05209
BLOCK22/SES221/SA221S12	SES068	-0.259351	-3.46645	-3.2071
BLOCK22/SES221/SA221S12	SES143	-1.07944	-4.28653	-3.2071
BLOCK22/SES221/SA221S12	SES175	-0.621828	-3.82892	-3.2071
BLOCK22/SES221/SA221S12	SES202	-0.170995	-3.37809	-3.2071
BLOCK22/SES221/SA221S15	SES085	-0.162967	-4.23542	-4.07246
BLOCK22/SES221/SA221S15	SES143	-0.872775	-4.94523	-4.07246
BLOCK22/SES221/SA221S15	SES175	-0.607823	-4.68028	-4.07246
BLOCK22/SES221/SA221S15	SES187	-1.20118	-5.27364	-4.07246
BLOCK22/SES221/SA221S23	SES068	-0.418344	-5.60717	-5.18883
BLOCK22/SES221/SA221S23	SES143	-0.77765	-5.96648	-5.18883
BLOCK22/SES221/SA221S23	SES175	-0.67066	-5.85949	-5.18883
BLOCK22/SES221/SA221S23	SES189	-1.10878	-6.29761	-5.18883
BLOCK22/SES221/SA221S27	SES085	-0.0172257	-4.97548	-4.95826
BLOCK22/SES221/SA221S27	SES143	-0.738049	-5.69631	-4.95826
BLOCK22/SES221/SA221S27	SES175	-0.91631	-5.87457	-4.95826
BLOCK22/SES221/SA221S27	SES189	-1.5713	-6.52956	-4.95826
BLOCK22/SES221/SA221S29	SES085	0.561207	-7.31746	-7.87866
BLOCK22/SES221/SA221S29	SES143	-0.226538	-8.1052	-7.87866
BLOCK22/SES221/SA221S29	SES175	0.420515	-7.45815	-7.87866
BLOCK22/SES221/SA221S29	SES187	-0.432432	-8.3111	-7.87866
BLOCK22/SES223/SA223S11	SES143	-0.450796	-6.84673	-6.39593
BLOCK22/SES223/SA223S11	SES144	-1.3857	-7.78163	-6.39593
BLOCK22/SES223/SA223S11	SES175	-0.791738	-7.18767	-6.39593
BLOCK22/SES223/SA223S11	SES187	-0.778774	-7.1747	-6.39593
BLOCK22/SES223/SA223S13	SES068	-0.0765591	-8.36796	-8.2914
BLOCK22/SES223/SA223S13	SES143	-1.49894	-9.79034	-8.2914
BLOCK22/SES223/SA223S13	SES146	-0.622745	-8.91415	-8.2914
BLOCK22/SES223/SA223S13	SES202	-1.04601	-9.33741	-8.2914
BLOCK22/SES223/SA223S22	SES143	-0.877354	-5.33239	-4.45503
BLOCK22/SES223/SA223S22	SES144	-1.88813	-6.34316	-4.45503
BLOCK22/SES223/SA223S22	SES175	-1.40191	-5.85695	-4.45503
BLOCK22/SES223/SA223S22	SES187	-1.18325	-5.63829	-4.45503
BLOCK22/SES223/SA223S25	SES068	-0.871835	-5.54366	-4.67183
BLOCK22/SES223/SA223S25	SES143	-0.225582	-4.89741	-4.67183
BLOCK22/SES223/SA223S25	SES175	-0.366736	-5.03857	-4.67183
BLOCK22/SES223/SA223S25	SES187	-0.936613	-5.60844	-4.67183
BLOCK22/SES223/SA223S27	SES143	-0.679175	-8.9643	-8.28512
BLOCK22/SES223/SA223S27	SES146	-1.43937	-9.7245	-8.28512
BLOCK22/SES223/SA223S27	SES187	-0.554779	-8.8399	-8.28512
BLOCK22/SES223/SA223S27	SES292	-1.32639	-9.61151	-8.28512
BLOCK27/SES273/SA273S12	SES099	-0.0713029	-5.82736	-5.75606
BLOCK27/SES273/SA273S12	SES104	-0.427066	-6.18313	-5.75606
BLOCK27/SES273/SA273S12	SES125	-0.931683	-6.68774	-5.75606
BLOCK27/SES273/SA273S12	SES206	0.709812	-5.04625	-5.75606
BLOCK27/SES273/SA273S13	SES099	-0.666651	-1.35347	-0.686819
BLOCK27/SES273/SA273S13	SES104	-1.25886	-1.94568	-0.686819
BLOCK27/SES273/SA273S13	SES206	-0.744799	-1.43162	-0.686819
BLOCK27/SES273/SA273S13	SES292	-1.47135	-2.15817	-0.686819
BLOCK27/SES273/SA273S21	SES099	-0.623962	-3.13428	-2.51032
BLOCK27/SES273/SA273S21	SES148	-3.62355	-6.13386	-2.51032
BLOCK27/SES273/SA273S21	SES149	-1.80537	-4.31569	-2.51032
BLOCK27/SES273/SA273S21	SES177	-1.54895	-4.05926	-2.51032
BLOCK27/SES273/SA273S25	SES104	-0.879052	-6.57477	-5.69572
BLOCK27/SES273/SA273S25	SES125	-0.945023	-6.64074	-5.69572
BLOCK27/SES273/SA273S25	SES158	-0.296401	-5.99212	-5.69572
BLOCK27/SES273/SA273S25	SES206	-0.0354729	-5.73119	-5.69572
BLOCK27/SES273/SA273S27	SES099	-1.11413	-0.863237	0.250893
BLOCK27/SES273/SA273S27	SES104	-2.0274	-1.77651	0.250893
BLOCK27/SES273/SA273S27	SES149	-1.34831	-1.09741	0.250893
BLOCK27/SES273/SA273S27	SES275	-1.51504	-1.26415	0.250893
BLOCK27/SES274/SA274S10	SES105	-2.39412	-2.54749	-0.153372
BLOCK27/SES274/SA274S10	SES125	-3.13644	-3.28982	-0.153372
BLOCK27/SES274/SA274S10	SES129	-0.640373	-0.793746	-0.153372
BLOCK27/SES274/SA274S10	SES158	-5.14956	-5.30293	-0.153372
BLOCK27/SES274/SA274S11	SES105	-1.65177	-5.28213	-3.63036
BLOCK27/SES274/SA274S11	SES149	-1.80242	-5.43278	-3.63036
BLOCK27/SES274/SA274S11	SES158	-2.54398	-6.17435	-3.63036
BLOCK27/SES274/SA274S11	SES275	-1.36699	-4.99735	-3.63036
BLOCK27/SES274/SA274S21	SES105	-1.2204	-4.76074	-3.54034
BLOCK27/SES274/SA274S21	SES129	-0.649976	-4.19032	-3.54034
BLOCK27/SES274/SA274S21	SES149	-1.52104	-5.06138	-3.54034
BLOCK27/SES274/SA274S21	SES158	-3.07395	-6.61429	-3.54034
BLOCK27/SES274/SA274S24	SES105	-1.94387	-5.19942	-3.25555
BLOCK27/SES274/SA274S24	SES129	-0.432034	-3.68758	-3.25555
BLOCK27/SES274/SA274S24	SES149	-2.08282	-5.33837	-3.25555
BLOCK27/SES274/SA274S24	SES158	-4.29044	-7.54599	-3.25555
BLOCK27/SES274/SA274S29	SES105	-1.78001	-4.56108	-2.78107
BLOCK27/SES274/SA274S29	SES106	-2.69384	-5.47492	-2.78107
BLOCK27/SES274/SA274S29	SES120	-1.24419	-4.02526	-2.78107
BLOCK27/SES274/SA274S29	SES275	-1.03627	-3.81734	-2.78107
BLOCK27/SES276/SA276S16	SES148	-2.16832	-6.83417	-4.66586
BLOCK27/SES276/SA276S16	SES172	-0.430766	-5.09662	-4.66586
BLOCK27/SES276/SA276S16	SES180	-0.56892	-5.23478	-4.66586
BLOCK27/SES276/SA276S16	SES292	-0.679809	-5.34566	-4.66586
BLOCK27/SES276/SA276S17	SES101	-1.22903	-4.05182	-2.82279
BLOCK27/SES276/SA276S17	SES177	-0.721378	-3.54417	-2.82279
BLOCK27/SES276/SA276S17	SES180	-0.752842	-3.57563	-2.82279
BLOCK27/SES276/SA276S17	SES292	-0.820565	-3.64335	-2.82279
BLOCK27/SES276/SA276S24	SES101	-0.892172	-3.40289	-2.51072
BLOCK27/SES276/SA276S24	SES177	-0.477833	-2.98856	-2.51072
BLOCK27/SES276/SA276S24	SES180	-0.912397	-3.42312	-2.51072
BLOCK27/SES276/SA276S24	SES292	-1.05041	-3.56113	-2.51072
BLOCK27/SES276/SA276S26	SES101	-1.79862	-0.947321	0.8513
BLOCK27/SES276/SA276S26	SES177	-0.471199	0.3801	0.8513
BLOCK27/SES276/SA276S26	SES180	-0.664561	0.186738	0.8513
BLOCK27/SES276/SA276S26	SES292	-0.224844	0.626456	0.8513
BLOCK27/SES276/SA276S28	SES101	-1.62381	-1.60756	0.0162461
BLOCK27/SES276/SA276S28	SES177	-0.995965	-0.979719	0.0162461
BLOCK27/SES276/SA276S28	SES180	-0.308913	-0.292667	0.0162461
BLOCK27/SES276/SA276S28	SES292	-0.53952	-0.523274	0.0162461
BLOCK27/SES277/SA277S12	SES101	-1.21751	-8.02842	-6.81091
BLOCK27/SES277/SA277S12	SES177	-2.1236	-8.93451	-6.81091
BLOCK27/SES277/SA277S12	SES180	-2.04433	-8.85524	-6.81091
BLOCK27/SES277/SA277S12	SES292	-1.23573	-8.04664	-6.81091
BLOCK27/SES277/SA277S14	SES177	-1.13661	-6.3956	-5.25899
BLOCK27/SES277/SA277S14	SES180	-2.35774	-7.61673	-5.25899
BLOCK27/SES277/SA277S14	SES189	-0.70646	-5.96545	-5.25899
BLOCK27/SES277/SA277S14	SES292	-2.16793	-7.42692	-5.25899
BLOCK27/SES277/SA277S21	SES177	-1.0629	-6.54658	-5.48368
BLOCK27/SES277/SA277S21	SES180	-1.33274	-6.81642	-5.48368
BLOCK27/SES277/SA277S21	SES189	-0.84303	-6.32671	-5.48368
BLOCK27/SES277/SA277S21	SES292	-1.50764	-6.99132	-5.48368
BLOCK27/SES277/SA277S24	SES144	-1.28235	-8.33853	-7.05618
BLOCK27/SES277/SA277S24	SES177	-1.26051	-8.31669	-7.05618
BLOCK27/SES277/SA277S24	SES180	-2.30457	-9.36075	-7.05618
BLOCK27/SES277/SA277S24	SES189	-1.0558	-8.11199	-7.05618
BLOCK27/SES277/SA277S29	SES177	-1.11305	-1.84161	-0.728561
BLOCK27/SES277/SA277S29	SES180	-0.807205	-1.53577	-0.728561
BLOCK27/SES277/SA277S29	SES202	-1.22344	-1.952	-0.728561
BLOCK27/SES277/SA277S29	SES292	-1.39616	-2.12472	-0.728561
BLOCK27/SES279/SA279S09	SES120	-1.66148	-3.63372	-1.97224
BLOCK27/SES279/SA279S09	SES146	-1.3149	-3.28714	-1.97224
BLOCK27/SES279/SA279S09	SES206	-0.0541583	-2.02639	-1.97224
BLOCK27/SES279/SA279S09	SES226	-1.69927	-3.67151	-1.97224
BLOCK27/SES279/SA279S10	SES099	-0.298454	-3.50939	-3.21094
BLOCK27/SES279/SA279S10	SES206	-0.969666	-4.1806	-3.21094
BLOCK27/SES279/SA279S10	SES226	-2.07675	-5.28769	-3.21094
BLOCK27/SES279/SA279S10	SES292	0.0653975	-3.14554	-3.21094
BLOCK27/SES279/SA279S20	SES099	-2.60597	-8.05386	-5.4479
BLOCK27/SES279/SA279S20	SES206	-1.06129	-6.50919	-5.4479
BLOCK27/SES279/SA279S20	SES226	-2.35685	-7.80475	-5.4479
BLOCK27/SES279/SA279S20	SES292	-0.695665	-6.14356	-5.4479
BLOCK27/SES279/SA279S26	SES099	0.689512	-5.2168	-5.90631
BLOCK27/SES279/SA279S26	SES206	1.32729	-4.57903	-5.90631
BLOCK27/SES279/SA279S26	SES226	-2.0388	-7.94512	-5.90631
BLOCK27/SES279/SA279S26	SES292	-0.192298	-6.09861	-5.90631
BLOCK27/SES279/SA279S28	SES099	-0.623832	-0.317019	0.306813
BLOCK27/SES279/SA279S28	SES120	-1.01198	-0.705172	0.306813
BLOCK27/SES279/SA279S28	SES177	-1.63405	-1.32724	0.306813
BLOCK27/SES279/SA279S28	SES206	-1.38688	-1.08007	0.306813
BLOCK29/SES290/SA290S12	SES162	-0.326962	-4.42768	-4.10072
BLOCK29/SES290/SA290S12	SES177	-0.768903	-4.86962	-4.10072
BLOCK29/SES290/SA290S12	SES180	-0.381326	-4.48205	-4.10072
BLOCK29/SES290/SA290S12	SES292	-1.22239	-5.32311	-4.10072
BLOCK29/SES290/SA290S13	SES007	-1.23036	-4.39689	-3.16653
BLOCK29/SES290/SA290S13	SES162	-1.05517	-4.2217	-3.16653
BLOCK29/SES290/SA290S13	SES177	-1.14985	-4.31638	-3.16653
BLOCK29/SES290/SA290S13	SES180	-1.38145	-4.54798	-3.16653
BLOCK29/SES290/SA290S22	SES177	-0.554678	-4.16881	-3.61413
BLOCK29/SES290/SA290S22	SES180	-1.35854	-4.97267	-3.61413
BLOCK29/SES290/SA290S22	SES202	0.0108004	-3.60333	-3.61413
BLOCK29/SES290/SA290S22	SES292	-1.0146	-4.62873	-3.61413
BLOCK29/SES290/SA290S25	SES162	-1.18392	-5.57317	-4.38925
BLOCK29/SES290/SA290S25	SES177	-1.00722	-5.39647	-4.38925
BLOCK29/SES290/SA290S25	SES180	-1.92498	-6.31423	-4.38925
BLOCK29/SES290/SA290S25	SES292	-1.1246	-5.51385	-4.38925
BLOCK29/SES290/SA290S29	SES177	-0.218953	-1.4915	-1.27254
BLOCK29/SES290/SA290S29	SES180	0.602942	-0.669602	-1.27254
BLOCK29/SES290/SA290S29	SES275	0.407918	-0.864626	-1.27254
BLOCK29/SES290/SA290S29	SES292	-0.602293	-1.87484	-1.27254
BLOCK29/SES291/SA291S11	SES105	-1.51563	-7.40767	-5.89204
BLOCK29/SES291/SA291S11	SES125	-1.63979	-7.53184	-5.89204
BLOCK29/SES291/SA291S11	SES158	-1.12416	-7.01621	-5.89204
BLOCK29/SES291/SA291S11	SES275	-1.6434	-7.53544	-5.89204
BLOCK29/SES291/SA291S12	SES158	0.20984	-7.92431	-8.13415
BLOCK29/SES291/SA291S12	SES226	-2.29675	-10.4309	-8.13415
BLOCK29/SES291/SA291S12	SES270	-0.791396	-8.92554	-8.13415
BLOCK29/SES291/SA291S12	SES275	-3.47338	-11.6075	-8.13415
BLOCK29/SES291/SA291S22	SES082	-0.649041	-4.37378	-3.72474
BLOCK29/SES291/SA291S22	SES158	-0.693761	-4.4185	-3.72474
BLOCK29/SES291/SA291S22	SES259	-0.790544	-4.51528	-3.72474
BLOCK29/SES291/SA291S22	SES275	-1.94878	-5.67352	-3.72474
BLOCK29/SES291/SA291S24	SES104	-0.204165	-5.85521	-5.65104
BLOCK29/SES291/SA291S24	SES125	-1.14395	-6.79499	-5.65104
BLOCK29/SES291/SA291S24	SES158	-0.275113	-5.92616	-5.65104
BLOCK29/SES291/SA291S24	SES275	-2.18006	-7.8311	-5.65104
BLOCK29/SES291/SA291S27	SES158	-0.267873	-2.55797	-2.2901
BLOCK29/SES291/SA291S27	SES172	-2.51707	-4.80717	-2.2901
BLOCK29/SES291/SA291S27	SES275	-1.85569	-4.14579	-2.2901
BLOCK29/SES291/SA291S27	SES292	-1.5363	-3.8264	-2.2901
Threshold search:
THR	-5.8638199606	9	0(0)	1(1000)
THR	-5.764213860994	8.991	0(0)	0.999(999)
THR	-5.664607761388	8.982	0(0)	0.998(998)
THR	-5.565001661782	8.982	0(0)	0.998(998)
THR	-5.465395562176	8.973	0(0)	0.997(997)
THR	-5.36578946257	8.973	0(0)	0.997(997)
THR	-5.266183362964	8.973	0(0)	0.997(997)
THR	-5.166577263358	8.973	0(0)	0.997(997)
THR	-5.066971163752	8.955	0(0)	0.995(995)
THR	-4.967365064146	8.955	0(0)	0.995(995)
THR	-4.86775896454	8.946	0(0)	0.994(994)
THR	-4.768152864934	8.928	0(0)	0.992(992)
THR	-4.66854676532799	8.91	0(0)	0.99(990)
THR	-4.56894066572199	8.892	0(0)	0.988(988)
THR	-4.46933456611599	8.892	0(0)	0.988(988)
THR	-4.36972846650999	8.874	0(0)	0.986(986)
THR	-4.27012236690399	8.847	0(0)	0.983(983)
THR	-4.17051626729799	8.838	0(0)	0.982(982)
THR	-4.07091016769199	8.829	0(0)	0.981(981)
THR	-3.97130406808599	8.802	0(0)	0.978(978)
THR	-3.87169796847999	8.784	0(0)	0.976(976)
THR	-3.77209186887399	8.766	0(0)	0.974(974)
THR	-3.67248576926799	8.739	0(0)	0.971(971)
THR	-3.57287966966199	8.721	0(0)	0.969(969)
THR	-3.47327357005599	8.694	0(0)	0.966(966)
THR	-3.37366747044999	8.676	0(0)	0.964(964)
THR	-3.27406137084399	8.649	0(0)	0.961(961)
THR	-3.17445527123799	8.649	0(0)	0.961(961)
THR	-3.07484917163199	8.613	0(0)	0.957(957)
THR	-2.97524307202599	8.595	0(0)	0.955(955)
THR	-2.87563697241999	8.55	0(0)	0.95(950)
THR	-2.77603087281399	8.469	0(0)	0.941(941)
THR	-2.67642477320799	8.37	0(0)	0.93(930)
THR	-2.57681867360199	8.244	0(0)	0.916(916)
THR	-2.47721257399599	8.127	0(0)	0.903(903)
THR	-2.37760647438999	7.965	0(0)	0.885(885)
THR	-2.27800037478399	7.821	0(0)	0.869(869)
THR	-2.17839427517799	7.668	0(0)	0.852(852)
THR	-2.07878817557199	7.434	0(0)	0.826(826)
THR	-1.97918207596599	7.182	0(0)	0.798(798)
THR	-1.87957597635999	6.993	0(0)	0.777(777)
THR	-1.77996987675399	6.696	0(0)	0.744(744)
THR	-1.68036377714799	6.471	0(0)	0.719(719)
THR	-1.58075767754199	6.021	0(0)	0.669(669)
THR	-1.48115157793599	5.58	0(0)	0.62(620)
THR	-1.38154547832999	5.256	0(0)	0.584(584)
THR	-1.28193937872399	4.887	0(0)	0.543(543)
THR	-1.18233327911799	4.266	0(0)	0.474(474)
THR	-1.08272717951199	3.78	0(0)	0.42(420)
THR	-0.983121079905993	3.375	0(0)	0.375(375)
THR	-0.883514980299993	3.019	0.004(1)	0.335(335)
THR	-0.783908880693993	2.568	0.012(3)	0.284(284)
THR	-0.684302781087993	2.194	0.016(4)	0.242(242)
THR	-0.584696681481993	1.842	0.024(6)	0.202(202)
THR	-0.485090581875993	1.562	0.032(8)	0.17(170)
THR	-0.385484482269993	1.34	0.044(11)	0.144(144)
THR	-0.285878382663993	1.104	0.06(15)	0.116(116)
THR	-0.186272283057993	0.955	0.1(25)	0.095(95)
THR	-0.0866661834519933	0.885	0.156(39)	0.081(81)
THR	0.0129399161540067	0.726	0.204(51)	0.058(58)
THR	0.112546015760007	0.642	0.228(57)	0.046(46)
THR	0.212152115366007	0.568	0.244(61)	0.036(36)
THR	0.311758214972007	0.542	0.272(68)	0.03(30)
THR	0.411364314578007	0.531	0.324(81)	0.023(23)
THR	0.510970414184007	0.537	0.384(96)	0.017(17)
THR	0.610576513790007	0.539	0.44(110)	0.011(11)
THR	0.710182613396007	0.559	0.496(124)	0.007(7)
THR	0.809788713002007	0.597	0.552(138)	0.005(5)
THR	0.909394812608007	0.631	0.604(151)	0.003(3)
THR	1.00900091221401	0.695	0.668(167)	0.003(3)
THR	1.10860701182001	0.743	0.716(179)	0.003(3)
THR	1.20821311142601	0.767	0.74(185)	0.003(3)
THR	1.30781921103201	0.806	0.788(197)	0.002(2)
THR	1.40742531063801	0.804	0.804(201)	0(0)
THR	1.50703141024401	0.828	0.828(207)	0(0)
THR	1.60663750985001	0.868	0.868(217)	0(0)
THR	1.70624360945601	0.884	0.884(221)	0(0)
THR	1.80584970906201	0.92	0.92(230)	0(0)
THR	1.90545580866801	0.932	0.932(233)	0(0)
THR	2.00506190827401	0.944	0.944(236)	0(0)
THR	2.10466800788001	0.96	0.96(240)	0(0)
THR	2.20427410748601	0.964	0.964(241)	0(0)
THR	2.30388020709201	0.976	0.976(244)	0(0)
THR	2.40348630669801	0.988	0.988(247)	0(0)
THR	2.50309240630401	0.988	0.988(247)	0(0)
THR	2.60269850591001	0.988	0.988(247)	0(0)
THR	2.70230460551601	0.988	0.988(247)	0(0)
THR	2.80191070512201	0.988	0.988(247)	0(0)
THR	2.90151680472801	0.988	0.988(247)	0(0)
THR	3.00112290433401	0.992	0.992(248)	0(0)
THR	3.10072900394001	0.992	0.992(248)	0(0)
THR	3.20033510354601	0.992	0.992(248)	0(0)
THR	3.29994120315201	0.996	0.996(249)	0(0)
THR	3.39954730275801	0.996	0.996(249)	0(0)
THR	3.49915340236401	0.996	0.996(249)	0(0)
THR	3.59875950197001	0.996	0.996(249)	0(0)
THR	3.69836560157601	0.996	0.996(249)	0(0)
THR	3.79797170118201	0.996	0.996(249)	0(0)
THR	3.89757780078801	0.996	0.996(249)	0(0)
THR	3.99718390039401	0.996	0.996(249)	0(0)
THR	4.09679000000001	1	1(250)	0(0)


==============================================
THR: 0.411364314578007
Missed:     81/250=0.3240
FalseAlarm: 23/1000=0.0230
----------------------------------------------
==> CostDetection: 53.1
==============================================
