BLOCK00/SES002/SA002S12	SES002	2.30729	-57.7343	-60.0416
BLOCK00/SES002/SA002S13	SES002	2.55052	-57.9102	-60.4607
BLOCK00/SES002/SA002S23	SES002	2.20445	-57.4631	-59.6676
BLOCK00/SES002/SA002S26	SES002	2.47614	-57.1498	-59.6259
BLOCK00/SES002/SA002S28	SES002	1.67692	-59.4718	-61.1488
BLOCK00/SES007/SA007S14	SES007	1.56036	-58.4798	-60.0402
BLOCK00/SES007/SA007S15	SES007	0.953438	-60.4471	-61.4005
BLOCK00/SES007/SA007S24	SES007	1.16011	-60.0935	-61.2536
BLOCK00/SES007/SA007S27	SES007	0.848026	-60.4455	-61.2936
BLOCK00/SES007/SA007S29	SES007	0.692165	-59.5178	-60.2099
BLOCK00/SES008/SA008S11	SES008	1.42025	-59.7445	-61.1647
BLOCK00/SES008/SA008S12	SES008	0.871311	-60.2647	-61.1361
BLOCK00/SES008/SA008S19	SES008	2.23528	-58.7619	-60.9972
BLOCK00/SES008/SA008S22	SES008	1.4897	-60.0125	-61.5022
BLOCK00/SES008/SA008S29	SES008	1.94368	-58.7703	-60.714
BLOCK01/SES014/SA014S10	SES014	2.83383	-58.658	-61.4918
BLOCK01/SES014/SA014S12	SES014	3.73294	-55.5954	-59.3283
BLOCK01/SES014/SA014S24	SES014	2.02821	-58.1035	-60.1317
BLOCK01/SES014/SA014S26	SES014	3.50095	-54.815	-58.3159
BLOCK01/SES014/SA014S28	SES014	3.77526	-55.7976	-59.5729
BLOCK01/SES016/SA016S12	SES016	1.51567	-61.8951	-63.4108
BLOCK01/SES016/SA016S13	SES016	1.65562	-60.533	-62.1886
BLOCK01/SES016/SA016S22	SES016	0.732273	-61.3574	-62.0897
BLOCK01/SES016/SA016S25	SES016	1.90413	-58.1907	-60.0949
BLOCK01/SES016/SA016S27	SES016	1.68278	-58.4145	-60.0973
BLOCK01/SES019/SA019S13	SES019	3.18511	-58.9217	-62.1068
BLOCK01/SES019/SA019S14	SES019	2.39569	-58.9803	-61.376
BLOCK01/SES019/SA019S22	SES019	3.16069	-58.498	-61.6587
BLOCK01/SES019/SA019S25	SES019	2.97677	-58.7968	-61.7736
BLOCK01/SES019/SA019S29	SES019	3.47989	-58.2397	-61.7196
BLOCK02/SES029/SA029S11	SES029	1.33727	-60.0219	-61.3592
BLOCK02/SES029/SA029S12	SES029	0.447651	-60.4894	-60.9371
BLOCK02/SES029/SA029S20	SES029	0.54491	-61.3696	-61.9146
BLOCK02/SES029/SA029S25	SES029	0.627472	-59.7766	-60.4041
BLOCK02/SES029/SA029S28	SES029	1.10261	-59.7646	-60.8672
BLOCK04/SES042/SA042S12	SES042	2.84275	-56.7631	-59.6059
BLOCK04/SES042/SA042S15	SES042	2.51014	-57.5052	-60.0153
BLOCK04/SES042/SA042S22	SES042	3.71142	-54.7238	-58.4352
BLOCK04/SES042/SA042S25	SES042	2.77386	-57.8433	-60.6172
BLOCK04/SES042/SA042S27	SES042	2.35743	-56.4595	-58.8169
BLOCK04/SES048/SA048S11	SES048	1.5383	-58.8123	-60.3506
BLOCK04/SES048/SA048S12	SES048	0.909691	-59.2792	-60.1889
BLOCK04/SES048/SA048S20	SES048	1.30365	-58.858	-60.1617
BLOCK04/SES048/SA048S23	SES048	1.64463	-59.6433	-61.2879
BLOCK04/SES048/SA048S27	SES048	1.63689	-57.8193	-59.4562
BLOCK06/SES060/SA060S11	SES060	1.4352	-60.2828	-61.718
BLOCK06/SES060/SA060S12	SES060	-1.6113	-62.9949	-61.3836
BLOCK06/SES060/SA060S22	SES060	0.222023	-62.1128	-62.3348
BLOCK06/SES060/SA060S24	SES060	1.17708	-59.6115	-60.7886
BLOCK06/SES060/SA060S28	SES060	1.20979	-57.2815	-58.4913
BLOCK06/SES062/SA062S10	SES062	1.47211	-59.1169	-60.589
BLOCK06/SES062/SA062S11	SES062	1.59835	-59.3936	-60.992
BLOCK06/SES062/SA062S21	SES062	2.417	-56.5533	-58.9703
BLOCK06/SES062/SA062S26	SES062	0.972115	-58.8399	-59.8121
BLOCK06/SES062/SA062S29	SES062	1.68179	-57.7506	-59.4324
BLOCK06/SES068/SA068S14	SES068	1.18299	-59.6353	-60.8183
BLOCK06/SES068/SA068S15	SES068	1.4873	-58.3002	-59.7875
BLOCK06/SES068/SA068S23	SES068	1.10402	-60.2717	-61.3758
BLOCK06/SES068/SA068S27	SES068	2.19038	-58.4287	-60.6191
BLOCK06/SES068/SA068S29	SES068	1.2664	-59.2119	-60.4783
BLOCK08/SES082/SA082S12	SES082	1.39389	-59.9056	-61.2995
BLOCK08/SES082/SA082S14	SES082	1.31266	-60.1558	-61.4685
BLOCK08/SES082/SA082S21	SES082	0.986679	-60.0462	-61.0329
BLOCK08/SES082/SA082S24	SES082	1.2836	-59.0991	-60.3827
BLOCK08/SES082/SA082S28	SES082	0.432091	-60.2332	-60.6653
BLOCK08/SES083/SA083S14	SES083	0.122051	-60.4649	-60.587
BLOCK08/SES083/SA083S15	SES083	0.240623	-59.8147	-60.0553
BLOCK08/SES083/SA083S24	SES083	0.39135	-60.3182	-60.7096
BLOCK08/SES083/SA083S26	SES083	0.905651	-60.0015	-60.9071
BLOCK08/SES083/SA083S29	SES083	0.382301	-60.2142	-60.5965
BLOCK08/SES085/SA085S10	SES085	0.734634	-59.7605	-60.4951
BLOCK08/SES085/SA085S13	SES085	1.18073	-60.2803	-61.4611
BLOCK08/SES085/SA085S22	SES085	-3.20497	-63.9768	-60.7718
BLOCK08/SES085/SA085S26	SES085	-0.164856	-60.9395	-60.7747
BLOCK08/SES085/SA085S28	SES085	0.930893	-59.9295	-60.8604
BLOCK08/SES087/SA087S15	SES087	2.42857	-58.4864	-60.9149
BLOCK08/SES087/SA087S16	SES087	2.26867	-58.476	-60.7447
BLOCK08/SES087/SA087S24	SES087	1.83445	-58.4396	-60.2741
BLOCK08/SES087/SA087S26	SES087	1.97557	-57.1651	-59.1407
BLOCK08/SES087/SA087S29	SES087	2.30917	-58.6327	-60.9419
BLOCK09/SES099/SA099S15	SES099	1.96058	-59.3378	-61.2983
BLOCK09/SES099/SA099S16	SES099	1.92705	-58.8554	-60.7824
BLOCK09/SES099/SA099S24	SES099	2.30364	-58.2855	-60.5891
BLOCK09/SES099/SA099S26	SES099	2.05122	-58.5162	-60.5674
BLOCK09/SES099/SA099S29	SES099	2.33009	-57.86	-60.1901
BLOCK10/SES101/SA101S11	SES101	0.300381	-60.2352	-60.5356
BLOCK10/SES101/SA101S13	SES101	1.6391	-58.8907	-60.5298
BLOCK10/SES101/SA101S22	SES101	1.00803	-60.6804	-61.6885
BLOCK10/SES101/SA101S24	SES101	1.31839	-59.6878	-61.0062
BLOCK10/SES101/SA101S28	SES101	0.243393	-61.277	-61.5204
BLOCK10/SES104/SA104S11	SES104	1.31765	-57.7308	-59.0484
BLOCK10/SES104/SA104S12	SES104	1.84577	-58.2074	-60.0531
BLOCK10/SES104/SA104S21	SES104	1.57627	-58.8629	-60.4392
BLOCK10/SES104/SA104S24	SES104	1.08647	-59.0214	-60.1079
BLOCK10/SES104/SA104S28	SES104	1.61317	-58.251	-59.8642
BLOCK10/SES105/SA105S12	SES105	1.00863	-60.944	-61.9526
BLOCK10/SES105/SA105S13	SES105	0.993904	-60.6336	-61.6275
BLOCK10/SES105/SA105S22	SES105	1.06839	-61.3382	-62.4066
BLOCK10/SES105/SA105S26	SES105	1.51624	-60.5263	-62.0425
BLOCK10/SES105/SA105S29	SES105	0.785648	-60.6242	-61.4099
BLOCK10/SES106/SA106S09	SES106	1.56089	-60.2506	-61.8114
BLOCK10/SES106/SA106S11	SES106	2.10014	-57.7023	-59.8024
BLOCK10/SES106/SA106S22	SES106	3.20121	-58.1917	-61.3929
BLOCK10/SES106/SA106S27	SES106	1.84277	-59.4603	-61.303
BLOCK10/SES106/SA106S29	SES106	1.30201	-59.0113	-60.3134
BLOCK11/SES117/SA117S12	SES117	0.249893	-61.831	-62.0809
BLOCK11/SES117/SA117S13	SES117	0.13921	-60.7034	-60.8426
BLOCK11/SES117/SA117S23	SES117	1.81713	-62.1696	-63.9867
BLOCK11/SES117/SA117S25	SES117	1.34713	-61.156	-62.5031
BLOCK11/SES117/SA117S28	SES117	1.5988	-61.6013	-63.2001
BLOCK12/SES120/SA120S08	SES120	1.66372	-61.5878	-63.2515
BLOCK12/SES120/SA120S11	SES120	1.11562	-63.0634	-64.179
BLOCK12/SES120/SA120S22	SES120	0.358894	-60.6821	-61.041
BLOCK12/SES120/SA120S24	SES120	0.657337	-60.8203	-61.4776
BLOCK12/SES120/SA120S28	SES120	0.740658	-62.511	-63.2517
BLOCK12/SES125/SA125S13	SES125	2.71244	-57.5285	-60.241
BLOCK12/SES125/SA125S14	SES125	1.66851	-58.8094	-60.478
BLOCK12/SES125/SA125S25	SES125	2.42592	-57.8665	-60.2925
BLOCK12/SES125/SA125S27	SES125	2.65858	-57.0838	-59.7424
BLOCK12/SES125/SA125S29	SES125	2.34076	-58.1411	-60.4819
BLOCK12/SES127/SA127S11	SES127	1.15548	-60.2721	-61.4276
BLOCK12/SES127/SA127S12	SES127	0.196556	-60.0066	-60.2032
BLOCK12/SES127/SA127S23	SES127	1.03763	-59.9543	-60.9919
BLOCK12/SES127/SA127S25	SES127	0.325024	-61.2655	-61.5905
BLOCK12/SES127/SA127S27	SES127	1.26688	-59.6791	-60.9459
BLOCK12/SES129/SA129S11	SES129	1.48009	-59.3008	-60.7809
BLOCK12/SES129/SA129S12	SES129	1.72413	-58.9645	-60.6886
BLOCK12/SES129/SA129S22	SES129	1.29766	-59.6756	-60.9732
BLOCK12/SES129/SA129S27	SES129	2.16666	-58.2229	-60.3895
BLOCK12/SES129/SA129S29	SES129	2.11571	-58.0596	-60.1753
BLOCK14/SES142/SA142S11	SES142	2.70234	-59.894	-62.5964
BLOCK14/SES142/SA142S12	SES142	1.41962	-61.6783	-63.0979
BLOCK14/SES142/SA142S24	SES142	2.43687	-59.7197	-62.1566
BLOCK14/SES142/SA142S27	SES142	2.88271	-59.3269	-62.2096
BLOCK14/SES142/SA142S29	SES142	3.14885	-58.7831	-61.932
BLOCK14/SES143/SA143S12	SES143	0.685184	-61.3318	-62.017
BLOCK14/SES143/SA143S13	SES143	0.950825	-61.119	-62.0698
BLOCK14/SES143/SA143S23	SES143	1.02271	-60.8639	-61.8866
BLOCK14/SES143/SA143S25	SES143	0.895409	-60.7113	-61.6067
BLOCK14/SES143/SA143S28	SES143	0.956684	-60.1688	-61.1254
BLOCK14/SES144/SA144S09	SES144	1.29147	-60.0491	-61.3406
BLOCK14/SES144/SA144S11	SES144	1.10194	-61.1937	-62.2957
BLOCK14/SES144/SA144S21	SES144	0.57449	-60.9464	-61.5209
BLOCK14/SES144/SA144S25	SES144	1.03978	-60.9252	-61.965
BLOCK14/SES144/SA144S29	SES144	-0.0671806	-60.7698	-60.7026
BLOCK14/SES146/SA146S14	SES146	1.44927	-60.6169	-62.0661
BLOCK14/SES146/SA146S15	SES146	0.652802	-61.0746	-61.7274
BLOCK14/SES146/SA146S24	SES146	0.808521	-61.0798	-61.8883
BLOCK14/SES146/SA146S26	SES146	1.2135	-61.0357	-62.2492
BLOCK14/SES146/SA146S29	SES146	0.761242	-61.6736	-62.4349
BLOCK14/SES147/SA147S11	SES147	2.09957	-61.239	-63.3386
BLOCK14/SES147/SA147S13	SES147	2.79359	-59.5715	-62.3651
BLOCK14/SES147/SA147S23	SES147	2.15778	-60.8765	-63.0343
BLOCK14/SES147/SA147S26	SES147	2.11921	-60.9351	-63.0543
BLOCK14/SES147/SA147S28	SES147	2.55444	-59.8524	-62.4069
BLOCK14/SES148/SA148S10	SES148	1.58011	-59.6939	-61.274
BLOCK14/SES148/SA148S12	SES148	0.6078	-60.9097	-61.5175
BLOCK14/SES148/SA148S22	SES148	1.28996	-58.9778	-60.2678
BLOCK14/SES148/SA148S26	SES148	0.764286	-60.006	-60.7703
BLOCK14/SES148/SA148S29	SES148	0.576115	-60.8143	-61.3904
BLOCK14/SES149/SA149S13	SES149	0.516098	-60.0171	-60.5332
BLOCK14/SES149/SA149S14	SES149	0.574562	-59.8551	-60.4296
BLOCK14/SES149/SA149S24	SES149	1.71258	-59.1035	-60.8161
BLOCK14/SES149/SA149S26	SES149	2.49556	-58.2478	-60.7433
BLOCK14/SES149/SA149S28	SES149	3.20197	-57.2929	-60.4949
BLOCK15/SES158/SA158S13	SES158	1.63538	-59.6769	-61.3123
BLOCK15/SES158/SA158S14	SES158	2.6502	-59.1283	-61.7785
BLOCK15/SES158/SA158S23	SES158	1.57234	-59.3754	-60.9478
BLOCK15/SES158/SA158S26	SES158	2.25659	-58.9635	-61.2201
BLOCK15/SES158/SA158S28	SES158	1.10297	-60.175	-61.278
BLOCK16/SES162/SA162S10	SES162	1.80077	-60.9696	-62.7704
BLOCK16/SES162/SA162S11	SES162	1.43665	-60.0415	-61.4781
BLOCK16/SES162/SA162S21	SES162	1.83672	-60.0684	-61.9051
BLOCK16/SES162/SA162S24	SES162	1.49799	-60.2868	-61.7848
BLOCK16/SES162/SA162S27	SES162	1.83902	-60.6339	-62.4729
BLOCK16/SES167/SA167S14	SES167	1.08943	-59.0491	-60.1386
BLOCK16/SES167/SA167S15	SES167	1.68349	-59.8495	-61.533
BLOCK16/SES167/SA167S21	SES167	1.30745	-59.3999	-60.7074
BLOCK16/SES167/SA167S25	SES167	2.1364	-59.4471	-61.5835
BLOCK16/SES167/SA167S29	SES167	2.3372	-58.037	-60.3742
BLOCK17/SES172/SA172S12	SES172	1.30083	-60.3531	-61.6539
BLOCK17/SES172/SA172S13	SES172	1.66529	-60.6942	-62.3595
BLOCK17/SES172/SA172S23	SES172	0.67284	-59.3349	-60.0078
BLOCK17/SES172/SA172S27	SES172	1.1938	-60.3176	-61.5114
BLOCK17/SES172/SA172S29	SES172	1.82838	-59.5146	-61.343
BLOCK17/SES175/SA175S11	SES175	1.74173	-59.7675	-61.5092
BLOCK17/SES175/SA175S13	SES175	1.35988	-60.016	-61.3758
BLOCK17/SES175/SA175S23	SES175	2.04715	-59.5284	-61.5755
BLOCK17/SES175/SA175S25	SES175	1.22761	-62.2032	-63.4308
BLOCK17/SES175/SA175S28	SES175	1.5315	-59.6657	-61.1972
BLOCK17/SES177/SA177S15	SES177	0.540794	-60.5312	-61.072
BLOCK17/SES177/SA177S17	SES177	0.652096	-60.1957	-60.8478
BLOCK17/SES177/SA177S23	SES177	0.604832	-60.6503	-61.2551
BLOCK17/SES177/SA177S26	SES177	0.831261	-58.5821	-59.4133
BLOCK17/SES177/SA177S28	SES177	0.95948	-59.0527	-60.0122
BLOCK18/SES180/SA180S13	SES180	1.0187	-60.3137	-61.3324
BLOCK18/SES180/SA180S15	SES180	0.924503	-60.895	-61.8195
BLOCK18/SES180/SA180S24	SES180	1.33226	-59.084	-60.4163
BLOCK18/SES180/SA180S26	SES180	1.41922	-59.447	-60.8662
BLOCK18/SES180/SA180S29	SES180	1.52533	-60.5706	-62.0959
BLOCK18/SES183/SA183S13	SES183	1.38125	-61.2644	-62.6457
BLOCK18/SES183/SA183S14	SES183	0.652073	-61.3184	-61.9705
BLOCK18/SES183/SA183S24	SES183	1.23817	-61.6123	-62.8505
BLOCK18/SES183/SA183S27	SES183	1.61261	-60.289	-61.9016
BLOCK18/SES183/SA183S29	SES183	1.46518	-59.8897	-61.3549
BLOCK18/SES187/SA187S13	SES187	1.15871	-61.0262	-62.1849
BLOCK18/SES187/SA187S14	SES187	1.26735	-60.965	-62.2324
BLOCK18/SES187/SA187S24	SES187	2.05135	-59.9078	-61.9591
BLOCK18/SES187/SA187S27	SES187	1.3799	-60.5284	-61.9083
BLOCK18/SES187/SA187S29	SES187	0.893044	-60.937	-61.83
BLOCK18/SES189/SA189S10	SES189	2.23464	-62.3646	-64.5992
BLOCK18/SES189/SA189S13	SES189	3.01067	-62.4257	-65.4364
BLOCK18/SES189/SA189S24	SES189	2.91159	-61.8189	-64.7305
BLOCK18/SES189/SA189S26	SES189	1.9211	-61.3654	-63.2865
BLOCK18/SES189/SA189S29	SES189	2.67633	-61.0379	-63.7143
BLOCK20/SES202/SA202S12	SES202	1.9513	-61.4604	-63.4117
BLOCK20/SES202/SA202S14	SES202	3.42158	-58.5905	-62.012
BLOCK20/SES202/SA202S24	SES202	1.99903	-60.1967	-62.1957
BLOCK20/SES202/SA202S27	SES202	2.16702	-58.4466	-60.6136
BLOCK20/SES202/SA202S29	SES202	2.36026	-58.5562	-60.9164
BLOCK20/SES206/SA206S15	SES206	0.219002	-59.365	-59.584
BLOCK20/SES206/SA206S17	SES206	2.61279	-56.9919	-59.6047
BLOCK20/SES206/SA206S24	SES206	2.01798	-57.3704	-59.3884
BLOCK20/SES206/SA206S27	SES206	2.25606	-57.8069	-60.063
BLOCK20/SES206/SA206S29	SES206	1.99649	-56.8146	-58.8111
BLOCK22/SES226/SA226S12	SES226	1.79635	-59.1599	-60.9562
BLOCK22/SES226/SA226S13	SES226	-0.170952	-60.471	-60.3001
BLOCK22/SES226/SA226S20	SES226	1.33961	-59.4434	-60.783
BLOCK22/SES226/SA226S23	SES226	1.75911	-58.911	-60.6701
BLOCK22/SES226/SA226S28	SES226	2.18576	-58.3218	-60.5076
BLOCK25/SES259/SA259S13	SES259	3.70745	-57.2294	-60.9368
BLOCK25/SES259/SA259S14	SES259	2.61472	-57.9083	-60.523
BLOCK25/SES259/SA259S22	SES259	2.30973	-57.9873	-60.297
BLOCK25/SES259/SA259S24	SES259	2.70057	-56.8312	-59.5318
BLOCK25/SES259/SA259S28	SES259	2.22735	-57.7238	-59.9511
BLOCK27/SES270/SA270S14	SES270	2.83893	-58.9674	-61.8064
BLOCK27/SES270/SA270S16	SES270	1.14787	-59.663	-60.8108
BLOCK27/SES270/SA270S22	SES270	2.83633	-58.5847	-61.421
BLOCK27/SES270/SA270S26	SES270	1.97594	-59.6842	-61.6602
BLOCK27/SES270/SA270S28	SES270	1.40965	-58.8559	-60.2655
BLOCK27/SES275/SA275S17	SES275	1.39238	-60.4991	-61.8915
BLOCK27/SES275/SA275S18	SES275	0.859909	-60.9594	-61.8193
BLOCK27/SES275/SA275S24	SES275	1.34895	-61.4721	-62.8211
BLOCK27/SES275/SA275S26	SES275	1.4231	-59.9774	-61.4005
BLOCK27/SES275/SA275S28	SES275	0.881042	-60.4136	-61.2947
BLOCK29/SES292/SA292S10	SES292	0.618458	-60.889	-61.5074
BLOCK29/SES292/SA292S12	SES292	0.129177	-61.8122	-61.9414
BLOCK29/SES292/SA292S22	SES292	1.64923	-59.5833	-61.2325
BLOCK29/SES292/SA292S24	SES292	0.216194	-60.6846	-60.9008
BLOCK29/SES292/SA292S27	SES292	0.546181	-60.0938	-60.64
BLOCK00/SES001/SA001S14	SES062	-0.828171	-63.1467	-62.3185
BLOCK00/SES001/SA001S14	SES082	-2.19009	-64.5086	-62.3185
BLOCK00/SES001/SA001S14	SES106	-2.75046	-65.0689	-62.3185
BLOCK00/SES001/SA001S14	SES206	-3.82569	-66.1442	-62.3185
BLOCK00/SES001/SA001S15	SES062	-1.69973	-62.332	-60.6322
BLOCK00/SES001/SA001S15	SES104	-3.27642	-63.9086	-60.6322
BLOCK00/SES001/SA001S15	SES106	-2.93738	-63.5696	-60.6322
BLOCK00/SES001/SA001S15	SES206	-4.13371	-64.7659	-60.6322
BLOCK00/SES001/SA001S24	SES062	-2.29959	-64.7653	-62.4657
BLOCK00/SES001/SA001S24	SES082	-2.17455	-64.6403	-62.4657
BLOCK00/SES001/SA001S24	SES087	-3.97668	-66.4424	-62.4657
BLOCK00/SES001/SA001S24	SES206	-3.23941	-65.7051	-62.4657
BLOCK00/SES001/SA001S27	SES062	-1.76183	-62.2098	-60.448
BLOCK00/SES001/SA001S27	SES082	-2.46634	-62.9143	-60.448
BLOCK00/SES001/SA001S27	SES087	-2.8719	-63.3199	-60.448
BLOCK00/SES001/SA001S27	SES206	-3.23766	-63.6857	-60.448
BLOCK00/SES001/SA001S29	SES062	-1.63408	-64.0082	-62.3741
BLOCK00/SES001/SA001S29	SES082	-2.20846	-64.5826	-62.3741
BLOCK00/SES001/SA001S29	SES158	-1.6261	-64.0002	-62.3741
BLOCK00/SES001/SA001S29	SES206	-4.72027	-67.0944	-62.3741
BLOCK00/SES003/SA003S11	SES002	-1.44875	-62.4591	-61.0103
BLOCK00/SES003/SA003S11	SES019	-1.52123	-62.5316	-61.0103
BLOCK00/SES003/SA003S11	SES082	0.0905266	-60.9198	-61.0103
BLOCK00/SES003/SA003S11	SES125	-1.13791	-62.1482	-61.0103
BLOCK00/SES003/SA003S15	SES016	-3.89066	-64.3794	-60.4888
BLOCK00/SES003/SA003S15	SES019	-1.50517	-61.9939	-60.4888
BLOCK00/SES003/SA003S15	SES062	-2.10777	-62.5965	-60.4888
BLOCK00/SES003/SA003S15	SES206	-1.26568	-61.7545	-60.4888
BLOCK00/SES003/SA003S22	SES002	-2.79581	-63.5107	-60.7149
BLOCK00/SES003/SA003S22	SES062	-2.16096	-62.8758	-60.7149
BLOCK00/SES003/SA003S22	SES082	-1.18593	-61.9008	-60.7149
BLOCK00/SES003/SA003S22	SES087	-2.25815	-62.973	-60.7149
BLOCK00/SES003/SA003S25	SES062	-2.93406	-64.6618	-61.7278
BLOCK00/SES003/SA003S25	SES082	0.00130463	-61.7265	-61.7278
BLOCK00/SES003/SA003S25	SES087	-2.22646	-63.9542	-61.7278
BLOCK00/SES003/SA003S25	SES206	-2.30238	-64.0302	-61.7278
BLOCK00/SES003/SA003S29	SES002	-2.42514	-63.6323	-61.2072
BLOCK00/SES003/SA003S29	SES062	-2.40549	-63.6127	-61.2072
BLOCK00/SES003/SA003S29	SES082	-0.670395	-61.8776	-61.2072
BLOCK00/SES003/SA003S29	SES087	-1.90899	-63.1162	-61.2072
BLOCK00/SES004/SA004S12	SES083	-2.04651	-64.414	-62.3675
BLOCK00/SES004/SA004S12	SES148	-1.93039	-64.2979	-62.3675
BLOCK00/SES004/SA004S12	SES172	-1.32237	-63.6898	-62.3675
BLOCK00/SES004/SA004S12	SES292	-1.90419	-64.2717	-62.3675
BLOCK00/SES004/SA004S17	SES083	-1.18427	-63.8942	-62.7099
BLOCK00/SES004/SA004S17	SES162	-1.02413	-63.7341	-62.7099
BLOCK00/SES004/SA004S17	SES172	-2.0334	-64.7433	-62.7099
BLOCK00/SES004/SA004S17	SES292	-1.73274	-64.4427	-62.7099
BLOCK00/SES004/SA004S24	SES083	-1.52385	-63.7149	-62.1911
BLOCK00/SES004/SA004S24	SES148	-2.01421	-64.2053	-62.1911
BLOCK00/SES004/SA004S24	SES172	-1.28906	-63.4801	-62.1911
BLOCK00/SES004/SA004S24	SES292	-1.41916	-63.6102	-62.1911
BLOCK00/SES004/SA004S26	SES083	-0.818298	-62.5533	-61.735
BLOCK00/SES004/SA004S26	SES127	-0.994053	-62.729	-61.735
BLOCK00/SES004/SA004S26	SES148	-2.12144	-63.8564	-61.735
BLOCK00/SES004/SA004S26	SES292	-1.75343	-63.4884	-61.735
BLOCK00/SES004/SA004S28	SES083	-1.82629	-63.0278	-61.2015
BLOCK00/SES004/SA004S28	SES127	-1.34801	-62.5495	-61.2015
BLOCK00/SES004/SA004S28	SES187	-1.36857	-62.57	-61.2015
BLOCK00/SES004/SA004S28	SES292	-2.35516	-63.5566	-61.2015
BLOCK00/SES006/SA006S10	SES014	-2.39095	-65.3784	-62.9874
BLOCK00/SES006/SA006S10	SES158	-0.709827	-63.6973	-62.9874
BLOCK00/SES006/SA006S10	SES226	-2.53182	-65.5193	-62.9874
BLOCK00/SES006/SA006S10	SES270	-0.0494766	-63.0369	-62.9874
BLOCK00/SES006/SA006S11	SES158	-0.738106	-63.75	-63.0119
BLOCK00/SES006/SA006S11	SES226	-2.1497	-65.1616	-63.0119
BLOCK00/SES006/SA006S11	SES270	0.0615349	-62.9504	-63.0119
BLOCK00/SES006/SA006S11	SES275	-3.36914	-66.3811	-63.0119
BLOCK00/SES006/SA006S23	SES062	-2.175	-63.4953	-61.3203
BLOCK00/SES006/SA006S23	SES105	-2.26643	-63.5867	-61.3203
BLOCK00/SES006/SA006S23	SES158	-1.12679	-62.4471	-61.3203
BLOCK00/SES006/SA006S23	SES275	-2.33704	-63.6573	-61.3203
BLOCK00/SES006/SA006S26	SES104	-2.44507	-64.0475	-61.6024
BLOCK00/SES006/SA006S26	SES158	-0.139107	-61.7415	-61.6024
BLOCK00/SES006/SA006S26	SES270	-0.10606	-61.7085	-61.6024
BLOCK00/SES006/SA006S26	SES275	-3.07116	-64.6736	-61.6024
BLOCK00/SES006/SA006S28	SES007	-2.64993	-65.4864	-62.8364
BLOCK00/SES006/SA006S28	SES105	-2.5211	-65.3575	-62.8364
BLOCK00/SES006/SA006S28	SES158	-1.06072	-63.8971	-62.8364
BLOCK00/SES006/SA006S28	SES275	-3.38431	-66.2207	-62.8364
BLOCK00/SES009/SA009S12	SES083	-1.19853	-62.266	-61.0675
BLOCK00/SES009/SA009S12	SES148	-0.93042	-61.9979	-61.0675
BLOCK00/SES009/SA009S12	SES177	-1.81196	-62.8794	-61.0675
BLOCK00/SES009/SA009S12	SES292	-0.441044	-61.5085	-61.0675
BLOCK00/SES009/SA009S15	SES007	0.667801	-59.4704	-60.1382
BLOCK00/SES009/SA009S15	SES099	-10.113	-70.2511	-60.1382
BLOCK00/SES009/SA009S15	SES148	-1.15536	-61.2935	-60.1382
BLOCK00/SES009/SA009S15	SES172	-1.67811	-61.8163	-60.1382
BLOCK00/SES009/SA009S24	SES146	-0.583614	-61.2702	-60.6865
BLOCK00/SES009/SA009S24	SES148	-1.37168	-62.0582	-60.6865
BLOCK00/SES009/SA009S24	SES177	-1.51308	-62.1996	-60.6865
BLOCK00/SES009/SA009S24	SES292	-0.641479	-61.328	-60.6865
BLOCK00/SES009/SA009S26	SES083	-1.68454	-62.5732	-60.8887
BLOCK00/SES009/SA009S26	SES101	-1.63894	-62.5277	-60.8887
BLOCK00/SES009/SA009S26	SES120	-1.47076	-62.3595	-60.8887
BLOCK00/SES009/SA009S26	SES177	-2.4229	-63.3116	-60.8887
BLOCK00/SES009/SA009S29	SES083	-1.0934	-61.5386	-60.4452
BLOCK00/SES009/SA009S29	SES101	-1.40723	-61.8524	-60.4452
BLOCK00/SES009/SA009S29	SES177	-1.60704	-62.0522	-60.4452
BLOCK00/SES009/SA009S29	SES292	-0.805443	-61.2506	-60.4452
BLOCK01/SES011/SA011S10	SES019	-0.852226	-61.266	-60.4138
BLOCK01/SES011/SA011S10	SES042	-0.266541	-60.6804	-60.4138
BLOCK01/SES011/SA011S10	SES082	-1.34855	-61.7624	-60.4138
BLOCK01/SES011/SA011S10	SES206	-0.766228	-61.18	-60.4138
BLOCK01/SES011/SA011S11	SES019	-0.381443	-61.8328	-61.4513
BLOCK01/SES011/SA011S11	SES042	-0.661884	-62.1132	-61.4513
BLOCK01/SES011/SA011S11	SES082	-1.10457	-62.5559	-61.4513
BLOCK01/SES011/SA011S11	SES206	-0.39381	-61.8452	-61.4513
BLOCK01/SES011/SA011S22	SES019	-0.02528	-61.5	-61.4747
BLOCK01/SES011/SA011S22	SES042	-0.302505	-61.7772	-61.4747
BLOCK01/SES011/SA011S22	SES082	-0.378765	-61.8535	-61.4747
BLOCK01/SES011/SA011S22	SES206	-0.864437	-62.3392	-61.4747
BLOCK01/SES011/SA011S24	SES019	-0.490337	-60.8128	-60.3225
BLOCK01/SES011/SA011S24	SES042	-0.165833	-60.4883	-60.3225
BLOCK01/SES011/SA011S24	SES104	-0.704182	-61.0267	-60.3225
BLOCK01/SES011/SA011S24	SES206	-0.257362	-60.5798	-60.3225
BLOCK01/SES011/SA011S27	SES082	0.40255	-60.2743	-60.6769
BLOCK01/SES011/SA011S27	SES087	-1.02652	-61.7034	-60.6769
BLOCK01/SES011/SA011S27	SES125	-0.416676	-61.0936	-60.6769
BLOCK01/SES011/SA011S27	SES206	-0.205479	-60.8824	-60.6769
BLOCK01/SES012/SA012S11	SES007	-2.74945	-61.7079	-58.9585
BLOCK01/SES012/SA012S11	SES082	-1.24071	-60.1992	-58.9585
BLOCK01/SES012/SA012S11	SES083	-2.54052	-61.499	-58.9585
BLOCK01/SES012/SA012S11	SES206	-0.313953	-59.2724	-58.9585
BLOCK01/SES012/SA012S14	SES082	-0.753208	-60.789	-60.0358
BLOCK01/SES012/SA012S14	SES087	-1.50165	-61.5375	-60.0358
BLOCK01/SES012/SA012S14	SES206	-0.510468	-60.5463	-60.0358
BLOCK01/SES012/SA012S14	SES292	-3.8533	-63.8891	-60.0358
BLOCK01/SES012/SA012S24	SES082	0.282719	-60.6519	-60.9347
BLOCK01/SES012/SA012S24	SES087	-0.385078	-61.3197	-60.9347
BLOCK01/SES012/SA012S24	SES120	-3.37878	-64.3134	-60.9347
BLOCK01/SES012/SA012S24	SES206	0.175159	-60.7595	-60.9347
BLOCK01/SES012/SA012S26	SES019	-2.30734	-61.7099	-59.4026
BLOCK01/SES012/SA012S26	SES082	-1.91516	-61.3177	-59.4026
BLOCK01/SES012/SA012S26	SES206	-0.275631	-59.6782	-59.4026
BLOCK01/SES012/SA012S26	SES292	-3.86392	-63.2665	-59.4026
BLOCK01/SES012/SA012S29	SES062	-2.20529	-61.6752	-59.4699
BLOCK01/SES012/SA012S29	SES082	-0.873692	-60.3436	-59.4699
BLOCK01/SES012/SA012S29	SES083	-2.36079	-61.8307	-59.4699
BLOCK01/SES012/SA012S29	SES206	-0.330635	-59.8005	-59.4699
BLOCK01/SES013/SA013S16	SES062	-3.88094	-64.3615	-60.4805
BLOCK01/SES013/SA013S16	SES106	-0.693264	-61.1738	-60.4805
BLOCK01/SES013/SA013S16	SES206	-1.04797	-61.5285	-60.4805
BLOCK01/SES013/SA013S16	SES226	-0.458828	-60.9393	-60.4805
BLOCK01/SES013/SA013S17	SES062	-3.57467	-63.044	-59.4693
BLOCK01/SES013/SA013S17	SES106	-1.12693	-60.5962	-59.4693
BLOCK01/SES013/SA013S17	SES206	-0.0688629	-59.5382	-59.4693
BLOCK01/SES013/SA013S17	SES226	-0.136379	-59.6057	-59.4693
BLOCK01/SES013/SA013S23	SES104	-1.097	-61.4915	-60.3945
BLOCK01/SES013/SA013S23	SES106	-0.501469	-60.896	-60.3945
BLOCK01/SES013/SA013S23	SES206	-0.947521	-61.342	-60.3945
BLOCK01/SES013/SA013S23	SES270	-0.0496445	-60.4442	-60.3945
BLOCK01/SES013/SA013S25	SES042	-1.22359	-60.7376	-59.514
BLOCK01/SES013/SA013S25	SES104	-1.25153	-60.7655	-59.514
BLOCK01/SES013/SA013S25	SES106	-0.725567	-60.2396	-59.514
BLOCK01/SES013/SA013S25	SES206	-0.952961	-60.467	-59.514
BLOCK01/SES013/SA013S29	SES062	-4.21271	-64.2542	-60.0415
BLOCK01/SES013/SA013S29	SES104	-1.2381	-61.2796	-60.0415
BLOCK01/SES013/SA013S29	SES106	-0.393398	-60.4349	-60.0415
BLOCK01/SES013/SA013S29	SES206	-0.913555	-60.955	-60.0415
BLOCK02/SES021/SA021S13	SES016	-3.29542	-63.2709	-59.9754
BLOCK02/SES021/SA021S13	SES029	-3.06348	-63.0389	-59.9754
BLOCK02/SES021/SA021S13	SES087	-1.21068	-61.1861	-59.9754
BLOCK02/SES021/SA021S13	SES206	-1.05891	-61.0343	-59.9754
BLOCK02/SES021/SA021S15	SES087	-0.881165	-59.4788	-58.5976
BLOCK02/SES021/SA021S15	SES125	-0.373264	-58.9709	-58.5976
BLOCK02/SES021/SA021S15	SES206	-0.165527	-58.7632	-58.5976
BLOCK02/SES021/SA021S15	SES226	-0.779682	-59.3773	-58.5976
BLOCK02/SES021/SA021S23	SES062	-2.88382	-63.9233	-61.0395
BLOCK02/SES021/SA021S23	SES087	-1.86216	-62.9017	-61.0395
BLOCK02/SES021/SA021S23	SES206	-1.43272	-62.4722	-61.0395
BLOCK02/SES021/SA021S23	SES226	-0.577488	-61.617	-61.0395
BLOCK02/SES021/SA021S27	SES002	-2.00011	-61.6533	-59.6532
BLOCK02/SES021/SA021S27	SES016	-4.186	-63.8392	-59.6532
BLOCK02/SES021/SA021S27	SES019	-1.99704	-61.6502	-59.6532
BLOCK02/SES021/SA021S27	SES062	-1.84923	-61.5024	-59.6532
BLOCK02/SES021/SA021S29	SES087	-1.6753	-60.6846	-59.0093
BLOCK02/SES021/SA021S29	SES125	-1.28572	-60.295	-59.0093
BLOCK02/SES021/SA021S29	SES206	-1.05942	-60.0687	-59.0093
BLOCK02/SES021/SA021S29	SES226	-0.969383	-59.9787	-59.0093
BLOCK04/SES043/SA043S09	SES083	-1.63922	-64.079	-62.4398
BLOCK04/SES043/SA043S09	SES101	-3.26567	-65.7055	-62.4398
BLOCK04/SES043/SA043S09	SES144	-0.3783	-62.8181	-62.4398
BLOCK04/SES043/SA043S09	SES172	-5.13366	-67.5735	-62.4398
BLOCK04/SES043/SA043S11	SES083	-0.660229	-61.605	-60.9448
BLOCK04/SES043/SA043S11	SES101	-1.53788	-62.4827	-60.9448
BLOCK04/SES043/SA043S11	SES144	-0.47057	-61.4154	-60.9448
BLOCK04/SES043/SA043S11	SES172	-2.02153	-62.9663	-60.9448
BLOCK04/SES043/SA043S23	SES083	-0.131039	-61.5151	-61.3841
BLOCK04/SES043/SA043S23	SES144	0.141308	-61.2428	-61.3841
BLOCK04/SES043/SA043S23	SES177	-2.87748	-64.2616	-61.3841
BLOCK04/SES043/SA043S23	SES275	-0.683773	-62.0679	-61.3841
BLOCK04/SES043/SA043S26	SES083	-0.780838	-62.1992	-61.4184
BLOCK04/SES043/SA043S26	SES101	-1.74033	-63.1587	-61.4184
BLOCK04/SES043/SA043S26	SES144	-0.148979	-61.5673	-61.4184
BLOCK04/SES043/SA043S26	SES177	-1.88846	-63.3068	-61.4184
BLOCK04/SES043/SA043S28	SES016	-0.991871	-61.5736	-60.5818
BLOCK04/SES043/SA043S28	SES083	-0.774784	-61.3565	-60.5818
BLOCK04/SES043/SA043S28	SES101	-1.08984	-61.6716	-60.5818
BLOCK04/SES043/SA043S28	SES144	-0.481197	-61.063	-60.5818
BLOCK04/SES044/SA044S10	SES127	-2.7626	-67.1099	-64.3473
BLOCK04/SES044/SA044S10	SES144	-0.543716	-64.8911	-64.3473
BLOCK04/SES044/SA044S10	SES147	-3.77422	-68.1216	-64.3473
BLOCK04/SES044/SA044S10	SES148	-2.747	-67.0943	-64.3473
BLOCK04/SES044/SA044S11	SES101	-1.90544	-65.3459	-63.4404
BLOCK04/SES044/SA044S11	SES144	0.26915	-63.1713	-63.4404
BLOCK04/SES044/SA044S11	SES147	-2.99709	-66.4375	-63.4404
BLOCK04/SES044/SA044S11	SES177	-2.04177	-65.4822	-63.4404
BLOCK04/SES044/SA044S24	SES007	-1.89885	-64.3553	-62.4565
BLOCK04/SES044/SA044S24	SES101	-1.15538	-63.6118	-62.4565
BLOCK04/SES044/SA044S24	SES147	-4.48959	-66.946	-62.4565
BLOCK04/SES044/SA044S24	SES177	-2.52893	-64.9854	-62.4565
BLOCK04/SES044/SA044S26	SES007	-1.74101	-64.0684	-62.3274
BLOCK04/SES044/SA044S26	SES016	-0.338673	-62.6661	-62.3274
BLOCK04/SES044/SA044S26	SES101	-0.705181	-63.0326	-62.3274
BLOCK04/SES044/SA044S26	SES147	-1.36659	-63.694	-62.3274
BLOCK04/SES044/SA044S29	SES007	-1.81753	-63.0915	-61.2739
BLOCK04/SES044/SA044S29	SES101	-0.272152	-61.5461	-61.2739
BLOCK04/SES044/SA044S29	SES147	-1.9652	-63.2391	-61.2739
BLOCK04/SES044/SA044S29	SES177	-2.3039	-63.5778	-61.2739
BLOCK04/SES046/SA046S13	SES101	-3.62101	-65.8963	-62.2753
BLOCK04/SES046/SA046S13	SES144	-0.953133	-63.2284	-62.2753
BLOCK04/SES046/SA046S13	SES147	-2.45752	-64.7328	-62.2753
BLOCK04/SES046/SA046S13	SES177	-1.27221	-63.5475	-62.2753
BLOCK04/SES046/SA046S15	SES048	-1.9491	-63.5086	-61.5595
BLOCK04/SES046/SA046S15	SES083	-0.660404	-62.2199	-61.5595
BLOCK04/SES046/SA046S15	SES120	-1.96025	-63.5198	-61.5595
BLOCK04/SES046/SA046S15	SES148	-0.937645	-62.4972	-61.5595
BLOCK04/SES046/SA046S22	SES101	-0.810009	-63.025	-62.215
BLOCK04/SES046/SA046S22	SES144	-0.546715	-62.7618	-62.215
BLOCK04/SES046/SA046S22	SES147	-1.75731	-63.9724	-62.215
BLOCK04/SES046/SA046S22	SES172	-2.00499	-64.22	-62.215
BLOCK04/SES046/SA046S25	SES083	-1.09266	-62.7373	-61.6446
BLOCK04/SES046/SA046S25	SES127	-1.22178	-62.8664	-61.6446
BLOCK04/SES046/SA046S25	SES144	-1.56907	-63.2137	-61.6446
BLOCK04/SES046/SA046S25	SES148	-1.41932	-63.0639	-61.6446
BLOCK04/SES046/SA046S28	SES007	-2.89155	-65.1731	-62.2815
BLOCK04/SES046/SA046S28	SES105	-2.13635	-64.4179	-62.2815
BLOCK04/SES046/SA046S28	SES147	-3.07716	-65.3587	-62.2815
BLOCK04/SES046/SA046S28	SES148	-1.45429	-63.7358	-62.2815
BLOCK04/SES049/SA049S16	SES104	-1.17072	-62.6588	-61.4881
BLOCK04/SES049/SA049S16	SES106	-1.04309	-62.5312	-61.4881
BLOCK04/SES049/SA049S16	SES120	-2.92591	-64.414	-61.4881
BLOCK04/SES049/SA049S16	SES206	-0.942883	-62.431	-61.4881
BLOCK04/SES049/SA049S18	SES099	0.0311089	-62.2352	-62.2664
BLOCK04/SES049/SA049S18	SES104	-1.21017	-63.4765	-62.2664
BLOCK04/SES049/SA049S18	SES125	-1.80599	-64.0723	-62.2664
BLOCK04/SES049/SA049S18	SES206	-1.20485	-63.4712	-62.2664
BLOCK04/SES049/SA049S25	SES087	-0.853806	-61.8528	-60.999
BLOCK04/SES049/SA049S25	SES104	-0.0887947	-61.0878	-60.999
BLOCK04/SES049/SA049S25	SES125	-1.53508	-62.5341	-60.999
BLOCK04/SES049/SA049S25	SES206	-0.733749	-61.7327	-60.999
BLOCK04/SES049/SA049S27	SES099	-0.76178	-61.6708	-60.9091
BLOCK04/SES049/SA049S27	SES104	-0.258938	-61.168	-60.9091
BLOCK04/SES049/SA049S27	SES125	-1.17089	-62.08	-60.9091
BLOCK04/SES049/SA049S27	SES206	-0.991474	-61.9005	-60.9091
BLOCK04/SES049/SA049S29	SES099	-0.575584	-60.616	-60.0404
BLOCK04/SES049/SA049S29	SES104	0.154366	-59.8861	-60.0404
BLOCK04/SES049/SA049S29	SES125	-0.794327	-60.8348	-60.0404
BLOCK04/SES049/SA049S29	SES206	-0.0318909	-60.0723	-60.0404
BLOCK06/SES063/SA063S09	SES068	-1.90251	-62.7337	-60.8312
BLOCK06/SES063/SA063S09	SES083	-0.250595	-61.0818	-60.8312
BLOCK06/SES063/SA063S09	SES177	-1.24411	-62.0753	-60.8312
BLOCK06/SES063/SA063S09	SES187	-1.16264	-61.9938	-60.8312
BLOCK06/SES063/SA063S10	SES068	-1.85337	-63.6035	-61.7501
BLOCK06/SES063/SA063S10	SES083	-0.167393	-61.9175	-61.7501
BLOCK06/SES063/SA063S10	SES172	-0.459839	-62.21	-61.7501
BLOCK06/SES063/SA063S10	SES187	-1.20263	-62.9527	-61.7501
BLOCK06/SES063/SA063S20	SES068	-3.26189	-64.9547	-61.6928
BLOCK06/SES063/SA063S20	SES083	-0.529919	-62.2227	-61.6928
BLOCK06/SES063/SA063S20	SES172	-1.66441	-63.3572	-61.6928
BLOCK06/SES063/SA063S20	SES187	-0.447289	-62.1401	-61.6928
BLOCK06/SES063/SA063S24	SES029	-2.04541	-62.6572	-60.6118
BLOCK06/SES063/SA063S24	SES083	-0.200184	-60.812	-60.6118
BLOCK06/SES063/SA063S24	SES177	-1.01748	-61.6293	-60.6118
BLOCK06/SES063/SA063S24	SES189	-0.797459	-61.4093	-60.6118
BLOCK06/SES063/SA063S27	SES083	0.227909	-62.1088	-62.3367
BLOCK06/SES063/SA063S27	SES172	-0.365349	-62.7021	-62.3367
BLOCK06/SES063/SA063S27	SES187	-1.11469	-63.4514	-62.3367
BLOCK06/SES063/SA063S27	SES292	-1.63413	-63.9709	-62.3367
BLOCK06/SES067/SA067S12	SES083	-1.37825	-61.9774	-60.5992
BLOCK06/SES067/SA067S12	SES172	-3.89272	-64.4919	-60.5992
BLOCK06/SES067/SA067S12	SES202	-0.026474	-60.6257	-60.5992
BLOCK06/SES067/SA067S12	SES292	-1.98812	-62.5873	-60.5992
BLOCK06/SES067/SA067S14	SES085	-2.26649	-62.4063	-60.1398
BLOCK06/SES067/SA067S14	SES177	-1.6238	-61.7636	-60.1398
BLOCK06/SES067/SA067S14	SES183	-2.6637	-62.8035	-60.1398
BLOCK06/SES067/SA067S14	SES202	-0.789444	-60.9292	-60.1398
BLOCK06/SES067/SA067S21	SES144	-1.06184	-63.1607	-62.0989
BLOCK06/SES067/SA067S21	SES177	-1.11821	-63.2171	-62.0989
BLOCK06/SES067/SA067S21	SES183	-4.28761	-66.3865	-62.0989
BLOCK06/SES067/SA067S21	SES189	-0.285526	-62.3844	-62.0989
BLOCK06/SES067/SA067S25	SES085	-0.705872	-61.9508	-61.2449
BLOCK06/SES067/SA067S25	SES177	-1.26684	-62.5117	-61.2449
BLOCK06/SES067/SA067S25	SES183	-2.07264	-63.3175	-61.2449
BLOCK06/SES067/SA067S25	SES202	-0.188961	-61.4338	-61.2449
BLOCK06/SES067/SA067S29	SES085	-0.951107	-62.0692	-61.1181
BLOCK06/SES067/SA067S29	SES177	-1.23748	-62.3556	-61.1181
BLOCK06/SES067/SA067S29	SES183	-1.74265	-62.8608	-61.1181
BLOCK06/SES067/SA067S29	SES202	0.471767	-60.6463	-61.1181
BLOCK06/SES069/SA069S12	SES029	-2.21939	-62.544	-60.3246
BLOCK06/SES069/SA069S12	SES082	-0.230118	-60.5547	-60.3246
BLOCK06/SES069/SA069S12	SES087	-2.19407	-62.5187	-60.3246
BLOCK06/SES069/SA069S12	SES206	-1.58463	-61.9093	-60.3246
BLOCK06/SES069/SA069S13	SES029	-2.73803	-63.0267	-60.2887
BLOCK06/SES069/SA069S13	SES087	-2.00729	-62.296	-60.2887
BLOCK06/SES069/SA069S13	SES206	-2.26167	-62.5503	-60.2887
BLOCK06/SES069/SA069S13	SES226	-1.11344	-61.4021	-60.2887
BLOCK06/SES069/SA069S23	SES029	-1.334	-60.1353	-58.8013
BLOCK06/SES069/SA069S23	SES087	-2.46203	-61.2634	-58.8013
BLOCK06/SES069/SA069S23	SES206	-1.61937	-60.4207	-58.8013
BLOCK06/SES069/SA069S23	SES226	-0.332283	-59.1336	-58.8013
BLOCK06/SES069/SA069S25	SES087	-1.59536	-60.6029	-59.0075
BLOCK06/SES069/SA069S25	SES206	-1.88721	-60.8947	-59.0075
BLOCK06/SES069/SA069S25	SES226	-1.14745	-60.155	-59.0075
BLOCK06/SES069/SA069S25	SES270	-0.957375	-59.9649	-59.0075
BLOCK06/SES069/SA069S27	SES087	-2.33955	-61.4239	-59.0844
BLOCK06/SES069/SA069S27	SES206	-1.376	-60.4604	-59.0844
BLOCK06/SES069/SA069S27	SES226	-0.281406	-59.3658	-59.0844
BLOCK06/SES069/SA069S27	SES270	-1.05503	-60.1394	-59.0844
BLOCK08/SES081/SA081S11	SES060	-1.51281	-62.5566	-61.0438
BLOCK08/SES081/SA081S11	SES062	-3.43383	-64.4777	-61.0438
BLOCK08/SES081/SA081S11	SES117	-2.11615	-63.16	-61.0438
BLOCK08/SES081/SA081S11	SES162	-1.59505	-62.6389	-61.0438
BLOCK08/SES081/SA081S13	SES016	-1.03223	-61.1867	-60.1545
BLOCK08/SES081/SA081S13	SES060	-0.705635	-60.8601	-60.1545
BLOCK08/SES081/SA081S13	SES068	-0.473518	-60.628	-60.1545
BLOCK08/SES081/SA081S13	SES129	-2.27448	-62.429	-60.1545
BLOCK08/SES081/SA081S24	SES060	-0.555862	-61.5768	-61.0209
BLOCK08/SES081/SA081S24	SES068	-1.26108	-62.282	-61.0209
BLOCK08/SES081/SA081S24	SES117	-1.75485	-62.7758	-61.0209
BLOCK08/SES081/SA081S24	SES275	-2.60111	-63.622	-61.0209
BLOCK08/SES081/SA081S27	SES007	-1.17851	-62.169	-60.9905
BLOCK08/SES081/SA081S27	SES060	-1.50619	-62.4966	-60.9905
BLOCK08/SES081/SA081S27	SES117	-0.528473	-61.5189	-60.9905
BLOCK08/SES081/SA081S27	SES275	-2.4966	-63.4871	-60.9905
BLOCK08/SES081/SA081S29	SES007	-1.20181	-61.6574	-60.4556
BLOCK08/SES081/SA081S29	SES060	-0.57584	-61.0314	-60.4556
BLOCK08/SES081/SA081S29	SES117	-1.23285	-61.6885	-60.4556
BLOCK08/SES081/SA081S29	SES275	-2.54064	-62.9963	-60.4556
BLOCK08/SES086/SA086S11	SES029	-4.93936	-66.9901	-62.0507
BLOCK08/SES086/SA086S11	SES082	-1.45404	-63.5048	-62.0507
BLOCK08/SES086/SA086S11	SES087	-0.609379	-62.6601	-62.0507
BLOCK08/SES086/SA086S11	SES206	-1.57216	-63.6229	-62.0507
BLOCK08/SES086/SA086S12	SES029	-4.06743	-65.2689	-61.2015
BLOCK08/SES086/SA086S12	SES082	-1.27121	-62.4727	-61.2015
BLOCK08/SES086/SA086S12	SES087	0.692322	-60.5092	-61.2015
BLOCK08/SES086/SA086S12	SES206	-0.771038	-61.9725	-61.2015
BLOCK08/SES086/SA086S20	SES029	-3.9826	-63.6137	-59.6311
BLOCK08/SES086/SA086S20	SES082	-1.2928	-60.9239	-59.6311
BLOCK08/SES086/SA086S20	SES087	0.478916	-59.1522	-59.6311
BLOCK08/SES086/SA086S20	SES206	-0.238129	-59.8693	-59.6311
BLOCK08/SES086/SA086S24	SES087	0.483952	-60.3	-60.784
BLOCK08/SES086/SA086S24	SES104	-1.10893	-61.8929	-60.784
BLOCK08/SES086/SA086S24	SES120	-3.96049	-64.7445	-60.784
BLOCK08/SES086/SA086S24	SES206	0.308807	-60.4752	-60.784
BLOCK08/SES086/SA086S28	SES029	-3.194	-62.8843	-59.6903
BLOCK08/SES086/SA086S28	SES082	-1.397	-61.0873	-59.6903
BLOCK08/SES086/SA086S28	SES087	0.0688744	-59.6214	-59.6903
BLOCK08/SES086/SA086S28	SES206	-0.390045	-60.0804	-59.6903
BLOCK08/SES089/SA089S13	SES087	-2.05559	-62.983	-60.9274
BLOCK08/SES089/SA089S13	SES206	-2.0467	-62.9741	-60.9274
BLOCK08/SES089/SA089S13	SES226	-1.12411	-62.0515	-60.9274
BLOCK08/SES089/SA089S13	SES270	-2.36684	-63.2942	-60.9274
BLOCK08/SES089/SA089S14	SES062	-1.8151	-62.7712	-60.9561
BLOCK08/SES089/SA089S14	SES087	-0.486706	-61.4428	-60.9561
BLOCK08/SES089/SA089S14	SES206	-0.851814	-61.8079	-60.9561
BLOCK08/SES089/SA089S14	SES226	-0.631725	-61.5878	-60.9561
BLOCK08/SES089/SA089S23	SES087	-1.84455	-64.3788	-62.5343
BLOCK08/SES089/SA089S23	SES206	-2.06317	-64.5974	-62.5343
BLOCK08/SES089/SA089S23	SES226	-0.565159	-63.0994	-62.5343
BLOCK08/SES089/SA089S23	SES270	-2.82209	-65.3564	-62.5343
BLOCK08/SES089/SA089S25	SES062	-2.68312	-63.6005	-60.9174
BLOCK08/SES089/SA089S25	SES087	-1.23087	-62.1483	-60.9174
BLOCK08/SES089/SA089S25	SES206	-1.19982	-62.1172	-60.9174
BLOCK08/SES089/SA089S25	SES226	-0.0641403	-60.9815	-60.9174
BLOCK08/SES089/SA089S28	SES062	-2.00229	-63.2145	-61.2122
BLOCK08/SES089/SA089S28	SES087	-0.848362	-62.0606	-61.2122
BLOCK08/SES089/SA089S28	SES206	-0.685551	-61.8978	-61.2122
BLOCK08/SES089/SA089S28	SES226	0.0270462	-61.1852	-61.2122
BLOCK09/SES097/SA097S11	SES099	-0.0400009	-61.2245	-61.1845
BLOCK09/SES097/SA097S11	SES125	-1.45314	-62.6376	-61.1845
BLOCK09/SES097/SA097S11	SES206	-1.17149	-62.356	-61.1845
BLOCK09/SES097/SA097S11	SES226	-0.00530243	-61.1898	-61.1845
BLOCK09/SES097/SA097S14	SES062	-3.23441	-64.3098	-61.0754
BLOCK09/SES097/SA097S14	SES099	-0.739712	-61.8151	-61.0754
BLOCK09/SES097/SA097S14	SES104	-0.766178	-61.8416	-61.0754
BLOCK09/SES097/SA097S14	SES206	-1.63776	-62.7132	-61.0754
BLOCK09/SES097/SA097S22	SES099	0.144432	-60.752	-60.8965
BLOCK09/SES097/SA097S22	SES206	-1.08768	-61.9841	-60.8965
BLOCK09/SES097/SA097S22	SES226	-0.788685	-61.6851	-60.8965
BLOCK09/SES097/SA097S22	SES270	0.23243	-60.664	-60.8965
BLOCK09/SES097/SA097S26	SES099	-0.612972	-60.6818	-60.0688
BLOCK09/SES097/SA097S26	SES120	-3.27622	-63.3451	-60.0688
BLOCK09/SES097/SA097S26	SES206	-0.837715	-60.9065	-60.0688
BLOCK09/SES097/SA097S26	SES226	-1.40484	-61.4737	-60.0688
BLOCK09/SES097/SA097S28	SES099	-1.02649	-61.8577	-60.8312
BLOCK09/SES097/SA097S28	SES120	-2.59993	-63.4311	-60.8312
BLOCK09/SES097/SA097S28	SES206	-1.59079	-62.422	-60.8312
BLOCK09/SES097/SA097S28	SES226	-1.32272	-62.1539	-60.8312
BLOCK09/SES098/SA098S11	SES127	-2.40298	-66.0126	-63.6096
BLOCK09/SES098/SA098S11	SES144	-1.29936	-64.909	-63.6096
BLOCK09/SES098/SA098S11	SES147	-0.0637474	-63.6734	-63.6096
BLOCK09/SES098/SA098S11	SES148	-2.85228	-66.4619	-63.6096
BLOCK09/SES098/SA098S12	SES127	-4.55194	-69.0141	-64.4621
BLOCK09/SES098/SA098S12	SES144	-2.07954	-66.5416	-64.4621
BLOCK09/SES098/SA098S12	SES147	-1.20724	-65.6693	-64.4621
BLOCK09/SES098/SA098S12	SES189	-0.756844	-65.219	-64.4621
BLOCK09/SES098/SA098S20	SES127	-3.46641	-66.7385	-63.2721
BLOCK09/SES098/SA098S20	SES147	-0.273502	-63.5456	-63.2721
BLOCK09/SES098/SA098S20	SES148	-4.3448	-67.6169	-63.2721
BLOCK09/SES098/SA098S20	SES292	-4.36555	-67.6377	-63.2721
BLOCK09/SES098/SA098S23	SES127	-2.1508	-64.5852	-62.4344
BLOCK09/SES098/SA098S23	SES147	-0.589947	-63.0243	-62.4344
BLOCK09/SES098/SA098S23	SES187	-0.976158	-63.4106	-62.4344
BLOCK09/SES098/SA098S23	SES292	-3.3896	-65.824	-62.4344
BLOCK09/SES098/SA098S27	SES127	-2.41343	-65.7819	-63.3684
BLOCK09/SES098/SA098S27	SES147	-1.21465	-64.5831	-63.3684
BLOCK09/SES098/SA098S27	SES148	-3.9243	-67.2927	-63.3684
BLOCK09/SES098/SA098S27	SES292	-2.81227	-66.1807	-63.3684
BLOCK10/SES102/SA102S13	SES101	-0.418678	-63.0511	-62.6324
BLOCK10/SES102/SA102S13	SES105	-1.68951	-64.3219	-62.6324
BLOCK10/SES102/SA102S13	SES120	-1.97903	-64.6114	-62.6324
BLOCK10/SES102/SA102S13	SES158	-7.29528	-69.9277	-62.6324
BLOCK10/SES102/SA102S14	SES007	-0.163227	-60.8133	-60.6501
BLOCK10/SES102/SA102S14	SES101	-0.340214	-60.9903	-60.6501
BLOCK10/SES102/SA102S14	SES105	-0.455029	-61.1051	-60.6501
BLOCK10/SES102/SA102S14	SES147	-3.91422	-64.5643	-60.6501
BLOCK10/SES102/SA102S22	SES007	-0.762478	-61.8678	-61.1053
BLOCK10/SES102/SA102S22	SES101	0.0717087	-61.0336	-61.1053
BLOCK10/SES102/SA102S22	SES105	-0.372669	-61.478	-61.1053
BLOCK10/SES102/SA102S22	SES158	-4.00326	-65.1086	-61.1053
BLOCK10/SES102/SA102S25	SES007	-0.711845	-61.4632	-60.7514
BLOCK10/SES102/SA102S25	SES101	-0.62714	-61.3785	-60.7514
BLOCK10/SES102/SA102S25	SES105	-1.01028	-61.7616	-60.7514
BLOCK10/SES102/SA102S25	SES147	-5.14102	-65.8924	-60.7514
BLOCK10/SES102/SA102S27	SES007	-1.058	-62.5992	-61.5412
BLOCK10/SES102/SA102S27	SES101	-0.672253	-62.2134	-61.5412
BLOCK10/SES102/SA102S27	SES105	-1.06507	-62.6062	-61.5412
BLOCK10/SES102/SA102S27	SES147	-3.63791	-65.1791	-61.5412
BLOCK10/SES103/SA103S14	SES105	-3.42833	-65.3605	-61.9322
BLOCK10/SES103/SA103S14	SES106	-0.599342	-62.5315	-61.9322
BLOCK10/SES103/SA103S14	SES120	-3.33468	-65.2669	-61.9322
BLOCK10/SES103/SA103S14	SES206	-1.65869	-63.5909	-61.9322
BLOCK10/SES103/SA103S15	SES099	-0.393894	-63.5102	-63.1163
BLOCK10/SES103/SA103S15	SES101	-4.05492	-67.1712	-63.1163
BLOCK10/SES103/SA103S15	SES104	-0.936909	-64.0532	-63.1163
BLOCK10/SES103/SA103S15	SES125	-0.645805	-63.7621	-63.1163
BLOCK10/SES103/SA103S24	SES104	-1.3958	-62.4607	-61.0649
BLOCK10/SES103/SA103S24	SES125	-1.59731	-62.6622	-61.0649
BLOCK10/SES103/SA103S24	SES148	-3.23337	-64.2983	-61.0649
BLOCK10/SES103/SA103S24	SES158	-0.885704	-61.9506	-61.0649
BLOCK10/SES103/SA103S26	SES104	-1.24528	-64.1473	-62.902
BLOCK10/SES103/SA103S26	SES106	-0.55407	-63.4561	-62.902
BLOCK10/SES103/SA103S26	SES125	-1.17339	-64.0754	-62.902
BLOCK10/SES103/SA103S26	SES148	-2.67599	-65.578	-62.902
BLOCK10/SES103/SA103S28	SES104	-1.78093	-65.263	-63.482
BLOCK10/SES103/SA103S28	SES106	-1.76114	-65.2432	-63.482
BLOCK10/SES103/SA103S28	SES125	-2.35056	-65.8326	-63.482
BLOCK10/SES103/SA103S28	SES206	-2.96618	-66.4482	-63.482
BLOCK12/SES121/SA121S12	SES042	-1.79754	-65.5198	-63.7223
BLOCK12/SES121/SA121S12	SES087	-0.980274	-64.7026	-63.7223
BLOCK12/SES121/SA121S12	SES105	-2.1242	-65.8465	-63.7223
BLOCK12/SES121/SA121S12	SES206	-1.0983	-64.8206	-63.7223
BLOCK12/SES121/SA121S14	SES007	-2.91278	-66.8188	-63.906
BLOCK12/SES121/SA121S14	SES105	-2.86652	-66.7725	-63.906
BLOCK12/SES121/SA121S14	SES106	-1.0862	-64.9922	-63.906
BLOCK12/SES121/SA121S14	SES206	-1.46254	-65.3685	-63.906
BLOCK12/SES121/SA121S23	SES105	-2.44997	-66.6963	-64.2463
BLOCK12/SES121/SA121S23	SES106	-0.530296	-64.7766	-64.2463
BLOCK12/SES121/SA121S23	SES120	-1.89626	-66.1426	-64.2463
BLOCK12/SES121/SA121S23	SES206	-0.889107	-65.1354	-64.2463
BLOCK12/SES121/SA121S25	SES007	-2.63007	-67.3858	-64.7558
BLOCK12/SES121/SA121S25	SES105	-3.5302	-68.2859	-64.7558
BLOCK12/SES121/SA121S25	SES106	-1.1893	-65.9451	-64.7558
BLOCK12/SES121/SA121S25	SES206	-1.77985	-66.5356	-64.7558
BLOCK12/SES121/SA121S27	SES087	-0.316719	-63.4801	-63.1634
BLOCK12/SES121/SA121S27	SES105	-4.2053	-67.3687	-63.1634
BLOCK12/SES121/SA121S27	SES120	-2.86935	-66.0328	-63.1634
BLOCK12/SES121/SA121S27	SES206	-1.42015	-64.5836	-63.1634
BLOCK12/SES124/SA124S16	SES042	-0.424427	-62.0175	-61.5931
BLOCK12/SES124/SA124S16	SES082	-0.61372	-62.2068	-61.5931
BLOCK12/SES124/SA124S16	SES183	-4.15821	-65.7513	-61.5931
BLOCK12/SES124/SA124S16	SES206	-1.23737	-62.8304	-61.5931
BLOCK12/SES124/SA124S17	SES105	-3.02404	-65.8088	-62.7848
BLOCK12/SES124/SA124S17	SES149	-1.64675	-64.4315	-62.7848
BLOCK12/SES124/SA124S17	SES158	-1.63235	-64.4171	-62.7848
BLOCK12/SES124/SA124S17	SES275	-3.62817	-66.4129	-62.7848
BLOCK12/SES124/SA124S23	SES105	-3.40387	-62.8686	-59.4648
BLOCK12/SES124/SA124S23	SES125	0.125072	-59.3397	-59.4648
BLOCK12/SES124/SA124S23	SES129	-4.00387	-63.4687	-59.4648
BLOCK12/SES124/SA124S23	SES158	-0.795696	-60.2605	-59.4648
BLOCK12/SES124/SA124S26	SES105	-4.17135	-64.9763	-60.805
BLOCK12/SES124/SA124S26	SES125	0.100636	-60.7043	-60.805
BLOCK12/SES124/SA124S26	SES129	-4.05846	-64.8634	-60.805
BLOCK12/SES124/SA124S26	SES158	-0.919941	-61.7249	-60.805
BLOCK12/SES124/SA124S28	SES104	-0.294449	-60.6839	-60.3894
BLOCK12/SES124/SA124S28	SES106	-0.18153	-60.571	-60.3894
BLOCK12/SES124/SA124S28	SES125	0.269539	-60.1199	-60.3894
BLOCK12/SES124/SA124S28	SES275	-4.51599	-64.9054	-60.3894
BLOCK12/SES126/SA126S13	SES007	-2.45941	-66.1981	-63.7386
BLOCK12/SES126/SA126S13	SES162	-1.9395	-65.6781	-63.7386
BLOCK12/SES126/SA126S13	SES177	-1.43251	-65.1712	-63.7386
BLOCK12/SES126/SA126S13	SES180	-2.0187	-65.7573	-63.7386
BLOCK12/SES126/SA126S14	SES144	-1.36895	-62.86	-61.4911
BLOCK12/SES126/SA126S14	SES148	-1.75345	-63.2445	-61.4911
BLOCK12/SES126/SA126S14	SES177	-0.390793	-61.8819	-61.4911
BLOCK12/SES126/SA126S14	SES180	-0.984703	-62.4758	-61.4911
BLOCK12/SES126/SA126S20	SES007	-2.40514	-64.7479	-62.3428
BLOCK12/SES126/SA126S20	SES162	-3.04615	-65.3889	-62.3428
BLOCK12/SES126/SA126S20	SES172	-6.35625	-68.699	-62.3428
BLOCK12/SES126/SA126S20	SES180	-2.39754	-64.7403	-62.3428
BLOCK12/SES126/SA126S24	SES120	-1.00261	-62.6563	-61.6537
BLOCK12/SES126/SA126S24	SES162	-1.27188	-62.9255	-61.6537
BLOCK12/SES126/SA126S24	SES177	-0.873863	-62.5275	-61.6537
BLOCK12/SES126/SA126S24	SES180	-1.09089	-62.7446	-61.6537
BLOCK12/SES126/SA126S26	SES120	-0.621819	-62.8644	-62.2426
BLOCK12/SES126/SA126S26	SES177	-1.13251	-63.3751	-62.2426
BLOCK12/SES126/SA126S26	SES180	-1.72584	-63.9684	-62.2426
BLOCK12/SES126/SA126S26	SES202	-1.87873	-64.1213	-62.2426
BLOCK12/SES128/SA128S10	SES087	-2.094	-62.9833	-60.8893
BLOCK12/SES128/SA128S10	SES206	-1.48743	-62.3767	-60.8893
BLOCK12/SES128/SA128S10	SES226	-0.500233	-61.3895	-60.8893
BLOCK12/SES128/SA128S10	SES270	-0.710171	-61.5994	-60.8893
BLOCK12/SES128/SA128S12	SES120	-2.67924	-63.8277	-61.1484
BLOCK12/SES128/SA128S12	SES158	-1.4929	-62.6413	-61.1484
BLOCK12/SES128/SA128S12	SES206	-1.00903	-62.1575	-61.1484
BLOCK12/SES128/SA128S12	SES226	-1.09256	-62.241	-61.1484
BLOCK12/SES128/SA128S21	SES106	-3.47819	-65.8029	-62.3247
BLOCK12/SES128/SA128S21	SES120	-2.01459	-64.3393	-62.3247
BLOCK12/SES128/SA128S21	SES206	-3.1243	-65.449	-62.3247
BLOCK12/SES128/SA128S21	SES226	-1.86222	-64.1869	-62.3247
BLOCK12/SES128/SA128S24	SES087	-3.34423	-65.4407	-62.0964
BLOCK12/SES128/SA128S24	SES120	-1.65521	-63.7516	-62.0964
BLOCK12/SES128/SA128S24	SES206	-2.94406	-65.0405	-62.0964
BLOCK12/SES128/SA128S24	SES226	-1.85541	-63.9518	-62.0964
BLOCK12/SES128/SA128S27	SES099	-2.30371	-63.0757	-60.772
BLOCK12/SES128/SA128S27	SES120	-1.73064	-62.5026	-60.772
BLOCK12/SES128/SA128S27	SES206	-2.2559	-63.0279	-60.772
BLOCK12/SES128/SA128S27	SES226	-1.30421	-62.0762	-60.772
BLOCK13/SES130/SA130S13	SES143	-2.92713	-66.3504	-63.4233
BLOCK13/SES130/SA130S13	SES144	-0.360508	-63.7838	-63.4233
BLOCK13/SES130/SA130S13	SES146	-0.661934	-64.0852	-63.4233
BLOCK13/SES130/SA130S13	SES275	-3.66374	-67.087	-63.4233
BLOCK13/SES130/SA130S15	SES143	-2.01495	-63.9083	-61.8933
BLOCK13/SES130/SA130S15	SES144	-0.363556	-62.2569	-61.8933
BLOCK13/SES130/SA130S15	SES146	-0.445663	-62.339	-61.8933
BLOCK13/SES130/SA130S15	SES275	-1.27845	-63.1718	-61.8933
BLOCK13/SES130/SA130S23	SES127	-2.8879	-66.2778	-63.3899
BLOCK13/SES130/SA130S23	SES144	-1.14732	-64.5372	-63.3899
BLOCK13/SES130/SA130S23	SES146	-0.232315	-63.6222	-63.3899
BLOCK13/SES130/SA130S23	SES162	-1.54164	-64.9316	-63.3899
BLOCK13/SES130/SA130S25	SES127	-2.82402	-64.0162	-61.1922
BLOCK13/SES130/SA130S25	SES144	-0.673073	-61.8653	-61.1922
BLOCK13/SES130/SA130S25	SES146	-0.866493	-62.0587	-61.1922
BLOCK13/SES130/SA130S25	SES275	-1.22887	-62.4211	-61.1922
BLOCK13/SES130/SA130S28	SES127	-1.92457	-63.8619	-61.9373
BLOCK13/SES130/SA130S28	SES144	-0.618992	-62.5563	-61.9373
BLOCK13/SES130/SA130S28	SES146	-0.72628	-62.6636	-61.9373
BLOCK13/SES130/SA130S28	SES275	-0.593285	-62.5306	-61.9373
BLOCK13/SES131/SA131S13	SES002	-2.38268	-65.8991	-63.5164
BLOCK13/SES131/SA131S13	SES007	-4.67938	-68.1958	-63.5164
BLOCK13/SES131/SA131S13	SES099	-1.78105	-65.2974	-63.5164
BLOCK13/SES131/SA131S13	SES105	-3.17117	-66.6876	-63.5164
BLOCK13/SES131/SA131S14	SES104	-0.801132	-62.1724	-61.3712
BLOCK13/SES131/SA131S14	SES106	-0.458763	-61.83	-61.3712
BLOCK13/SES131/SA131S14	SES125	-1.28828	-62.6595	-61.3712
BLOCK13/SES131/SA131S14	SES148	-2.33182	-63.703	-61.3712
BLOCK13/SES131/SA131S20	SES104	-1.30545	-64.3121	-63.0067
BLOCK13/SES131/SA131S20	SES106	-0.769909	-63.7766	-63.0067
BLOCK13/SES131/SA131S20	SES125	-1.46848	-64.4752	-63.0067
BLOCK13/SES131/SA131S20	SES148	-3.02636	-66.0331	-63.0067
BLOCK13/SES131/SA131S22	SES099	-1.46137	-63.1784	-61.7171
BLOCK13/SES131/SA131S22	SES104	-1.41562	-63.1327	-61.7171
BLOCK13/SES131/SA131S22	SES125	-1.53969	-63.2567	-61.7171
BLOCK13/SES131/SA131S22	SES206	-2.08434	-63.8014	-61.7171
BLOCK13/SES131/SA131S29	SES087	-1.0629	-63.8369	-62.774
BLOCK13/SES131/SA131S29	SES104	-1.82283	-64.5968	-62.774
BLOCK13/SES131/SA131S29	SES125	-1.60776	-64.3817	-62.774
BLOCK13/SES131/SA131S29	SES206	-1.7324	-64.5064	-62.774
BLOCK13/SES132/SA132S11	SES083	-1.87017	-62.9943	-61.1242
BLOCK13/SES132/SA132S11	SES120	-0.00495529	-61.1291	-61.1242
BLOCK13/SES132/SA132S11	SES127	-0.702904	-61.8271	-61.1242
BLOCK13/SES132/SA132S11	SES275	-1.53948	-62.6636	-61.1242
BLOCK13/SES132/SA132S12	SES083	-1.53594	-62.269	-60.733
BLOCK13/SES132/SA132S12	SES143	-1.03152	-61.7645	-60.733
BLOCK13/SES132/SA132S12	SES144	-0.90012	-61.6331	-60.733
BLOCK13/SES132/SA132S12	SES148	-0.865231	-61.5982	-60.733
BLOCK13/SES132/SA132S22	SES062	-1.10793	-62.2366	-61.1287
BLOCK13/SES132/SA132S22	SES083	-1.15884	-62.2875	-61.1287
BLOCK13/SES132/SA132S22	SES127	-0.551277	-61.6799	-61.1287
BLOCK13/SES132/SA132S22	SES275	-1.30799	-62.4366	-61.1287
BLOCK13/SES132/SA132S24	SES007	-0.916115	-61.726	-60.8099
BLOCK13/SES132/SA132S24	SES083	-1.64489	-62.4548	-60.8099
BLOCK13/SES132/SA132S24	SES127	-0.889977	-61.6999	-60.8099
BLOCK13/SES132/SA132S24	SES275	-1.53617	-62.3461	-60.8099
BLOCK13/SES132/SA132S27	SES083	-1.89952	-63.4798	-61.5802
BLOCK13/SES132/SA132S27	SES120	-0.350971	-61.9312	-61.5802
BLOCK13/SES132/SA132S27	SES127	-1.39764	-62.9779	-61.5802
BLOCK13/SES132/SA132S27	SES275	-2.11422	-63.6945	-61.5802
BLOCK14/SES141/SA141S09	SES143	-0.712151	-62.7255	-62.0134
BLOCK14/SES141/SA141S09	SES144	-0.735382	-62.7488	-62.0134
BLOCK14/SES141/SA141S09	SES162	-0.650734	-62.6641	-62.0134
BLOCK14/SES141/SA141S09	SES180	-0.968216	-62.9816	-62.0134
BLOCK14/SES141/SA141S15	SES127	-1.33824	-63.0821	-61.7438
BLOCK14/SES141/SA141S15	SES144	-1.17258	-62.9164	-61.7438
BLOCK14/SES141/SA141S15	SES162	-0.86832	-62.6121	-61.7438
BLOCK14/SES141/SA141S15	SES180	-0.956001	-62.6998	-61.7438
BLOCK14/SES141/SA141S24	SES127	-1.06858	-62.4698	-61.4012
BLOCK14/SES141/SA141S24	SES144	-1.76782	-63.169	-61.4012
BLOCK14/SES141/SA141S24	SES162	-0.132172	-61.5334	-61.4012
BLOCK14/SES141/SA141S24	SES183	-2.48061	-63.8818	-61.4012
BLOCK14/SES141/SA141S26	SES142	-2.13686	-64.1379	-62.0011
BLOCK14/SES141/SA141S26	SES144	-1.29862	-63.2997	-62.0011
BLOCK14/SES141/SA141S26	SES172	-2.47327	-64.4743	-62.0011
BLOCK14/SES141/SA141S26	SES180	-0.787041	-62.7881	-62.0011
BLOCK14/SES141/SA141S29	SES127	-0.626869	-61.7208	-61.0939
BLOCK14/SES141/SA141S29	SES142	-0.514877	-61.6088	-61.0939
BLOCK14/SES141/SA141S29	SES144	-1.29004	-62.384	-61.0939
BLOCK14/SES141/SA141S29	SES180	-0.572792	-61.6667	-61.0939
BLOCK15/SES157/SA157S08	SES083	-2.27262	-64.0796	-61.807
BLOCK15/SES157/SA157S08	SES127	-2.04269	-63.8497	-61.807
BLOCK15/SES157/SA157S08	SES148	-0.811859	-62.6189	-61.807
BLOCK15/SES157/SA157S08	SES292	-2.03542	-63.8424	-61.807
BLOCK15/SES157/SA157S11	SES083	-1.91416	-63.4262	-61.5121
BLOCK15/SES157/SA157S11	SES127	-2.56401	-64.0761	-61.5121
BLOCK15/SES157/SA157S11	SES148	-1.45405	-62.9661	-61.5121
BLOCK15/SES157/SA157S11	SES292	-1.80093	-63.313	-61.5121
BLOCK15/SES157/SA157S21	SES127	-1.91752	-63.283	-61.3655
BLOCK15/SES157/SA157S21	SES148	-0.864574	-62.2301	-61.3655
BLOCK15/SES157/SA157S21	SES158	-4.88635	-66.2519	-61.3655
BLOCK15/SES157/SA157S21	SES292	-1.02782	-62.3933	-61.3655
BLOCK15/SES157/SA157S24	SES127	-2.0459	-63.1616	-61.1157
BLOCK15/SES157/SA157S24	SES148	-0.7603	-61.876	-61.1157
BLOCK15/SES157/SA157S24	SES183	-2.29276	-63.4084	-61.1157
BLOCK15/SES157/SA157S24	SES292	-1.58108	-62.6968	-61.1157
BLOCK15/SES157/SA157S26	SES007	-0.535992	-62.1715	-61.6355
BLOCK15/SES157/SA157S26	SES127	-0.76627	-62.4018	-61.6355
BLOCK15/SES157/SA157S26	SES147	-5.23999	-66.8755	-61.6355
BLOCK15/SES157/SA157S26	SES148	-1.00617	-62.6417	-61.6355
BLOCK16/SES161/SA161S10	SES007	-2.44954	-65.6119	-63.1624
BLOCK16/SES161/SA161S10	SES105	-1.52772	-64.6901	-63.1624
BLOCK16/SES161/SA161S10	SES158	-2.33054	-65.4929	-63.1624
BLOCK16/SES161/SA161S10	SES275	-2.16293	-65.3253	-63.1624
BLOCK16/SES161/SA161S12	SES007	-1.07255	-63.8503	-62.7777
BLOCK16/SES161/SA161S12	SES105	-1.69458	-64.4723	-62.7777
BLOCK16/SES161/SA161S12	SES158	-1.33479	-64.1125	-62.7777
BLOCK16/SES161/SA161S12	SES275	-1.44854	-64.2263	-62.7777
BLOCK16/SES161/SA161S20	SES007	-2.09464	-66.557	-64.4623
BLOCK16/SES161/SA161S20	SES105	-1.80932	-66.2716	-64.4623
BLOCK16/SES161/SA161S20	SES158	-1.71227	-66.1746	-64.4623
BLOCK16/SES161/SA161S20	SES275	-2.15306	-66.6154	-64.4623
BLOCK16/SES161/SA161S23	SES007	-2.14031	-64.3921	-62.2518
BLOCK16/SES161/SA161S23	SES105	-1.72738	-63.9792	-62.2518
BLOCK16/SES161/SA161S23	SES148	-2.49201	-64.7438	-62.2518
BLOCK16/SES161/SA161S23	SES158	-1.16687	-63.4187	-62.2518
BLOCK16/SES161/SA161S28	SES007	-2.43118	-64.9246	-62.4935
BLOCK16/SES161/SA161S28	SES105	-2.24707	-64.7405	-62.4935
BLOCK16/SES161/SA161S28	SES158	-1.1302	-63.6237	-62.4935
BLOCK16/SES161/SA161S28	SES206	-2.40414	-64.8976	-62.4935
BLOCK16/SES164/SA164S11	SES104	-1.38095	-61.3944	-60.0135
BLOCK16/SES164/SA164S11	SES125	-0.385441	-60.3989	-60.0135
BLOCK16/SES164/SA164S11	SES158	-0.489414	-60.5029	-60.0135
BLOCK16/SES164/SA164S11	SES206	-1.37536	-61.3888	-60.0135
BLOCK16/SES164/SA164S13	SES099	-0.950378	-62.3148	-61.3644
BLOCK16/SES164/SA164S13	SES104	-1.4636	-62.828	-61.3644
BLOCK16/SES164/SA164S13	SES125	-1.5359	-62.9004	-61.3644
BLOCK16/SES164/SA164S13	SES206	-1.32986	-62.6943	-61.3644
BLOCK16/SES164/SA164S24	SES002	0.448788	-60.3561	-60.8049
BLOCK16/SES164/SA164S24	SES099	-0.560658	-61.3656	-60.8049
BLOCK16/SES164/SA164S24	SES125	-1.3754	-62.1803	-60.8049
BLOCK16/SES164/SA164S24	SES226	-0.470448	-61.2754	-60.8049
BLOCK16/SES164/SA164S27	SES087	-1.44201	-62.5256	-61.0836
BLOCK16/SES164/SA164S27	SES125	-1.09388	-62.1774	-61.0836
BLOCK16/SES164/SA164S27	SES206	-0.909283	-61.9928	-61.0836
BLOCK16/SES164/SA164S27	SES226	-0.85664	-61.9402	-61.0836
BLOCK16/SES164/SA164S29	SES002	0.698078	-60.0609	-60.7589
BLOCK16/SES164/SA164S29	SES019	-0.977074	-61.736	-60.7589
BLOCK16/SES164/SA164S29	SES125	-0.922157	-61.6811	-60.7589
BLOCK16/SES164/SA164S29	SES226	-1.06706	-61.826	-60.7589
BLOCK16/SES169/SA169S13	SES117	-1.77673	-64.0534	-62.2766
BLOCK16/SES169/SA169S13	SES144	-0.678913	-62.9556	-62.2766
BLOCK16/SES169/SA169S13	SES146	-0.589455	-62.8661	-62.2766
BLOCK16/SES169/SA169S13	SES162	-1.54132	-63.818	-62.2766
BLOCK16/SES169/SA169S14	SES144	-0.52702	-61.4175	-60.8905
BLOCK16/SES169/SA169S14	SES148	-0.759281	-61.6498	-60.8905
BLOCK16/SES169/SA169S14	SES177	-1.73322	-62.6237	-60.8905
BLOCK16/SES169/SA169S14	SES180	-2.66977	-63.5602	-60.8905
BLOCK16/SES169/SA169S24	SES117	-1.75456	-64.2716	-62.517
BLOCK16/SES169/SA169S24	SES144	-0.596802	-63.1138	-62.517
BLOCK16/SES169/SA169S24	SES146	-0.642567	-63.1596	-62.517
BLOCK16/SES169/SA169S24	SES162	-2.03988	-64.5569	-62.517
BLOCK16/SES169/SA169S27	SES127	-1.40632	-63.1596	-61.7533
BLOCK16/SES169/SA169S27	SES129	-0.97139	-62.7247	-61.7533
BLOCK16/SES169/SA169S27	SES144	-1.4803	-63.2336	-61.7533
BLOCK16/SES169/SA169S27	SES146	-0.433407	-62.1867	-61.7533
BLOCK16/SES169/SA169S29	SES144	-0.697163	-62.0005	-61.3033
BLOCK16/SES169/SA169S29	SES162	-1.64907	-62.9524	-61.3033
BLOCK16/SES169/SA169S29	SES177	-2.65396	-63.9573	-61.3033
BLOCK16/SES169/SA169S29	SES180	-2.14586	-63.4492	-61.3033
BLOCK17/SES171/SA171S12	SES083	-1.10091	-63.563	-62.4621
BLOCK17/SES171/SA171S12	SES148	-1.21846	-63.6806	-62.4621
BLOCK17/SES171/SA171S12	SES172	-1.45517	-63.9173	-62.4621
BLOCK17/SES171/SA171S12	SES292	-1.9053	-64.3674	-62.4621
BLOCK17/SES171/SA171S15	SES148	-2.06	-64.8428	-62.7828
BLOCK17/SES171/SA171S15	SES177	-1.64503	-64.4278	-62.7828
BLOCK17/SES171/SA171S15	SES180	-4.16732	-66.9501	-62.7828
BLOCK17/SES171/SA171S15	SES292	-3.33544	-66.1182	-62.7828
BLOCK17/SES171/SA171S22	SES007	-1.28047	-62.4811	-61.2006
BLOCK17/SES171/SA171S22	SES148	-1.14789	-62.3485	-61.2006
BLOCK17/SES171/SA171S22	SES177	-0.667549	-61.8682	-61.2006
BLOCK17/SES171/SA171S22	SES180	-2.23023	-63.4309	-61.2006
BLOCK17/SES171/SA171S25	SES101	-2.95103	-65.7574	-62.8064
BLOCK17/SES171/SA171S25	SES120	-3.46964	-66.276	-62.8064
BLOCK17/SES171/SA171S25	SES177	-1.37769	-64.1841	-62.8064
BLOCK17/SES171/SA171S25	SES180	-3.18779	-65.9942	-62.8064
BLOCK17/SES171/SA171S27	SES177	-0.440891	-62.7588	-62.3179
BLOCK17/SES171/SA171S27	SES180	-2.33366	-64.6516	-62.3179
BLOCK17/SES171/SA171S27	SES189	-0.558132	-62.876	-62.3179
BLOCK17/SES171/SA171S27	SES292	-2.74274	-65.0606	-62.3179
BLOCK17/SES173/SA173S13	SES162	-2.82265	-65.9901	-63.1675
BLOCK17/SES173/SA173S13	SES177	-2.57962	-65.7471	-63.1675
BLOCK17/SES173/SA173S13	SES180	-2.36214	-65.5296	-63.1675
BLOCK17/SES173/SA173S13	SES292	-2.06329	-65.2308	-63.1675
BLOCK17/SES173/SA173S14	SES007	-2.89382	-66.4305	-63.5367
BLOCK17/SES173/SA173S14	SES162	-2.43652	-65.9732	-63.5367
BLOCK17/SES173/SA173S14	SES177	-1.48818	-65.0249	-63.5367
BLOCK17/SES173/SA173S14	SES180	-2.82837	-66.3651	-63.5367
BLOCK17/SES173/SA173S24	SES144	-1.26817	-65.3867	-64.1186
BLOCK17/SES173/SA173S24	SES162	-2.3944	-66.513	-64.1186
BLOCK17/SES173/SA173S24	SES177	-2.00565	-66.1242	-64.1186
BLOCK17/SES173/SA173S24	SES180	-2.63584	-66.7544	-64.1186
BLOCK17/SES173/SA173S27	SES162	-2.92471	-65.9245	-62.9998
BLOCK17/SES173/SA173S27	SES177	-2.00597	-65.0058	-62.9998
BLOCK17/SES173/SA173S27	SES180	-2.26042	-65.2602	-62.9998
BLOCK17/SES173/SA173S27	SES292	-2.81029	-65.8101	-62.9998
BLOCK17/SES173/SA173S29	SES162	-2.39896	-65.6349	-63.2359
BLOCK17/SES173/SA173S29	SES175	-0.607098	-63.843	-63.2359
BLOCK17/SES173/SA173S29	SES177	-1.81782	-65.0537	-63.2359
BLOCK17/SES173/SA173S29	SES292	-3.07796	-66.3139	-63.2359
BLOCK18/SES182/SA182S10	SES144	-0.830116	-62.6183	-61.7882
BLOCK18/SES182/SA182S10	SES177	-0.934944	-62.7231	-61.7882
BLOCK18/SES182/SA182S10	SES180	-2.20758	-63.9958	-61.7882
BLOCK18/SES182/SA182S10	SES275	-0.82774	-62.6159	-61.7882
BLOCK18/SES182/SA182S12	SES144	-0.595718	-61.8657	-61.27
BLOCK18/SES182/SA182S12	SES177	-1.17038	-62.4404	-61.27
BLOCK18/SES182/SA182S12	SES180	-1.60547	-62.8755	-61.27
BLOCK18/SES182/SA182S12	SES275	-1.61561	-62.8856	-61.27
BLOCK18/SES182/SA182S21	SES117	-0.868706	-63.616	-62.7473
BLOCK18/SES182/SA182S21	SES144	-1.58346	-64.3308	-62.7473
BLOCK18/SES182/SA182S21	SES162	-0.711784	-63.4591	-62.7473
BLOCK18/SES182/SA182S21	SES180	-1.74991	-64.4972	-62.7473
BLOCK18/SES182/SA182S23	SES117	-1.10386	-63.0474	-61.9435
BLOCK18/SES182/SA182S23	SES144	-1.4623	-63.4058	-61.9435
BLOCK18/SES182/SA182S23	SES180	-1.66864	-63.6122	-61.9435
BLOCK18/SES182/SA182S23	SES275	-2.0218	-63.9653	-61.9435
BLOCK18/SES182/SA182S25	SES007	-1.17479	-62.9514	-61.7767
BLOCK18/SES182/SA182S25	SES162	-0.620167	-62.3968	-61.7767
BLOCK18/SES182/SA182S25	SES177	-0.599171	-62.3758	-61.7767
BLOCK18/SES182/SA182S25	SES180	-1.37667	-63.1533	-61.7767
BLOCK18/SES184/SA184S12	SES177	-1.0475	-63.3841	-62.3366
BLOCK18/SES184/SA184S12	SES180	-1.12059	-63.4572	-62.3366
BLOCK18/SES184/SA184S12	SES189	-2.30384	-64.6405	-62.3366
BLOCK18/SES184/SA184S12	SES292	-1.32812	-63.6648	-62.3366
BLOCK18/SES184/SA184S13	SES101	-1.60088	-63.9612	-62.3603
BLOCK18/SES184/SA184S13	SES177	-1.12909	-63.4894	-62.3603
BLOCK18/SES184/SA184S13	SES180	-1.29203	-63.6523	-62.3603
BLOCK18/SES184/SA184S13	SES292	-1.11025	-63.4705	-62.3603
BLOCK18/SES184/SA184S22	SES177	-1.57654	-62.6404	-61.0639
BLOCK18/SES184/SA184S22	SES180	-1.75734	-62.8212	-61.0639
BLOCK18/SES184/SA184S22	SES189	-3.05516	-64.119	-61.0639
BLOCK18/SES184/SA184S22	SES292	-1.85942	-62.9233	-61.0639
BLOCK18/SES184/SA184S25	SES101	-0.795677	-61.3286	-60.5329
BLOCK18/SES184/SA184S25	SES177	-1.43149	-61.9644	-60.5329
BLOCK18/SES184/SA184S25	SES180	-1.13478	-61.6677	-60.5329
BLOCK18/SES184/SA184S25	SES292	-1.08363	-61.6165	-60.5329
BLOCK18/SES184/SA184S27	SES083	-1.12161	-62.573	-61.4514
BLOCK18/SES184/SA184S27	SES177	-1.181	-62.6324	-61.4514
BLOCK18/SES184/SA184S27	SES202	-2.69479	-64.1462	-61.4514
BLOCK18/SES184/SA184S27	SES292	-1.47886	-62.9303	-61.4514
BLOCK20/SES204/SA204S12	SES062	-2.06629	-62.2817	-60.2155
BLOCK20/SES204/SA204S12	SES083	-2.00427	-62.2197	-60.2155
BLOCK20/SES204/SA204S12	SES206	-1.03106	-61.2465	-60.2155
BLOCK20/SES204/SA204S12	SES226	-1.02743	-61.2429	-60.2155
BLOCK20/SES204/SA204S14	SES068	-3.20817	-62.4807	-59.2725
BLOCK20/SES204/SA204S14	SES087	-0.566063	-59.8386	-59.2725
BLOCK20/SES204/SA204S14	SES206	-1.57045	-60.843	-59.2725
BLOCK20/SES204/SA204S14	SES226	-1.16774	-60.4402	-59.2725
BLOCK20/SES204/SA204S22	SES068	-3.48317	-63.3229	-59.8398
BLOCK20/SES204/SA204S22	SES082	-2.72682	-62.5666	-59.8398
BLOCK20/SES204/SA204S22	SES083	-3.05149	-62.8912	-59.8398
BLOCK20/SES204/SA204S22	SES206	-1.24168	-61.0814	-59.8398
BLOCK20/SES204/SA204S25	SES062	-3.68009	-63.914	-60.2339
BLOCK20/SES204/SA204S25	SES083	-3.14929	-63.3832	-60.2339
BLOCK20/SES204/SA204S25	SES206	-0.895767	-61.1297	-60.2339
BLOCK20/SES204/SA204S25	SES226	-1.49147	-61.7254	-60.2339
BLOCK20/SES204/SA204S27	SES068	-3.69756	-64.0606	-60.3631
BLOCK20/SES204/SA204S27	SES082	-2.00402	-62.3671	-60.3631
BLOCK20/SES204/SA204S27	SES087	-0.611443	-60.9745	-60.3631
BLOCK20/SES204/SA204S27	SES206	-0.829926	-61.193	-60.3631
BLOCK20/SES207/SA207S10	SES127	-0.63224	-62.5352	-61.903
BLOCK20/SES207/SA207S10	SES183	-1.60111	-63.5041	-61.903
BLOCK20/SES207/SA207S10	SES189	-0.855938	-62.7589	-61.903
BLOCK20/SES207/SA207S10	SES292	-1.18922	-63.0922	-61.903
BLOCK20/SES207/SA207S11	SES127	-2.79058	-64.4704	-61.6798
BLOCK20/SES207/SA207S11	SES183	-2.5271	-64.2069	-61.6798
BLOCK20/SES207/SA207S11	SES187	-1.41965	-63.0995	-61.6798
BLOCK20/SES207/SA207S11	SES292	-1.6765	-63.3563	-61.6798
BLOCK20/SES207/SA207S25	SES068	-2.16216	-64.2566	-62.0945
BLOCK20/SES207/SA207S25	SES083	-2.32404	-64.4185	-62.0945
BLOCK20/SES207/SA207S25	SES127	-1.29488	-63.3893	-62.0945
BLOCK20/SES207/SA207S25	SES187	-0.46648	-62.5609	-62.0945
BLOCK20/SES207/SA207S27	SES127	-1.25503	-63.6632	-62.4082
BLOCK20/SES207/SA207S27	SES183	-1.31879	-63.727	-62.4082
BLOCK20/SES207/SA207S27	SES187	-0.98579	-63.394	-62.4082
BLOCK20/SES207/SA207S27	SES292	-2.15403	-64.5622	-62.4082
BLOCK20/SES207/SA207S29	SES083	-1.67629	-63.0322	-61.356
BLOCK20/SES207/SA207S29	SES085	-0.904831	-62.2608	-61.356
BLOCK20/SES207/SA207S29	SES172	-2.32294	-63.6789	-61.356
BLOCK20/SES207/SA207S29	SES189	-1.53189	-62.8879	-61.356
BLOCK22/SES221/SA221S12	SES068	-2.25272	-63.7221	-61.4694
BLOCK22/SES221/SA221S12	SES143	-1.85012	-63.3195	-61.4694
BLOCK22/SES221/SA221S12	SES175	-1.58193	-63.0513	-61.4694
BLOCK22/SES221/SA221S12	SES202	-0.886478	-62.3559	-61.4694
BLOCK22/SES221/SA221S15	SES085	-4.05309	-67.3459	-63.2928
BLOCK22/SES221/SA221S15	SES143	-2.1458	-65.4386	-63.2928
BLOCK22/SES221/SA221S15	SES175	-2.23016	-65.5229	-63.2928
BLOCK22/SES221/SA221S15	SES187	-1.61958	-64.9124	-63.2928
BLOCK22/SES221/SA221S23	SES068	-3.12488	-64.8834	-61.7586
BLOCK22/SES221/SA221S23	SES143	-2.62851	-64.3871	-61.7586
BLOCK22/SES221/SA221S23	SES175	-1.03723	-62.7958	-61.7586
BLOCK22/SES221/SA221S23	SES189	0.347492	-61.4111	-61.7586
BLOCK22/SES221/SA221S27	SES085	-5.25114	-67.2011	-61.9499
BLOCK22/SES221/SA221S27	SES143	-1.35714	-63.3071	-61.9499
BLOCK22/SES221/SA221S27	SES175	-1.39404	-63.344	-61.9499
BLOCK22/SES221/SA221S27	SES189	1.23038	-60.7196	-61.9499
BLOCK22/SES221/SA221S29	SES085	-6.23903	-69.9739	-63.7349
BLOCK22/SES221/SA221S29	SES143	-2.51472	-66.2496	-63.7349
BLOCK22/SES221/SA221S29	SES175	-2.5523	-66.2872	-63.7349
BLOCK22/SES221/SA221S29	SES187	-1.02434	-64.7592	-63.7349
BLOCK22/SES223/SA223S11	SES143	-1.25965	-64.3063	-63.0466
BLOCK22/SES223/SA223S11	SES144	-2.20028	-65.2469	-63.0466
BLOCK22/SES223/SA223S11	SES175	-1.10435	-64.151	-63.0466
BLOCK22/SES223/SA223S11	SES187	-1.31628	-64.3629	-63.0466
BLOCK22/SES223/SA223S13	SES068	-2.46758	-66.5027	-64.0352
BLOCK22/SES223/SA223S13	SES143	-1.8543	-65.8895	-64.0352
BLOCK22/SES223/SA223S13	SES146	-3.08485	-67.12	-64.0352
BLOCK22/SES223/SA223S13	SES202	-1.5392	-65.5744	-64.0352
BLOCK22/SES223/SA223S22	SES143	-1.03414	-64.037	-63.0029
BLOCK22/SES223/SA223S22	SES144	-2.18866	-65.1915	-63.0029
BLOCK22/SES223/SA223S22	SES175	-1.44011	-64.443	-63.0029
BLOCK22/SES223/SA223S22	SES187	-1.26849	-64.2713	-63.0029
BLOCK22/SES223/SA223S25	SES068	-2.47729	-65.1367	-62.6594
BLOCK22/SES223/SA223S25	SES143	-1.81624	-64.4756	-62.6594
BLOCK22/SES223/SA223S25	SES175	-1.75107	-64.4104	-62.6594
BLOCK22/SES223/SA223S25	SES187	-1.395	-64.0544	-62.6594
BLOCK22/SES223/SA223S27	SES143	-1.6413	-64.7477	-63.1064
BLOCK22/SES223/SA223S27	SES146	-1.4383	-64.5447	-63.1064
BLOCK22/SES223/SA223S27	SES187	-1.43158	-64.5379	-63.1064
BLOCK22/SES223/SA223S27	SES292	-3.10543	-66.2118	-63.1064
BLOCK27/SES273/SA273S12	SES099	-0.567314	-59.1944	-58.6271
BLOCK27/SES273/SA273S12	SES104	0.297401	-58.3297	-58.6271
BLOCK27/SES273/SA273S12	SES125	-0.74411	-59.3712	-58.6271
BLOCK27/SES273/SA273S12	SES206	0.0339355	-58.5932	-58.6271
BLOCK27/SES273/SA273S13	SES099	-0.470848	-58.9655	-58.4947
BLOCK27/SES273/SA273S13	SES104	-0.383579	-58.8782	-58.4947
BLOCK27/SES273/SA273S13	SES206	-0.529392	-59.0241	-58.4947
BLOCK27/SES273/SA273S13	SES292	-3.82343	-62.3181	-58.4947
BLOCK27/SES273/SA273S21	SES099	0.0814438	-58.6137	-58.6952
BLOCK27/SES273/SA273S21	SES148	-2.90324	-61.5984	-58.6952
BLOCK27/SES273/SA273S21	SES149	-0.801899	-59.4971	-58.6952
BLOCK27/SES273/SA273S21	SES177	-4.23954	-62.9347	-58.6952
BLOCK27/SES273/SA273S25	SES104	-0.481621	-59.4107	-58.929
BLOCK27/SES273/SA273S25	SES125	-1.01481	-59.9438	-58.929
BLOCK27/SES273/SA273S25	SES158	-0.744423	-59.6735	-58.929
BLOCK27/SES273/SA273S25	SES206	0.305363	-58.6237	-58.929
BLOCK27/SES273/SA273S27	SES099	-0.283211	-59.6291	-59.3459
BLOCK27/SES273/SA273S27	SES104	-0.562256	-59.9081	-59.3459
BLOCK27/SES273/SA273S27	SES149	-0.881104	-60.227	-59.3459
BLOCK27/SES273/SA273S27	SES275	-2.37257	-61.7185	-59.3459
BLOCK27/SES274/SA274S10	SES105	-2.19281	-62.4532	-60.2604
BLOCK27/SES274/SA274S10	SES125	-0.477676	-60.738	-60.2604
BLOCK27/SES274/SA274S10	SES129	-1.15553	-61.4159	-60.2604
BLOCK27/SES274/SA274S10	SES158	-1.49527	-61.7556	-60.2604
BLOCK27/SES274/SA274S11	SES105	-2.68912	-62.8305	-60.1414
BLOCK27/SES274/SA274S11	SES149	-0.944328	-61.0857	-60.1414
BLOCK27/SES274/SA274S11	SES158	-1.32335	-61.4648	-60.1414
BLOCK27/SES274/SA274S11	SES275	-3.25475	-63.3962	-60.1414
BLOCK27/SES274/SA274S21	SES105	-2.41248	-63.0608	-60.6483
BLOCK27/SES274/SA274S21	SES129	-1.89521	-62.5435	-60.6483
BLOCK27/SES274/SA274S21	SES149	-1.01696	-61.6653	-60.6483
BLOCK27/SES274/SA274S21	SES158	-1.94553	-62.5939	-60.6483
BLOCK27/SES274/SA274S24	SES105	-2.6622	-62.7506	-60.0884
BLOCK27/SES274/SA274S24	SES129	-2.14753	-62.2359	-60.0884
BLOCK27/SES274/SA274S24	SES149	-1.38994	-61.4783	-60.0884
BLOCK27/SES274/SA274S24	SES158	-1.82146	-61.9099	-60.0884
BLOCK27/SES274/SA274S29	SES105	-2.55274	-62.6377	-60.085
BLOCK27/SES274/SA274S29	SES106	-1.66179	-61.7468	-60.085
BLOCK27/SES274/SA274S29	SES120	-1.98304	-62.0681	-60.085
BLOCK27/SES274/SA274S29	SES275	-2.5712	-62.6562	-60.085
BLOCK27/SES276/SA276S16	SES148	-1.4663	-63.7862	-62.3199
BLOCK27/SES276/SA276S16	SES172	-2.04007	-64.36	-62.3199
BLOCK27/SES276/SA276S16	SES180	-3.40316	-65.7231	-62.3199
BLOCK27/SES276/SA276S16	SES292	-0.24847	-62.5684	-62.3199
BLOCK27/SES276/SA276S17	SES101	-1.66697	-63.4277	-61.7607
BLOCK27/SES276/SA276S17	SES177	-2.27717	-64.0379	-61.7607
BLOCK27/SES276/SA276S17	SES180	-2.19659	-63.9573	-61.7607
BLOCK27/SES276/SA276S17	SES292	-1.60706	-63.3678	-61.7607
BLOCK27/SES276/SA276S24	SES101	-0.973049	-61.5172	-60.5442
BLOCK27/SES276/SA276S24	SES177	-1.78934	-62.3335	-60.5442
BLOCK27/SES276/SA276S24	SES180	-2.6878	-63.232	-60.5442
BLOCK27/SES276/SA276S24	SES292	-1.78096	-62.3251	-60.5442
BLOCK27/SES276/SA276S26	SES101	-1.92192	-63.0277	-61.1058
BLOCK27/SES276/SA276S26	SES177	-1.33305	-62.4388	-61.1058
BLOCK27/SES276/SA276S26	SES180	-1.35482	-62.4606	-61.1058
BLOCK27/SES276/SA276S26	SES292	-0.908791	-62.0146	-61.1058
BLOCK27/SES276/SA276S28	SES101	-1.91093	-63.376	-61.4651
BLOCK27/SES276/SA276S28	SES177	-1.73954	-63.2046	-61.4651
BLOCK27/SES276/SA276S28	SES180	-1.63743	-63.1025	-61.4651
BLOCK27/SES276/SA276S28	SES292	-1.31356	-62.7786	-61.4651
BLOCK27/SES277/SA277S12	SES101	-1.46831	-63.968	-62.4997
BLOCK27/SES277/SA277S12	SES177	-2.51855	-65.0183	-62.4997
BLOCK27/SES277/SA277S12	SES180	-2.3321	-64.8318	-62.4997
BLOCK27/SES277/SA277S12	SES292	-3.04161	-65.5413	-62.4997
BLOCK27/SES277/SA277S14	SES177	-1.25915	-64.3312	-63.0721
BLOCK27/SES277/SA277S14	SES180	-1.90722	-64.9793	-63.0721
BLOCK27/SES277/SA277S14	SES189	-0.168991	-63.241	-63.0721
BLOCK27/SES277/SA277S14	SES292	-3.05823	-66.1303	-63.0721
BLOCK27/SES277/SA277S21	SES177	-0.526592	-62.3468	-61.8202
BLOCK27/SES277/SA277S21	SES180	-2.37774	-64.1979	-61.8202
BLOCK27/SES277/SA277S21	SES189	-0.893887	-62.7141	-61.8202
BLOCK27/SES277/SA277S21	SES292	-2.51975	-64.3399	-61.8202
BLOCK27/SES277/SA277S24	SES144	-1.2341	-64.4892	-63.2551
BLOCK27/SES277/SA277S24	SES177	-1.26575	-64.5209	-63.2551
BLOCK27/SES277/SA277S24	SES180	-2.70463	-65.9597	-63.2551
BLOCK27/SES277/SA277S24	SES189	-0.561966	-63.8171	-63.2551
BLOCK27/SES277/SA277S29	SES177	-1.01485	-61.8382	-60.8233
BLOCK27/SES277/SA277S29	SES180	-1.43776	-62.2611	-60.8233
BLOCK27/SES277/SA277S29	SES202	-1.45736	-62.2807	-60.8233
BLOCK27/SES277/SA277S29	SES292	-2.19626	-63.0196	-60.8233
BLOCK27/SES279/SA279S09	SES120	-1.27563	-62.1942	-60.9186
BLOCK27/SES279/SA279S09	SES146	-1.46227	-62.3809	-60.9186
BLOCK27/SES279/SA279S09	SES206	-2.21071	-63.1293	-60.9186
BLOCK27/SES279/SA279S09	SES226	-2.05154	-62.9701	-60.9186
BLOCK27/SES279/SA279S10	SES099	-2.23057	-62.9752	-60.7447
BLOCK27/SES279/SA279S10	SES206	-1.49281	-62.2375	-60.7447
BLOCK27/SES279/SA279S10	SES226	-1.61007	-62.3547	-60.7447
BLOCK27/SES279/SA279S10	SES292	-1.35477	-62.0994	-60.7447
BLOCK27/SES279/SA279S20	SES099	-3.51863	-64.8645	-61.3458
BLOCK27/SES279/SA279S20	SES206	-2.12636	-63.4722	-61.3458
BLOCK27/SES279/SA279S20	SES226	-2.01795	-63.3638	-61.3458
BLOCK27/SES279/SA279S20	SES292	-0.28355	-61.6294	-61.3458
BLOCK27/SES279/SA279S26	SES099	-2.83343	-64.2006	-61.3671
BLOCK27/SES279/SA279S26	SES206	-1.53912	-62.9063	-61.3671
BLOCK27/SES279/SA279S26	SES226	-1.31552	-62.6827	-61.3671
BLOCK27/SES279/SA279S26	SES292	-1.06609	-62.4332	-61.3671
BLOCK27/SES279/SA279S28	SES099	-3.20338	-62.8086	-59.6052
BLOCK27/SES279/SA279S28	SES120	-1.40176	-61.007	-59.6052
BLOCK27/SES279/SA279S28	SES177	-3.43101	-63.0362	-59.6052
BLOCK27/SES279/SA279S28	SES206	-2.4184	-62.0236	-59.6052
BLOCK29/SES290/SA290S12	SES162	-2.325	-63.7089	-61.3839
BLOCK29/SES290/SA290S12	SES177	-1.56623	-62.9502	-61.3839
BLOCK29/SES290/SA290S12	SES180	-2.48814	-63.8721	-61.3839
BLOCK29/SES290/SA290S12	SES292	-2.39678	-63.7807	-61.3839
BLOCK29/SES290/SA290S13	SES007	-3.39549	-65.7575	-62.362
BLOCK29/SES290/SA290S13	SES162	-2.86337	-65.2254	-62.362
BLOCK29/SES290/SA290S13	SES177	-1.3287	-63.6907	-62.362
BLOCK29/SES290/SA290S13	SES180	-2.00829	-64.3703	-62.362
BLOCK29/SES290/SA290S22	SES177	-1.30727	-63.0071	-61.6998
BLOCK29/SES290/SA290S22	SES180	-1.25515	-62.955	-61.6998
BLOCK29/SES290/SA290S22	SES202	-1.27353	-62.9734	-61.6998
BLOCK29/SES290/SA290S22	SES292	-2.98334	-64.6832	-61.6998
BLOCK29/SES290/SA290S25	SES162	-1.76831	-63.1608	-61.3925
BLOCK29/SES290/SA290S25	SES177	-1.16977	-62.5622	-61.3925
BLOCK29/SES290/SA290S25	SES180	-1.86496	-63.2574	-61.3925
BLOCK29/SES290/SA290S25	SES292	-1.89707	-63.2895	-61.3925
BLOCK29/SES290/SA290S29	SES177	-0.0167274	-61.556	-61.5392
BLOCK29/SES290/SA290S29	SES180	-0.395962	-61.9352	-61.5392
BLOCK29/SES290/SA290S29	SES275	-2.04739	-63.5866	-61.5392
BLOCK29/SES290/SA290S29	SES292	-1.45527	-62.9945	-61.5392
BLOCK29/SES291/SA291S11	SES105	-3.7502	-64.9203	-61.1701
BLOCK29/SES291/SA291S11	SES125	-0.790356	-61.9605	-61.1701
BLOCK29/SES291/SA291S11	SES158	-0.983162	-62.1533	-61.1701
BLOCK29/SES291/SA291S11	SES275	-4.80975	-65.9799	-61.1701
BLOCK29/SES291/SA291S12	SES158	-0.245117	-60.4893	-60.2442
BLOCK29/SES291/SA291S12	SES226	-1.49359	-61.7378	-60.2442
BLOCK29/SES291/SA291S12	SES270	0.158161	-60.0861	-60.2442
BLOCK29/SES291/SA291S12	SES275	-5.57865	-65.8229	-60.2442
BLOCK29/SES291/SA291S22	SES082	-0.727081	-61.0814	-60.3544
BLOCK29/SES291/SA291S22	SES158	-0.857182	-61.2115	-60.3544
BLOCK29/SES291/SA291S22	SES259	-1.30377	-61.6581	-60.3544
BLOCK29/SES291/SA291S22	SES275	-4.59365	-64.948	-60.3544
BLOCK29/SES291/SA291S24	SES104	-0.19809	-59.3302	-59.1321
BLOCK29/SES291/SA291S24	SES125	-0.454964	-59.5871	-59.1321
BLOCK29/SES291/SA291S24	SES158	-0.539284	-59.6714	-59.1321
BLOCK29/SES291/SA291S24	SES275	-4.86044	-63.9926	-59.1321
BLOCK29/SES291/SA291S27	SES158	-0.133957	-59.7288	-59.5948
BLOCK29/SES291/SA291S27	SES172	-5.90033	-65.4951	-59.5948
BLOCK29/SES291/SA291S27	SES275	-4.97314	-64.568	-59.5948
BLOCK29/SES291/SA291S27	SES292	-4.84958	-64.4444	-59.5948
Threshold search:
THR	-10.11301388826	9	0(0)	1(1000)
THR	-9.9741311493774	8.991	0(0)	0.999(999)
THR	-9.8352484104948	8.991	0(0)	0.999(999)
THR	-9.6963656716122	8.991	0(0)	0.999(999)
THR	-9.5574829327296	8.991	0(0)	0.999(999)
THR	-9.418600193847	8.991	0(0)	0.999(999)
THR	-9.2797174549644	8.991	0(0)	0.999(999)
THR	-9.1408347160818	8.991	0(0)	0.999(999)
THR	-9.0019519771992	8.991	0(0)	0.999(999)
THR	-8.8630692383166	8.991	0(0)	0.999(999)
THR	-8.724186499434	8.991	0(0)	0.999(999)
THR	-8.5853037605514	8.991	0(0)	0.999(999)
THR	-8.4464210216688	8.991	0(0)	0.999(999)
THR	-8.3075382827862	8.991	0(0)	0.999(999)
THR	-8.1686555439036	8.991	0(0)	0.999(999)
THR	-8.029772805021	8.991	0(0)	0.999(999)
THR	-7.8908900661384	8.991	0(0)	0.999(999)
THR	-7.7520073272558	8.991	0(0)	0.999(999)
THR	-7.6131245883732	8.991	0(0)	0.999(999)
THR	-7.4742418494906	8.991	0(0)	0.999(999)
THR	-7.335359110608	8.991	0(0)	0.999(999)
THR	-7.1964763717254	8.982	0(0)	0.998(998)
THR	-7.0575936328428	8.982	0(0)	0.998(998)
THR	-6.9187108939602	8.982	0(0)	0.998(998)
THR	-6.7798281550776	8.982	0(0)	0.998(998)
THR	-6.640945416195	8.982	0(0)	0.998(998)
THR	-6.5020626773124	8.982	0(0)	0.998(998)
THR	-6.36317993842979	8.982	0(0)	0.998(998)
THR	-6.22429719954719	8.964	0(0)	0.996(996)
THR	-6.08541446066459	8.964	0(0)	0.996(996)
THR	-5.94653172178199	8.964	0(0)	0.996(996)
THR	-5.80764898289939	8.955	0(0)	0.995(995)
THR	-5.66876624401679	8.955	0(0)	0.995(995)
THR	-5.52988350513419	8.946	0(0)	0.994(994)
THR	-5.39100076625159	8.946	0(0)	0.994(994)
THR	-5.25211802736899	8.946	0(0)	0.994(994)
THR	-5.11323528848639	8.91	0(0)	0.99(990)
THR	-4.97435254960379	8.91	0(0)	0.99(990)
THR	-4.83546981072119	8.865	0(0)	0.985(985)
THR	-4.69658707183859	8.847	0(0)	0.983(983)
THR	-4.55770433295599	8.829	0(0)	0.981(981)
THR	-4.41882159407339	8.802	0(0)	0.978(978)
THR	-4.27993885519079	8.775	0(0)	0.975(975)
THR	-4.14105611630819	8.712	0(0)	0.968(968)
THR	-4.00217337742559	8.649	0(0)	0.961(961)
THR	-3.86329063854299	8.568	0(0)	0.952(952)
THR	-3.72440789966039	8.523	0(0)	0.947(947)
THR	-3.58552516077779	8.469	0(0)	0.941(941)
THR	-3.44664242189519	8.406	0(0)	0.934(934)
THR	-3.30775968301259	8.289	0(0)	0.921(921)
THR	-3.16887694412999	8.158	0.004(1)	0.906(906)
THR	-3.02999420524739	8.032	0.004(1)	0.892(892)
THR	-2.89111146636479	7.888	0.004(1)	0.876(876)
THR	-2.75222872748219	7.726	0.004(1)	0.858(858)
THR	-2.61334598859959	7.537	0.004(1)	0.837(837)
THR	-2.47446324971699	7.348	0.004(1)	0.816(816)
THR	-2.33558051083439	7.033	0.004(1)	0.781(781)
THR	-2.19669777195179	6.718	0.004(1)	0.746(746)
THR	-2.05781503306919	6.394	0.004(1)	0.71(710)
THR	-1.91893229418659	6.025	0.004(1)	0.669(669)
THR	-1.78004955530399	5.62	0.004(1)	0.624(624)
THR	-1.64116681642139	5.224	0.004(1)	0.58(580)
THR	-1.50228407753879	4.769	0.008(2)	0.529(529)
THR	-1.36340133865619	4.211	0.008(2)	0.467(467)
THR	-1.22451859977359	3.653	0.008(2)	0.405(405)
THR	-1.08563586089099	3.059	0.008(2)	0.339(339)
THR	-0.94675312200839	2.564	0.008(2)	0.284(284)
THR	-0.80787038312579	2.159	0.008(2)	0.239(239)
THR	-0.66898764424319	1.691	0.008(2)	0.187(187)
THR	-0.53010490536059	1.259	0.008(2)	0.139(139)
THR	-0.39122216647799	0.926	0.008(2)	0.102(102)
THR	-0.25233942759539	0.638	0.008(2)	0.07(70)
THR	-0.11345668871279	0.448	0.016(4)	0.048(48)
THR	0.0254260501698096	0.317	0.02(5)	0.033(33)
THR	0.16430878905241	0.203	0.032(8)	0.019(19)
THR	0.30319152793501	0.172	0.064(16)	0.012(12)
THR	0.44207426681761	0.156	0.084(21)	0.008(8)
THR	0.58095700570021	0.152	0.116(29)	0.004(4)
THR	0.71983974458281	0.169	0.16(40)	0.001(1)
THR	0.858722483465409	0.205	0.196(49)	0.001(1)
THR	0.997605222348009	0.269	0.26(65)	0.001(1)
THR	1.13648796123061	0.325	0.316(79)	0.001(1)
THR	1.27537070011321	0.376	0.376(94)	0(0)
THR	1.41425343899581	0.464	0.464(116)	0(0)
THR	1.55313617787841	0.536	0.536(134)	0(0)
THR	1.69201891676101	0.624	0.624(156)	0(0)
THR	1.83090165564361	0.656	0.656(164)	0(0)
THR	1.96978439452621	0.7	0.7(175)	0(0)
THR	2.10866713340881	0.744	0.744(186)	0(0)
THR	2.24754987229141	0.792	0.792(198)	0(0)
THR	2.38643261117401	0.84	0.84(210)	0(0)
THR	2.52531535005661	0.872	0.872(218)	0(0)
THR	2.66419808893921	0.896	0.896(224)	0(0)
THR	2.80308082782181	0.92	0.92(230)	0(0)
THR	2.94196356670441	0.944	0.944(236)	0(0)
THR	3.08084630558701	0.952	0.952(238)	0(0)
THR	3.21972904446961	0.972	0.972(243)	0(0)
THR	3.35861178335221	0.972	0.972(243)	0(0)
THR	3.49749452223481	0.98	0.98(245)	0(0)
THR	3.63637726111741	0.984	0.984(246)	0(0)
THR	3.77526000000001	1	1(250)	0(0)


==============================================
THR: 0.58095700570021
Missed:     29/250=0.1160
FalseAlarm: 4/1000=0.0040
----------------------------------------------
==> CostDetection: 15.2
==============================================
