BLOCK00/SES002/SA002S12	SES002	1.48021	16.7793	15.2991
BLOCK00/SES002/SA002S13	SES002	1.81606	16.5355	14.7195
BLOCK00/SES002/SA002S23	SES002	1.33113	16.7776	15.4465
BLOCK00/SES002/SA002S26	SES002	1.76307	17.9475	16.1844
BLOCK00/SES002/SA002S28	SES002	1.00311	15.3022	14.2991
BLOCK00/SES007/SA007S14	SES007	2.0459	18.3598	16.3139
BLOCK00/SES007/SA007S15	SES007	0.670956	15.8941	15.2231
BLOCK00/SES007/SA007S24	SES007	1.45504	16.1734	14.7183
BLOCK00/SES007/SA007S27	SES007	1.19473	15.5967	14.402
BLOCK00/SES007/SA007S29	SES007	0.431151	16.1557	15.7245
BLOCK00/SES008/SA008S11	SES008	1.79906	16.8882	15.0892
BLOCK00/SES008/SA008S12	SES008	0.627481	15.5994	14.9719
BLOCK00/SES008/SA008S19	SES008	1.90754	17.8501	15.9426
BLOCK00/SES008/SA008S22	SES008	0.791494	15.3445	14.553
BLOCK00/SES008/SA008S29	SES008	1.98771	17.782	15.7943
BLOCK01/SES014/SA014S10	SES014	2.84886	17.9356	15.0867
BLOCK01/SES014/SA014S12	SES014	3.53877	20.3886	16.8498
BLOCK01/SES014/SA014S24	SES014	1.87343	18.2606	16.3871
BLOCK01/SES014/SA014S26	SES014	2.90223	21.0371	18.1348
BLOCK01/SES014/SA014S28	SES014	4.15956	21.3611	17.2016
BLOCK01/SES016/SA016S12	SES016	1.88308	15.1089	13.2259
BLOCK01/SES016/SA016S13	SES016	1.9192	16.8871	14.9679
BLOCK01/SES016/SA016S22	SES016	1.60086	16.6528	15.052
BLOCK01/SES016/SA016S25	SES016	2.00969	18.5024	16.4927
BLOCK01/SES016/SA016S27	SES016	2.2811	19.1407	16.8596
BLOCK01/SES019/SA019S13	SES019	3.25158	15.9915	12.7399
BLOCK01/SES019/SA019S14	SES019	2.46594	16.1696	13.7037
BLOCK01/SES019/SA019S22	SES019	2.9366	16.1114	13.1748
BLOCK01/SES019/SA019S25	SES019	2.9183	16.6546	13.7363
BLOCK01/SES019/SA019S29	SES019	3.80445	17.0093	13.2049
BLOCK02/SES029/SA029S11	SES029	1.91995	17.0772	15.1573
BLOCK02/SES029/SA029S12	SES029	0.794659	16.9697	16.175
BLOCK02/SES029/SA029S20	SES029	1.57599	16.5356	14.9596
BLOCK02/SES029/SA029S25	SES029	1.61519	17.7653	16.1501
BLOCK02/SES029/SA029S28	SES029	0.624899	16.341	15.7161
BLOCK04/SES042/SA042S12	SES042	2.29807	17.851	15.5529
BLOCK04/SES042/SA042S15	SES042	2.62803	18.2463	15.6183
BLOCK04/SES042/SA042S22	SES042	3.38292	20.7518	17.3688
BLOCK04/SES042/SA042S25	SES042	2.36671	17.0751	14.7084
BLOCK04/SES042/SA042S27	SES042	1.8105	18.1421	16.3316
BLOCK04/SES048/SA048S11	SES048	1.79009	17.4866	15.6965
BLOCK04/SES048/SA048S12	SES048	1.00787	17.1793	16.1714
BLOCK04/SES048/SA048S20	SES048	0.550333	17.0277	16.4774
BLOCK04/SES048/SA048S23	SES048	1.71129	16.3971	14.6858
BLOCK04/SES048/SA048S27	SES048	1.0479	18.3031	17.2552
BLOCK06/SES060/SA060S11	SES060	1.96146	18.0113	16.0498
BLOCK06/SES060/SA060S12	SES060	0.345424	15.5463	15.2009
BLOCK06/SES060/SA060S22	SES060	0.472833	14.5023	14.0295
BLOCK06/SES060/SA060S24	SES060	1.69343	17.6683	15.9749
BLOCK06/SES060/SA060S28	SES060	1.37331	19.5263	18.153
BLOCK06/SES062/SA062S10	SES062	0.866173	16.9315	16.0654
BLOCK06/SES062/SA062S11	SES062	1.93748	17.2651	15.3277
BLOCK06/SES062/SA062S21	SES062	2.16874	20.1794	18.0106
BLOCK06/SES062/SA062S26	SES062	1.34243	18.322	16.9796
BLOCK06/SES062/SA062S29	SES062	1.94916	19.4736	17.5245
BLOCK06/SES068/SA068S14	SES068	0.340418	16.6832	16.3428
BLOCK06/SES068/SA068S15	SES068	1.39996	18.4164	17.0165
BLOCK06/SES068/SA068S23	SES068	1.30591	16.2926	14.9867
BLOCK06/SES068/SA068S27	SES068	2.21894	19.0712	16.8523
BLOCK06/SES068/SA068S29	SES068	0.876384	16.8215	15.9451
BLOCK08/SES082/SA082S12	SES082	0.582051	14.8855	14.3035
BLOCK08/SES082/SA082S14	SES082	0.951479	15.2572	14.3058
BLOCK08/SES082/SA082S21	SES082	0.537197	15.4219	14.8847
BLOCK08/SES082/SA082S24	SES082	1.05363	17.2747	16.2211
BLOCK08/SES082/SA082S28	SES082	0.727728	15.5131	14.7853
BLOCK08/SES083/SA083S14	SES083	0.386561	16.1921	15.8055
BLOCK08/SES083/SA083S15	SES083	0.783741	17.1434	16.3597
BLOCK08/SES083/SA083S24	SES083	0.570877	16.403	15.8322
BLOCK08/SES083/SA083S26	SES083	0.879187	16.2357	15.3565
BLOCK08/SES083/SA083S29	SES083	0.449553	17.1399	16.6903
BLOCK08/SES085/SA085S10	SES085	0.520313	16.6775	16.1572
BLOCK08/SES085/SA085S13	SES085	0.269548	15.6461	15.3765
BLOCK08/SES085/SA085S22	SES085	0.615009	17.8694	17.2544
BLOCK08/SES085/SA085S26	SES085	0.6112	17.0758	16.4646
BLOCK08/SES085/SA085S28	SES085	1.59726	17.3641	15.7668
BLOCK08/SES087/SA087S15	SES087	1.97238	16.7255	14.7531
BLOCK08/SES087/SA087S16	SES087	1.97555	16.6661	14.6906
BLOCK08/SES087/SA087S24	SES087	1.58872	16.8941	15.3054
BLOCK08/SES087/SA087S26	SES087	1.47728	17.7114	16.2341
BLOCK08/SES087/SA087S29	SES087	2.18474	16.6192	14.4345
BLOCK09/SES099/SA099S15	SES099	1.97149	16.3229	14.3514
BLOCK09/SES099/SA099S16	SES099	1.67279	16.177	14.5042
BLOCK09/SES099/SA099S24	SES099	1.76749	16.6137	14.8463
BLOCK09/SES099/SA099S26	SES099	2.1173	16.7733	14.656
BLOCK09/SES099/SA099S29	SES099	2.24615	17.3996	15.1534
BLOCK10/SES101/SA101S11	SES101	0.541357	16.3296	15.7882
BLOCK10/SES101/SA101S13	SES101	1.98672	18.6062	16.6195
BLOCK10/SES101/SA101S22	SES101	0.943209	16.1203	15.1771
BLOCK10/SES101/SA101S24	SES101	1.08148	16.4347	15.3532
BLOCK10/SES101/SA101S28	SES101	0.742736	15.4994	14.7567
BLOCK10/SES104/SA104S11	SES104	2.35252	19.5916	17.239
BLOCK10/SES104/SA104S12	SES104	2.19023	17.5858	15.3956
BLOCK10/SES104/SA104S21	SES104	1.80904	16.9856	15.1765
BLOCK10/SES104/SA104S24	SES104	1.1478	16.517	15.3692
BLOCK10/SES104/SA104S28	SES104	1.68256	17.9344	16.2518
BLOCK10/SES105/SA105S12	SES105	1.14522	14.8326	13.6874
BLOCK10/SES105/SA105S13	SES105	1.03141	15.092	14.0606
BLOCK10/SES105/SA105S22	SES105	0.788269	14.0887	13.3004
BLOCK10/SES105/SA105S26	SES105	1.47388	15.2664	13.7925
BLOCK10/SES105/SA105S29	SES105	1.54736	16.2274	14.68
BLOCK10/SES106/SA106S09	SES106	1.54518	15.0485	13.5033
BLOCK10/SES106/SA106S11	SES106	1.93712	17.0043	15.0672
BLOCK10/SES106/SA106S22	SES106	4.02228	17.8957	13.8734
BLOCK10/SES106/SA106S27	SES106	1.9358	16.0731	14.1373
BLOCK10/SES106/SA106S29	SES106	1.30275	15.5478	14.2451
BLOCK11/SES117/SA117S12	SES117	1.12032	15.9249	14.8046
BLOCK11/SES117/SA117S13	SES117	0.382419	16.1195	15.7371
BLOCK11/SES117/SA117S23	SES117	2.28375	15.2886	13.0048
BLOCK11/SES117/SA117S25	SES117	1.24745	15.0879	13.8404
BLOCK11/SES117/SA117S28	SES117	1.37373	14.9043	13.5306
BLOCK12/SES120/SA120S08	SES120	0.990991	13.7422	12.7512
BLOCK12/SES120/SA120S11	SES120	1.30395	12.5003	11.1963
BLOCK12/SES120/SA120S22	SES120	0.327175	15.691	15.3639
BLOCK12/SES120/SA120S24	SES120	0.632682	14.5096	13.8769
BLOCK12/SES120/SA120S28	SES120	0.682341	12.7328	12.0505
BLOCK12/SES125/SA125S13	SES125	2.07695	16.8995	14.8225
BLOCK12/SES125/SA125S14	SES125	1.09751	15.5853	14.4878
BLOCK12/SES125/SA125S25	SES125	2.18472	17.7063	15.5216
BLOCK12/SES125/SA125S27	SES125	2.38101	18.5999	16.2189
BLOCK12/SES125/SA125S29	SES125	2.47498	17.262	14.787
BLOCK12/SES127/SA127S11	SES127	1.60041	16.1939	14.5935
BLOCK12/SES127/SA127S12	SES127	0.628715	16.6183	15.9896
BLOCK12/SES127/SA127S23	SES127	0.9891	16.4457	15.4566
BLOCK12/SES127/SA127S25	SES127	0.283198	15.4101	15.1269
BLOCK12/SES127/SA127S27	SES127	1.48829	16.833	15.3447
BLOCK12/SES129/SA129S11	SES129	2.13859	18.064	15.9254
BLOCK12/SES129/SA129S12	SES129	1.66755	17.721	16.0534
BLOCK12/SES129/SA129S22	SES129	1.44685	16.5031	15.0562
BLOCK12/SES129/SA129S27	SES129	1.73586	17.3331	15.5973
BLOCK12/SES129/SA129S29	SES129	1.65102	17.5868	15.9358
BLOCK14/SES142/SA142S11	SES142	2.66411	16.2571	13.593
BLOCK14/SES142/SA142S12	SES142	1.14937	15.2149	14.0655
BLOCK14/SES142/SA142S24	SES142	1.89742	16.3885	14.4911
BLOCK14/SES142/SA142S27	SES142	2.34202	17.0088	14.6668
BLOCK14/SES142/SA142S29	SES142	2.93718	16.4436	13.5064
BLOCK14/SES143/SA143S12	SES143	1.30706	15.5851	14.278
BLOCK14/SES143/SA143S13	SES143	1.28077	15.3914	14.1106
BLOCK14/SES143/SA143S23	SES143	1.38748	15.3005	13.913
BLOCK14/SES143/SA143S25	SES143	1.74887	16.4208	14.6719
BLOCK14/SES143/SA143S28	SES143	1.24324	15.5679	14.3247
BLOCK14/SES144/SA144S09	SES144	1.2186	16.5579	15.3393
BLOCK14/SES144/SA144S11	SES144	1.53317	15.9283	14.3952
BLOCK14/SES144/SA144S21	SES144	0.39245	15.0885	14.696
BLOCK14/SES144/SA144S25	SES144	0.630443	14.6207	13.9903
BLOCK14/SES144/SA144S29	SES144	0.249396	15.9447	15.6953
BLOCK14/SES146/SA146S14	SES146	0.924611	14.7521	13.8275
BLOCK14/SES146/SA146S15	SES146	0.823255	14.8362	14.0129
BLOCK14/SES146/SA146S24	SES146	1.12274	15.3448	14.222
BLOCK14/SES146/SA146S26	SES146	1.159	15.2695	14.1105
BLOCK14/SES146/SA146S29	SES146	0.893633	14.5115	13.6178
BLOCK14/SES147/SA147S11	SES147	2.02415	15.84	13.8158
BLOCK14/SES147/SA147S13	SES147	2.32128	16.5441	14.2228
BLOCK14/SES147/SA147S23	SES147	0.656054	15.349	14.693
BLOCK14/SES147/SA147S26	SES147	1.58975	15.7207	14.1309
BLOCK14/SES147/SA147S28	SES147	1.90329	16.0119	14.1086
BLOCK14/SES148/SA148S10	SES148	1.38845	15.3239	13.9354
BLOCK14/SES148/SA148S12	SES148	1.45234	14.6877	13.2353
BLOCK14/SES148/SA148S22	SES148	1.80561	17.0332	15.2276
BLOCK14/SES148/SA148S26	SES148	0.348973	15.9376	15.5886
BLOCK14/SES148/SA148S29	SES148	0.631456	15.1864	14.555
BLOCK14/SES149/SA149S13	SES149	0.162082	15.5732	15.4111
BLOCK14/SES149/SA149S14	SES149	0.680527	16.7951	16.1146
BLOCK14/SES149/SA149S24	SES149	1.38499	17.3821	15.9971
BLOCK14/SES149/SA149S26	SES149	2.13554	18.562	16.4265
BLOCK14/SES149/SA149S28	SES149	2.42182	19.6292	17.2074
BLOCK15/SES158/SA158S13	SES158	1.93401	15.2287	13.2947
BLOCK15/SES158/SA158S14	SES158	3.09949	15.9435	12.844
BLOCK15/SES158/SA158S23	SES158	1.80135	15.7351	13.9337
BLOCK15/SES158/SA158S26	SES158	2.73062	15.4408	12.7101
BLOCK15/SES158/SA158S28	SES158	0.953868	14.6855	13.7316
BLOCK16/SES162/SA162S10	SES162	1.15037	14.1978	13.0474
BLOCK16/SES162/SA162S11	SES162	1.14209	16.3639	15.2218
BLOCK16/SES162/SA162S21	SES162	2.06411	16.7937	14.7296
BLOCK16/SES162/SA162S24	SES162	1.48038	15.9966	14.5162
BLOCK16/SES162/SA162S27	SES162	1.97722	15.7396	13.7623
BLOCK16/SES167/SA167S14	SES167	1.11893	17.7122	16.5933
BLOCK16/SES167/SA167S15	SES167	1.24649	16.4376	15.1911
BLOCK16/SES167/SA167S21	SES167	2.23127	17.4452	15.2139
BLOCK16/SES167/SA167S25	SES167	2.39881	16.3523	13.9535
BLOCK16/SES167/SA167S29	SES167	2.70569	18.55	15.8443
BLOCK17/SES172/SA172S12	SES172	1.92455	17.4178	15.4933
BLOCK17/SES172/SA172S13	SES172	1.6628	16.3045	14.6417
BLOCK17/SES172/SA172S23	SES172	1.26858	17.693	16.4244
BLOCK17/SES172/SA172S27	SES172	1.45751	16.6091	15.1516
BLOCK17/SES172/SA172S29	SES172	2.2481	17.568	15.3199
BLOCK17/SES175/SA175S11	SES175	0.938352	16.2967	15.3584
BLOCK17/SES175/SA175S13	SES175	1.10772	16.2329	15.1251
BLOCK17/SES175/SA175S23	SES175	1.60921	16.4931	14.8839
BLOCK17/SES175/SA175S25	SES175	0.809126	14.3655	13.5564
BLOCK17/SES175/SA175S28	SES175	1.22685	17.0698	15.8429
BLOCK17/SES177/SA177S15	SES177	0.637395	16.1174	15.48
BLOCK17/SES177/SA177S17	SES177	0.450164	16.0173	15.5671
BLOCK17/SES177/SA177S23	SES177	0.246687	15.2162	14.9695
BLOCK17/SES177/SA177S26	SES177	1.00002	18.0942	17.0942
BLOCK17/SES177/SA177S28	SES177	0.964367	16.8146	15.8502
BLOCK18/SES180/SA180S13	SES180	0.327101	15.3301	15.003
BLOCK18/SES180/SA180S15	SES180	1.29875	15.9786	14.6798
BLOCK18/SES180/SA180S24	SES180	0.744757	17.1151	16.3703
BLOCK18/SES180/SA180S26	SES180	1.2546	16.8733	15.6187
BLOCK18/SES180/SA180S29	SES180	1.49016	16.3509	14.8607
BLOCK18/SES183/SA183S13	SES183	1.42208	14.9291	13.507
BLOCK18/SES183/SA183S14	SES183	-0.171347	13.7878	13.9591
BLOCK18/SES183/SA183S24	SES183	1.63076	14.2656	12.6349
BLOCK18/SES183/SA183S27	SES183	1.41411	14.9381	13.524
BLOCK18/SES183/SA183S29	SES183	0.552068	15.5391	14.987
BLOCK18/SES187/SA187S13	SES187	0.725307	15.9207	15.1954
BLOCK18/SES187/SA187S14	SES187	1.12154	15.6101	14.4886
BLOCK18/SES187/SA187S24	SES187	2.59817	15.7944	13.1962
BLOCK18/SES187/SA187S27	SES187	1.6861	15.8681	14.182
BLOCK18/SES187/SA187S29	SES187	1.37402	16.5596	15.1856
BLOCK18/SES189/SA189S10	SES189	1.75426	14.8372	13.0829
BLOCK18/SES189/SA189S13	SES189	2.36001	14.7503	12.3903
BLOCK18/SES189/SA189S24	SES189	2.89268	14.94	12.0473
BLOCK18/SES189/SA189S26	SES189	1.49878	15.6088	14.11
BLOCK18/SES189/SA189S29	SES189	2.55721	15.5045	12.9473
BLOCK20/SES202/SA202S12	SES202	1.3731	13.3538	11.9807
BLOCK20/SES202/SA202S14	SES202	2.44408	15.7371	13.2931
BLOCK20/SES202/SA202S24	SES202	1.56714	15.6376	14.0705
BLOCK20/SES202/SA202S27	SES202	1.75902	17.3859	15.6269
BLOCK20/SES202/SA202S29	SES202	2.2312	16.8508	14.6196
BLOCK20/SES206/SA206S15	SES206	-0.220021	15.7852	16.0052
BLOCK20/SES206/SA206S17	SES206	1.93698	18.2309	16.294
BLOCK20/SES206/SA206S24	SES206	2.1393	18.512	16.3727
BLOCK20/SES206/SA206S27	SES206	2.22161	17.4114	15.1898
BLOCK20/SES206/SA206S29	SES206	1.52986	18.4655	16.9356
BLOCK22/SES226/SA226S12	SES226	1.26094	16.1265	14.8655
BLOCK22/SES226/SA226S13	SES226	-0.25123	14.1051	14.3563
BLOCK22/SES226/SA226S20	SES226	1.14912	15.6439	14.4948
BLOCK22/SES226/SA226S23	SES226	1.4515	16.3726	14.9211
BLOCK22/SES226/SA226S28	SES226	2.35433	17.2817	14.9273
BLOCK25/SES259/SA259S13	SES259	4.28932	18.6354	14.3461
BLOCK25/SES259/SA259S14	SES259	2.72496	17.3678	14.6428
BLOCK25/SES259/SA259S22	SES259	2.43116	17.0577	14.6265
BLOCK25/SES259/SA259S24	SES259	2.57586	18.7202	16.1443
BLOCK25/SES259/SA259S28	SES259	2.35647	17.5891	15.2326
BLOCK27/SES270/SA270S14	SES270	2.64391	15.4835	12.8396
BLOCK27/SES270/SA270S16	SES270	0.635463	14.802	14.1665
BLOCK27/SES270/SA270S22	SES270	2.82325	16.2903	13.467
BLOCK27/SES270/SA270S26	SES270	1.20922	13.696	12.4867
BLOCK27/SES270/SA270S28	SES270	1.84176	16.1995	14.3578
BLOCK27/SES275/SA275S17	SES275	1.59543	16.2407	14.6453
BLOCK27/SES275/SA275S18	SES275	1.04225	16.1541	15.1119
BLOCK27/SES275/SA275S24	SES275	0.897815	14.7427	13.8448
BLOCK27/SES275/SA275S26	SES275	1.63449	16.2966	14.6621
BLOCK27/SES275/SA275S28	SES275	0.598614	15.7203	15.1217
BLOCK29/SES292/SA292S10	SES292	0.856266	15.6802	14.8239
BLOCK29/SES292/SA292S12	SES292	0.583449	15.838	15.2546
BLOCK29/SES292/SA292S22	SES292	0.755372	16.6211	15.8658
BLOCK29/SES292/SA292S24	SES292	0.525363	15.9842	15.4588
BLOCK29/SES292/SA292S27	SES292	0.563651	16.5068	15.9432
BLOCK00/SES001/SA001S14	SES062	-2.73699	10.81	13.547
BLOCK00/SES001/SA001S14	SES082	-2.61977	10.9272	13.547
BLOCK00/SES001/SA001S14	SES106	-2.26724	11.2797	13.547
BLOCK00/SES001/SA001S14	SES206	-1.85109	11.6959	13.547
BLOCK00/SES001/SA001S15	SES062	-2.93854	12.3332	15.2718
BLOCK00/SES001/SA001S15	SES104	-3.12387	12.1479	15.2718
BLOCK00/SES001/SA001S15	SES106	-2.17934	13.0924	15.2718
BLOCK00/SES001/SA001S15	SES206	-1.84604	13.4257	15.2718
BLOCK00/SES001/SA001S24	SES062	-3.57347	9.8971	13.4706
BLOCK00/SES001/SA001S24	SES082	-3.11492	10.3557	13.4706
BLOCK00/SES001/SA001S24	SES087	-1.84358	11.627	13.4706
BLOCK00/SES001/SA001S24	SES206	-2.37563	11.0949	13.4706
BLOCK00/SES001/SA001S27	SES062	-2.5162	12.8524	15.3686
BLOCK00/SES001/SA001S27	SES082	-1.98407	13.3845	15.3686
BLOCK00/SES001/SA001S27	SES087	-1.57461	13.794	15.3686
BLOCK00/SES001/SA001S27	SES206	-1.95316	13.4154	15.3686
BLOCK00/SES001/SA001S29	SES062	-3.83885	10.0257	13.8646
BLOCK00/SES001/SA001S29	SES082	-1.96721	11.8974	13.8646
BLOCK00/SES001/SA001S29	SES158	-1.53224	12.3323	13.8646
BLOCK00/SES001/SA001S29	SES206	-2.49164	11.373	13.8646
BLOCK00/SES003/SA003S11	SES002	-1.05598	13.9605	15.0165
BLOCK00/SES003/SA003S11	SES019	-1.7436	13.2729	15.0165
BLOCK00/SES003/SA003S11	SES082	-0.69555	14.321	15.0165
BLOCK00/SES003/SA003S11	SES125	-1.94457	13.0719	15.0165
BLOCK00/SES003/SA003S15	SES016	-1.48854	14.1948	15.6833
BLOCK00/SES003/SA003S15	SES019	-1.76067	13.9227	15.6833
BLOCK00/SES003/SA003S15	SES062	-2.11079	13.5725	15.6833
BLOCK00/SES003/SA003S15	SES206	-1.57571	14.1076	15.6833
BLOCK00/SES003/SA003S22	SES002	-1.97641	13.2785	15.2549
BLOCK00/SES003/SA003S22	SES062	-1.17198	14.0829	15.2549
BLOCK00/SES003/SA003S22	SES082	-1.96759	13.2873	15.2549
BLOCK00/SES003/SA003S22	SES087	-1.58022	13.6747	15.2549
BLOCK00/SES003/SA003S25	SES062	-3.09806	11.5039	14.6019
BLOCK00/SES003/SA003S25	SES082	-1.67412	12.9278	14.6019
BLOCK00/SES003/SA003S25	SES087	-1.63812	12.9638	14.6019
BLOCK00/SES003/SA003S25	SES206	-2.09895	12.503	14.6019
BLOCK00/SES003/SA003S29	SES002	-1.73575	12.7579	14.4937
BLOCK00/SES003/SA003S29	SES062	-2.73955	11.7541	14.4937
BLOCK00/SES003/SA003S29	SES082	-1.62531	12.8684	14.4937
BLOCK00/SES003/SA003S29	SES087	-1.97463	12.5191	14.4937
BLOCK00/SES004/SA004S12	SES083	-2.11995	11.974	14.0939
BLOCK00/SES004/SA004S12	SES148	-2.17909	11.9149	14.0939
BLOCK00/SES004/SA004S12	SES172	-1.03354	13.0604	14.0939
BLOCK00/SES004/SA004S12	SES292	-1.47054	12.6234	14.0939
BLOCK00/SES004/SA004S17	SES083	-1.87357	12.1545	14.028
BLOCK00/SES004/SA004S17	SES162	-1.14281	12.8852	14.028
BLOCK00/SES004/SA004S17	SES172	-0.935697	13.0923	14.028
BLOCK00/SES004/SA004S17	SES292	-1.75468	12.2733	14.028
BLOCK00/SES004/SA004S24	SES083	-2.07697	12.4407	14.5177
BLOCK00/SES004/SA004S24	SES148	-2.65773	11.8599	14.5177
BLOCK00/SES004/SA004S24	SES172	-0.785046	13.7326	14.5177
BLOCK00/SES004/SA004S24	SES292	-1.26755	13.2501	14.5177
BLOCK00/SES004/SA004S26	SES083	-2.25441	12.1464	14.4008
BLOCK00/SES004/SA004S26	SES127	-1.70237	12.6985	14.4008
BLOCK00/SES004/SA004S26	SES148	-3.8248	10.576	14.4008
BLOCK00/SES004/SA004S26	SES292	-2.77062	11.6302	14.4008
BLOCK00/SES004/SA004S28	SES083	-1.53035	14.3067	15.8371
BLOCK00/SES004/SA004S28	SES127	-1.09152	14.7455	15.8371
BLOCK00/SES004/SA004S28	SES187	-1.21499	14.6221	15.8371
BLOCK00/SES004/SA004S28	SES292	-2.11098	13.7261	15.8371
BLOCK00/SES006/SA006S10	SES014	-3.97639	7.84888	11.8253
BLOCK00/SES006/SA006S10	SES158	-2.1907	9.63457	11.8253
BLOCK00/SES006/SA006S10	SES226	-4.15782	7.66745	11.8253
BLOCK00/SES006/SA006S10	SES270	-1.39568	10.4296	11.8253
BLOCK00/SES006/SA006S11	SES158	-1.79272	10.317	12.1097
BLOCK00/SES006/SA006S11	SES226	-3.39771	8.71196	12.1097
BLOCK00/SES006/SA006S11	SES270	-1.48723	10.6225	12.1097
BLOCK00/SES006/SA006S11	SES275	-2.63378	9.4759	12.1097
BLOCK00/SES006/SA006S23	SES062	-3.20064	10.7142	13.9148
BLOCK00/SES006/SA006S23	SES105	-3.61263	10.3022	13.9148
BLOCK00/SES006/SA006S23	SES158	-2.3698	11.545	13.9148
BLOCK00/SES006/SA006S23	SES275	-2.43273	11.4821	13.9148
BLOCK00/SES006/SA006S26	SES104	-4.00301	9.40593	13.4089
BLOCK00/SES006/SA006S26	SES158	-1.81885	11.5901	13.4089
BLOCK00/SES006/SA006S26	SES270	-0.916352	12.4926	13.4089
BLOCK00/SES006/SA006S26	SES275	-2.59162	10.8173	13.4089
BLOCK00/SES006/SA006S28	SES007	-2.93521	9.18091	12.1161
BLOCK00/SES006/SA006S28	SES105	-3.61782	8.4983	12.1161
BLOCK00/SES006/SA006S28	SES158	-1.64063	10.4755	12.1161
BLOCK00/SES006/SA006S28	SES275	-2.88906	9.22707	12.1161
BLOCK00/SES009/SA009S12	SES083	-3.03309	12.7234	15.7565
BLOCK00/SES009/SA009S12	SES148	-2.85128	12.9052	15.7565
BLOCK00/SES009/SA009S12	SES177	-1.21304	14.5435	15.7565
BLOCK00/SES009/SA009S12	SES292	-1.82308	13.9334	15.7565
BLOCK00/SES009/SA009S15	SES007	-0.352955	16.0109	16.3639
BLOCK00/SES009/SA009S15	SES099	-3.98594	12.3779	16.3639
BLOCK00/SES009/SA009S15	SES148	-2.62077	13.7431	16.3639
BLOCK00/SES009/SA009S15	SES172	-1.63634	14.7275	16.3639
BLOCK00/SES009/SA009S24	SES146	-1.28222	14.8199	16.1022
BLOCK00/SES009/SA009S24	SES148	-2.61119	13.491	16.1022
BLOCK00/SES009/SA009S24	SES177	-0.468475	15.6337	16.1022
BLOCK00/SES009/SA009S24	SES292	-1.46433	14.6378	16.1022
BLOCK00/SES009/SA009S26	SES083	-2.78302	12.5698	15.3528
BLOCK00/SES009/SA009S26	SES101	-2.57936	12.7734	15.3528
BLOCK00/SES009/SA009S26	SES120	-1.80059	13.5522	15.3528
BLOCK00/SES009/SA009S26	SES177	-1.05147	14.3013	15.3528
BLOCK00/SES009/SA009S29	SES083	-2.49295	13.6683	16.1613
BLOCK00/SES009/SA009S29	SES101	-2.09668	14.0646	16.1613
BLOCK00/SES009/SA009S29	SES177	-0.992604	15.1687	16.1613
BLOCK00/SES009/SA009S29	SES292	-1.50402	14.6573	16.1613
BLOCK01/SES011/SA011S10	SES019	-1.97723	13.4726	15.4498
BLOCK01/SES011/SA011S10	SES042	-0.0159473	15.4339	15.4498
BLOCK01/SES011/SA011S10	SES082	-2.68658	12.7632	15.4498
BLOCK01/SES011/SA011S10	SES206	-1.86282	13.587	15.4498
BLOCK01/SES011/SA011S11	SES019	-1.6693	12.5377	14.207
BLOCK01/SES011/SA011S11	SES042	-0.899786	13.3072	14.207
BLOCK01/SES011/SA011S11	SES082	-2.30862	11.8984	14.207
BLOCK01/SES011/SA011S11	SES206	-2.07746	12.1295	14.207
BLOCK01/SES011/SA011S22	SES019	-1.14264	12.8986	14.0412
BLOCK01/SES011/SA011S22	SES042	0.134734	14.1759	14.0412
BLOCK01/SES011/SA011S22	SES082	-1.95623	12.085	14.0412
BLOCK01/SES011/SA011S22	SES206	-2.1388	11.9024	14.0412
BLOCK01/SES011/SA011S24	SES019	-2.19053	12.6798	14.8703
BLOCK01/SES011/SA011S24	SES042	-0.242158	14.6281	14.8703
BLOCK01/SES011/SA011S24	SES104	-1.92053	12.9498	14.8703
BLOCK01/SES011/SA011S24	SES206	-1.59196	13.2783	14.8703
BLOCK01/SES011/SA011S27	SES082	-0.512568	13.972	14.4845
BLOCK01/SES011/SA011S27	SES087	-1.87875	12.6058	14.4845
BLOCK01/SES011/SA011S27	SES125	-1.52025	12.9643	14.4845
BLOCK01/SES011/SA011S27	SES206	-1.33013	13.1544	14.4845
BLOCK01/SES012/SA012S11	SES007	-0.923219	15.896	16.8193
BLOCK01/SES012/SA012S11	SES082	-1.93599	14.8833	16.8193
BLOCK01/SES012/SA012S11	SES083	-2.2289	14.5904	16.8193
BLOCK01/SES012/SA012S11	SES206	-1.70482	15.1144	16.8193
BLOCK01/SES012/SA012S14	SES082	-1.13218	15.1508	16.283
BLOCK01/SES012/SA012S14	SES087	-2.27705	14.006	16.283
BLOCK01/SES012/SA012S14	SES206	-1.53928	14.7437	16.283
BLOCK01/SES012/SA012S14	SES292	-2.13263	14.1504	16.283
BLOCK01/SES012/SA012S24	SES082	-0.723954	14.4528	15.1768
BLOCK01/SES012/SA012S24	SES087	-1.85458	13.3222	15.1768
BLOCK01/SES012/SA012S24	SES120	-2.05474	13.122	15.1768
BLOCK01/SES012/SA012S24	SES206	-1.14669	14.0301	15.1768
BLOCK01/SES012/SA012S26	SES019	-4.35726	12.6061	16.9634
BLOCK01/SES012/SA012S26	SES082	-2.2478	14.7156	16.9634
BLOCK01/SES012/SA012S26	SES206	-1.03135	15.932	16.9634
BLOCK01/SES012/SA012S26	SES292	-1.59322	15.3702	16.9634
BLOCK01/SES012/SA012S29	SES062	-1.99541	14.6798	16.6752
BLOCK01/SES012/SA012S29	SES082	-1.26492	15.4102	16.6752
BLOCK01/SES012/SA012S29	SES083	-2.96811	13.7071	16.6752
BLOCK01/SES012/SA012S29	SES206	-1.46504	15.2101	16.6752
BLOCK01/SES013/SA013S16	SES062	-3.31507	11.1409	14.456
BLOCK01/SES013/SA013S16	SES106	-1.55311	12.9029	14.456
BLOCK01/SES013/SA013S16	SES206	-1.55812	12.8979	14.456
BLOCK01/SES013/SA013S16	SES226	-1.32675	13.1292	14.456
BLOCK01/SES013/SA013S17	SES062	-2.97364	13.49	16.4637
BLOCK01/SES013/SA013S17	SES106	-2.86957	13.5941	16.4637
BLOCK01/SES013/SA013S17	SES206	-1.18237	15.2813	16.4637
BLOCK01/SES013/SA013S17	SES226	-1.38377	15.0799	16.4637
BLOCK01/SES013/SA013S23	SES104	-2.24707	12.8744	15.1215
BLOCK01/SES013/SA013S23	SES106	-1.6688	13.4527	15.1215
BLOCK01/SES013/SA013S23	SES206	-1.44982	13.6717	15.1215
BLOCK01/SES013/SA013S23	SES270	-1.24969	13.8718	15.1215
BLOCK01/SES013/SA013S25	SES042	-2.22081	14.3321	16.5529
BLOCK01/SES013/SA013S25	SES104	-1.63823	14.9146	16.5529
BLOCK01/SES013/SA013S25	SES106	-2.11786	14.435	16.5529
BLOCK01/SES013/SA013S25	SES206	-1.55628	14.9966	16.5529
BLOCK01/SES013/SA013S29	SES062	-4.21672	11.3771	15.5939
BLOCK01/SES013/SA013S29	SES104	-2.9596	12.6343	15.5939
BLOCK01/SES013/SA013S29	SES106	-2.31585	13.278	15.5939
BLOCK01/SES013/SA013S29	SES206	-2.28339	13.3105	15.5939
BLOCK02/SES021/SA021S13	SES016	-3.12321	13.5588	16.682
BLOCK02/SES021/SA021S13	SES029	-1.76307	14.919	16.682
BLOCK02/SES021/SA021S13	SES087	-1.95569	14.7264	16.682
BLOCK02/SES021/SA021S13	SES206	-1.69241	14.9896	16.682
BLOCK02/SES021/SA021S15	SES087	-1.46695	16.2829	17.7499
BLOCK02/SES021/SA021S15	SES125	-1.2354	16.5145	17.7499
BLOCK02/SES021/SA021S15	SES206	-1.28447	16.4654	17.7499
BLOCK02/SES021/SA021S15	SES226	-2.31853	15.4313	17.7499
BLOCK02/SES021/SA021S23	SES062	-3.50659	11.1522	14.6588
BLOCK02/SES021/SA021S23	SES087	-1.23855	13.4202	14.6588
BLOCK02/SES021/SA021S23	SES206	-1.5797	13.0791	14.6588
BLOCK02/SES021/SA021S23	SES226	-1.43523	13.2235	14.6588
BLOCK02/SES021/SA021S27	SES002	-1.05254	15.5732	16.6258
BLOCK02/SES021/SA021S27	SES016	-4.52844	12.0973	16.6258
BLOCK02/SES021/SA021S27	SES019	-1.92281	14.703	16.6258
BLOCK02/SES021/SA021S27	SES062	-2.18065	14.4451	16.6258
BLOCK02/SES021/SA021S29	SES087	-1.64419	15.1	16.7442
BLOCK02/SES021/SA021S29	SES125	-0.986041	15.7582	16.7442
BLOCK02/SES021/SA021S29	SES206	-1.50525	15.239	16.7442
BLOCK02/SES021/SA021S29	SES226	-2.25266	14.4915	16.7442
BLOCK04/SES043/SA043S09	SES083	-1.44324	12.4475	13.8908
BLOCK04/SES043/SA043S09	SES101	-1.23326	12.6575	13.8908
BLOCK04/SES043/SA043S09	SES144	-0.621813	13.269	13.8908
BLOCK04/SES043/SA043S09	SES172	-1.61129	12.2795	13.8908
BLOCK04/SES043/SA043S11	SES083	-1.21013	14.4327	15.6428
BLOCK04/SES043/SA043S11	SES101	-1.21608	14.4267	15.6428
BLOCK04/SES043/SA043S11	SES144	-0.534383	15.1084	15.6428
BLOCK04/SES043/SA043S11	SES172	-1.52007	14.1227	15.6428
BLOCK04/SES043/SA043S23	SES083	-1.3536	13.5411	14.8947
BLOCK04/SES043/SA043S23	SES144	-0.406477	14.4882	14.8947
BLOCK04/SES043/SA043S23	SES177	-1.32985	13.5648	14.8947
BLOCK04/SES043/SA043S23	SES275	-0.970437	13.9242	14.8947
BLOCK04/SES043/SA043S26	SES083	-1.96602	12.2805	14.2465
BLOCK04/SES043/SA043S26	SES101	-1.44094	12.8055	14.2465
BLOCK04/SES043/SA043S26	SES144	-0.312517	13.934	14.2465
BLOCK04/SES043/SA043S26	SES177	-1.58641	12.6601	14.2465
BLOCK04/SES043/SA043S28	SES016	-2.00193	13.783	15.7849
BLOCK04/SES043/SA043S28	SES083	-1.16604	14.6189	15.7849
BLOCK04/SES043/SA043S28	SES101	-0.685071	15.0998	15.7849
BLOCK04/SES043/SA043S28	SES144	-1.00193	14.783	15.7849
BLOCK04/SES044/SA044S10	SES127	-2.85905	9.09487	11.9539
BLOCK04/SES044/SA044S10	SES144	-0.593924	11.36	11.9539
BLOCK04/SES044/SA044S10	SES147	-2.85612	9.0978	11.9539
BLOCK04/SES044/SA044S10	SES148	-3.06985	8.88407	11.9539
BLOCK04/SES044/SA044S11	SES101	-0.782571	12.5027	13.2852
BLOCK04/SES044/SA044S11	SES144	-0.233948	13.0513	13.2852
BLOCK04/SES044/SA044S11	SES147	-2.43184	10.8534	13.2852
BLOCK04/SES044/SA044S11	SES177	-1.82211	11.4631	13.2852
BLOCK04/SES044/SA044S24	SES007	-2.66447	11.6389	14.3034
BLOCK04/SES044/SA044S24	SES101	-1.15753	13.1459	14.3034
BLOCK04/SES044/SA044S24	SES147	-2.71608	11.5873	14.3034
BLOCK04/SES044/SA044S24	SES177	-1.42675	12.8766	14.3034
BLOCK04/SES044/SA044S26	SES007	-1.69886	12.7437	14.4426
BLOCK04/SES044/SA044S26	SES016	-1.19361	13.2489	14.4426
BLOCK04/SES044/SA044S26	SES101	-1.38968	13.0529	14.4426
BLOCK04/SES044/SA044S26	SES147	-1.21372	13.2288	14.4426
BLOCK04/SES044/SA044S29	SES007	-2.47939	11.726	14.2053
BLOCK04/SES044/SA044S29	SES101	-0.373455	13.8319	14.2053
BLOCK04/SES044/SA044S29	SES147	-1.56673	12.6386	14.2053
BLOCK04/SES044/SA044S29	SES177	-1.7907	12.4146	14.2053
BLOCK04/SES046/SA046S13	SES101	-1.05374	12.9667	14.0204
BLOCK04/SES046/SA046S13	SES144	-0.923597	13.0968	14.0204
BLOCK04/SES046/SA046S13	SES147	-2.28768	11.7327	14.0204
BLOCK04/SES046/SA046S13	SES177	-1.78946	12.231	14.0204
BLOCK04/SES046/SA046S15	SES048	-0.734382	14.9023	15.6367
BLOCK04/SES046/SA046S15	SES083	-1.01872	14.618	15.6367
BLOCK04/SES046/SA046S15	SES120	-2.85198	12.7848	15.6367
BLOCK04/SES046/SA046S15	SES148	-1.68146	13.9553	15.6367
BLOCK04/SES046/SA046S22	SES101	-0.928813	13.3245	14.2533
BLOCK04/SES046/SA046S22	SES144	-1.04997	13.2033	14.2533
BLOCK04/SES046/SA046S22	SES147	-2.49211	11.7612	14.2533
BLOCK04/SES046/SA046S22	SES172	-1.31586	12.9374	14.2533
BLOCK04/SES046/SA046S25	SES083	-1.46193	12.421	13.8829
BLOCK04/SES046/SA046S25	SES127	-1.7226	12.1603	13.8829
BLOCK04/SES046/SA046S25	SES144	-1.94153	11.9414	13.8829
BLOCK04/SES046/SA046S25	SES148	-1.86571	12.0172	13.8829
BLOCK04/SES046/SA046S28	SES007	-2.40915	11.6723	14.0815
BLOCK04/SES046/SA046S28	SES105	-2.55554	11.5259	14.0815
BLOCK04/SES046/SA046S28	SES147	-2.07319	12.0083	14.0815
BLOCK04/SES046/SA046S28	SES148	-1.44807	12.6334	14.0815
BLOCK04/SES049/SA049S16	SES104	-2.44394	11.184	13.6279
BLOCK04/SES049/SA049S16	SES106	-1.75951	11.8684	13.6279
BLOCK04/SES049/SA049S16	SES120	-2.03402	11.5939	13.6279
BLOCK04/SES049/SA049S16	SES206	-1.27716	12.3507	13.6279
BLOCK04/SES049/SA049S18	SES099	-1.58719	11.8003	13.3875
BLOCK04/SES049/SA049S18	SES104	-2.69559	10.6919	13.3875
BLOCK04/SES049/SA049S18	SES125	-3.00508	10.3824	13.3875
BLOCK04/SES049/SA049S18	SES206	-2.0071	11.3804	13.3875
BLOCK04/SES049/SA049S25	SES087	-1.13414	13.2897	14.4239
BLOCK04/SES049/SA049S25	SES104	-0.627955	13.7959	14.4239
BLOCK04/SES049/SA049S25	SES125	-1.38027	13.0436	14.4239
BLOCK04/SES049/SA049S25	SES206	-0.924012	13.4999	14.4239
BLOCK04/SES049/SA049S27	SES099	-0.943771	13.1794	14.1232
BLOCK04/SES049/SA049S27	SES104	-0.994832	13.1283	14.1232
BLOCK04/SES049/SA049S27	SES125	-1.91965	12.2035	14.1232
BLOCK04/SES049/SA049S27	SES206	-1.85561	12.2675	14.1232
BLOCK04/SES049/SA049S29	SES099	-0.779201	14.9565	15.7357
BLOCK04/SES049/SA049S29	SES104	-0.646954	15.0887	15.7357
BLOCK04/SES049/SA049S29	SES125	-1.34829	14.3874	15.7357
BLOCK04/SES049/SA049S29	SES206	-0.801543	14.9341	15.7357
BLOCK06/SES063/SA063S09	SES068	-2.03985	14.1457	16.1855
BLOCK06/SES063/SA063S09	SES083	-1.19654	14.989	16.1855
BLOCK06/SES063/SA063S09	SES177	-1.34656	14.839	16.1855
BLOCK06/SES063/SA063S09	SES187	-1.54273	14.6428	16.1855
BLOCK06/SES063/SA063S10	SES068	-2.34779	13.2173	15.5651
BLOCK06/SES063/SA063S10	SES083	-1.05201	14.5131	15.5651
BLOCK06/SES063/SA063S10	SES172	-1.79478	13.7703	15.5651
BLOCK06/SES063/SA063S10	SES187	-1.65569	13.9094	15.5651
BLOCK06/SES063/SA063S20	SES068	-1.99546	12.9587	14.9541
BLOCK06/SES063/SA063S20	SES083	-1.50055	13.4536	14.9541
BLOCK06/SES063/SA063S20	SES172	-1.17114	13.783	14.9541
BLOCK06/SES063/SA063S20	SES187	-0.961597	13.9925	14.9541
BLOCK06/SES063/SA063S24	SES029	-3.1259	12.5753	15.7012
BLOCK06/SES063/SA063S24	SES083	-1.20523	14.4959	15.7012
BLOCK06/SES063/SA063S24	SES177	-1.15115	14.55	15.7012
BLOCK06/SES063/SA063S24	SES189	-0.978262	14.7229	15.7012
BLOCK06/SES063/SA063S27	SES083	-1.37268	13.847	15.2197
BLOCK06/SES063/SA063S27	SES172	-1.80736	13.4123	15.2197
BLOCK06/SES063/SA063S27	SES187	-1.84542	13.3742	15.2197
BLOCK06/SES063/SA063S27	SES292	-1.64393	13.5757	15.2197
BLOCK06/SES067/SA067S12	SES083	-2.06974	13.7596	15.8293
BLOCK06/SES067/SA067S12	SES172	-1.7913	14.038	15.8293
BLOCK06/SES067/SA067S12	SES202	-1.06003	14.7693	15.8293
BLOCK06/SES067/SA067S12	SES292	-1.8938	13.9355	15.8293
BLOCK06/SES067/SA067S14	SES085	-1.78157	14.9562	16.7378
BLOCK06/SES067/SA067S14	SES177	-1.4535	15.2843	16.7378
BLOCK06/SES067/SA067S14	SES183	-0.746798	15.991	16.7378
BLOCK06/SES067/SA067S14	SES202	-1.22036	15.5174	16.7378
BLOCK06/SES067/SA067S21	SES144	-1.07057	14.2839	15.3545
BLOCK06/SES067/SA067S21	SES177	-1.54522	13.8093	15.3545
BLOCK06/SES067/SA067S21	SES183	-0.694505	14.66	15.3545
BLOCK06/SES067/SA067S21	SES189	-1.12262	14.2319	15.3545
BLOCK06/SES067/SA067S25	SES085	-1.00703	14.7312	15.7383
BLOCK06/SES067/SA067S25	SES177	-1.52144	14.2168	15.7383
BLOCK06/SES067/SA067S25	SES183	-1.27255	14.4657	15.7383
BLOCK06/SES067/SA067S25	SES202	-1.53855	14.1997	15.7383
BLOCK06/SES067/SA067S29	SES085	-2.11415	13.8949	16.0091
BLOCK06/SES067/SA067S29	SES177	-1.77274	14.2363	16.0091
BLOCK06/SES067/SA067S29	SES183	-0.53715	15.4719	16.0091
BLOCK06/SES067/SA067S29	SES202	-1.03838	14.9707	16.0091
BLOCK06/SES069/SA069S12	SES029	-2.80035	13.5541	16.3545
BLOCK06/SES069/SA069S12	SES082	-0.70663	15.6478	16.3545
BLOCK06/SES069/SA069S12	SES087	-1.64539	14.7091	16.3545
BLOCK06/SES069/SA069S12	SES206	-1.09593	15.2585	16.3545
BLOCK06/SES069/SA069S13	SES029	-3.31398	12.8722	16.1862
BLOCK06/SES069/SA069S13	SES087	-1.25631	14.9299	16.1862
BLOCK06/SES069/SA069S13	SES206	-1.46408	14.7221	16.1862
BLOCK06/SES069/SA069S13	SES226	-0.67212	15.5141	16.1862
BLOCK06/SES069/SA069S23	SES029	-0.756758	16.9031	17.6599
BLOCK06/SES069/SA069S23	SES087	-0.970068	16.6898	17.6599
BLOCK06/SES069/SA069S23	SES206	-1.62871	16.0311	17.6599
BLOCK06/SES069/SA069S23	SES226	-0.572248	17.0876	17.6599
BLOCK06/SES069/SA069S25	SES087	-1.2231	15.5664	16.7895
BLOCK06/SES069/SA069S25	SES206	-2.79868	13.9908	16.7895
BLOCK06/SES069/SA069S25	SES226	-1.019	15.7705	16.7895
BLOCK06/SES069/SA069S25	SES270	-1.99155	14.7979	16.7895
BLOCK06/SES069/SA069S27	SES087	-2.4746	14.1549	16.6295
BLOCK06/SES069/SA069S27	SES206	-1.11767	15.5118	16.6295
BLOCK06/SES069/SA069S27	SES226	-0.72549	15.904	16.6295
BLOCK06/SES069/SA069S27	SES270	-1.58508	15.0444	16.6295
BLOCK08/SES081/SA081S11	SES060	-2.45246	12.0473	14.4997
BLOCK08/SES081/SA081S11	SES062	-2.41305	12.0867	14.4997
BLOCK08/SES081/SA081S11	SES117	-2.70872	11.791	14.4997
BLOCK08/SES081/SA081S11	SES162	-2.36884	12.1309	14.4997
BLOCK08/SES081/SA081S13	SES016	-1.39859	14.7475	16.146
BLOCK08/SES081/SA081S13	SES060	-0.256716	15.8893	16.146
BLOCK08/SES081/SA081S13	SES068	-0.859862	15.2862	16.146
BLOCK08/SES081/SA081S13	SES129	-2.29016	13.8559	16.146
BLOCK08/SES081/SA081S24	SES060	-0.78918	14.2412	15.0303
BLOCK08/SES081/SA081S24	SES068	-0.908633	14.1217	15.0303
BLOCK08/SES081/SA081S24	SES117	-2.12312	12.9072	15.0303
BLOCK08/SES081/SA081S24	SES275	-1.99029	13.04	15.0303
BLOCK08/SES081/SA081S27	SES007	-1.05092	12.8012	13.8521
BLOCK08/SES081/SA081S27	SES060	-1.72248	12.1296	13.8521
BLOCK08/SES081/SA081S27	SES117	-0.839579	13.0125	13.8521
BLOCK08/SES081/SA081S27	SES275	-1.38979	12.4623	13.8521
BLOCK08/SES081/SA081S29	SES007	-0.959715	14.5519	15.5116
BLOCK08/SES081/SA081S29	SES060	-1.15252	14.3591	15.5116
BLOCK08/SES081/SA081S29	SES117	-1.73743	13.7742	15.5116
BLOCK08/SES081/SA081S29	SES275	-1.7607	13.7509	15.5116
BLOCK08/SES086/SA086S11	SES029	-4.5928	9.27748	13.8703
BLOCK08/SES086/SA086S11	SES082	-2.44226	11.428	13.8703
BLOCK08/SES086/SA086S11	SES087	-0.848435	13.0218	13.8703
BLOCK08/SES086/SA086S11	SES206	-2.47358	11.3967	13.8703
BLOCK08/SES086/SA086S12	SES029	-3.17353	11.9741	15.1477
BLOCK08/SES086/SA086S12	SES082	-2.3003	12.8474	15.1477
BLOCK08/SES086/SA086S12	SES087	0.143477	15.2911	15.1477
BLOCK08/SES086/SA086S12	SES206	-1.89323	13.2544	15.1477
BLOCK08/SES086/SA086S20	SES029	-3.826	12.2815	16.1075
BLOCK08/SES086/SA086S20	SES082	-2.68507	13.4224	16.1075
BLOCK08/SES086/SA086S20	SES087	-0.446981	15.6605	16.1075
BLOCK08/SES086/SA086S20	SES206	-1.07122	15.0363	16.1075
BLOCK08/SES086/SA086S24	SES087	-0.24614	14.6211	14.8672
BLOCK08/SES086/SA086S24	SES104	-1.90968	12.9575	14.8672
BLOCK08/SES086/SA086S24	SES120	-2.4795	12.3877	14.8672
BLOCK08/SES086/SA086S24	SES206	-0.431886	14.4353	14.8672
BLOCK08/SES086/SA086S28	SES029	-2.71885	12.7301	15.4489
BLOCK08/SES086/SA086S28	SES082	-2.06187	13.3871	15.4489
BLOCK08/SES086/SA086S28	SES087	-0.415142	15.0338	15.4489
BLOCK08/SES086/SA086S28	SES206	-1.13238	14.3166	15.4489
BLOCK08/SES089/SA089S13	SES087	-1.48417	13.0521	14.5363
BLOCK08/SES089/SA089S13	SES206	-1.92388	12.6124	14.5363
BLOCK08/SES089/SA089S13	SES226	-1.13542	13.4009	14.5363
BLOCK08/SES089/SA089S13	SES270	-2.62801	11.9083	14.5363
BLOCK08/SES089/SA089S14	SES062	-2.1326	12.8344	14.967
BLOCK08/SES089/SA089S14	SES087	-0.412044	14.5549	14.967
BLOCK08/SES089/SA089S14	SES206	-1.48626	13.4807	14.967
BLOCK08/SES089/SA089S14	SES226	-1.34071	13.6263	14.967
BLOCK08/SES089/SA089S23	SES087	-1.09797	12.4322	13.5302
BLOCK08/SES089/SA089S23	SES206	-1.82285	11.7074	13.5302
BLOCK08/SES089/SA089S23	SES226	-1.51138	12.0188	13.5302
BLOCK08/SES089/SA089S23	SES270	-2.37094	11.1593	13.5302
BLOCK08/SES089/SA089S25	SES062	-2.56639	12.5108	15.0772
BLOCK08/SES089/SA089S25	SES087	-1.23513	13.8421	15.0772
BLOCK08/SES089/SA089S25	SES206	-2.32861	12.7486	15.0772
BLOCK08/SES089/SA089S25	SES226	-1.13521	13.942	15.0772
BLOCK08/SES089/SA089S28	SES062	-1.47837	13.3403	14.8187
BLOCK08/SES089/SA089S28	SES087	-0.157816	14.6608	14.8187
BLOCK08/SES089/SA089S28	SES206	-1.05118	13.7675	14.8187
BLOCK08/SES089/SA089S28	SES226	-0.73633	14.0823	14.8187
BLOCK09/SES097/SA097S11	SES099	0.080018	14.3217	14.2416
BLOCK09/SES097/SA097S11	SES125	-2.19645	12.0452	14.2416
BLOCK09/SES097/SA097S11	SES206	-1.18158	13.0601	14.2416
BLOCK09/SES097/SA097S11	SES226	-0.344016	13.8976	14.2416
BLOCK09/SES097/SA097S14	SES062	-2.13762	11.6699	13.8075
BLOCK09/SES097/SA097S14	SES099	-0.653457	13.154	13.8075
BLOCK09/SES097/SA097S14	SES104	-1.4328	12.3747	13.8075
BLOCK09/SES097/SA097S14	SES206	-1.83764	11.9698	13.8075
BLOCK09/SES097/SA097S22	SES099	0.674192	15.3274	14.6532
BLOCK09/SES097/SA097S22	SES206	-1.56047	13.0927	14.6532
BLOCK09/SES097/SA097S22	SES226	-1.86773	12.7854	14.6532
BLOCK09/SES097/SA097S22	SES270	-0.902791	13.7504	14.6532
BLOCK09/SES097/SA097S26	SES099	-0.715685	14.5932	15.3089
BLOCK09/SES097/SA097S26	SES120	-2.23722	13.0717	15.3089
BLOCK09/SES097/SA097S26	SES206	-1.7146	13.5943	15.3089
BLOCK09/SES097/SA097S26	SES226	-2.7972	12.5117	15.3089
BLOCK09/SES097/SA097S28	SES099	-0.494614	14.0381	14.5327
BLOCK09/SES097/SA097S28	SES120	-1.85434	12.6784	14.5327
BLOCK09/SES097/SA097S28	SES206	-2.22345	12.3093	14.5327
BLOCK09/SES097/SA097S28	SES226	-2.80218	11.7306	14.5327
BLOCK09/SES098/SA098S11	SES127	-2.56523	11.26	13.8252
BLOCK09/SES098/SA098S11	SES144	-2.5023	11.3229	13.8252
BLOCK09/SES098/SA098S11	SES147	-1.45782	12.3674	13.8252
BLOCK09/SES098/SA098S11	SES148	-3.31382	10.5114	13.8252
BLOCK09/SES098/SA098S12	SES127	-3.11129	9.55824	12.6695
BLOCK09/SES098/SA098S12	SES144	-2.99365	9.67589	12.6695
BLOCK09/SES098/SA098S12	SES147	-1.379	11.2905	12.6695
BLOCK09/SES098/SA098S12	SES189	-1.31555	11.354	12.6695
BLOCK09/SES098/SA098S20	SES127	-3.55845	10.5804	14.1389
BLOCK09/SES098/SA098S20	SES147	-2.12481	12.0141	14.1389
BLOCK09/SES098/SA098S20	SES148	-3.14441	10.9944	14.1389
BLOCK09/SES098/SA098S20	SES292	-1.80187	12.337	14.1389
BLOCK09/SES098/SA098S23	SES127	-1.9295	12.7396	14.6691
BLOCK09/SES098/SA098S23	SES147	-1.51424	13.1548	14.6691
BLOCK09/SES098/SA098S23	SES187	-1.39569	13.2734	14.6691
BLOCK09/SES098/SA098S23	SES292	-1.4112	13.2579	14.6691
BLOCK09/SES098/SA098S27	SES127	-3.43987	9.99446	13.4343
BLOCK09/SES098/SA098S27	SES147	-3.09123	10.3431	13.4343
BLOCK09/SES098/SA098S27	SES148	-3.39908	10.0353	13.4343
BLOCK09/SES098/SA098S27	SES292	-2.01541	11.4189	13.4343
BLOCK10/SES102/SA102S13	SES101	-0.864013	12.3765	13.2405
BLOCK10/SES102/SA102S13	SES105	-1.15186	12.0887	13.2405
BLOCK10/SES102/SA102S13	SES120	-2.45292	10.7876	13.2405
BLOCK10/SES102/SA102S13	SES158	-3.53863	9.70189	13.2405
BLOCK10/SES102/SA102S14	SES007	-0.709794	14.8853	15.5951
BLOCK10/SES102/SA102S14	SES101	0.0151873	15.6103	15.5951
BLOCK10/SES102/SA102S14	SES105	-0.351189	15.2439	15.5951
BLOCK10/SES102/SA102S14	SES147	-3.36113	12.234	15.5951
BLOCK10/SES102/SA102S22	SES007	-1.66378	13.46	15.1238
BLOCK10/SES102/SA102S22	SES101	-0.572246	14.5516	15.1238
BLOCK10/SES102/SA102S22	SES105	-0.909465	14.2144	15.1238
BLOCK10/SES102/SA102S22	SES158	-2.87357	12.2503	15.1238
BLOCK10/SES102/SA102S25	SES007	-1.00994	14.5855	15.5954
BLOCK10/SES102/SA102S25	SES101	-0.535473	15.0599	15.5954
BLOCK10/SES102/SA102S25	SES105	-1.0632	14.5322	15.5954
BLOCK10/SES102/SA102S25	SES147	-3.17861	12.4168	15.5954
BLOCK10/SES102/SA102S27	SES007	-1.31423	13.6536	14.9679
BLOCK10/SES102/SA102S27	SES101	-0.188043	14.7798	14.9679
BLOCK10/SES102/SA102S27	SES105	-1.29913	13.6687	14.9679
BLOCK10/SES102/SA102S27	SES147	-2.69939	12.2685	14.9679
BLOCK10/SES103/SA103S14	SES105	-2.91893	10.1106	13.0295
BLOCK10/SES103/SA103S14	SES106	-1.43785	11.5917	13.0295
BLOCK10/SES103/SA103S14	SES120	-2.84154	10.188	13.0295
BLOCK10/SES103/SA103S14	SES206	-2.8246	10.2049	13.0295
BLOCK10/SES103/SA103S15	SES099	-1.73492	10.3987	12.1337
BLOCK10/SES103/SA103S15	SES101	-3.7765	8.35717	12.1337
BLOCK10/SES103/SA103S15	SES104	-2.77772	9.35594	12.1337
BLOCK10/SES103/SA103S15	SES125	-1.92912	10.2045	12.1337
BLOCK10/SES103/SA103S24	SES104	-2.1187	12.5704	14.6891
BLOCK10/SES103/SA103S24	SES125	-2.11072	12.5784	14.6891
BLOCK10/SES103/SA103S24	SES148	-3.60651	11.0826	14.6891
BLOCK10/SES103/SA103S24	SES158	-1.68128	13.0079	14.6891
BLOCK10/SES103/SA103S26	SES104	-2.62118	9.87641	12.4976
BLOCK10/SES103/SA103S26	SES106	-1.2829	11.2147	12.4976
BLOCK10/SES103/SA103S26	SES125	-1.90334	10.5943	12.4976
BLOCK10/SES103/SA103S26	SES148	-4.72189	7.7757	12.4976
BLOCK10/SES103/SA103S28	SES104	-3.67611	8.52156	12.1977
BLOCK10/SES103/SA103S28	SES106	-1.52627	10.6714	12.1977
BLOCK10/SES103/SA103S28	SES125	-2.9297	9.26797	12.1977
BLOCK10/SES103/SA103S28	SES206	-3.68438	8.51329	12.1977
BLOCK12/SES121/SA121S12	SES042	-3.0202	7.84844	10.8686
BLOCK12/SES121/SA121S12	SES087	-1.88359	8.98506	10.8686
BLOCK12/SES121/SA121S12	SES105	-1.8625	9.00614	10.8686
BLOCK12/SES121/SA121S12	SES206	-2.34279	8.52585	10.8686
BLOCK12/SES121/SA121S14	SES007	-2.77945	8.46762	11.2471
BLOCK12/SES121/SA121S14	SES105	-2.11988	9.12719	11.2471
BLOCK12/SES121/SA121S14	SES106	-1.90742	9.33964	11.2471
BLOCK12/SES121/SA121S14	SES206	-2.65748	8.58958	11.2471
BLOCK12/SES121/SA121S23	SES105	-1.91519	9.70815	11.6233
BLOCK12/SES121/SA121S23	SES106	-1.09305	10.5303	11.6233
BLOCK12/SES121/SA121S23	SES120	-1.90166	9.72168	11.6233
BLOCK12/SES121/SA121S23	SES206	-1.99508	9.62825	11.6233
BLOCK12/SES121/SA121S25	SES007	-1.86265	7.56219	9.42485
BLOCK12/SES121/SA121S25	SES105	-2.14184	7.28301	9.42485
BLOCK12/SES121/SA121S25	SES106	-1.52237	7.90248	9.42485
BLOCK12/SES121/SA121S25	SES206	-3.36682	6.05802	9.42485
BLOCK12/SES121/SA121S27	SES087	-1.28178	10.507	11.7888
BLOCK12/SES121/SA121S27	SES105	-3.65568	8.13308	11.7888
BLOCK12/SES121/SA121S27	SES120	-0.773664	11.0151	11.7888
BLOCK12/SES121/SA121S27	SES206	-2.23868	9.55008	11.7888
BLOCK12/SES124/SA124S16	SES042	-0.725986	13.0871	13.813
BLOCK12/SES124/SA124S16	SES082	-2.1927	11.6203	13.813
BLOCK12/SES124/SA124S16	SES183	-2.54965	11.2634	13.813
BLOCK12/SES124/SA124S16	SES206	-2.13705	11.676	13.813
BLOCK12/SES124/SA124S17	SES105	-2.54531	9.42919	11.9745
BLOCK12/SES124/SA124S17	SES149	-3.09992	8.87458	11.9745
BLOCK12/SES124/SA124S17	SES158	-3.10275	8.87176	11.9745
BLOCK12/SES124/SA124S17	SES275	-1.71728	10.2572	11.9745
BLOCK12/SES124/SA124S23	SES105	-3.1837	12.5798	15.7635
BLOCK12/SES124/SA124S23	SES125	-0.826656	14.9369	15.7635
BLOCK12/SES124/SA124S23	SES129	-2.7998	12.9637	15.7635
BLOCK12/SES124/SA124S23	SES158	-1.26484	14.4987	15.7635
BLOCK12/SES124/SA124S26	SES105	-3.7176	11.0527	14.7703
BLOCK12/SES124/SA124S26	SES125	-1.87179	12.8985	14.7703
BLOCK12/SES124/SA124S26	SES129	-2.98144	11.7889	14.7703
BLOCK12/SES124/SA124S26	SES158	-2.02836	12.7419	14.7703
BLOCK12/SES124/SA124S28	SES104	-2.17074	12.3133	14.4841
BLOCK12/SES124/SA124S28	SES106	-1.3239	13.1602	14.4841
BLOCK12/SES124/SA124S28	SES125	-0.458275	14.0258	14.4841
BLOCK12/SES124/SA124S28	SES275	-2.50471	11.9794	14.4841
BLOCK12/SES126/SA126S13	SES007	-1.38443	12.662	14.0464
BLOCK12/SES126/SA126S13	SES162	-2.03043	12.016	14.0464
BLOCK12/SES126/SA126S13	SES177	-1.06281	12.9836	14.0464
BLOCK12/SES126/SA126S13	SES180	-1.84185	12.2046	14.0464
BLOCK12/SES126/SA126S14	SES144	-1.1971	14.3111	15.5082
BLOCK12/SES126/SA126S14	SES148	-1.83915	13.6691	15.5082
BLOCK12/SES126/SA126S14	SES177	-0.957941	14.5503	15.5082
BLOCK12/SES126/SA126S14	SES180	-1.999	13.5092	15.5082
BLOCK12/SES126/SA126S20	SES007	-1.39661	13.1164	14.513
BLOCK12/SES126/SA126S20	SES162	-1.76507	12.748	14.513
BLOCK12/SES126/SA126S20	SES172	-2.10503	12.408	14.513
BLOCK12/SES126/SA126S20	SES180	-1.62984	12.8832	14.513
BLOCK12/SES126/SA126S24	SES120	-0.515886	15.2114	15.7273
BLOCK12/SES126/SA126S24	SES162	-1.6569	14.0704	15.7273
BLOCK12/SES126/SA126S24	SES177	-1.13203	14.5953	15.7273
BLOCK12/SES126/SA126S24	SES180	-0.924502	14.8028	15.7273
BLOCK12/SES126/SA126S26	SES120	-0.460893	14.4272	14.8881
BLOCK12/SES126/SA126S26	SES177	-1.42639	13.4617	14.8881
BLOCK12/SES126/SA126S26	SES180	-1.66384	13.2243	14.8881
BLOCK12/SES126/SA126S26	SES202	-1.47025	13.4179	14.8881
BLOCK12/SES128/SA128S10	SES087	-2.63028	12.4407	15.071
BLOCK12/SES128/SA128S10	SES206	-1.77164	13.2993	15.071
BLOCK12/SES128/SA128S10	SES226	-1.01507	14.0559	15.071
BLOCK12/SES128/SA128S10	SES270	-1.22005	13.8509	15.071
BLOCK12/SES128/SA128S12	SES120	-1.56825	12.8215	14.3897
BLOCK12/SES128/SA128S12	SES158	-2.18807	12.2016	14.3897
BLOCK12/SES128/SA128S12	SES206	-1.53177	12.8579	14.3897
BLOCK12/SES128/SA128S12	SES226	-1.90824	12.4815	14.3897
BLOCK12/SES128/SA128S21	SES106	-2.83926	10.7855	13.6248
BLOCK12/SES128/SA128S21	SES120	-2.68833	10.9365	13.6248
BLOCK12/SES128/SA128S21	SES206	-2.44184	11.183	13.6248
BLOCK12/SES128/SA128S21	SES226	-1.42311	12.2017	13.6248
BLOCK12/SES128/SA128S24	SES087	-2.05244	12.3119	14.3643
BLOCK12/SES128/SA128S24	SES120	-1.15426	13.2101	14.3643
BLOCK12/SES128/SA128S24	SES206	-1.52805	12.8363	14.3643
BLOCK12/SES128/SA128S24	SES226	-2.25798	12.1064	14.3643
BLOCK12/SES128/SA128S27	SES099	-1.34211	14.1961	15.5382
BLOCK12/SES128/SA128S27	SES120	-1.21571	14.3225	15.5382
BLOCK12/SES128/SA128S27	SES206	-1.21074	14.3274	15.5382
BLOCK12/SES128/SA128S27	SES226	-1.63193	13.9062	15.5382
BLOCK13/SES130/SA130S13	SES143	-1.60524	12.7004	14.3057
BLOCK13/SES130/SA130S13	SES144	-0.544176	13.7615	14.3057
BLOCK13/SES130/SA130S13	SES146	-1.85336	12.4523	14.3057
BLOCK13/SES130/SA130S13	SES275	-2.4125	11.8932	14.3057
BLOCK13/SES130/SA130S15	SES143	-1.81523	13.8591	15.6743
BLOCK13/SES130/SA130S15	SES144	-0.901795	14.7725	15.6743
BLOCK13/SES130/SA130S15	SES146	-0.984681	14.6896	15.6743
BLOCK13/SES130/SA130S15	SES275	-1.72416	13.9501	15.6743
BLOCK13/SES130/SA130S23	SES127	-2.0754	11.9395	14.0149
BLOCK13/SES130/SA130S23	SES144	-1.71091	12.304	14.0149
BLOCK13/SES130/SA130S23	SES146	-1.08781	12.9271	14.0149
BLOCK13/SES130/SA130S23	SES162	-1.3454	12.6695	14.0149
BLOCK13/SES130/SA130S25	SES127	-0.84634	14.8248	15.6711
BLOCK13/SES130/SA130S25	SES144	-0.875388	14.7957	15.6711
BLOCK13/SES130/SA130S25	SES146	-0.91681	14.7543	15.6711
BLOCK13/SES130/SA130S25	SES275	-0.927668	14.7435	15.6711
BLOCK13/SES130/SA130S28	SES127	-1.4047	13.3123	14.717
BLOCK13/SES130/SA130S28	SES144	-1.41042	13.3066	14.717
BLOCK13/SES130/SA130S28	SES146	-0.989633	13.7274	14.717
BLOCK13/SES130/SA130S28	SES275	-0.873714	13.8433	14.717
BLOCK13/SES131/SA131S13	SES002	-2.16537	9.78796	11.9533
BLOCK13/SES131/SA131S13	SES007	-3.18773	8.7656	11.9533
BLOCK13/SES131/SA131S13	SES099	-2.34542	9.6079	11.9533
BLOCK13/SES131/SA131S13	SES105	-2.41273	9.54059	11.9533
BLOCK13/SES131/SA131S14	SES104	-1.10431	12.7641	13.8684
BLOCK13/SES131/SA131S14	SES106	-1.91012	11.9582	13.8684
BLOCK13/SES131/SA131S14	SES125	-2.11881	11.7496	13.8684
BLOCK13/SES131/SA131S14	SES148	-2.49849	11.3699	13.8684
BLOCK13/SES131/SA131S20	SES104	-2.8406	8.79009	11.6307
BLOCK13/SES131/SA131S20	SES106	-1.96273	9.66796	11.6307
BLOCK13/SES131/SA131S20	SES125	-3.3624	8.26829	11.6307
BLOCK13/SES131/SA131S20	SES148	-2.34153	9.28916	11.6307
BLOCK13/SES131/SA131S22	SES099	-2.23072	11.3333	13.564
BLOCK13/SES131/SA131S22	SES104	-2.47857	11.0855	13.564
BLOCK13/SES131/SA131S22	SES125	-2.62142	10.9426	13.564
BLOCK13/SES131/SA131S22	SES206	-2.91321	10.6508	13.564
BLOCK13/SES131/SA131S29	SES087	-2.05671	10.2715	12.3282
BLOCK13/SES131/SA131S29	SES104	-3.27293	9.05528	12.3282
BLOCK13/SES131/SA131S29	SES125	-3.42192	8.90629	12.3282
BLOCK13/SES131/SA131S29	SES206	-2.69296	9.63524	12.3282
BLOCK13/SES132/SA132S11	SES083	-2.59558	13.0239	15.6195
BLOCK13/SES132/SA132S11	SES120	-0.496813	15.1226	15.6195
BLOCK13/SES132/SA132S11	SES127	-1.86218	13.7573	15.6195
BLOCK13/SES132/SA132S11	SES275	-1.60226	14.0172	15.6195
BLOCK13/SES132/SA132S12	SES083	-2.48401	13.0044	15.4884
BLOCK13/SES132/SA132S12	SES143	-1.60231	13.8861	15.4884
BLOCK13/SES132/SA132S12	SES144	-1.55758	13.9308	15.4884
BLOCK13/SES132/SA132S12	SES148	-1.33293	14.1555	15.4884
BLOCK13/SES132/SA132S22	SES062	-1.15697	14.4387	15.5957
BLOCK13/SES132/SA132S22	SES083	-1.70021	13.8954	15.5957
BLOCK13/SES132/SA132S22	SES127	-1.25024	14.3454	15.5957
BLOCK13/SES132/SA132S22	SES275	-1.00184	14.5938	15.5957
BLOCK13/SES132/SA132S24	SES007	-1.04665	15.1959	16.2426
BLOCK13/SES132/SA132S24	SES083	-2.30188	13.9407	16.2426
BLOCK13/SES132/SA132S24	SES127	-2.05698	14.1856	16.2426
BLOCK13/SES132/SA132S24	SES275	-1.02785	15.2147	16.2426
BLOCK13/SES132/SA132S27	SES083	-2.23932	12.5988	14.8381
BLOCK13/SES132/SA132S27	SES120	-0.214118	14.624	14.8381
BLOCK13/SES132/SA132S27	SES127	-2.10816	12.73	14.8381
BLOCK13/SES132/SA132S27	SES275	-1.91603	12.9221	14.8381
BLOCK14/SES141/SA141S09	SES143	-1.32913	13.5925	14.9216
BLOCK14/SES141/SA141S09	SES144	-0.739223	14.1824	14.9216
BLOCK14/SES141/SA141S09	SES162	-1.60907	13.3126	14.9216
BLOCK14/SES141/SA141S09	SES180	-1.25428	13.6674	14.9216
BLOCK14/SES141/SA141S15	SES127	-1.35324	13.0437	14.397
BLOCK14/SES141/SA141S15	SES144	-1.28612	13.1109	14.397
BLOCK14/SES141/SA141S15	SES162	-1.9725	12.4245	14.397
BLOCK14/SES141/SA141S15	SES180	-1.39725	12.9997	14.397
BLOCK14/SES141/SA141S24	SES127	-0.785909	14.2319	15.0178
BLOCK14/SES141/SA141S24	SES144	-1.61602	13.4018	15.0178
BLOCK14/SES141/SA141S24	SES162	-1.36671	13.6511	15.0178
BLOCK14/SES141/SA141S24	SES183	-1.80824	13.2095	15.0178
BLOCK14/SES141/SA141S26	SES142	-0.677833	14.0965	14.7744
BLOCK14/SES141/SA141S26	SES144	-1.27938	13.495	14.7744
BLOCK14/SES141/SA141S26	SES172	-0.931885	13.8425	14.7744
BLOCK14/SES141/SA141S26	SES180	-1.38431	13.39	14.7744
BLOCK14/SES141/SA141S29	SES127	-0.60375	14.5294	15.1331
BLOCK14/SES141/SA141S29	SES142	-0.628567	14.5046	15.1331
BLOCK14/SES141/SA141S29	SES144	-1.40387	13.7293	15.1331
BLOCK14/SES141/SA141S29	SES180	-1.18056	13.9526	15.1331
BLOCK15/SES157/SA157S08	SES083	-2.64224	12.2741	14.9163
BLOCK15/SES157/SA157S08	SES127	-0.962378	13.9539	14.9163
BLOCK15/SES157/SA157S08	SES148	-2.03706	12.8792	14.9163
BLOCK15/SES157/SA157S08	SES292	-2.36009	12.5562	14.9163
BLOCK15/SES157/SA157S11	SES083	-2.66281	12.4735	15.1363
BLOCK15/SES157/SA157S11	SES127	-1.50837	13.6279	15.1363
BLOCK15/SES157/SA157S11	SES148	-2.34697	12.7893	15.1363
BLOCK15/SES157/SA157S11	SES292	-2.23728	12.899	15.1363
BLOCK15/SES157/SA157S21	SES127	-1.2024	14.3829	15.5853
BLOCK15/SES157/SA157S21	SES148	-0.678604	14.9067	15.5853
BLOCK15/SES157/SA157S21	SES158	-4.94718	10.6381	15.5853
BLOCK15/SES157/SA157S21	SES292	-1.34329	14.242	15.5853
BLOCK15/SES157/SA157S24	SES127	-0.888363	14.5801	15.4684
BLOCK15/SES157/SA157S24	SES148	-1.88783	13.5806	15.4684
BLOCK15/SES157/SA157S24	SES183	-2.12885	13.3396	15.4684
BLOCK15/SES157/SA157S24	SES292	-2.12065	13.3478	15.4684
BLOCK15/SES157/SA157S26	SES007	-1.13281	14.373	15.5058
BLOCK15/SES157/SA157S26	SES127	-1.24558	14.2602	15.5058
BLOCK15/SES157/SA157S26	SES147	-2.25731	13.2485	15.5058
BLOCK15/SES157/SA157S26	SES148	-1.76537	13.7404	15.5058
BLOCK16/SES161/SA161S10	SES007	-1.92061	10.9075	12.8281
BLOCK16/SES161/SA161S10	SES105	-1.45156	11.3765	12.8281
BLOCK16/SES161/SA161S10	SES158	-1.61023	11.2179	12.8281
BLOCK16/SES161/SA161S10	SES275	-1.27834	11.5498	12.8281
BLOCK16/SES161/SA161S12	SES007	-2.05883	10.9821	13.0409
BLOCK16/SES161/SA161S12	SES105	-2.80917	10.2318	13.0409
BLOCK16/SES161/SA161S12	SES158	-2.05829	10.9826	13.0409
BLOCK16/SES161/SA161S12	SES275	-1.53499	11.5059	13.0409
BLOCK16/SES161/SA161S20	SES007	-1.76351	10.2284	11.9919
BLOCK16/SES161/SA161S20	SES105	-2.52394	9.46801	11.9919
BLOCK16/SES161/SA161S20	SES158	-1.84598	10.146	11.9919
BLOCK16/SES161/SA161S20	SES275	-2.02308	9.96887	11.9919
BLOCK16/SES161/SA161S23	SES007	-2.9988	10.4362	13.435
BLOCK16/SES161/SA161S23	SES105	-1.70387	11.7311	13.435
BLOCK16/SES161/SA161S23	SES148	-2.23637	11.1986	13.435
BLOCK16/SES161/SA161S23	SES158	-2.48742	10.9476	13.435
BLOCK16/SES161/SA161S28	SES007	-2.89211	11.0402	13.9323
BLOCK16/SES161/SA161S28	SES105	-3.07949	10.8528	13.9323
BLOCK16/SES161/SA161S28	SES158	-1.7533	12.179	13.9323
BLOCK16/SES161/SA161S28	SES206	-1.98749	11.9448	13.9323
BLOCK16/SES164/SA164S11	SES104	-2.20578	13.0525	15.2583
BLOCK16/SES164/SA164S11	SES125	-1.45717	13.8012	15.2583
BLOCK16/SES164/SA164S11	SES158	-0.905034	14.3533	15.2583
BLOCK16/SES164/SA164S11	SES206	-2.5942	12.6641	15.2583
BLOCK16/SES164/SA164S13	SES099	-2.1805	11.8138	13.9943
BLOCK16/SES164/SA164S13	SES104	-2.29716	11.6971	13.9943
BLOCK16/SES164/SA164S13	SES125	-1.97309	12.0212	13.9943
BLOCK16/SES164/SA164S13	SES206	-2.202	11.7923	13.9943
BLOCK16/SES164/SA164S24	SES002	-0.509392	14.1405	14.6499
BLOCK16/SES164/SA164S24	SES099	-1.88446	12.7654	14.6499
BLOCK16/SES164/SA164S24	SES125	-2.67734	11.9726	14.6499
BLOCK16/SES164/SA164S24	SES226	-0.670338	13.9796	14.6499
BLOCK16/SES164/SA164S27	SES087	-1.52261	12.744	14.2666
BLOCK16/SES164/SA164S27	SES125	-1.96872	12.2978	14.2666
BLOCK16/SES164/SA164S27	SES206	-2.25496	12.0116	14.2666
BLOCK16/SES164/SA164S27	SES226	-1.63357	12.633	14.2666
BLOCK16/SES164/SA164S29	SES002	-0.206199	13.6778	13.884
BLOCK16/SES164/SA164S29	SES019	-2.07133	11.8127	13.884
BLOCK16/SES164/SA164S29	SES125	-1.64853	12.2355	13.884
BLOCK16/SES164/SA164S29	SES226	-2.22624	11.6578	13.884
BLOCK16/SES169/SA169S13	SES117	-1.45807	13.0033	14.4614
BLOCK16/SES169/SA169S13	SES144	-1.40521	13.0562	14.4614
BLOCK16/SES169/SA169S13	SES146	-1.32039	13.141	14.4614
BLOCK16/SES169/SA169S13	SES162	-0.956658	13.5047	14.4614
BLOCK16/SES169/SA169S14	SES144	-2.07268	13.5534	15.6261
BLOCK16/SES169/SA169S14	SES148	-1.85744	13.7687	15.6261
BLOCK16/SES169/SA169S14	SES177	-1.18008	14.446	15.6261
BLOCK16/SES169/SA169S14	SES180	-2.03592	13.5902	15.6261
BLOCK16/SES169/SA169S24	SES117	-1.36277	12.2677	13.6305
BLOCK16/SES169/SA169S24	SES144	-0.798141	12.8323	13.6305
BLOCK16/SES169/SA169S24	SES146	-0.697133	12.9333	13.6305
BLOCK16/SES169/SA169S24	SES162	-0.662702	12.9678	13.6305
BLOCK16/SES169/SA169S27	SES127	-1.09552	13.1909	14.2865
BLOCK16/SES169/SA169S27	SES129	-1.49774	12.7887	14.2865
BLOCK16/SES169/SA169S27	SES144	-1.52845	12.758	14.2865
BLOCK16/SES169/SA169S27	SES146	-0.513158	13.7733	14.2865
BLOCK16/SES169/SA169S29	SES144	-1.05697	14.0709	15.1279
BLOCK16/SES169/SA169S29	SES162	-0.480157	14.6478	15.1279
BLOCK16/SES169/SA169S29	SES177	-1.79957	13.3283	15.1279
BLOCK16/SES169/SA169S29	SES180	-1.41089	13.717	15.1279
BLOCK17/SES171/SA171S12	SES083	-1.96745	12.224	14.1914
BLOCK17/SES171/SA171S12	SES148	-2.08927	12.1022	14.1914
BLOCK17/SES171/SA171S12	SES172	-1.92733	12.2641	14.1914
BLOCK17/SES171/SA171S12	SES292	-2.2471	11.9443	14.1914
BLOCK17/SES171/SA171S15	SES148	-2.25449	11.277	13.5315
BLOCK17/SES171/SA171S15	SES177	-0.863515	12.6679	13.5315
BLOCK17/SES171/SA171S15	SES180	-2.69535	10.8361	13.5315
BLOCK17/SES171/SA171S15	SES292	-1.92852	11.6029	13.5315
BLOCK17/SES171/SA171S22	SES007	-1.96623	13.399	15.3652
BLOCK17/SES171/SA171S22	SES148	-1.77905	13.5861	15.3652
BLOCK17/SES171/SA171S22	SES177	-0.806263	14.5589	15.3652
BLOCK17/SES171/SA171S22	SES180	-2.70061	12.6646	15.3652
BLOCK17/SES171/SA171S25	SES101	-1.84747	11.7994	13.6468
BLOCK17/SES171/SA171S25	SES120	-2.40449	11.2423	13.6468
BLOCK17/SES171/SA171S25	SES177	-0.741575	12.9052	13.6468
BLOCK17/SES171/SA171S25	SES180	-2.37242	11.2744	13.6468
BLOCK17/SES171/SA171S27	SES177	-1.10347	13.2079	14.3113
BLOCK17/SES171/SA171S27	SES180	-2.79592	11.5154	14.3113
BLOCK17/SES171/SA171S27	SES189	-1.48302	12.8283	14.3113
BLOCK17/SES171/SA171S27	SES292	-2.21152	12.0998	14.3113
BLOCK17/SES173/SA173S13	SES162	-3.46653	10.8595	14.326
BLOCK17/SES173/SA173S13	SES177	-1.42806	12.898	14.326
BLOCK17/SES173/SA173S13	SES180	-3.19314	11.1329	14.326
BLOCK17/SES173/SA173S13	SES292	-0.955785	13.3702	14.326
BLOCK17/SES173/SA173S14	SES007	-1.8949	11.2784	13.1733
BLOCK17/SES173/SA173S14	SES162	-2.77885	10.3945	13.1733
BLOCK17/SES173/SA173S14	SES177	-1.04202	12.1313	13.1733
BLOCK17/SES173/SA173S14	SES180	-2.46062	10.7127	13.1733
BLOCK17/SES173/SA173S24	SES144	-2.3775	10.8539	13.2314
BLOCK17/SES173/SA173S24	SES162	-2.67956	10.5519	13.2314
BLOCK17/SES173/SA173S24	SES177	-0.78265	12.4488	13.2314
BLOCK17/SES173/SA173S24	SES180	-2.58994	10.6415	13.2314
BLOCK17/SES173/SA173S27	SES162	-3.74755	10.439	14.1866
BLOCK17/SES173/SA173S27	SES177	-1.48359	12.703	14.1866
BLOCK17/SES173/SA173S27	SES180	-2.34654	11.84	14.1866
BLOCK17/SES173/SA173S27	SES292	-0.512179	13.6744	14.1866
BLOCK17/SES173/SA173S29	SES162	-2.22575	11.9561	14.1819
BLOCK17/SES173/SA173S29	SES175	-1.78529	12.3966	14.1819
BLOCK17/SES173/SA173S29	SES177	-1.15705	13.0248	14.1819
BLOCK17/SES173/SA173S29	SES292	-2.14017	12.0417	14.1819
BLOCK18/SES182/SA182S10	SES144	-1.33864	12.8495	14.1881
BLOCK18/SES182/SA182S10	SES177	-1.39016	12.7979	14.1881
BLOCK18/SES182/SA182S10	SES180	-2.87459	11.3135	14.1881
BLOCK18/SES182/SA182S10	SES275	-0.880474	13.3076	14.1881
BLOCK18/SES182/SA182S12	SES144	-0.440376	14.0133	14.4537
BLOCK18/SES182/SA182S12	SES177	-0.83527	13.6185	14.4537
BLOCK18/SES182/SA182S12	SES180	-1.55606	12.8977	14.4537
BLOCK18/SES182/SA182S12	SES275	-0.534478	13.9192	14.4537
BLOCK18/SES182/SA182S21	SES117	-1.43416	12.3608	13.795
BLOCK18/SES182/SA182S21	SES144	-1.44781	12.3472	13.795
BLOCK18/SES182/SA182S21	SES162	-1.05878	12.7362	13.795
BLOCK18/SES182/SA182S21	SES180	-2.19428	11.6007	13.795
BLOCK18/SES182/SA182S23	SES117	-1.22061	13.2581	14.4787
BLOCK18/SES182/SA182S23	SES144	-1.87498	12.6037	14.4787
BLOCK18/SES182/SA182S23	SES180	-2.47049	12.0082	14.4787
BLOCK18/SES182/SA182S23	SES275	-1.01748	13.4612	14.4787
BLOCK18/SES182/SA182S25	SES007	0.24168	14.4945	14.2528
BLOCK18/SES182/SA182S25	SES162	-0.811674	13.4411	14.2528
BLOCK18/SES182/SA182S25	SES177	-1.09167	13.1611	14.2528
BLOCK18/SES182/SA182S25	SES180	-1.84498	12.4078	14.2528
BLOCK18/SES184/SA184S12	SES177	-1.42379	13.3258	14.7496
BLOCK18/SES184/SA184S12	SES180	-1.68558	13.064	14.7496
BLOCK18/SES184/SA184S12	SES189	-2.09223	12.6573	14.7496
BLOCK18/SES184/SA184S12	SES292	-1.78464	12.9649	14.7496
BLOCK18/SES184/SA184S13	SES101	-1.36713	13.0042	14.3713
BLOCK18/SES184/SA184S13	SES177	-1.51637	12.8549	14.3713
BLOCK18/SES184/SA184S13	SES180	-1.78451	12.5868	14.3713
BLOCK18/SES184/SA184S13	SES292	-1.9982	12.3731	14.3713
BLOCK18/SES184/SA184S22	SES177	-1.80831	14.4101	16.2184
BLOCK18/SES184/SA184S22	SES180	-1.75932	14.4591	16.2184
BLOCK18/SES184/SA184S22	SES189	-2.71112	13.5073	16.2184
BLOCK18/SES184/SA184S22	SES292	-1.88117	14.3372	16.2184
BLOCK18/SES184/SA184S25	SES101	-1.38044	15.0909	16.4713
BLOCK18/SES184/SA184S25	SES177	-2.20577	14.2655	16.4713
BLOCK18/SES184/SA184S25	SES180	-2.13419	14.3371	16.4713
BLOCK18/SES184/SA184S25	SES292	-1.54129	14.93	16.4713
BLOCK18/SES184/SA184S27	SES083	-1.16623	13.0211	14.1874
BLOCK18/SES184/SA184S27	SES177	-0.965352	13.222	14.1874
BLOCK18/SES184/SA184S27	SES202	-1.37417	12.8132	14.1874
BLOCK18/SES184/SA184S27	SES292	-1.75668	12.4307	14.1874
BLOCK20/SES204/SA204S12	SES062	-1.04678	14.9614	16.0082
BLOCK20/SES204/SA204S12	SES083	-3.06043	12.9478	16.0082
BLOCK20/SES204/SA204S12	SES206	-1.6919	14.3163	16.0082
BLOCK20/SES204/SA204S12	SES226	-2.96407	13.0441	16.0082
BLOCK20/SES204/SA204S14	SES068	-1.858	15.5176	17.3756
BLOCK20/SES204/SA204S14	SES087	-0.40859	16.9671	17.3756
BLOCK20/SES204/SA204S14	SES206	-2.29924	15.0764	17.3756
BLOCK20/SES204/SA204S14	SES226	-3.29494	14.0807	17.3756
BLOCK20/SES204/SA204S22	SES068	-1.57966	14.7296	16.3093
BLOCK20/SES204/SA204S22	SES082	-3.2605	13.0488	16.3093
BLOCK20/SES204/SA204S22	SES083	-3.89495	12.4143	16.3093
BLOCK20/SES204/SA204S22	SES206	-2.39289	13.9164	16.3093
BLOCK20/SES204/SA204S25	SES062	-2.01843	14.3575	16.376
BLOCK20/SES204/SA204S25	SES083	-3.19185	13.1841	16.376
BLOCK20/SES204/SA204S25	SES206	-1.40541	14.9705	16.376
BLOCK20/SES204/SA204S25	SES226	-2.80736	13.5686	16.376
BLOCK20/SES204/SA204S27	SES068	-1.68515	13.8914	15.5765
BLOCK20/SES204/SA204S27	SES082	-2.72474	12.8518	15.5765
BLOCK20/SES204/SA204S27	SES087	-1.16862	14.4079	15.5765
BLOCK20/SES204/SA204S27	SES206	-1.82617	13.7503	15.5765
BLOCK20/SES207/SA207S10	SES127	-1.74635	12.3211	14.0675
BLOCK20/SES207/SA207S10	SES183	-1.88452	12.183	14.0675
BLOCK20/SES207/SA207S10	SES189	-1.78642	12.2811	14.0675
BLOCK20/SES207/SA207S10	SES292	-1.62223	12.4452	14.0675
BLOCK20/SES207/SA207S11	SES127	-2.08429	11.4982	13.5824
BLOCK20/SES207/SA207S11	SES183	-1.96373	11.6187	13.5824
BLOCK20/SES207/SA207S11	SES187	-2.23806	11.3444	13.5824
BLOCK20/SES207/SA207S11	SES292	-1.22996	12.3525	13.5824
BLOCK20/SES207/SA207S25	SES068	-1.89977	12.1506	14.0504
BLOCK20/SES207/SA207S25	SES083	-2.29158	11.7588	14.0504
BLOCK20/SES207/SA207S25	SES127	-1.31278	12.7376	14.0504
BLOCK20/SES207/SA207S25	SES187	-1.48228	12.5681	14.0504
BLOCK20/SES207/SA207S27	SES127	-2.48877	10.5429	13.0317
BLOCK20/SES207/SA207S27	SES183	-1.89684	11.1349	13.0317
BLOCK20/SES207/SA207S27	SES187	-2.03011	11.0016	13.0317
BLOCK20/SES207/SA207S27	SES292	-2.02868	11.003	13.0317
BLOCK20/SES207/SA207S29	SES083	-2.30267	12.4175	14.7201
BLOCK20/SES207/SA207S29	SES085	-1.53653	13.1836	14.7201
BLOCK20/SES207/SA207S29	SES172	-1.34357	13.3766	14.7201
BLOCK20/SES207/SA207S29	SES189	-2.25238	12.4678	14.7201
BLOCK22/SES221/SA221S12	SES068	-0.72465	15.0156	15.7403
BLOCK22/SES221/SA221S12	SES143	-1.36646	14.3738	15.7403
BLOCK22/SES221/SA221S12	SES175	-0.821543	14.9187	15.7403
BLOCK22/SES221/SA221S12	SES202	-1.44784	14.2924	15.7403
BLOCK22/SES221/SA221S15	SES085	-0.849386	13.1841	14.0335
BLOCK22/SES221/SA221S15	SES143	-2.2572	11.7763	14.0335
BLOCK22/SES221/SA221S15	SES175	-1.00313	13.0303	14.0335
BLOCK22/SES221/SA221S15	SES187	-2.06066	11.9728	14.0335
BLOCK22/SES221/SA221S23	SES068	-1.62074	13.387	15.0078
BLOCK22/SES221/SA221S23	SES143	-1.95754	13.0502	15.0078
BLOCK22/SES221/SA221S23	SES175	-0.393149	14.6146	15.0078
BLOCK22/SES221/SA221S23	SES189	-0.764261	14.2435	15.0078
BLOCK22/SES221/SA221S27	SES085	-0.547544	14.9596	15.5072
BLOCK22/SES221/SA221S27	SES143	-1.6488	13.8584	15.5072
BLOCK22/SES221/SA221S27	SES175	-0.525296	14.9819	15.5072
BLOCK22/SES221/SA221S27	SES189	-0.710334	14.7968	15.5072
BLOCK22/SES221/SA221S29	SES085	-0.219892	13.7588	13.9787
BLOCK22/SES221/SA221S29	SES143	-0.853747	13.125	13.9787
BLOCK22/SES221/SA221S29	SES175	-0.270859	13.7079	13.9787
BLOCK22/SES221/SA221S29	SES187	-1.48839	12.4903	13.9787
BLOCK22/SES223/SA223S11	SES143	-1.11153	11.7345	12.846
BLOCK22/SES223/SA223S11	SES144	-3.73595	9.11004	12.846
BLOCK22/SES223/SA223S11	SES175	-1.4042	11.4418	12.846
BLOCK22/SES223/SA223S11	SES187	-2.72195	10.124	12.846
BLOCK22/SES223/SA223S13	SES068	-1.9499	10.7723	12.7222
BLOCK22/SES223/SA223S13	SES143	-2.49724	10.225	12.7222
BLOCK22/SES223/SA223S13	SES146	-2.63737	10.0848	12.7222
BLOCK22/SES223/SA223S13	SES202	-2.28171	10.4405	12.7222
BLOCK22/SES223/SA223S22	SES143	-1.27097	12.2942	13.5652
BLOCK22/SES223/SA223S22	SES144	-3.34486	10.2203	13.5652
BLOCK22/SES223/SA223S22	SES175	-1.33694	12.2283	13.5652
BLOCK22/SES223/SA223S22	SES187	-1.62452	11.9407	13.5652
BLOCK22/SES223/SA223S25	SES068	-1.57331	12.8512	14.4245
BLOCK22/SES223/SA223S25	SES143	-2.11305	12.3115	14.4245
BLOCK22/SES223/SA223S25	SES175	-1.53681	12.8877	14.4245
BLOCK22/SES223/SA223S25	SES187	-1.93342	12.4911	14.4245
BLOCK22/SES223/SA223S27	SES143	-1.15884	11.8583	13.0171
BLOCK22/SES223/SA223S27	SES146	-1.75467	11.2624	13.0171
BLOCK22/SES223/SA223S27	SES187	-2.02164	10.9955	13.0171
BLOCK22/SES223/SA223S27	SES292	-0.91353	12.1036	13.0171
BLOCK27/SES273/SA273S12	SES099	-0.956375	16.2723	17.2287
BLOCK27/SES273/SA273S12	SES104	-1.24664	15.982	17.2287
BLOCK27/SES273/SA273S12	SES125	-2.10164	15.127	17.2287
BLOCK27/SES273/SA273S12	SES206	-0.983213	16.2454	17.2287
BLOCK27/SES273/SA273S13	SES099	-1.18909	16.2231	17.4122
BLOCK27/SES273/SA273S13	SES104	-1.37368	16.0385	17.4122
BLOCK27/SES273/SA273S13	SES206	-1.28295	16.1292	17.4122
BLOCK27/SES273/SA273S13	SES292	-2.08898	15.3232	17.4122
BLOCK27/SES273/SA273S21	SES099	-0.360474	16.5488	16.9093
BLOCK27/SES273/SA273S21	SES148	-3.03195	13.8773	16.9093
BLOCK27/SES273/SA273S21	SES149	-1.84787	15.0614	16.9093
BLOCK27/SES273/SA273S21	SES177	-2.34182	14.5674	16.9093
BLOCK27/SES273/SA273S25	SES104	-1.56652	14.84	16.4065
BLOCK27/SES273/SA273S25	SES125	-1.72589	14.6806	16.4065
BLOCK27/SES273/SA273S25	SES158	-0.713965	15.6925	16.4065
BLOCK27/SES273/SA273S25	SES206	-0.520844	15.8856	16.4065
BLOCK27/SES273/SA273S27	SES099	-0.839	15.5044	16.3434
BLOCK27/SES273/SA273S27	SES104	-1.41264	14.9307	16.3434
BLOCK27/SES273/SA273S27	SES149	-1.61757	14.7258	16.3434
BLOCK27/SES273/SA273S27	SES275	-2.02958	14.3138	16.3434
BLOCK27/SES274/SA274S10	SES105	-2.15363	13.5489	15.7025
BLOCK27/SES274/SA274S10	SES125	-2.91597	12.7866	15.7025
BLOCK27/SES274/SA274S10	SES129	-0.759263	14.9433	15.7025
BLOCK27/SES274/SA274S10	SES158	-4.18669	11.5159	15.7025
BLOCK27/SES274/SA274S11	SES105	-1.76202	14.3077	16.0698
BLOCK27/SES274/SA274S11	SES149	-2.56666	13.5031	16.0698
BLOCK27/SES274/SA274S11	SES158	-3.13673	12.933	16.0698
BLOCK27/SES274/SA274S11	SES275	-1.10218	14.9676	16.0698
BLOCK27/SES274/SA274S21	SES105	-1.98485	13.7961	15.781
BLOCK27/SES274/SA274S21	SES129	-1.08011	14.7009	15.781
BLOCK27/SES274/SA274S21	SES149	-2.15934	13.6216	15.781
BLOCK27/SES274/SA274S21	SES158	-4.67508	11.1059	15.781
BLOCK27/SES274/SA274S24	SES105	-1.81724	14.8421	16.6594
BLOCK27/SES274/SA274S24	SES129	-0.86334	15.796	16.6594
BLOCK27/SES274/SA274S24	SES149	-2.50669	14.1527	16.6594
BLOCK27/SES274/SA274S24	SES158	-5.00734	11.652	16.6594
BLOCK27/SES274/SA274S29	SES105	-2.23368	13.0948	15.3285
BLOCK27/SES274/SA274S29	SES106	-3.44844	11.88	15.3285
BLOCK27/SES274/SA274S29	SES120	-1.45648	13.872	15.3285
BLOCK27/SES274/SA274S29	SES275	-1.44133	13.8872	15.3285
BLOCK27/SES276/SA276S16	SES148	-1.99538	12.7836	14.779
BLOCK27/SES276/SA276S16	SES172	-1.30567	13.4733	14.779
BLOCK27/SES276/SA276S16	SES180	-2.29751	12.4815	14.779
BLOCK27/SES276/SA276S16	SES292	-1.72066	13.0583	14.779
BLOCK27/SES276/SA276S17	SES101	-1.41369	13.908	15.3217
BLOCK27/SES276/SA276S17	SES177	-1.88747	13.4343	15.3217
BLOCK27/SES276/SA276S17	SES180	-1.5661	13.7556	15.3217
BLOCK27/SES276/SA276S17	SES292	-1.68545	13.6363	15.3217
BLOCK27/SES276/SA276S24	SES101	-1.27337	14.7179	15.9912
BLOCK27/SES276/SA276S24	SES177	-1.22564	14.7656	15.9912
BLOCK27/SES276/SA276S24	SES180	-2.23414	13.7571	15.9912
BLOCK27/SES276/SA276S24	SES292	-2.64657	13.3447	15.9912
BLOCK27/SES276/SA276S26	SES101	-2.31034	14.2626	16.573
BLOCK27/SES276/SA276S26	SES177	-0.818079	15.7549	16.573
BLOCK27/SES276/SA276S26	SES180	-0.67746	15.8955	16.573
BLOCK27/SES276/SA276S26	SES292	-0.634671	15.9383	16.573
BLOCK27/SES276/SA276S28	SES101	-1.43104	14.2086	15.6396
BLOCK27/SES276/SA276S28	SES177	-1.65975	13.9798	15.6396
BLOCK27/SES276/SA276S28	SES180	-0.894249	14.7453	15.6396
BLOCK27/SES276/SA276S28	SES292	-1.1183	14.5213	15.6396
BLOCK27/SES277/SA277S12	SES101	-1.06864	12.1982	13.2668
BLOCK27/SES277/SA277S12	SES177	-2.01564	11.2512	13.2668
BLOCK27/SES277/SA277S12	SES180	-2.56305	10.7038	13.2668
BLOCK27/SES277/SA277S12	SES292	-2.68013	10.5867	13.2668
BLOCK27/SES277/SA277S14	SES177	-0.852009	12.0168	12.8688
BLOCK27/SES277/SA277S14	SES180	-2.33746	10.5313	12.8688
BLOCK27/SES277/SA277S14	SES189	-0.633964	12.2348	12.8688
BLOCK27/SES277/SA277S14	SES292	-2.51664	10.3522	12.8688
BLOCK27/SES277/SA277S21	SES177	-0.831762	13.8546	14.6864
BLOCK27/SES277/SA277S21	SES180	-2.34087	12.3455	14.6864
BLOCK27/SES277/SA277S21	SES189	-1.0245	13.6619	14.6864
BLOCK27/SES277/SA277S21	SES292	-2.60021	12.0862	14.6864
BLOCK27/SES277/SA277S24	SES144	-1.91595	10.902	12.818
BLOCK27/SES277/SA277S24	SES177	-1.11021	11.7078	12.818
BLOCK27/SES277/SA277S24	SES180	-2.68043	10.1375	12.818
BLOCK27/SES277/SA277S24	SES189	-1.01593	11.802	12.818
BLOCK27/SES277/SA277S29	SES177	-1.26999	14.3711	15.6411
BLOCK27/SES277/SA277S29	SES180	-2.60823	13.0328	15.6411
BLOCK27/SES277/SA277S29	SES202	-1.79436	13.8467	15.6411
BLOCK27/SES277/SA277S29	SES292	-2.71396	12.9271	15.6411
BLOCK27/SES279/SA279S09	SES120	-2.20155	13.2066	15.4082
BLOCK27/SES279/SA279S09	SES146	-2.25012	13.1581	15.4082
BLOCK27/SES279/SA279S09	SES206	-1.96296	13.4452	15.4082
BLOCK27/SES279/SA279S09	SES226	-3.01453	12.3936	15.4082
BLOCK27/SES279/SA279S10	SES099	-0.652196	14.9586	15.6108
BLOCK27/SES279/SA279S10	SES206	-0.815801	14.795	15.6108
BLOCK27/SES279/SA279S10	SES226	-2.40459	13.2062	15.6108
BLOCK27/SES279/SA279S10	SES292	-0.761483	14.8493	15.6108
BLOCK27/SES279/SA279S20	SES099	-1.94315	13.5698	15.5129
BLOCK27/SES279/SA279S20	SES206	-0.683562	14.8294	15.5129
BLOCK27/SES279/SA279S20	SES226	-2.47347	13.0395	15.5129
BLOCK27/SES279/SA279S20	SES292	-0.443396	15.0695	15.5129
BLOCK27/SES279/SA279S26	SES099	-0.785633	14.4964	15.2821
BLOCK27/SES279/SA279S26	SES206	-0.522322	14.7597	15.2821
BLOCK27/SES279/SA279S26	SES226	-2.42638	12.8557	15.2821
BLOCK27/SES279/SA279S26	SES292	-0.160218	15.1218	15.2821
BLOCK27/SES279/SA279S28	SES099	-1.30449	15.9038	17.2083
BLOCK27/SES279/SA279S28	SES120	-1.29582	15.9125	17.2083
BLOCK27/SES279/SA279S28	SES177	-1.94627	15.2621	17.2083
BLOCK27/SES279/SA279S28	SES206	-1.52766	15.6807	17.2083
BLOCK29/SES290/SA290S12	SES162	-0.955598	13.8844	14.84
BLOCK29/SES290/SA290S12	SES177	-0.819721	14.0203	14.84
BLOCK29/SES290/SA290S12	SES180	-1.93159	12.9084	14.84
BLOCK29/SES290/SA290S12	SES292	-1.5217	13.3183	14.84
BLOCK29/SES290/SA290S13	SES007	-1.29627	13.6693	14.9656
BLOCK29/SES290/SA290S13	SES162	-2.54945	12.4161	14.9656
BLOCK29/SES290/SA290S13	SES177	-0.867746	14.0978	14.9656
BLOCK29/SES290/SA290S13	SES180	-1.43822	13.5274	14.9656
BLOCK29/SES290/SA290S22	SES177	-1.12002	13.2028	14.3228
BLOCK29/SES290/SA290S22	SES180	-1.64008	12.6827	14.3228
BLOCK29/SES290/SA290S22	SES202	-1.47684	12.8459	14.3228
BLOCK29/SES290/SA290S22	SES292	-1.65062	12.6722	14.3228
BLOCK29/SES290/SA290S25	SES162	-1.28907	14.3747	15.6638
BLOCK29/SES290/SA290S25	SES177	-1.15005	14.5137	15.6638
BLOCK29/SES290/SA290S25	SES180	-1.45984	14.204	15.6638
BLOCK29/SES290/SA290S25	SES292	-1.13364	14.5302	15.6638
BLOCK29/SES290/SA290S29	SES177	-0.447946	14.1698	14.6178
BLOCK29/SES290/SA290S29	SES180	-0.814857	13.8029	14.6178
BLOCK29/SES290/SA290S29	SES275	-1.28838	13.3294	14.6178
BLOCK29/SES290/SA290S29	SES292	-1.01679	13.601	14.6178
BLOCK29/SES291/SA291S11	SES105	-3.10656	10.8091	13.9157
BLOCK29/SES291/SA291S11	SES125	-1.54745	12.3682	13.9157
BLOCK29/SES291/SA291S11	SES158	-1.17946	12.7362	13.9157
BLOCK29/SES291/SA291S11	SES275	-2.80512	11.1106	13.9157
BLOCK29/SES291/SA291S12	SES158	0.157494	14.2493	14.0918
BLOCK29/SES291/SA291S12	SES226	-2.17142	11.9204	14.0918
BLOCK29/SES291/SA291S12	SES270	0.260932	14.3527	14.0918
BLOCK29/SES291/SA291S12	SES275	-4.01059	10.0812	14.0918
BLOCK29/SES291/SA291S22	SES082	-1.51257	13.3417	14.8543
BLOCK29/SES291/SA291S22	SES158	-1.4245	13.4298	14.8543
BLOCK29/SES291/SA291S22	SES259	-2.05221	12.802	14.8543
BLOCK29/SES291/SA291S22	SES275	-3.11921	11.735	14.8543
BLOCK29/SES291/SA291S24	SES104	-0.345909	15.918	16.2639
BLOCK29/SES291/SA291S24	SES125	-1.20715	15.0567	16.2639
BLOCK29/SES291/SA291S24	SES158	-0.848331	15.4155	16.2639
BLOCK29/SES291/SA291S24	SES275	-3.43994	12.8239	16.2639
BLOCK29/SES291/SA291S27	SES158	-0.218618	15.3324	15.551
BLOCK29/SES291/SA291S27	SES172	-3.84659	11.7045	15.551
BLOCK29/SES291/SA291S27	SES275	-3.72607	11.825	15.551
BLOCK29/SES291/SA291S27	SES292	-1.9588	13.5922	15.551
Threshold search:
THR	-5.00734929666	9	0(0)	1(1000)
THR	-4.9143826036934	8.982	0(0)	0.998(998)
THR	-4.8214159107268	8.982	0(0)	0.998(998)
THR	-4.7284492177602	8.982	0(0)	0.998(998)
THR	-4.6354825247936	8.964	0(0)	0.996(996)
THR	-4.542515831827	8.955	0(0)	0.995(995)
THR	-4.4495491388604	8.946	0(0)	0.994(994)
THR	-4.3565824458938	8.937	0(0)	0.993(993)
THR	-4.2636157529272	8.937	0(0)	0.993(993)
THR	-4.1706490599606	8.919	0(0)	0.991(991)
THR	-4.077682366994	8.91	0(0)	0.99(990)
THR	-3.9847156740274	8.883	0(0)	0.987(987)
THR	-3.8917489810608	8.865	0(0)	0.985(985)
THR	-3.7987822880942	8.829	0(0)	0.981(981)
THR	-3.7058155951276	8.784	0(0)	0.976(976)
THR	-3.612848902161	8.748	0(0)	0.972(972)
THR	-3.5198822091944	8.703	0(0)	0.967(967)
THR	-3.4269155162278	8.658	0(0)	0.962(962)
THR	-3.3339488232612	8.595	0(0)	0.955(955)
THR	-3.2409821302946	8.541	0(0)	0.949(949)
THR	-3.148015437328	8.478	0(0)	0.942(942)
THR	-3.0550487443614	8.334	0(0)	0.926(926)
THR	-2.9620820513948	8.235	0(0)	0.915(915)
THR	-2.8691153584282	8.127	0(0)	0.903(903)
THR	-2.7761486654616	7.938	0(0)	0.882(882)
THR	-2.683181972495	7.776	0(0)	0.864(864)
THR	-2.59021527952839	7.56	0(0)	0.84(840)
THR	-2.49724858656179	7.407	0(0)	0.823(823)
THR	-2.40428189359519	7.146	0(0)	0.794(794)
THR	-2.31131520062859	6.966	0(0)	0.774(774)
THR	-2.21834850766199	6.597	0(0)	0.733(733)
THR	-2.12538181469539	6.336	0(0)	0.704(704)
THR	-2.03241512172879	5.958	0(0)	0.662(662)
THR	-1.93944842876219	5.535	0(0)	0.615(615)
THR	-1.84648173579559	5.076	0(0)	0.564(564)
THR	-1.75351504282899	4.653	0(0)	0.517(517)
THR	-1.66054834986239	4.374	0(0)	0.486(486)
THR	-1.56758165689579	3.996	0(0)	0.444(444)
THR	-1.47461496392919	3.546	0(0)	0.394(394)
THR	-1.38164827096259	3.06	0(0)	0.34(340)
THR	-1.28868157799599	2.718	0(0)	0.302(302)
THR	-1.19571488502939	2.313	0(0)	0.257(257)
THR	-1.10274819206279	1.953	0(0)	0.217(217)
THR	-1.00978149909619	1.593	0(0)	0.177(177)
THR	-0.916814806129594	1.314	0(0)	0.146(146)
THR	-0.823848113162994	1.044	0(0)	0.116(116)
THR	-0.730881420196394	0.81	0(0)	0.09(90)
THR	-0.637914727229794	0.603	0(0)	0.067(67)
THR	-0.544948034263194	0.513	0(0)	0.057(57)
THR	-0.451981341296594	0.342	0(0)	0.038(38)
THR	-0.359014648329994	0.234	0(0)	0.026(26)
THR	-0.266047955363394	0.18	0(0)	0.02(20)
THR	-0.173081262396794	0.107	0.008(2)	0.011(11)
THR	-0.0801145694301939	0.093	0.012(3)	0.009(9)
THR	0.0128521235364061	0.084	0.012(3)	0.008(8)
THR	0.105818816503006	0.066	0.012(3)	0.006(6)
THR	0.198785509469606	0.043	0.016(4)	0.003(3)
THR	0.291752202436206	0.041	0.032(8)	0.001(1)
THR	0.384718895402806	0.065	0.056(14)	0.001(1)
THR	0.477685588369406	0.089	0.08(20)	0.001(1)
THR	0.570652281336006	0.117	0.108(27)	0.001(1)
THR	0.663618974302606	0.177	0.168(42)	0.001(1)
THR	0.756585667269206	0.2	0.2(50)	0(0)
THR	0.849552360235806	0.224	0.224(56)	0(0)
THR	0.942519053202406	0.256	0.256(64)	0(0)
THR	1.03548574616901	0.296	0.296(74)	0(0)
THR	1.12845243913561	0.336	0.336(84)	0(0)
THR	1.22141913210221	0.376	0.376(94)	0(0)
THR	1.31438582506881	0.428	0.428(107)	0(0)
THR	1.40735251803541	0.468	0.468(117)	0(0)
THR	1.50031921100201	0.524	0.524(131)	0(0)
THR	1.59328590396861	0.556	0.556(139)	0(0)
THR	1.68625259693521	0.612	0.612(153)	0(0)
THR	1.77921928990181	0.644	0.644(161)	0(0)
THR	1.87218598286841	0.676	0.676(169)	0(0)
THR	1.96515267583501	0.736	0.736(184)	0(0)
THR	2.05811936880161	0.772	0.772(193)	0(0)
THR	2.15108606176821	0.796	0.796(199)	0(0)
THR	2.24405275473481	0.828	0.828(207)	0(0)
THR	2.33701944770141	0.852	0.852(213)	0(0)
THR	2.42998614066801	0.888	0.888(222)	0(0)
THR	2.52295283363461	0.904	0.904(226)	0(0)
THR	2.61591952660121	0.916	0.916(229)	0(0)
THR	2.70888621956781	0.932	0.932(233)	0(0)
THR	2.80185291253441	0.94	0.94(235)	0(0)
THR	2.89481960550101	0.952	0.952(238)	0(0)
THR	2.98778629846761	0.968	0.968(242)	0(0)
THR	3.08075299143421	0.968	0.968(242)	0(0)
THR	3.17371968440081	0.972	0.972(243)	0(0)
THR	3.26668637736741	0.976	0.976(244)	0(0)
THR	3.35965307033401	0.976	0.976(244)	0(0)
THR	3.45261976330061	0.98	0.98(245)	0(0)
THR	3.54558645626721	0.984	0.984(246)	0(0)
THR	3.63855314923381	0.984	0.984(246)	0(0)
THR	3.73151984220041	0.984	0.984(246)	0(0)
THR	3.82448653516701	0.988	0.988(247)	0(0)
THR	3.91745322813361	0.988	0.988(247)	0(0)
THR	4.01041992110021	0.988	0.988(247)	0(0)
THR	4.10338661406681	0.992	0.992(248)	0(0)
THR	4.19635330703341	0.996	0.996(249)	0(0)
THR	4.28932000000001	1	1(250)	0(0)


==============================================
THR: 0.291752202436206
Missed:     8/250=0.0320
FalseAlarm: 1/1000=0.0010
----------------------------------------------
==> CostDetection: 4.1
==============================================
